BIMI domain checker

Requested:
[33m  Domain    [37m: [36mfastmaildmarc.com[0m
[33m  Selector  [37m: [36mdefault[0m

Record Returned: [32m✓[0m
[33m  Record    : v=BIMI1; l=https://fastmaildmarc.com/FM_BIMI.svg; a=[0m
[33m  Version   [37m: [36mBIMI1[0m
[33m  Domain    [37m: [36mfastmaildmarc.com[0m
[33m  Selector  [37m: [36mdefault[0m
[33m  Authority [37m: [36m[0m
[33m  Location  [37m: [36mhttps://fastmaildmarc.com/FM_BIMI.svg[0m
[33m  Is Valid  [37m: [32mYes[0m

Indicator (From Location) Returned: [32m✓[0m
[33m  GZipped        [37m: [36mNo[0m
[33m  BIMI-Indicator [37m: [36mPHN2ZyB2ZXJzaW9uPSIxLjIiIGJhc2VQcm9maWxlPSJ0aW55LXBzIiB4bWxucz0iaHR0cD
    ovL3d3dy53My5vcmcvMjAwMC9zdmciIHdpZHRoPSIxMDI0IiBoZWlnaHQ9IjEwMjQiIHZp
    ZXdCb3g9IjAgMCAxMDI0IDEwMjQiPjx0aXRsZT5GTS1JY29uLVJHQjwvdGl0bGU+PGcgaW
    Q9IkFydHdvcmsiPjxyZWN0IHdpZHRoPSIxMDI0IiBoZWlnaHQ9IjEwMjQiIGZpbGw9IiNG
    RkZGRkYiLz48cGF0aCBkPSJNMTIwLjE2LDUxMmMwLTIxNi40LDE3NS40My0zOTEuODQsMz
    kxLjg0LTM5MS44NCwxMzYsMCwyNTUuNzEsNjkuMzQsMzI2LDE3NC41M2w3Ny4xOSwxNS4y
    MSw5LjU4LTczLjA2Yy04OS0xMzMuMTgtMjQwLjU2LTIyMS00MTIuNzQtMjIxQzIzOCwxNS
    44NywxNS44NywyMzgsMTUuODcsNTEyQTQ5My43OCw0OTMuNzgsMCwwLDAsOTkuMTksNzg3
    LjIxbDc0LjcyLDkuNjhMMTg2LDcyOS4zNUEzOTAsMzkwLDAsMCwxLDEyMC4xNiw1MTJaIi
    BmaWxsPSIjMDA2N2I5Ii8+PHBhdGggZD0iTTkyNiwyMzguNjRjLS40MS0uNjEtLjgzLTEu
    Mi0xLjI0LTEuOEw4MzgsMjk0LjY5Yy40MS42LjgzLDEuMTksMS4yMywxLjhBMzg5LjkxLD
    M4OS45MSwwLDAsMSw5MDMuODMsNTEyYzAsMjE2LjQtMTc1LjQzLDM5MS44NC0zOTEuODMs
    MzkxLjg0LTEzNS4yMSwwLTI1NC40Mi02OC40OS0zMjQuODQtMTcyLjY2LS40MS0uNi0uNz
    ktMS4yMi0xLjE5LTEuODNMOTkuMTksNzg3LjIxYy40MS42Ljc4LDEuMjIsMS4xOSwxLjgz
    QzE4OS41MSw5MjEuMiwzNDAuNiwxMDA4LjEzLDUxMiwxMDA4LjEzYzI3NCwwLDQ5Ni4xMy
    0yMjIuMTMsNDk2LjEzLTQ5Ni4xM0E0OTMuNjgsNDkzLjY4LDAsMCwwLDkyNiwyMzguNjRa
    IiBmaWxsPSIjNjliM2U3Ii8+PHBhdGggZD0iTTUxMiw1MTIsMjc2LjE1LDM1NC43NlY2Nj
    kuMjNoMGwxNDguMi00NS44NloiIGZpbGw9IiNmZmMxMDciLz48cGF0aCBkPSJNMjc2LjE1
    LDY2OS4yNEg3MzEuMjdhMTYuNTgsMTYuNTgsMCwwLDAsMTYuNTgtMTYuNTlWMzU0Ljc2Wi
    IgZmlsbD0iIzMzM2U0OCIvPjwvZz48L3N2Zz4K[0m
[33m  Profile Used   [37m: [36mSVG_1.2_BIMI[0m
[33m  Is Valid       [37m: [32mYes[0m

An authenticated email with this record would receive the following BIMI results:

Authentication-Results: authservid.example.com; bimi=pass header.d=fastmaildmarc.com header.selector=default
BIMI-Indicator: PHN2ZyB2ZXJzaW9uPSIxLjIiIGJhc2VQcm9maWxlPSJ0aW55LXBzIiB4bWxucz0iaHR0cD
    ovL3d3dy53My5vcmcvMjAwMC9zdmciIHdpZHRoPSIxMDI0IiBoZWlnaHQ9IjEwMjQiIHZp
    ZXdCb3g9IjAgMCAxMDI0IDEwMjQiPjx0aXRsZT5GTS1JY29uLVJHQjwvdGl0bGU+PGcgaW
    Q9IkFydHdvcmsiPjxyZWN0IHdpZHRoPSIxMDI0IiBoZWlnaHQ9IjEwMjQiIGZpbGw9IiNG
    RkZGRkYiLz48cGF0aCBkPSJNMTIwLjE2LDUxMmMwLTIxNi40LDE3NS40My0zOTEuODQsMz
    kxLjg0LTM5MS44NCwxMzYsMCwyNTUuNzEsNjkuMzQsMzI2LDE3NC41M2w3Ny4xOSwxNS4y
    MSw5LjU4LTczLjA2Yy04OS0xMzMuMTgtMjQwLjU2LTIyMS00MTIuNzQtMjIxQzIzOCwxNS
    44NywxNS44NywyMzgsMTUuODcsNTEyQTQ5My43OCw0OTMuNzgsMCwwLDAsOTkuMTksNzg3
    LjIxbDc0LjcyLDkuNjhMMTg2LDcyOS4zNUEzOTAsMzkwLDAsMCwxLDEyMC4xNiw1MTJaIi
    BmaWxsPSIjMDA2N2I5Ii8+PHBhdGggZD0iTTkyNiwyMzguNjRjLS40MS0uNjEtLjgzLTEu
    Mi0xLjI0LTEuOEw4MzgsMjk0LjY5Yy40MS42LjgzLDEuMTksMS4yMywxLjhBMzg5LjkxLD
    M4OS45MSwwLDAsMSw5MDMuODMsNTEyYzAsMjE2LjQtMTc1LjQzLDM5MS44NC0zOTEuODMs
    MzkxLjg0LTEzNS4yMSwwLTI1NC40Mi02OC40OS0zMjQuODQtMTcyLjY2LS40MS0uNi0uNz
    ktMS4yMi0xLjE5LTEuODNMOTkuMTksNzg3LjIxYy40MS42Ljc4LDEuMjIsMS4xOSwxLjgz
    QzE4OS41MSw5MjEuMiwzNDAuNiwxMDA4LjEzLDUxMiwxMDA4LjEzYzI3NCwwLDQ5Ni4xMy
    0yMjIuMTMsNDk2LjEzLTQ5Ni4xM0E0OTMuNjgsNDkzLjY4LDAsMCwwLDkyNiwyMzguNjRa
    IiBmaWxsPSIjNjliM2U3Ii8+PHBhdGggZD0iTTUxMiw1MTIsMjc2LjE1LDM1NC43NlY2Nj
    kuMjNoMGwxNDguMi00NS44NloiIGZpbGw9IiNmZmMxMDciLz48cGF0aCBkPSJNMjc2LjE1
    LDY2OS4yNEg3MzEuMjdhMTYuNTgsMTYuNTgsMCwwLDAsMTYuNTgtMTYuNTlWMzU0Ljc2Wi
    IgZmlsbD0iIzMzM2U0OCIvPjwvZz48L3N2Zz4K
BIMI-Location: v=BIMI1;
    l=https://fastmaildmarc.com/FM_BIMI.svg
