__tuning[]
__endtuning[]
N[orig_style='N']Some text before.
N[orig_style='N']Some sdf
LU2[orig_style='LU2']text.
N[orig_style='N']Some middle text.
N[orig_style='N']Some more sdf text.
E[orig_style='E'] An example paragraph
N[bold=1;orig_style='N';size='12pt';sp_before=4]Life is too short to:
LU1[bold=1;orig_style='LU1';size='12pt';sp_before=4]drink bad wine
LU1[bold=1;orig_style='LU1';size='12pt';sp_before=4]argue over silly things
LU1[bold=1;orig_style='LU1';size='12pt';sp_before=4]not use SDF.
N[bold=1;orig_style='N';size='12pt';sp_before=4]Don't you agree?
N[orig_style='N']Middle.
N[bad_apple=1;changed=1;orig_style='N']Life is also too short to:
LU1[bad_apple=1;changed=1;orig_style='LU1']argue over good wine.
N[orig_style='N';sp_before=6]Hello
N[orig_style='N';sp_before=5]world
N[orig_style='N';sp_before=9]goodbye
N[orig_style='N';sp_before=20]world
N[orig_style='N';sp_before=6]Goodbye!
N[orig_style='N']Some text after.
