__tuning[]
__endtuning[]
__table[format='0%-100%,1*';style='columns']2
__row[]Heading
__cell[cols=1;rows=1]
N[orig_style='N']{{2[]Name}}
__cell[cols=1;rows=1]
N[orig_style='N']{{2[]Age}}
__row[]Body
__cell[cols=1;rows=1]
N[orig_style='N']Bill
__cell[cols=1;rows=1]
N[orig_style='N']64
__row[]Body
__cell[cols=1;rows=1]
N[orig_style='N']Mary
__cell[cols=1;rows=1]
N[orig_style='N']53
__endtable[]
__table[format='0%-100%,1*';style='grid']2
__row[]Heading
__cell[cols=1;rows=1]
N[orig_style='N']{{2[]Name}}
__cell[cols=1;rows=1]
N[orig_style='N']{{2[]Age}}
__row[]Body
__cell[cols=1;rows=1]
N[orig_style='N']Bill
__cell[cols=1;rows=1]
N[orig_style='N']64
__row[]Body
__cell[cols=1;rows=1]
N[orig_style='N']Mary
__cell[cols=1;rows=1]
N[orig_style='N']53
__endtable[]
__table[format='40%,20%';style='columns']2
__row[]Heading
__cell[cols=1;rows=1]
N[orig_style='N']{{2[]Name}}
__cell[cols=1;rows=1]
N[orig_style='N']{{2[]Age}}
__row[]Body
__cell[cols=1;rows=1]
N[orig_style='N']Bill Bloggs
__cell[cols=1;rows=1]
N[orig_style='N']64
__row[]Body
__cell[cols=1;rows=1]
N[orig_style='N']Mary Jones
__cell[cols=1;rows=1]
N[orig_style='N']53
__endtable[]
__table[format='0%-100%,1*';style='columns']2
__row[]Heading
__cell[cols=1;rows=1]
N[orig_style='N']{{2[]User}}
__cell[cols=1;rows=1]
N[orig_style='N']{{2[]Email}}
__row[]Body
__cell[cols=1;rows=1]
N[orig_style='N']{{2[]Tim}}
__cell[cols=1;rows=1]
N[orig_style='N']{{EMAIL[jump='mailto:tjh']tjh}}
__row[]Body
__cell[cols=1;rows=1]
N[orig_style='N']{{2[]Chris}}
__cell[cols=1;rows=1]
N[orig_style='N']{{EMAIL[jump='mailto:cjm']cjm}}
__row[]Body
__cell[cols=1;rows=1]
N[orig_style='N']{{2[]Ian}}
__cell[cols=1;rows=1]
N[orig_style='N']{{EMAIL[jump='mailto:ianc']ianc}}
__endtable[]
__table[format='0%-100%,1*';style='columns']2
__row[]Heading
__cell[cols=1;rows=1]
N[orig_style='N']{{2[]User}}
__cell[cols=1;rows=1]
N[orig_style='N']{{2[]Email}}
__row[]Body
__cell[cols=1;rows=1]
N[orig_style='N']Tim
__cell[cols=1;rows=1]
N[orig_style='N']tjh
__row[]Body
__cell[cols=1;rows=1]
N[orig_style='N']Chris
__cell[cols=1;rows=1]
N[orig_style='N']cjm
__row[]Body
__cell[cols=1;rows=1]
N[orig_style='N']Ian
__cell[cols=1;rows=1]
N[orig_style='N']ianc
__endtable[]
__table[format='0%-100%,1*';style='columns']2
__row[]Heading
__cell[cols=1;rows=1]
N[orig_style='N']{{2[]Name}}
__cell[cols=1;rows=1]
N[orig_style='N']{{2[]Favorite Drink}}
__row[]Body
__cell[cols=1;rows=1]
N[orig_style='N']Bob
__cell[cols=1;rows=1]
N[orig_style='N']red wine
__row[]Body
__cell[cols=1;rows=1]
N[orig_style='N']Paul
__cell[cols=1;rows=1]
N[orig_style='N']anything
__endtable[]
__table[format='0%-100%,1*';style='columns']2
__row[]Heading
__cell[cols=1;rows=1]
N[orig_style='N']{{2[]Name}}
__cell[cols=1;rows=1]
N[orig_style='N']{{2[]Favorite_Drink}}
__row[]Body
__cell[cols=1;rows=1]
N[orig_style='N']Bob
__cell[cols=1;rows=1]
N[orig_style='N']red wine
__row[]Body
__cell[cols=1;rows=1]
N[orig_style='N']Paul
__cell[cols=1;rows=1]
N[orig_style='N']anything
__endtable[]
__table[format='0%-100%,1*';style='columns']2
__row[]Heading
__cell[cols=1;rows=1]
N[orig_style='N']{{2[]Name}}
__cell[cols=1;rows=1]
N[orig_style='N']{{2[]Favorite Drink}}
__row[]Body
__cell[cols=1;rows=1]
N[orig_style='N']Family:
__cell[cols=1;rows=1]
N[orig_style='N']
__row[]Body
__cell[cols=1;rows=1]
N[orig_style='N']Bob
__cell[cols=1;rows=1]
N[orig_style='N']red wine
__row[]Body
__cell[cols=1;rows=1]
N[orig_style='N']Robyn
__cell[cols=1;rows=1]
N[orig_style='N']white wine
__row[]Body
__cell[cols=1;rows=1]
N[orig_style='N']Friends:
__cell[cols=1;rows=1]
N[orig_style='N']
__row[]Body
__cell[cols=1;rows=1]
N[orig_style='N']Paul
__cell[cols=1;rows=1]
N[orig_style='N']anything
__endtable[]
__table[format='0%-100%,1*';style='columns']2
__row[]Heading
__cell[cols=1;rows=1]
N[orig_style='N']{{2[]Name}}
__cell[cols=1;rows=1]
N[orig_style='N']{{2[]Favorite Drink}}
__row[]Group
__cell[cols=1;rows=1]
N[orig_style='N']{{2[]Family:}}
__cell[cols=1;rows=1]
N[orig_style='N']{{2[]}}
__row[]Body
__cell[cols=1;rows=1]
N[orig_style='N']Bob
__cell[cols=1;rows=1]
N[orig_style='N']red wine
__row[]Body
__cell[cols=1;rows=1]
N[orig_style='N']Robyn
__cell[cols=1;rows=1]
N[orig_style='N']white wine
__row[]Group
__cell[cols=1;rows=1]
N[orig_style='N']{{2[]Friends:}}
__cell[cols=1;rows=1]
N[orig_style='N']{{2[]}}
__row[]Body
__cell[cols=1;rows=1]
N[orig_style='N']Paul
__cell[cols=1;rows=1]
N[orig_style='N']anything
__endtable[]
__table[format='1*';style='columns']1
__row[]Body
__cell[cols=1;rows=1]
N[orig_style='N']Just a body row
__row[]Body
__cell[cols=1;rows=1]
N[orig_style='N']Add another.
__endtable[]
__table[format='0%-100%,1*';style='columns']2
__row[]Heading
__cell[cols=1;rows=1]
N[orig_style='N']{{2[]Term}}
__cell[cols=1;rows=1]
N[orig_style='N']{{2[]Definition}}
__row[]Body
__cell[cols=1;rows=1]
N[orig_style='N']OMT
__cell[cols=1;rows=1]
N[orig_style='N']Object Modelling Technique - an object modelling method developed by Rumbaugh
__row[]Body
__cell[cols=1;rows=1]
N[orig_style='N']VGA
__cell[cols=1;rows=1]
N[orig_style='N']A PC graphics card standard which defines certain sets of screen resolutions
__row[]Body
__cell[cols=1;rows=1]
N[orig_style='N']Port
__cell[cols=1;rows=1]
N[orig_style='N']Take your pick from:
LU1[orig_style='LU1']an alcoholic drink
LU1[orig_style='LU1']a resting place for ships
LU1[orig_style='LU1']etc.
__endtable[]
__table[format='0%-100%,1*';style='columns']2
__row[]Heading
__cell[cols=1;rows=1]
N[orig_style='N']{{2[]one}}
__cell[cols=1;rows=1]
N[orig_style='N']{{2[]two}}
__row[]Body
__cell[cols=1;rows=1]
N[orig_style='N']-l is the log
__cell[cols=1;rows=1]
__import[fullname='foo.ps']foo.ps
LU2[orig_style='LU2']o is the output extension.
E[orig_style='E'] example
__endtable[]
__table[format='0%-100%,1*';style='columns']2
__row[]Heading
__cell[cols=1;rows=1]
N[orig_style='N']{{2[]Name}}
__cell[cols=1;rows=1]
N[orig_style='N']{{2[]Value}}
__row[]Body
__cell[cols=1;rows=1]
N[orig_style='N']1
__cell[cols=1;rows=1]
N[orig_style='N']a
__row[]Body
__cell[cols=1;rows=1]
N[changed=1;orig_style='N']2
__cell[cols=1;rows=1]
N[changed=1;orig_style='N']b
__endtable[]
__table[format='0%-100%,1*';style='columns']2
__row[]Heading
__cell[cols=1;rows=1]
N[orig_style='N']{{2[]Name}}
__cell[cols=1;rows=1]
N[orig_style='N']{{2[]Value}}
__row[]Body
__cell[cols=1;rows=1]
N[orig_style='N']1
__cell[cols=1;rows=1]
N[orig_style='N']a
__row[]Body
__cell[cols=1;rows=1]
N[changed=1;orig_style='N']2
__cell[cols=1;rows=1]
N[changed=1;orig_style='N']b
__row[]Body
__cell[cols=1;rows=1]
N[orig_style='N']3
__cell[cols=1;rows=1]
N[orig_style='N']c
__endtable[]
__table[format='0%-100%,0%-100%,1*';style='columns']3
__row[]Heading
__cell[cols=1;rows=1]
N[orig_style='N']{{2[]C++}}
__cell[cols=1;rows=1]
N[orig_style='N']{{2[]C}}
__cell[cols=1;rows=1]
N[orig_style='N']{{2[]B}}
__row[]Heading
__cell[cols=1;rows=1]
N[orig_style='N']{{2[]a}}
__cell[cols=1;rows=1]
N[orig_style='N']{{2[]b}}
__cell[cols=1;rows=1]
N[orig_style='N']{{2[]c}}
__row[]Heading
__cell[cols=1;rows=1]
N[orig_style='N']{{2[]85}}
__cell[cols=1;rows=1]
N[orig_style='N']{{2[]75}}
__cell[cols=1;rows=1]
N[orig_style='N']{{2[]73?}}
__row[]Body
__cell[cols=1;rows=1]
N[orig_style='N']q
__cell[cols=1;rows=1]
N[orig_style='N']w
__cell[cols=1;rows=1]
N[orig_style='N']e
__row[]Footing
__cell[cols=1;rows=1]
N[orig_style='N']{{2[]r}}
__cell[cols=1;rows=1]
N[orig_style='N']{{2[]s}}
__cell[cols=1;rows=1]
N[orig_style='N']{{2[]t}}
__endtable[]
__table[format='0%-100%,0%-100%,1*';style='columns']3
__row[]Heading
__cell[cols=1;rows=1]
N[orig_style='N']{{2[]Name}}
__cell[cols=1;rows=1]
N[orig_style='N']{{2[]Jump}}
__cell[cols=1;rows=1]
N[orig_style='N']{{2[]Rubbish}}
__row[]Body
__cell[cols=1;rows=1]
N[orig_style='N']product1
__cell[cols=1;rows=1]
N[orig_style='N']url1
__cell[cols=1;rows=1]
N[orig_style='N']x
__row[]Body
__cell[cols=1;rows=1]
N[orig_style='N']product2
__cell[cols=1;rows=1]
N[orig_style='N']url2
__cell[cols=1;rows=1]
N[orig_style='N']y
__row[]Body
__cell[cols=1;rows=1]
N[orig_style='N']product3
__cell[cols=1;rows=1]
N[orig_style='N']url3
__cell[cols=1;rows=1]
N[orig_style='N']z
__endtable[]
__table[format='0%-100%,0%-100%,0%-100%,0%-100%,0%-100%,1*';style='columns']6
__row[]Heading
__cell[cols=1;rows=1]
N[orig_style='N']{{2[]Big}}
__cell[cols=1;rows=1]
N[orig_style='N']{{2[]Small}}
__cell[cols=1;rows=1]
N[orig_style='N']{{2[]Big}}
__cell[cols=1;rows=1]
N[orig_style='N']{{2[]Small}}
__cell[cols=1;rows=1]
N[orig_style='N']{{2[]Big}}
__cell[cols=1;rows=1]
N[orig_style='N']{{2[]Small}}
__row[]Heading
__cell[cols=1;rows=1]
N[orig_style='N']{{2[]Letter}}
__cell[cols=1;rows=1]
N[orig_style='N']{{2[]One}}
__cell[cols=1;rows=1]
N[orig_style='N']{{2[]Letter}}
__cell[cols=1;rows=1]
N[orig_style='N']{{2[]One}}
__cell[cols=1;rows=1]
N[orig_style='N']{{2[]Letter}}
__cell[cols=1;rows=1]
N[orig_style='N']{{2[]One}}
__row[]Group
__cell[cols=1;rows=1]
N[orig_style='N']{{2[]Vowels:}}
__cell[cols=1;rows=1]
N[orig_style='N']{{2[]}}
__row[]Body
__cell[cols=1;rows=1]
N[orig_style='N']A
__cell[cols=1;rows=1]
N[orig_style='N']a
__cell[cols=1;rows=1]
N[orig_style='N']E
__cell[cols=1;rows=1]
N[orig_style='N']e
__cell[cols=1;rows=1]
N[orig_style='N']I
__cell[cols=1;rows=1]
N[orig_style='N']i
__row[]Body
__cell[cols=1;rows=1]
N[orig_style='N']O
__cell[cols=1;rows=1]
N[orig_style='N']o
__cell[cols=1;rows=1]
N[orig_style='N']U
__cell[cols=1;rows=1]
N[orig_style='N']u
__row[]Group
__cell[cols=1;rows=1]
N[orig_style='N']{{2[]Others:}}
__cell[cols=1;rows=1]
N[orig_style='N']{{2[]}}
__row[]Body
__cell[cols=1;rows=1]
N[orig_style='N']B
__cell[cols=1;rows=1]
N[orig_style='N']b
__cell[cols=1;rows=1]
N[orig_style='N']C
__cell[cols=1;rows=1]
N[orig_style='N']c
__cell[cols=1;rows=1]
N[orig_style='N']D
__cell[cols=1;rows=1]
N[orig_style='N']d
__row[]Body
__cell[cols=1;rows=1]
N[orig_style='N']F
__cell[cols=1;rows=1]
N[orig_style='N']f
__cell[cols=1;rows=1]
N[orig_style='N']G
__cell[cols=1;rows=1]
N[orig_style='N']g
__cell[cols=1;rows=1]
N[orig_style='N']H
__cell[cols=1;rows=1]
N[orig_style='N']h
__row[]Footing
__cell[cols=1;rows=1]
N[orig_style='N']{{2[]Upper}}
__cell[cols=1;rows=1]
N[orig_style='N']{{2[]Lower}}
__cell[cols=1;rows=1]
N[orig_style='N']{{2[]Upper}}
__cell[cols=1;rows=1]
N[orig_style='N']{{2[]Lower}}
__cell[cols=1;rows=1]
N[orig_style='N']{{2[]Upper}}
__cell[cols=1;rows=1]
N[orig_style='N']{{2[]Lower}}
__endtable[]
__table[format='0%-100%,0%-100%,1*';style='columns']3
__row[]Heading
__cell[cols=1;rows=1]
N[orig_style='N']{{2[]A}}
__cell[cols=1;rows=1]
N[orig_style='N']{{2[]B}}
__cell[cols=1;rows=1]
N[orig_style='N']{{2[]C}}
__row[]Body
__cell[cols=1;rows=1]
N[orig_style='N']Hello world
__cell[cols=1;rows=1]
N[orig_style='N']A2
__cell[cols=1;rows=1]
N[orig_style='N']
__row[]Body
__cell[cols=1;rows=1]
N[orig_style='N']Hi
__cell[cols=1;rows=1]
N[orig_style='N']How are
__cell[cols=1;rows=1]
N[orig_style='N']you\
__row[]Body
__cell[cols=1;rows=1]
N[orig_style='N']Q
__cell[cols=1;rows=1]
N[orig_style='N']W
__cell[cols=1;rows=1]
N[orig_style='N']E:R
__row[]Body
__cell[cols=1;rows=1]
N[orig_style='N']S\\X
__cell[cols=1;rows=1]
N[orig_style='N']Y\\\Z
__cell[cols=1;rows=1]
N[orig_style='N']
__endtable[]
__table[format='0%-100%,0%-100%,0%-100%,1*';style='columns']4
__row[]Heading
__cell[cols=1;rows=1]
N[orig_style='N']{{2[]one}}
__cell[cols=1;rows=1]
N[orig_style='N']{{2[]two}}
__cell[cols=1;rows=1]
N[orig_style='N']{{2[]three}}
__cell[cols=1;rows=1]
N[orig_style='N']{{2[]four}}
__row[]Body
__cell[cols=1;rows=1]
N[orig_style='N']line1-1
__cell[cols=1;rows=1]
N[orig_style='N']two
__cell[cols=1;rows=1]
N[orig_style='N']three
__cell[cols=1;rows=1]
N[orig_style='N']large four
E[orig_style='E']example format four
__row[]Body
__cell[cols=1;rows=1]
N[orig_style='N']line2-1
__cell[cols=1;rows=1]
N[orig_style='N']large two (2)
E[orig_style='E']example format for two
__cell[cols=1;rows=1]
N[orig_style='N']three
__cell[cols=1;rows=1]
N[orig_style='N']four
__row[]Body
__cell[cols=1;rows=1]
N[orig_style='N']line3-1
__cell[cols=1;rows=1]
N[orig_style='N']large two again
E[orig_style='E']example format 2+
__cell[cols=1;rows=1]
N[orig_style='N']large three too
E[orig_style='E']col3 example format
__cell[cols=1;rows=1]
N[orig_style='N']normal four
__endtable[]
__table[format='0%-100%,1*';style='columns']2
__row[]Heading
__cell[cols=1;rows=1]
N[orig_style='N']{{2[]A}}
__cell[cols=1;rows=1]
N[orig_style='N']{{2[]C}}
__row[]Body
__cell[cols=1;rows=1]
N[orig_style='N']1
__cell[cols=1;rows=1]
N[orig_style='N']3
__row[]Body
__cell[cols=1;rows=1]
N[orig_style='N']5
__cell[cols=1;rows=1]
N[orig_style='N']7
__endtable[]
__table[format='0%-100%,0%-100%,1*';style='columns']3
__row[]Heading
__cell[cols=1;rows=1]
N[orig_style='N']{{2[]A}}
__cell[cols=1;rows=1]
N[orig_style='N']{{2[]B}}
__cell[cols=1;rows=1]
N[orig_style='N']{{2[]D}}
__row[]Body
__cell[cols=1;rows=1]
N[orig_style='N']1
__cell[cols=1;rows=1]
N[orig_style='N']2
__cell[cols=1;rows=1]
N[orig_style='N']4
__row[]Body
__cell[cols=1;rows=1]
N[orig_style='N']5
__cell[cols=1;rows=1]
N[orig_style='N']6
__cell[cols=1;rows=1]
N[orig_style='N']8
__endtable[]
