This file contains any messages produced by compilers while
running configure, to aid debugging if configure makes a mistake.

It was created by libwebp configure 0.3.0, which was
generated by GNU Autoconf 2.68.  Invocation command line was

  $ ./configure --disable-shared --enable-libwebpmux --enable-libwebpdemux --enable-libwebpdecoder

## --------- ##
## Platform. ##
## --------- ##

hostname = debian
uname -m = i686
uname -r = 3.2.0-3-686-pae
uname -s = Linux
uname -v = #1 SMP Mon Jul 23 03:50:34 UTC 2012

/usr/bin/uname -p = unknown
/bin/uname -X     = unknown

/bin/arch              = unknown
/usr/bin/arch -k       = unknown
/usr/convex/getsysinfo = unknown
/usr/bin/hostinfo      = unknown
/bin/machine           = unknown
/usr/bin/oslevel       = unknown
/bin/universe          = unknown

PATH: /home/zapad/bin
PATH: /usr/local/bin
PATH: /usr/bin
PATH: /bin
PATH: /usr/local/games
PATH: /usr/games
PATH: /usr/local/psxsdk/bin


## ----------- ##
## Core tests. ##
## ----------- ##

configure:2281: checking build system type
configure:2295: result: i686-pc-linux-gnu
configure:2315: checking host system type
configure:2328: result: i686-pc-linux-gnu
configure:2348: checking target system type
configure:2361: result: i686-pc-linux-gnu
configure:2403: checking for a BSD-compatible install
configure:2471: result: /usr/bin/install -c
configure:2482: checking whether build environment is sane
configure:2532: result: yes
configure:2673: checking for a thread-safe mkdir -p
configure:2712: result: /bin/mkdir -p
configure:2725: checking for gawk
configure:2741: found /usr/bin/gawk
configure:2752: result: gawk
configure:2763: checking whether make sets $(MAKE)
configure:2785: result: yes
configure:2911: checking how to print strings
configure:2938: result: printf
configure:2971: checking for style of include used by make
configure:2999: result: GNU
configure:3070: checking for gcc
configure:3086: found /usr/bin/gcc
configure:3097: result: gcc
configure:3326: checking for C compiler version
configure:3335: gcc --version >&5
gcc (Debian 4.7.1-2) 4.7.1
Copyright (C) 2012 Free Software Foundation, Inc.
This is free software; see the source for copying conditions.  There is NO
warranty; not even for MERCHANTABILITY or FITNESS FOR A PARTICULAR PURPOSE.

configure:3346: $? = 0
configure:3335: gcc -v >&5
Using built-in specs.
COLLECT_GCC=gcc
COLLECT_LTO_WRAPPER=/usr/lib/gcc/i486-linux-gnu/4.7/lto-wrapper
Target: i486-linux-gnu
Configured with: ../src/configure -v --with-pkgversion='Debian 4.7.1-2' --with-bugurl=file:///usr/share/doc/gcc-4.7/README.Bugs --enable-languages=c,c++,go,fortran,objc,obj-c++ --prefix=/usr --program-suffix=-4.7 --enable-shared --enable-linker-build-id --with-system-zlib --libexecdir=/usr/lib --without-included-gettext --enable-threads=posix --with-gxx-include-dir=/usr/include/c++/4.7 --libdir=/usr/lib --enable-nls --with-sysroot=/ --enable-clocale=gnu --enable-libstdcxx-debug --enable-libstdcxx-time=yes --enable-gnu-unique-object --enable-plugin --enable-objc-gc --enable-targets=all --with-arch-32=i586 --with-tune=generic --enable-checking=release --build=i486-linux-gnu --host=i486-linux-gnu --target=i486-linux-gnu
Thread model: posix
gcc version 4.7.1 (Debian 4.7.1-2) 
configure:3346: $? = 0
configure:3335: gcc -V >&5
gcc: error: unrecognized command line option '-V'
gcc: fatal error: no input files
compilation terminated.
configure:3346: $? = 4
configure:3335: gcc -qversion >&5
gcc: error: unrecognized command line option '-qversion'
gcc: fatal error: no input files
compilation terminated.
configure:3346: $? = 4
configure:3366: checking whether the C compiler works
configure:3388: gcc    conftest.c  >&5
configure:3392: $? = 0
configure:3440: result: yes
configure:3443: checking for C compiler default output file name
configure:3445: result: a.out
configure:3451: checking for suffix of executables
configure:3458: gcc -o conftest    conftest.c  >&5
configure:3462: $? = 0
configure:3484: result: 
configure:3506: checking whether we are cross compiling
configure:3514: gcc -o conftest    conftest.c  >&5
configure:3518: $? = 0
configure:3525: ./conftest
configure:3529: $? = 0
configure:3544: result: no
configure:3549: checking for suffix of object files
configure:3571: gcc -c   conftest.c >&5
configure:3575: $? = 0
configure:3596: result: o
configure:3600: checking whether we are using the GNU C compiler
configure:3619: gcc -c   conftest.c >&5
configure:3619: $? = 0
configure:3628: result: yes
configure:3637: checking whether gcc accepts -g
configure:3657: gcc -c -g  conftest.c >&5
configure:3657: $? = 0
configure:3698: result: yes
configure:3715: checking for gcc option to accept ISO C89
configure:3779: gcc  -c -g -O2  conftest.c >&5
configure:3779: $? = 0
configure:3792: result: none needed
configure:3814: checking dependency style of gcc
configure:3925: result: gcc3
configure:3940: checking for a sed that does not truncate output
configure:4004: result: /bin/sed
configure:4022: checking for grep that handles long lines and -e
configure:4080: result: /bin/grep
configure:4085: checking for egrep
configure:4147: result: /bin/grep -E
configure:4152: checking for fgrep
configure:4214: result: /bin/grep -F
configure:4249: checking for ld used by gcc
configure:4316: result: /usr/bin/ld
configure:4323: checking if the linker (/usr/bin/ld) is GNU ld
configure:4338: result: yes
configure:4350: checking for BSD- or MS-compatible name lister (nm)
configure:4399: result: /usr/bin/nm -B
configure:4529: checking the name lister (/usr/bin/nm -B) interface
configure:4536: gcc -c -g -O2  conftest.c >&5
configure:4539: /usr/bin/nm -B "conftest.o"
configure:4542: output
00000000 B some_variable
configure:4549: result: BSD nm
configure:4552: checking whether ln -s works
configure:4556: result: yes
configure:4564: checking the maximum length of command line arguments
configure:4694: result: 1572864
configure:4711: checking whether the shell understands some XSI constructs
configure:4721: result: yes
configure:4725: checking whether the shell understands "+="
configure:4731: result: yes
configure:4766: checking how to convert i686-pc-linux-gnu file names to i686-pc-linux-gnu format
configure:4806: result: func_convert_file_noop
configure:4813: checking how to convert i686-pc-linux-gnu file names to toolchain format
configure:4833: result: func_convert_file_noop
configure:4840: checking for /usr/bin/ld option to reload object files
configure:4847: result: -r
configure:4921: checking for objdump
configure:4937: found /usr/bin/objdump
configure:4948: result: objdump
configure:4980: checking how to recognize dependent libraries
configure:5182: result: pass_all
configure:5267: checking for dlltool
configure:5297: result: no
configure:5327: checking how to associate runtime and link libraries
configure:5354: result: printf %s\n
configure:5415: checking for ar
configure:5431: found /usr/bin/ar
configure:5442: result: ar
configure:5479: checking for archiver @FILE support
configure:5496: gcc -c -g -O2  conftest.c >&5
configure:5496: $? = 0
configure:5499: ar cru libconftest.a @conftest.lst >&5
configure:5502: $? = 0
configure:5507: ar cru libconftest.a @conftest.lst >&5
ar: conftest.o: No such file or directory
configure:5510: $? = 1
configure:5522: result: @
configure:5580: checking for strip
configure:5596: found /usr/bin/strip
configure:5607: result: strip
configure:5679: checking for ranlib
configure:5695: found /usr/bin/ranlib
configure:5706: result: ranlib
configure:5808: checking command to parse /usr/bin/nm -B output from gcc object
configure:5928: gcc -c -g -O2  conftest.c >&5
configure:5931: $? = 0
configure:5935: /usr/bin/nm -B conftest.o \| sed -n -e 's/^.*[ ]\([ABCDGIRSTW][ABCDGIRSTW]*\)[ ][ ]*\([_A-Za-z][_A-Za-z0-9]*\)$/\1 \2 \2/p' | sed '/ __gnu_lto/d' \> conftest.nm
configure:5938: $? = 0
configure:6004: gcc -o conftest -g -O2   conftest.c conftstm.o >&5
configure:6007: $? = 0
configure:6045: result: ok
configure:6082: checking for sysroot
configure:6112: result: no
configure:6368: checking for mt
configure:6384: found /bin/mt
configure:6395: result: mt
configure:6418: checking if mt is a manifest tool
configure:6424: mt '-?'
configure:6432: result: no
configure:7074: checking how to run the C preprocessor
configure:7105: gcc -E  conftest.c
configure:7105: $? = 0
configure:7119: gcc -E  conftest.c
conftest.c:11:28: fatal error: ac_nonexistent.h: No such file or directory
compilation terminated.
configure:7119: $? = 1
configure: failed program was:
| /* confdefs.h */
| #define PACKAGE_NAME "libwebp"
| #define PACKAGE_TARNAME "libwebp"
| #define PACKAGE_VERSION "0.3.0"
| #define PACKAGE_STRING "libwebp 0.3.0"
| #define PACKAGE_BUGREPORT "http://code.google.com/p/webp/issues"
| #define PACKAGE_URL "http://developers.google.com/speed/webp"
| #define PACKAGE "libwebp"
| #define VERSION "0.3.0"
| /* end confdefs.h.  */
| #include <ac_nonexistent.h>
configure:7144: result: gcc -E
configure:7164: gcc -E  conftest.c
configure:7164: $? = 0
configure:7178: gcc -E  conftest.c
conftest.c:11:28: fatal error: ac_nonexistent.h: No such file or directory
compilation terminated.
configure:7178: $? = 1
configure: failed program was:
| /* confdefs.h */
| #define PACKAGE_NAME "libwebp"
| #define PACKAGE_TARNAME "libwebp"
| #define PACKAGE_VERSION "0.3.0"
| #define PACKAGE_STRING "libwebp 0.3.0"
| #define PACKAGE_BUGREPORT "http://code.google.com/p/webp/issues"
| #define PACKAGE_URL "http://developers.google.com/speed/webp"
| #define PACKAGE "libwebp"
| #define VERSION "0.3.0"
| /* end confdefs.h.  */
| #include <ac_nonexistent.h>
configure:7207: checking for ANSI C header files
configure:7227: gcc -c -g -O2  conftest.c >&5
configure:7227: $? = 0
configure:7300: gcc -o conftest -g -O2   conftest.c  >&5
configure:7300: $? = 0
configure:7300: ./conftest
configure:7300: $? = 0
configure:7311: result: yes
configure:7324: checking for sys/types.h
configure:7324: gcc -c -g -O2  conftest.c >&5
configure:7324: $? = 0
configure:7324: result: yes
configure:7324: checking for sys/stat.h
configure:7324: gcc -c -g -O2  conftest.c >&5
configure:7324: $? = 0
configure:7324: result: yes
configure:7324: checking for stdlib.h
configure:7324: gcc -c -g -O2  conftest.c >&5
configure:7324: $? = 0
configure:7324: result: yes
configure:7324: checking for string.h
configure:7324: gcc -c -g -O2  conftest.c >&5
configure:7324: $? = 0
configure:7324: result: yes
configure:7324: checking for memory.h
configure:7324: gcc -c -g -O2  conftest.c >&5
configure:7324: $? = 0
configure:7324: result: yes
configure:7324: checking for strings.h
configure:7324: gcc -c -g -O2  conftest.c >&5
configure:7324: $? = 0
configure:7324: result: yes
configure:7324: checking for inttypes.h
configure:7324: gcc -c -g -O2  conftest.c >&5
configure:7324: $? = 0
configure:7324: result: yes
configure:7324: checking for stdint.h
configure:7324: gcc -c -g -O2  conftest.c >&5
configure:7324: $? = 0
configure:7324: result: yes
configure:7324: checking for unistd.h
configure:7324: gcc -c -g -O2  conftest.c >&5
configure:7324: $? = 0
configure:7324: result: yes
configure:7338: checking for dlfcn.h
configure:7338: gcc -c -g -O2  conftest.c >&5
configure:7338: $? = 0
configure:7338: result: yes
configure:7544: checking for objdir
configure:7559: result: .libs
configure:7830: checking if gcc supports -fno-rtti -fno-exceptions
configure:7848: gcc -c -g -O2  -fno-rtti -fno-exceptions conftest.c >&5
cc1: warning: command line option '-fno-rtti' is valid for C++/ObjC++ but not for C [enabled by default]
configure:7852: $? = 0
configure:7865: result: no
configure:8192: checking for gcc option to produce PIC
configure:8199: result: -fPIC -DPIC
configure:8207: checking if gcc PIC flag -fPIC -DPIC works
configure:8225: gcc -c -g -O2  -fPIC -DPIC -DPIC conftest.c >&5
configure:8229: $? = 0
configure:8242: result: yes
configure:8271: checking if gcc static flag -static works
configure:8299: result: yes
configure:8314: checking if gcc supports -c -o file.o
configure:8335: gcc -c -g -O2  -o out/conftest2.o conftest.c >&5
configure:8339: $? = 0
configure:8361: result: yes
configure:8369: checking if gcc supports -c -o file.o
configure:8416: result: yes
configure:8449: checking whether the gcc linker (/usr/bin/ld) supports shared libraries
configure:9606: result: yes
configure:9846: checking dynamic linker characteristics
configure:10357: gcc -o conftest -g -O2   -Wl,-rpath -Wl,/foo conftest.c  >&5
configure:10357: $? = 0
configure:10591: result: GNU/Linux ld.so
configure:10698: checking how to hardcode library paths into programs
configure:10723: result: immediate
configure:11263: checking whether stripping libraries is possible
configure:11268: result: yes
configure:11303: checking if libtool supports shared libraries
configure:11305: result: yes
configure:11308: checking whether to build shared libraries
configure:11329: result: no
configure:11332: checking whether to build static libraries
configure:11336: result: yes
configure:11374: checking whether gcc and cc understand -c and -o together
configure:11405: gcc -c conftest.c -o conftest2.o >&5
configure:11409: $? = 0
configure:11415: gcc -c conftest.c -o conftest2.o >&5
configure:11419: $? = 0
configure:11430: cc -c conftest.c >&5
configure:11434: $? = 0
configure:11442: cc -c conftest.c -o conftest2.o >&5
configure:11446: $? = 0
configure:11452: cc -c conftest.c -o conftest2.o >&5
configure:11456: $? = 0
configure:11474: result: yes
configure:11511: checking whether make supports nested variables
configure:11528: result: yes
configure:11560: checking for threading support...
configure:11730: checking for the pthreads library -lpthreads
configure:11768: gcc -o conftest -g -O2    conftest.c -lpthreads  >&5
/usr/bin/ld: cannot find -lpthreads
collect2: error: ld returned 1 exit status
configure:11768: $? = 1
configure: failed program was:
| /* confdefs.h */
| #define PACKAGE_NAME "libwebp"
| #define PACKAGE_TARNAME "libwebp"
| #define PACKAGE_VERSION "0.3.0"
| #define PACKAGE_STRING "libwebp 0.3.0"
| #define PACKAGE_BUGREPORT "http://code.google.com/p/webp/issues"
| #define PACKAGE_URL "http://developers.google.com/speed/webp"
| #define PACKAGE "libwebp"
| #define VERSION "0.3.0"
| #define STDC_HEADERS 1
| #define HAVE_SYS_TYPES_H 1
| #define HAVE_SYS_STAT_H 1
| #define HAVE_STDLIB_H 1
| #define HAVE_STRING_H 1
| #define HAVE_MEMORY_H 1
| #define HAVE_STRINGS_H 1
| #define HAVE_INTTYPES_H 1
| #define HAVE_STDINT_H 1
| #define HAVE_UNISTD_H 1
| #define HAVE_DLFCN_H 1
| #define LT_OBJDIR ".libs/"
| /* end confdefs.h.  */
| #include <pthread.h>
|                         static void routine(void *a) { a = 0; }
|                         static void *start_routine(void *a) { return a; }
| int
| main ()
| {
| pthread_t th; pthread_attr_t attr;
|                         pthread_create(&th, 0, start_routine, 0);
|                         pthread_join(th, 0);
|                         pthread_attr_init(&attr);
|                         pthread_cleanup_push(routine, 0);
|                         pthread_cleanup_pop(0) /* ; */
|   ;
|   return 0;
| }
configure:11777: result: no
configure:11675: checking whether pthreads work without any flags
configure:11768: gcc -o conftest -g -O2    conftest.c   >&5
/tmp/cceLOHvh.o: In function `main':
/windows/lance/webp/Image-WebP-0.1/Image-WebP/webp-src/conftest.c:30: undefined reference to `pthread_create'
/windows/lance/webp/Image-WebP-0.1/Image-WebP/webp-src/conftest.c:31: undefined reference to `pthread_join'
/windows/lance/webp/Image-WebP-0.1/Image-WebP/webp-src/conftest.c:33: undefined reference to `__pthread_register_cancel'
/windows/lance/webp/Image-WebP-0.1/Image-WebP/webp-src/conftest.c:34: undefined reference to `__pthread_unregister_cancel'
collect2: error: ld returned 1 exit status
configure:11768: $? = 1
configure: failed program was:
| /* confdefs.h */
| #define PACKAGE_NAME "libwebp"
| #define PACKAGE_TARNAME "libwebp"
| #define PACKAGE_VERSION "0.3.0"
| #define PACKAGE_STRING "libwebp 0.3.0"
| #define PACKAGE_BUGREPORT "http://code.google.com/p/webp/issues"
| #define PACKAGE_URL "http://developers.google.com/speed/webp"
| #define PACKAGE "libwebp"
| #define VERSION "0.3.0"
| #define STDC_HEADERS 1
| #define HAVE_SYS_TYPES_H 1
| #define HAVE_SYS_STAT_H 1
| #define HAVE_STDLIB_H 1
| #define HAVE_STRING_H 1
| #define HAVE_MEMORY_H 1
| #define HAVE_STRINGS_H 1
| #define HAVE_INTTYPES_H 1
| #define HAVE_STDINT_H 1
| #define HAVE_UNISTD_H 1
| #define HAVE_DLFCN_H 1
| #define LT_OBJDIR ".libs/"
| /* end confdefs.h.  */
| #include <pthread.h>
|                         static void routine(void *a) { a = 0; }
|                         static void *start_routine(void *a) { return a; }
| int
| main ()
| {
| pthread_t th; pthread_attr_t attr;
|                         pthread_create(&th, 0, start_routine, 0);
|                         pthread_join(th, 0);
|                         pthread_attr_init(&attr);
|                         pthread_cleanup_push(routine, 0);
|                         pthread_cleanup_pop(0) /* ; */
|   ;
|   return 0;
| }
configure:11777: result: no
configure:11680: checking whether pthreads work with -Kthread
configure:11768: gcc -o conftest -g -O2 -Kthread   conftest.c   >&5
gcc: error: unrecognized command line option '-Kthread'
configure:11768: $? = 1
configure: failed program was:
| /* confdefs.h */
| #define PACKAGE_NAME "libwebp"
| #define PACKAGE_TARNAME "libwebp"
| #define PACKAGE_VERSION "0.3.0"
| #define PACKAGE_STRING "libwebp 0.3.0"
| #define PACKAGE_BUGREPORT "http://code.google.com/p/webp/issues"
| #define PACKAGE_URL "http://developers.google.com/speed/webp"
| #define PACKAGE "libwebp"
| #define VERSION "0.3.0"
| #define STDC_HEADERS 1
| #define HAVE_SYS_TYPES_H 1
| #define HAVE_SYS_STAT_H 1
| #define HAVE_STDLIB_H 1
| #define HAVE_STRING_H 1
| #define HAVE_MEMORY_H 1
| #define HAVE_STRINGS_H 1
| #define HAVE_INTTYPES_H 1
| #define HAVE_STDINT_H 1
| #define HAVE_UNISTD_H 1
| #define HAVE_DLFCN_H 1
| #define LT_OBJDIR ".libs/"
| /* end confdefs.h.  */
| #include <pthread.h>
|                         static void routine(void *a) { a = 0; }
|                         static void *start_routine(void *a) { return a; }
| int
| main ()
| {
| pthread_t th; pthread_attr_t attr;
|                         pthread_create(&th, 0, start_routine, 0);
|                         pthread_join(th, 0);
|                         pthread_attr_init(&attr);
|                         pthread_cleanup_push(routine, 0);
|                         pthread_cleanup_pop(0) /* ; */
|   ;
|   return 0;
| }
configure:11777: result: no
configure:11680: checking whether pthreads work with -kthread
configure:11768: gcc -o conftest -g -O2 -kthread   conftest.c   >&5
gcc: error: unrecognized command line option '-kthread'
configure:11768: $? = 1
configure: failed program was:
| /* confdefs.h */
| #define PACKAGE_NAME "libwebp"
| #define PACKAGE_TARNAME "libwebp"
| #define PACKAGE_VERSION "0.3.0"
| #define PACKAGE_STRING "libwebp 0.3.0"
| #define PACKAGE_BUGREPORT "http://code.google.com/p/webp/issues"
| #define PACKAGE_URL "http://developers.google.com/speed/webp"
| #define PACKAGE "libwebp"
| #define VERSION "0.3.0"
| #define STDC_HEADERS 1
| #define HAVE_SYS_TYPES_H 1
| #define HAVE_SYS_STAT_H 1
| #define HAVE_STDLIB_H 1
| #define HAVE_STRING_H 1
| #define HAVE_MEMORY_H 1
| #define HAVE_STRINGS_H 1
| #define HAVE_INTTYPES_H 1
| #define HAVE_STDINT_H 1
| #define HAVE_UNISTD_H 1
| #define HAVE_DLFCN_H 1
| #define LT_OBJDIR ".libs/"
| /* end confdefs.h.  */
| #include <pthread.h>
|                         static void routine(void *a) { a = 0; }
|                         static void *start_routine(void *a) { return a; }
| int
| main ()
| {
| pthread_t th; pthread_attr_t attr;
|                         pthread_create(&th, 0, start_routine, 0);
|                         pthread_join(th, 0);
|                         pthread_attr_init(&attr);
|                         pthread_cleanup_push(routine, 0);
|                         pthread_cleanup_pop(0) /* ; */
|   ;
|   return 0;
| }
configure:11777: result: no
configure:11730: checking for the pthreads library -llthread
configure:11768: gcc -o conftest -g -O2    conftest.c -llthread  >&5
/usr/bin/ld: cannot find -llthread
collect2: error: ld returned 1 exit status
configure:11768: $? = 1
configure: failed program was:
| /* confdefs.h */
| #define PACKAGE_NAME "libwebp"
| #define PACKAGE_TARNAME "libwebp"
| #define PACKAGE_VERSION "0.3.0"
| #define PACKAGE_STRING "libwebp 0.3.0"
| #define PACKAGE_BUGREPORT "http://code.google.com/p/webp/issues"
| #define PACKAGE_URL "http://developers.google.com/speed/webp"
| #define PACKAGE "libwebp"
| #define VERSION "0.3.0"
| #define STDC_HEADERS 1
| #define HAVE_SYS_TYPES_H 1
| #define HAVE_SYS_STAT_H 1
| #define HAVE_STDLIB_H 1
| #define HAVE_STRING_H 1
| #define HAVE_MEMORY_H 1
| #define HAVE_STRINGS_H 1
| #define HAVE_INTTYPES_H 1
| #define HAVE_STDINT_H 1
| #define HAVE_UNISTD_H 1
| #define HAVE_DLFCN_H 1
| #define LT_OBJDIR ".libs/"
| /* end confdefs.h.  */
| #include <pthread.h>
|                         static void routine(void *a) { a = 0; }
|                         static void *start_routine(void *a) { return a; }
| int
| main ()
| {
| pthread_t th; pthread_attr_t attr;
|                         pthread_create(&th, 0, start_routine, 0);
|                         pthread_join(th, 0);
|                         pthread_attr_init(&attr);
|                         pthread_cleanup_push(routine, 0);
|                         pthread_cleanup_pop(0) /* ; */
|   ;
|   return 0;
| }
configure:11777: result: no
configure:11680: checking whether pthreads work with -pthread
configure:11768: gcc -o conftest -g -O2 -pthread   conftest.c   >&5
configure:11768: $? = 0
configure:11777: result: yes
configure:11796: checking for joinable pthread attribute
configure:11811: gcc -o conftest -g -O2 -pthread   conftest.c   >&5
configure:11811: $? = 0
configure:11817: result: PTHREAD_CREATE_JOINABLE
configure:11827: checking if more special flags are required for pthreads
configure:11841: result: no
configure:11847: checking for PTHREAD_PRIO_INHERIT
configure:11865: gcc -o conftest -g -O2 -pthread   conftest.c   >&5
conftest.c: In function 'main':
conftest.c:28:9: error: 'PTHREAD_PRIO_INHERIT' undeclared (first use in this function)
conftest.c:28:9: note: each undeclared identifier is reported only once for each function it appears in
configure:11865: $? = 1
configure: failed program was:
| /* confdefs.h */
| #define PACKAGE_NAME "libwebp"
| #define PACKAGE_TARNAME "libwebp"
| #define PACKAGE_VERSION "0.3.0"
| #define PACKAGE_STRING "libwebp 0.3.0"
| #define PACKAGE_BUGREPORT "http://code.google.com/p/webp/issues"
| #define PACKAGE_URL "http://developers.google.com/speed/webp"
| #define PACKAGE "libwebp"
| #define VERSION "0.3.0"
| #define STDC_HEADERS 1
| #define HAVE_SYS_TYPES_H 1
| #define HAVE_SYS_STAT_H 1
| #define HAVE_STDLIB_H 1
| #define HAVE_STRING_H 1
| #define HAVE_MEMORY_H 1
| #define HAVE_STRINGS_H 1
| #define HAVE_INTTYPES_H 1
| #define HAVE_STDINT_H 1
| #define HAVE_UNISTD_H 1
| #define HAVE_DLFCN_H 1
| #define LT_OBJDIR ".libs/"
| /* end confdefs.h.  */
| 
|                     #include <pthread.h>
| int
| main ()
| {
| int i = PTHREAD_PRIO_INHERIT;
|   ;
|   return 0;
| }
configure:11874: result: no
configure:11963: checking if threading is enabled... yes
configure:11973: checking for libpng-config
configure:12006: result: no
configure:11973: checking for libpng15-config
configure:12006: result: no
configure:11973: checking for libpng14-config
configure:12006: result: no
configure:11973: checking for libpng12-config
configure:12006: result: no
configure:12041: checking png.h usability
configure:12041: gcc -c -g -O2 -pthread   conftest.c >&5
conftest.c:57:17: fatal error: png.h: No such file or directory
compilation terminated.
configure:12041: $? = 1
configure: failed program was:
| /* confdefs.h */
| #define PACKAGE_NAME "libwebp"
| #define PACKAGE_TARNAME "libwebp"
| #define PACKAGE_VERSION "0.3.0"
| #define PACKAGE_STRING "libwebp 0.3.0"
| #define PACKAGE_BUGREPORT "http://code.google.com/p/webp/issues"
| #define PACKAGE_URL "http://developers.google.com/speed/webp"
| #define PACKAGE "libwebp"
| #define VERSION "0.3.0"
| #define STDC_HEADERS 1
| #define HAVE_SYS_TYPES_H 1
| #define HAVE_SYS_STAT_H 1
| #define HAVE_STDLIB_H 1
| #define HAVE_STRING_H 1
| #define HAVE_MEMORY_H 1
| #define HAVE_STRINGS_H 1
| #define HAVE_INTTYPES_H 1
| #define HAVE_STDINT_H 1
| #define HAVE_UNISTD_H 1
| #define HAVE_DLFCN_H 1
| #define LT_OBJDIR ".libs/"
| #define WEBP_USE_THREAD 1
| /* end confdefs.h.  */
| #include <stdio.h>
| #ifdef HAVE_SYS_TYPES_H
| # include <sys/types.h>
| #endif
| #ifdef HAVE_SYS_STAT_H
| # include <sys/stat.h>
| #endif
| #ifdef STDC_HEADERS
| # include <stdlib.h>
| # include <stddef.h>
| #else
| # ifdef HAVE_STDLIB_H
| #  include <stdlib.h>
| # endif
| #endif
| #ifdef HAVE_STRING_H
| # if !defined STDC_HEADERS && defined HAVE_MEMORY_H
| #  include <memory.h>
| # endif
| # include <string.h>
| #endif
| #ifdef HAVE_STRINGS_H
| # include <strings.h>
| #endif
| #ifdef HAVE_INTTYPES_H
| # include <inttypes.h>
| #endif
| #ifdef HAVE_STDINT_H
| # include <stdint.h>
| #endif
| #ifdef HAVE_UNISTD_H
| # include <unistd.h>
| #endif
| #include <png.h>
configure:12041: result: no
configure:12041: checking png.h presence
configure:12041: gcc -E   conftest.c
conftest.c:24:17: fatal error: png.h: No such file or directory
compilation terminated.
configure:12041: $? = 1
configure: failed program was:
| /* confdefs.h */
| #define PACKAGE_NAME "libwebp"
| #define PACKAGE_TARNAME "libwebp"
| #define PACKAGE_VERSION "0.3.0"
| #define PACKAGE_STRING "libwebp 0.3.0"
| #define PACKAGE_BUGREPORT "http://code.google.com/p/webp/issues"
| #define PACKAGE_URL "http://developers.google.com/speed/webp"
| #define PACKAGE "libwebp"
| #define VERSION "0.3.0"
| #define STDC_HEADERS 1
| #define HAVE_SYS_TYPES_H 1
| #define HAVE_SYS_STAT_H 1
| #define HAVE_STDLIB_H 1
| #define HAVE_STRING_H 1
| #define HAVE_MEMORY_H 1
| #define HAVE_STRINGS_H 1
| #define HAVE_INTTYPES_H 1
| #define HAVE_STDINT_H 1
| #define HAVE_UNISTD_H 1
| #define HAVE_DLFCN_H 1
| #define LT_OBJDIR ".libs/"
| #define WEBP_USE_THREAD 1
| /* end confdefs.h.  */
| #include <png.h>
configure:12041: result: no
configure:12041: checking for png.h
configure:12041: result: no
configure:12113: WARNING: png library not available - no png.h
configure:12148: checking jpeglib.h usability
configure:12148: gcc -c -g -O2 -pthread   conftest.c >&5
conftest.c:57:21: fatal error: jpeglib.h: No such file or directory
compilation terminated.
configure:12148: $? = 1
configure: failed program was:
| /* confdefs.h */
| #define PACKAGE_NAME "libwebp"
| #define PACKAGE_TARNAME "libwebp"
| #define PACKAGE_VERSION "0.3.0"
| #define PACKAGE_STRING "libwebp 0.3.0"
| #define PACKAGE_BUGREPORT "http://code.google.com/p/webp/issues"
| #define PACKAGE_URL "http://developers.google.com/speed/webp"
| #define PACKAGE "libwebp"
| #define VERSION "0.3.0"
| #define STDC_HEADERS 1
| #define HAVE_SYS_TYPES_H 1
| #define HAVE_SYS_STAT_H 1
| #define HAVE_STDLIB_H 1
| #define HAVE_STRING_H 1
| #define HAVE_MEMORY_H 1
| #define HAVE_STRINGS_H 1
| #define HAVE_INTTYPES_H 1
| #define HAVE_STDINT_H 1
| #define HAVE_UNISTD_H 1
| #define HAVE_DLFCN_H 1
| #define LT_OBJDIR ".libs/"
| #define WEBP_USE_THREAD 1
| /* end confdefs.h.  */
| #include <stdio.h>
| #ifdef HAVE_SYS_TYPES_H
| # include <sys/types.h>
| #endif
| #ifdef HAVE_SYS_STAT_H
| # include <sys/stat.h>
| #endif
| #ifdef STDC_HEADERS
| # include <stdlib.h>
| # include <stddef.h>
| #else
| # ifdef HAVE_STDLIB_H
| #  include <stdlib.h>
| # endif
| #endif
| #ifdef HAVE_STRING_H
| # if !defined STDC_HEADERS && defined HAVE_MEMORY_H
| #  include <memory.h>
| # endif
| # include <string.h>
| #endif
| #ifdef HAVE_STRINGS_H
| # include <strings.h>
| #endif
| #ifdef HAVE_INTTYPES_H
| # include <inttypes.h>
| #endif
| #ifdef HAVE_STDINT_H
| # include <stdint.h>
| #endif
| #ifdef HAVE_UNISTD_H
| # include <unistd.h>
| #endif
| #include <jpeglib.h>
configure:12148: result: no
configure:12148: checking jpeglib.h presence
configure:12148: gcc -E   conftest.c
conftest.c:24:21: fatal error: jpeglib.h: No such file or directory
compilation terminated.
configure:12148: $? = 1
configure: failed program was:
| /* confdefs.h */
| #define PACKAGE_NAME "libwebp"
| #define PACKAGE_TARNAME "libwebp"
| #define PACKAGE_VERSION "0.3.0"
| #define PACKAGE_STRING "libwebp 0.3.0"
| #define PACKAGE_BUGREPORT "http://code.google.com/p/webp/issues"
| #define PACKAGE_URL "http://developers.google.com/speed/webp"
| #define PACKAGE "libwebp"
| #define VERSION "0.3.0"
| #define STDC_HEADERS 1
| #define HAVE_SYS_TYPES_H 1
| #define HAVE_SYS_STAT_H 1
| #define HAVE_STDLIB_H 1
| #define HAVE_STRING_H 1
| #define HAVE_MEMORY_H 1
| #define HAVE_STRINGS_H 1
| #define HAVE_INTTYPES_H 1
| #define HAVE_STDINT_H 1
| #define HAVE_UNISTD_H 1
| #define HAVE_DLFCN_H 1
| #define LT_OBJDIR ".libs/"
| #define WEBP_USE_THREAD 1
| /* end confdefs.h.  */
| #include <jpeglib.h>
configure:12148: result: no
configure:12148: checking for jpeglib.h
configure:12148: result: no
configure:12200: WARNING: jpeg library not available - no jpeglib.h
configure:12233: checking tiffio.h usability
configure:12233: gcc -c -g -O2 -pthread   conftest.c >&5
conftest.c:57:20: fatal error: tiffio.h: No such file or directory
compilation terminated.
configure:12233: $? = 1
configure: failed program was:
| /* confdefs.h */
| #define PACKAGE_NAME "libwebp"
| #define PACKAGE_TARNAME "libwebp"
| #define PACKAGE_VERSION "0.3.0"
| #define PACKAGE_STRING "libwebp 0.3.0"
| #define PACKAGE_BUGREPORT "http://code.google.com/p/webp/issues"
| #define PACKAGE_URL "http://developers.google.com/speed/webp"
| #define PACKAGE "libwebp"
| #define VERSION "0.3.0"
| #define STDC_HEADERS 1
| #define HAVE_SYS_TYPES_H 1
| #define HAVE_SYS_STAT_H 1
| #define HAVE_STDLIB_H 1
| #define HAVE_STRING_H 1
| #define HAVE_MEMORY_H 1
| #define HAVE_STRINGS_H 1
| #define HAVE_INTTYPES_H 1
| #define HAVE_STDINT_H 1
| #define HAVE_UNISTD_H 1
| #define HAVE_DLFCN_H 1
| #define LT_OBJDIR ".libs/"
| #define WEBP_USE_THREAD 1
| /* end confdefs.h.  */
| #include <stdio.h>
| #ifdef HAVE_SYS_TYPES_H
| # include <sys/types.h>
| #endif
| #ifdef HAVE_SYS_STAT_H
| # include <sys/stat.h>
| #endif
| #ifdef STDC_HEADERS
| # include <stdlib.h>
| # include <stddef.h>
| #else
| # ifdef HAVE_STDLIB_H
| #  include <stdlib.h>
| # endif
| #endif
| #ifdef HAVE_STRING_H
| # if !defined STDC_HEADERS && defined HAVE_MEMORY_H
| #  include <memory.h>
| # endif
| # include <string.h>
| #endif
| #ifdef HAVE_STRINGS_H
| # include <strings.h>
| #endif
| #ifdef HAVE_INTTYPES_H
| # include <inttypes.h>
| #endif
| #ifdef HAVE_STDINT_H
| # include <stdint.h>
| #endif
| #ifdef HAVE_UNISTD_H
| # include <unistd.h>
| #endif
| #include <tiffio.h>
configure:12233: result: no
configure:12233: checking tiffio.h presence
configure:12233: gcc -E   conftest.c
conftest.c:24:20: fatal error: tiffio.h: No such file or directory
compilation terminated.
configure:12233: $? = 1
configure: failed program was:
| /* confdefs.h */
| #define PACKAGE_NAME "libwebp"
| #define PACKAGE_TARNAME "libwebp"
| #define PACKAGE_VERSION "0.3.0"
| #define PACKAGE_STRING "libwebp 0.3.0"
| #define PACKAGE_BUGREPORT "http://code.google.com/p/webp/issues"
| #define PACKAGE_URL "http://developers.google.com/speed/webp"
| #define PACKAGE "libwebp"
| #define VERSION "0.3.0"
| #define STDC_HEADERS 1
| #define HAVE_SYS_TYPES_H 1
| #define HAVE_SYS_STAT_H 1
| #define HAVE_STDLIB_H 1
| #define HAVE_STRING_H 1
| #define HAVE_MEMORY_H 1
| #define HAVE_STRINGS_H 1
| #define HAVE_INTTYPES_H 1
| #define HAVE_STDINT_H 1
| #define HAVE_UNISTD_H 1
| #define HAVE_DLFCN_H 1
| #define LT_OBJDIR ".libs/"
| #define WEBP_USE_THREAD 1
| /* end confdefs.h.  */
| #include <tiffio.h>
configure:12233: result: no
configure:12233: checking for tiffio.h
configure:12233: result: no
configure:12285: WARNING: tiff library not available - no tiffio.h
configure:12318: checking gif_lib.h usability
configure:12318: gcc -c -g -O2 -pthread   conftest.c >&5
configure:12318: $? = 0
configure:12318: result: yes
configure:12318: checking gif_lib.h presence
configure:12318: gcc -E   conftest.c
configure:12318: $? = 0
configure:12318: result: yes
configure:12318: checking for gif_lib.h
configure:12318: result: yes
configure:12320: checking for DGifOpenFileHandle in -lgif
configure:12345: gcc -o conftest -g -O2 -pthread    conftest.c -lgif     >&5
configure:12345: $? = 0
configure:12354: result: yes
configure:12466: checking if --enable-swap-16bit-csp option is specified
configure:12476: result: no
configure:12482: checking if --enable-experimental option is specified
configure:12495: result: no
configure:12499: checking whether libwebpmux is to be built
configure:12506: result: yes
configure:12517: checking whether libwebpdemux is to be built
configure:12524: result: yes
configure:12535: checking whether decoder library is to be built
configure:12542: result: yes
configure:12707: creating ./config.status

## ---------------------- ##
## Running config.status. ##
## ---------------------- ##

This file was extended by libwebp config.status 0.3.0, which was
generated by GNU Autoconf 2.68.  Invocation command line was

  CONFIG_FILES    = 
  CONFIG_HEADERS  = 
  CONFIG_LINKS    = 
  CONFIG_COMMANDS = 
  $ ./config.status 

on debian

config.status:1135: creating Makefile
config.status:1135: creating src/Makefile
config.status:1135: creating man/Makefile
config.status:1135: creating examples/Makefile
config.status:1135: creating src/dec/Makefile
config.status:1135: creating src/enc/Makefile
config.status:1135: creating src/dsp/Makefile
config.status:1135: creating src/demux/Makefile
config.status:1135: creating src/mux/Makefile
config.status:1135: creating src/utils/Makefile
config.status:1135: creating src/libwebp.pc
config.status:1135: creating src/libwebpdecoder.pc
config.status:1135: creating src/demux/libwebpdemux.pc
config.status:1135: creating src/mux/libwebpmux.pc
config.status:1135: creating config.h
config.status:1316: config.h is unchanged
config.status:1364: executing depfiles commands
config.status:1364: executing libtool commands
configure:14987:
WebP Configuration Summary
--------------------------

Shared libraries: no
Static libraries: yes
Threaded decode: yes
libwebp: yes
libwebpdecoder: yes
libwebpdemux: yes
libwebpmux: yes

Tools:
cwebp: yes
  Input format support
  ====================
  JPEG : no
  PNG  : no
  TIFF : no
  WIC  : no
dwebp: yes
  Output format support
  =====================
  PNG  : no
  WIC  : no
gif2webp: yes
webpmux: yes


## ---------------- ##
## Cache variables. ##
## ---------------- ##

ac_cv_build=i686-pc-linux-gnu
ac_cv_c_compiler_gnu=yes
ac_cv_env_CC_set=
ac_cv_env_CC_value=
ac_cv_env_CFLAGS_set=
ac_cv_env_CFLAGS_value=
ac_cv_env_CPPFLAGS_set=
ac_cv_env_CPPFLAGS_value=
ac_cv_env_CPP_set=
ac_cv_env_CPP_value=
ac_cv_env_LDFLAGS_set=
ac_cv_env_LDFLAGS_value=
ac_cv_env_LIBS_set=
ac_cv_env_LIBS_value=
ac_cv_env_build_alias_set=
ac_cv_env_build_alias_value=
ac_cv_env_host_alias_set=
ac_cv_env_host_alias_value=
ac_cv_env_target_alias_set=
ac_cv_env_target_alias_value=
ac_cv_header_dlfcn_h=yes
ac_cv_header_gif_lib_h=yes
ac_cv_header_inttypes_h=yes
ac_cv_header_jpeglib_h=no
ac_cv_header_memory_h=yes
ac_cv_header_png_h=no
ac_cv_header_stdc=yes
ac_cv_header_stdint_h=yes
ac_cv_header_stdlib_h=yes
ac_cv_header_string_h=yes
ac_cv_header_strings_h=yes
ac_cv_header_sys_stat_h=yes
ac_cv_header_sys_types_h=yes
ac_cv_header_tiffio_h=no
ac_cv_header_unistd_h=yes
ac_cv_host=i686-pc-linux-gnu
ac_cv_lib_gif_DGifOpenFileHandle=yes
ac_cv_objext=o
ac_cv_path_EGREP='/bin/grep -E'
ac_cv_path_FGREP='/bin/grep -F'
ac_cv_path_GREP=/bin/grep
ac_cv_path_SED=/bin/sed
ac_cv_path_install='/usr/bin/install -c'
ac_cv_path_mkdir=/bin/mkdir
ac_cv_prog_AWK=gawk
ac_cv_prog_CPP='gcc -E'
ac_cv_prog_ac_ct_AR=ar
ac_cv_prog_ac_ct_CC=gcc
ac_cv_prog_ac_ct_MANIFEST_TOOL=mt
ac_cv_prog_ac_ct_OBJDUMP=objdump
ac_cv_prog_ac_ct_RANLIB=ranlib
ac_cv_prog_ac_ct_STRIP=strip
ac_cv_prog_cc_c89=
ac_cv_prog_cc_g=yes
ac_cv_prog_cc_gcc_c_o=yes
ac_cv_prog_make_make_set=yes
ac_cv_target=i686-pc-linux-gnu
am_cv_CC_dependencies_compiler_type=gcc3
am_cv_make_support_nested_variables=yes
ax_cv_PTHREAD_PRIO_INHERIT=no
lt_cv_ar_at_file=@
lt_cv_deplibs_check_method=pass_all
lt_cv_file_magic_cmd='$MAGIC_CMD'
lt_cv_file_magic_test_file=
lt_cv_ld_reload_flag=-r
lt_cv_nm_interface='BSD nm'
lt_cv_objdir=.libs
lt_cv_path_LD=/usr/bin/ld
lt_cv_path_NM='/usr/bin/nm -B'
lt_cv_path_mainfest_tool=no
lt_cv_prog_compiler_c_o=yes
lt_cv_prog_compiler_pic='-fPIC -DPIC'
lt_cv_prog_compiler_pic_works=yes
lt_cv_prog_compiler_rtti_exceptions=no
lt_cv_prog_compiler_static_works=yes
lt_cv_prog_gnu_ld=yes
lt_cv_sharedlib_from_linklib_cmd='printf %s\n'
lt_cv_shlibpath_overrides_runpath=no
lt_cv_sys_global_symbol_pipe='sed -n -e '\''s/^.*[	 ]\([ABCDGIRSTW][ABCDGIRSTW]*\)[	 ][	 ]*\([_A-Za-z][_A-Za-z0-9]*\)$/\1 \2 \2/p'\'' | sed '\''/ __gnu_lto/d'\'''
lt_cv_sys_global_symbol_to_c_name_address='sed -n -e '\''s/^: \([^ ]*\)[ ]*$/  {\"\1\", (void *) 0},/p'\'' -e '\''s/^[ABCDGIRSTW]* \([^ ]*\) \([^ ]*\)$/  {"\2", (void *) \&\2},/p'\'''
lt_cv_sys_global_symbol_to_c_name_address_lib_prefix='sed -n -e '\''s/^: \([^ ]*\)[ ]*$/  {\"\1\", (void *) 0},/p'\'' -e '\''s/^[ABCDGIRSTW]* \([^ ]*\) \(lib[^ ]*\)$/  {"\2", (void *) \&\2},/p'\'' -e '\''s/^[ABCDGIRSTW]* \([^ ]*\) \([^ ]*\)$/  {"lib\2", (void *) \&\2},/p'\'''
lt_cv_sys_global_symbol_to_cdecl='sed -n -e '\''s/^T .* \(.*\)$/extern int \1();/p'\'' -e '\''s/^[ABCDGIRSTW]* .* \(.*\)$/extern char \1;/p'\'''
lt_cv_sys_max_cmd_len=1572864
lt_cv_to_host_file_cmd=func_convert_file_noop
lt_cv_to_tool_file_cmd=func_convert_file_noop

## ----------------- ##
## Output variables. ##
## ----------------- ##

ACLOCAL='${SHELL} /windows/lance/webp/Image-WebP-0.1/Image-WebP/webp-src/missing --run aclocal-1.11'
AMDEPBACKSLASH='\'
AMDEP_FALSE='#'
AMDEP_TRUE=''
AMTAR='$${TAR-tar}'
AM_BACKSLASH='\'
AM_DEFAULT_V='$(AM_DEFAULT_VERBOSITY)'
AM_DEFAULT_VERBOSITY='0'
AM_V='$(V)'
AR='ar'
AUTOCONF='${SHELL} /windows/lance/webp/Image-WebP-0.1/Image-WebP/webp-src/missing --run autoconf'
AUTOHEADER='${SHELL} /windows/lance/webp/Image-WebP-0.1/Image-WebP/webp-src/missing --run autoheader'
AUTOMAKE='${SHELL} /windows/lance/webp/Image-WebP-0.1/Image-WebP/webp-src/missing --run automake-1.11'
AWK='gawk'
BUILD_GIF2WEBP_FALSE='#'
BUILD_GIF2WEBP_TRUE=''
BUILD_LIBWEBPDECODER_FALSE='#'
BUILD_LIBWEBPDECODER_TRUE=''
CC='gcc'
CCDEPMODE='depmode=gcc3'
CFLAGS='-g -O2 -pthread'
CPP='gcc -E'
CPPFLAGS=''
CYGPATH_W='echo'
DEFS='-DHAVE_CONFIG_H'
DEPDIR='.deps'
DLLTOOL='false'
DSYMUTIL=''
DUMPBIN=''
ECHO_C=''
ECHO_N='-n'
ECHO_T=''
EGREP='/bin/grep -E'
EXEEXT=''
FGREP='/bin/grep -F'
GIF_INCLUDES=''
GIF_LIBS=' -lgif'
GREP='/bin/grep'
INSTALL_DATA='${INSTALL} -m 644'
INSTALL_PROGRAM='${INSTALL}'
INSTALL_SCRIPT='${INSTALL}'
INSTALL_STRIP_PROGRAM='$(install_sh) -c -s'
JPEG_INCLUDES=''
JPEG_LIBS=''
LD='/usr/bin/ld'
LDFLAGS=''
LIBOBJS=''
LIBPNG_CONFIG=''
LIBS=' '
LIBTOOL='$(SHELL) $(top_builddir)/libtool'
LIPO=''
LN_S='ln -s'
LTLIBOBJS=''
MAKEINFO='${SHELL} /windows/lance/webp/Image-WebP-0.1/Image-WebP/webp-src/missing --run makeinfo'
MANIFEST_TOOL=':'
MKDIR_P='/bin/mkdir -p'
NM='/usr/bin/nm -B'
NMEDIT=''
OBJDUMP='objdump'
OBJEXT='o'
OTOOL64=''
OTOOL=''
PACKAGE='libwebp'
PACKAGE_BUGREPORT='http://code.google.com/p/webp/issues'
PACKAGE_NAME='libwebp'
PACKAGE_STRING='libwebp 0.3.0'
PACKAGE_TARNAME='libwebp'
PACKAGE_URL='http://developers.google.com/speed/webp'
PACKAGE_VERSION='0.3.0'
PATH_SEPARATOR=':'
PNG_INCLUDES=''
PNG_LIBS=''
PTHREAD_CC='gcc'
PTHREAD_CFLAGS='-pthread'
PTHREAD_LIBS=''
RANLIB='ranlib'
SED='/bin/sed'
SET_MAKE=''
SHELL='/bin/bash'
STRIP='strip'
TIFF_INCLUDES=''
TIFF_LIBS=''
USE_EXPERIMENTAL_CODE=''
USE_SWAP_16BIT_CSP=''
VERSION='0.3.0'
WANT_DEMUX_FALSE='#'
WANT_DEMUX_TRUE=''
WANT_MUX_FALSE='#'
WANT_MUX_TRUE=''
ac_ct_AR='ar'
ac_ct_CC='gcc'
ac_ct_DUMPBIN=''
am__EXEEXT_FALSE=''
am__EXEEXT_TRUE='#'
am__fastdepCC_FALSE='#'
am__fastdepCC_TRUE=''
am__include='include'
am__isrc=''
am__leading_dot='.'
am__nodep='_no'
am__quote=''
am__tar='$${TAR-tar} chof - "$$tardir"'
am__untar='$${TAR-tar} xf -'
ax_pthread_config=''
bindir='${exec_prefix}/bin'
build='i686-pc-linux-gnu'
build_alias=''
build_cpu='i686'
build_os='linux-gnu'
build_vendor='pc'
datadir='${datarootdir}'
datarootdir='${prefix}/share'
docdir='${datarootdir}/doc/${PACKAGE_TARNAME}'
dvidir='${docdir}'
exec_prefix='${prefix}'
host='i686-pc-linux-gnu'
host_alias=''
host_cpu='i686'
host_os='linux-gnu'
host_vendor='pc'
htmldir='${docdir}'
includedir='${prefix}/include'
infodir='${datarootdir}/info'
install_sh='${SHELL} /windows/lance/webp/Image-WebP-0.1/Image-WebP/webp-src/install-sh'
libdir='${exec_prefix}/lib'
libexecdir='${exec_prefix}/libexec'
localedir='${datarootdir}/locale'
localstatedir='${prefix}/var'
mandir='${datarootdir}/man'
mkdir_p='/bin/mkdir -p'
oldincludedir='/usr/include'
pdfdir='${docdir}'
pkgconfigdir='${libdir}/pkgconfig'
prefix='/usr/local'
program_transform_name='s,x,x,'
psdir='${docdir}'
sbindir='${exec_prefix}/sbin'
sharedstatedir='${prefix}/com'
sysconfdir='${prefix}/etc'
target='i686-pc-linux-gnu'
target_alias=''
target_cpu='i686'
target_os='linux-gnu'
target_vendor='pc'

## ----------- ##
## confdefs.h. ##
## ----------- ##

/* confdefs.h */
#define PACKAGE_NAME "libwebp"
#define PACKAGE_TARNAME "libwebp"
#define PACKAGE_VERSION "0.3.0"
#define PACKAGE_STRING "libwebp 0.3.0"
#define PACKAGE_BUGREPORT "http://code.google.com/p/webp/issues"
#define PACKAGE_URL "http://developers.google.com/speed/webp"
#define PACKAGE "libwebp"
#define VERSION "0.3.0"
#define STDC_HEADERS 1
#define HAVE_SYS_TYPES_H 1
#define HAVE_SYS_STAT_H 1
#define HAVE_STDLIB_H 1
#define HAVE_STRING_H 1
#define HAVE_MEMORY_H 1
#define HAVE_STRINGS_H 1
#define HAVE_INTTYPES_H 1
#define HAVE_STDINT_H 1
#define HAVE_UNISTD_H 1
#define HAVE_DLFCN_H 1
#define LT_OBJDIR ".libs/"
#define WEBP_USE_THREAD 1

configure: exit 0
