
### n: 'ffffffff00000000ffffffffffffffffbce6faada7179e84f3b9cac2fc632551'

### P: '046b17d1f2e12c4247f8bce6e563a440f277037d812deb33a0f4a13945d898c2964fe342e2fe1a7f9b8ee7eb4a7c0f9e162bce33576b315ececbb6406837bf51f5'

### $A: ''

### $B: ''

### $w0: 'e433ab43428320b24fab82f915d1db114acd72f8a4bf4fbf3c712b94bcc2f013'
ok 1 - w0

### $w1: '44363d157f471221b1e75e596ff4714a712b9578301665d84ec17004952523a8'
ok 2 - w1

### L: '04ff69eb6086938b3cce2c9e64dcacea1a925918e75e8c17948d316322d370123f69132aed7398919e6e6614f7627b0a54060c5a8c0d93d2754166ab10fea6a8ff'

### $x: '000102030405060708090a0b0c0d0e0f101112131415161718191a1b1c1d1e1f'

### X: '04f44555207a617fd90900dba5c8e6f81eddbd87590873a63b9057dda9f138dbc16f453195f6452ce71d399052435952b89a10b927435574f5e3707eae031c40e0'
ok 3 - X.x
ok 4 - X.y

### $y: 'f1e1d1c1b1a191817161514131211101f0e0d0c0b0a090807060504030201000'

### Y: '04b6fdaf3f6949869d68f667108b75e4ce74847e8953d1e3c6aae21699e8027211c2d9b2b2a906cc7ea7020715dec44e95659e3fc8994f635b95e7c9ea5c362cbe'
ok 5 - Y.x
ok 6 - Y.y

### A calc Z: '0489af176e8122e67c00dbcea089bc49935634132b1b226030d2b14f16b3e73351c2254b1b62477fdc976379f5ae7c57c6ac2b31ef9a032c33e4677c5c3acbb1d3'
ok 7 - Z.x
ok 8 - Z.y

### A calc V: '042f229f13e1ebfb6442a67eebdafb23b2f6e656597384035a8a1e50ad95d24211339e90a669dd8a56fb2524fb6e6c784b89019c1130c2def98143fb46dcc507d2'
ok 9 - V.x
ok 10 - V.y

### B calc Z: '0489af176e8122e67c00dbcea089bc49935634132b1b226030d2b14f16b3e73351c2254b1b62477fdc976379f5ae7c57c6ac2b31ef9a032c33e4677c5c3acbb1d3'

### B calc V: '042f229f13e1ebfb6442a67eebdafb23b2f6e656597384035a8a1e50ad95d24211339e90a669dd8a56fb2524fb6e6c784b89019c1130c2def98143fb46dcc507d2'
ok 11 - A and B, Z
ok 12 - A and B, V

### TT: '410000000000000004f44555207a617fd90900dba5c8e6f81eddbd87590873a63b9057dda9f138dbc16f453195f6452ce71d399052435952b89a10b927435574f5e3707eae031c40e0410000000000000004b6fdaf3f6949869d68f667108b75e4ce74847e8953d1e3c6aae21699e8027211c2d9b2b2a906cc7ea7020715dec44e95659e3fc8994f635b95e7c9ea5c362cbe41000000000000000489af176e8122e67c00dbcea089bc49935634132b1b226030d2b14f16b3e73351c2254b1b62477fdc976379f5ae7c57c6ac2b31ef9a032c33e4677c5c3acbb1d34100000000000000042f229f13e1ebfb6442a67eebdafb23b2f6e656597384035a8a1e50ad95d24211339e90a669dd8a56fb2524fb6e6c784b89019c1130c2def98143fb46dcc507d22000000000000000e433ab43428320b24fab82f915d1db114acd72f8a4bf4fbf3c712b94bcc2f013'

### Ka: '381fc44894aedc0fd37257fdca763ee4'
ok 13 - CK

### Ke: '9f695017ba5e1df74a1b8bbf27fe1e0d'
ok 14 - SK

### KcA: 'ab667caeffe27505265d0f2026e146ea'
ok 15 - K1

### KcB: 'af679bf88b734e1cb7cd0243fb21a589'
ok 16 - K2

### MacA = cmac(KcA, Y)

### MacA: '1450762cbb9c467d63d318b2e5c6d079'
not ok 17 - MacA - M2
#   Failed test 'MacA - M2'
#   at 04.ccc.t line 121.
#          got: '1450762cbb9c467d63d318b2e5c6d079'
#     expected: '23d1a618ad3acbfd7a9bd19fd1737107'

### MacB = cmac(KcB, X)

### MacB: 'aa9a0ccc1fefcfbae46317703e17b0e6'
not ok 18 - MacB - M1
#   Failed test 'MacB - M1'
#   at 04.ccc.t line 126.
#          got: 'aa9a0ccc1fefcfbae46317703e17b0e6'
#     expected: '110d49f8c5a896e11d4dde4c3b9704d2'

### M1 = cmac(KcA, X): '110d49f8c5a896e11d4dde4c3b9704d2'
ok 19 - M1

### M2 = cmac(KcB, Y): '23d1a618ad3acbfd7a9bd19fd1737107'
ok 20 - M2
1..20
# Looks like you failed 2 tests of 20.
