# source
#   data_file:		acisf05124N001_evt2_gsf_ds_lc_sorted.fits
#   arcsec/pixel:	0.492
# background
#   constant_value:	0.000000
# column units
#   area:		arcsec**2
#   surf_bri:		cnts/arcsec**2
#   surf_err:		cnts/arcsec**2

# summed background-subtracted results
upto   net_counts     error   background    berror      area  surf_bri  surf_err
---- ------------ --------- ------------ --------- --------- --------- ---------
   1     5416.000    73.593        0.000     0.000    284.91    19.010     0.258
   2    39086.000   197.702        0.000     0.000   1130.20    34.583     0.175


# background-subtracted results
 reg   net_counts     error   background    berror      area  surf_bri  surf_err
---- ------------ --------- ------------ --------- --------- --------- ---------
   1     5416.000    73.593        0.000     0.000    284.91    19.010     0.258
   2    33670.000   183.494        0.000     0.000    845.29    39.833     0.217


# source_region(s):
# annulus(4164,4239,0,38.5198,n=2)

# summed_source_data
 reg       counts    pixels      sumcnts    sumpix
---- ------------ --------- ------------ ---------
   1     5416.000      1177     5416.000      1177
   2    33670.000      3492    39086.000      4669


