# source
#   data_file:		acisf05124N001_evt2_gsf_ds_lc_sorted.fits
#   interval:		energy=350:500
#   arcsec/pixel:	0.492
# background
#   constant_value:	0.000000
# column units
#   area:		arcsec**2
#   surf_bri:		cnts/arcsec**2
#   surf_err:		cnts/arcsec**2

# background-subtracted results
 reg   net_counts     error   background    berror      area  surf_bri  surf_err
---- ------------ --------- ------------ --------- --------- --------- ---------
   1     1085.000    32.939        0.000     0.000   1860.26     0.583     0.018


# source_region(s):
# # Region file format: DS9 version 4.0
# # Filename: /data/mimir3/gaetz/reproc.cxo.e0102/5124/acisf05124N001_evt2_gsf_ds_lc_sorted.fits[EVENTS]
# global color=green font="helvetica 10 normal" select=1 highlite=1 edit=1 move=1 delete=1 include=1 fixed=0 source
# physical
# circle(4163,4240,49.456451)

# source_data
 reg       counts    pixels
---- ------------ ---------
   1     1085.000      7685



# source
#   data_file:		acisf05124N001_evt2_gsf_ds_lc_sorted.fits
#   interval:		energy=500:1000
#   arcsec/pixel:	0.492
# background
#   constant_value:	0.000000
# column units
#   area:		arcsec**2
#   surf_bri:		cnts/arcsec**2
#   surf_err:		cnts/arcsec**2

# background-subtracted results
 reg   net_counts     error   background    berror      area  surf_bri  surf_err
---- ------------ --------- ------------ --------- --------- --------- ---------
   1    29211.000   170.912        0.000     0.000   1860.26    15.703     0.092


# source_region(s):
# # Region file format: DS9 version 4.0
# # Filename: /data/mimir3/gaetz/reproc.cxo.e0102/5124/acisf05124N001_evt2_gsf_ds_lc_sorted.fits[EVENTS]
# global color=green font="helvetica 10 normal" select=1 highlite=1 edit=1 move=1 delete=1 include=1 fixed=0 source
# physical
# circle(4163,4240,49.456451)

# source_data
 reg       counts    pixels
---- ------------ ---------
   1    29211.000      7685



# source
#   data_file:		acisf05124N001_evt2_gsf_ds_lc_sorted.fits
#   interval:		energy=1000:2000
#   arcsec/pixel:	0.492
# background
#   constant_value:	0.000000
# column units
#   area:		arcsec**2
#   surf_bri:		cnts/arcsec**2
#   surf_err:		cnts/arcsec**2

# background-subtracted results
 reg   net_counts     error   background    berror      area  surf_bri  surf_err
---- ------------ --------- ------------ --------- --------- --------- ---------
   1    11503.000   107.252        0.000     0.000   1860.26     6.184     0.058


# source_region(s):
# # Region file format: DS9 version 4.0
# # Filename: /data/mimir3/gaetz/reproc.cxo.e0102/5124/acisf05124N001_evt2_gsf_ds_lc_sorted.fits[EVENTS]
# global color=green font="helvetica 10 normal" select=1 highlite=1 edit=1 move=1 delete=1 include=1 fixed=0 source
# physical
# circle(4163,4240,49.456451)

# source_data
 reg       counts    pixels
---- ------------ ---------
   1    11503.000      7685


