aachen
aale
aalen
aals
aas
aase
aases
aasgeier
aasgeiern
aasgeiers
ab
abaenderlich
abaenderlichem
abaenderlichen
abaenderlicher
abaendern
abaendernd
abaenderndem
abaenderndes
abaenderte
abaenderung
abaenderungsantraege
abaenderungsantraegen
abaenderungsantrag
abaenderungsvorschlag
abakus
abarbeiten
abarbeitend
abarbeitende
abarbeitendem
abarbeitender
abarbeitendes
abarbeitete
abarbeitung
abart
abarten
abartige
abartigem
abartigen
abartiges
abb
abbau
abbauen
abbauend
abbauende
abbauenden
abbauender
abbauendes
abbaufortschritt
abbaufortschrittsmessung
abbaufront
abbauger„t
abbauger„usche
abbaugerät
abbaugeräusche
abbauleistung
abbauleitzentrale
abbauleitzentralen
abbaumaschine
abbaumaterial
abbaumenge
abbaumoeglichkeit
abbaumoeglichkeiten
abbaum”glichkeit
abbaum”glichkeiten
abbaumöglichkeit
abbaumöglichkeiten
abbaus
abbausituation
abbausituationen
abbausysteme
abbaute
abbauten
abbauwerkzeugs
abbeissen
abbeissende
abbeissendem
abbeissenden
abbeissendes
abbekommen
abbekommend
abbekommendem
abbekommenden
abbekommender
abbekommene
abbekommenem
abbekommenen
abbekommenes
abberufen
abberufend
abberufendem
abberufenden
abberufender
abberufene
abberufenem
abberufenen
abberufenes
abberufungen
abbestellen
abbestellend
abbestellendem
abbestellenden
abbestellender
abbestellt
abbestellte
abbestelltem
abbestellter
abbestelltes
abbestellung
abbestellungen
abbetteln
abbettelnde
abbettelndem
abbettelnden
abbettelndes
abbettelt
abbettelte
abbezahlen
abbezahlend
abbezahlende
abbezahlendes
abbezahlt
abbezahlte
abbiegen
abbiegend
abbiegende
abbiegenden
abbiegender
abbiegendes
abbild
abbilden
abbilder
abbildern
abbildes
abbildung
abbildungen
abbinden
abbindend
abbindendem
abbindenden
abbindender
abbitte
abbitten
abbittens
abblaettern
abblaetternd
abblaetterndem
abblaetternden
abblaetternder
abblasen
abblasend
abblasende
abblasenden
abblasender
abblasendes
abblendend
abblendende
abblendendem
abblendender
abblendendes
abblendlichter
abblendlichtern
abblendlichtes
abblendschaltern
abblendschalters
abblitzen
abblitzende
abblitzendem
abblitzenden
abblitzendes
abblitzt
abblitzte
abbl„ttern
abbl„tternd
abbl„tterndem
abbl„tternden
abbl„tternder
abblättern
abblätternd
abblätterndem
abblätternden
abblätternder
abbrachen
abbraende
abbrausen
abbrausend
abbrausende
abbrausenden
abbrausender
abbrausendes
abbrauste
abbrausten
abbrechen
abbrechende
abbrechendem
abbrechenden
abbrechendes
abbremsen
abbremsend
abbremsendem
abbremsenden
abbremsender
abbremsgeschwindigkeit
abbremsverhalten
abbrennen
abbrennend
abbrennende
abbrennenden
abbrennender
abbrennendes
abbricht
abbringend
abbringende
abbringendem
abbringender
abbringendes
abbroeckeln
abbroeckelnd
abbroeckelnde
abbroeckelnden
abbroeckelnder
abbroeckelndes
abbruch
abbrucharbeit
abbrucharbeiten
abbruchbedingung
abbruchobjekte
abbruchobjektes
abbruchreif
abbruchreifen
abbruchreifer
abbruchreifes
abbruchs
abbruchunternehmens
abbruchunternehmer
abbruchunternehmers
abbr„nde
abbr”ckeln
abbr”ckelnd
abbr”ckelnde
abbr”ckelnden
abbr”ckelnder
abbr”ckelndes
abbrände
abbröckeln
abbröckelnd
abbröckelnde
abbröckelnden
abbröckelnder
abbröckelndes
abbuchend
abbuchende
abbuchendem
abbuchender
abbuchendes
abbucht
abbuchten
abbuchungen
abbuerste
abbuersten
abbuerstende
abbuerstendem
abbuerstenden
abbuerstendes
abbuerstet
abbuerstete
abbrste
abbrsten
abbrstende
abbrstendem
abbrstenden
abbrstendes
abbrstet
abbrstete
abbürste
abbürsten
abbürstende
abbürstendem
abbürstenden
abbürstendes
abbürstet
abbürstete
abdampfen
abdanken
abdankend
abdankendem
abdankenden
abdankender
abdankte
abdankten
abdankung
abdankungen
abdeckblech
abdeckbleche
abdecken
abdeckende
abdeckendem
abdeckenden
abdeckendes
abdeckern
abdeckers
abdeckkappe
abdeckkappen
abdeckklappe
abdeckklappen
abdeckmaterial
abdeckplane
abdeckplatten
abdeckrahmen
abdeckt
abdeckte
abdeckung
abdeckungen
abdichtbar
abdichten
abdichtend
abdichtende
abdichtenden
abdichtender
abdichtendes
abdichtete
abdichteten
abdichtfugen
abdichtung
abdienen
abdienende
abdienenden
abdienender
abdient
abdiente
abdienten
abdrehen
abdrehend
abdrehenden
abdrehender
abdrehendes
abdrehte
abdrehten
abdrift
abdriften
abdrifteten
abdrosseln
abdrosselnd
abdrosselnden
abdrosselnder
abdrosselndes
abdrosselte
abdrosselten
abdruck
abdrucke
abdruckes
abdrucks
abdruckt
abdruckte
abdruckten
abdruecke
abdrueckend
abdrueckende
abdrueckendem
abdrueckender
abdrueckendes
abdrueckt
abdrueckten
abdrcke
abdrckend
abdrckende
abdrckendem
abdrckender
abdrckendes
abdrckt
abdrckten
abdrücke
abdrückend
abdrückende
abdrückendem
abdrückender
abdrückendes
abdrückt
abdrückten
abebbende
abebbender
abebbendes
abeitsfeldes
abend
abendandachten
abendanzuege
abendanzug
abendanzge
abendanzüge
abendblatt
abendblattes
abendbrot
abenddaemmerungen
abendd„mmerungen
abenddämmerungen
abende
abenden
abendessens
abendfuellende
abendfuellenden
abendfuellender
abendfllende
abendfllenden
abendfllender
abendfüllende
abendfüllenden
abendfüllender
abendgala
abendgarderobe
abendgebete
abendgebetes
abendgesellschaften
abendgymnasien
abendhimmel
abendhimmels
abendkleid
abendkleidern
abendkleides
abendkurs
abendkurses
abendlaendisch
abendlaendische
abendlaendischem
abendlaendischer
abendlaendisches
abendland
abendlandes
abendlich
abendlichem
abendlichen
abendlicher
abendluft
abendl„ndisch
abendl„ndische
abendl„ndischem
abendl„ndischer
abendl„ndisches
abendländisch
abendländische
abendländischem
abendländischer
abendländisches
abendmahls
abendnachrichten
abendprogramm
abendprogrammes
abendroete
abendroetem
abendrotes
abendr”te
abendr”tem
abendröte
abendrötem
abends
abendschau
abendschuhe
abendschulen
abendsonne
abendsonnen
abendspaziergang
abendspazierganges
abendspazierg„nge
abendspaziergänge
abendstern
abendsternen
abendsternes
abendstudio
abendunterhaltung
abendunterhaltungen
abendunterricht
abendvorstellung
abendwind
abendwinde
abendzeitung
abenspaziergaenge
abenspazierg„nge
abenspaziergänge
abenteuer
abenteuerfilm
abenteuerlich
abenteuerliche
abenteuerlichen
abenteuerlicher
abenteuerliches
abenteuerlichsten
abenteuerlichster
abenteuerlust
abenteuern
abenteuernatur
abenteuerreiche
abenteuerreiches
abenteuerreise
abenteuerreisen
abenteuerroman
abenteuers
abenteurer
abenteurern
abenteurernaturen
abenteurers
abenteurertyp
abenunterhaltungen
aber
aberglaeubisch
aberglaeubischem
aberglaeubischen
aberglaeubischer
aberglaube
aberglauben
abergl„ubisch
abergl„ubischem
abergl„ubischen
abergl„ubischer
abergläubisch
abergläubischem
abergläubischen
abergläubischer
aberkannt
aberkannte
aberkanntem
aberkannter
aberkanntes
aberkennen
aberkennung
aberkennungen
abermalig
abermalige
abermaligem
abermaliger
abermaliges
abermals
aberntend
aberntende
aberntendem
aberntender
aberntendes
abertausende
aberwitz
abessen
abessinien
abessinienkrieg
abessinischen
abeter
abfaellen
abfaellig
abfaelligem
abfaelligen
abfaelliger
abfaelligerem
abfaelligeren
abfaelligerer
abfaelliges
abfaelligste
abfaelligstem
abfaelligster
abfaelligstes
abfaellt
abfaerben
abfaerbend
abfaerbende
abfaerbenden
abfaerbender
abfaerbendes
abfahren
abfahrend
abfahrendem
abfahrenden
abfahrender
abfahrt
abfahrten
abfahrtshang
abfahrtslaeufer
abfahrtslaeuferinnen
abfahrtsl„ufer
abfahrtsl„uferinnen
abfahrtsläufer
abfahrtsläuferinnen
abfahrtsrennen
abfahrtsstelle
abfahrtsstrecke
abfall
abfallaufbereitung
abfalle
abfalleimer
abfalleimern
abfallen
abfallend
abfallende
abfallenden
abfallender
abfallendes
abfallgraben
abfallkurve
abfallpapier
abfallprodukt
abfallprodukten
abfallproduktes
abfalls
abfallstoffe
abfangend
abfangende
abfangendem
abfangender
abfangendes
abfangjaeger
abfangj„ger
abfangjäger
abfangrakete
abfassen
abfassende
abfassendem
abfassenden
abfassendes
abfassung
abfassungen
abfaulen
abfaulend
abfaulendem
abfaulenden
abfaulender
abfeilen
abfeilend
abfeilende
abfeilenden
abfeilender
abfeilendes
abfertigend
abfertigende
abfertigendem
abfertigender
abfertigendes
abfertigung
abfertigungen
abfertigungsschalter
abfertigungsstelle
abfertigungsstellen
abfeuern
abfeuernde
abfeuerndem
abfeuernden
abfeuerndes
abfeuert
abfinden
abfindungen
abfing
abflachen
abflachend
abflachendem
abflachenden
abflachender
abflachte
abflachung
abflachungen
abflauen
abflauend
abflauendem
abflauenden
abflauender
abfliegend
abfliegende
abfliegendem
abfliegender
abfliegendes
abfliegt
