
ditaa version 0.9, Copyright (C) 2004--2009  Efstathios (Stathis) Sideris


ditaa version 0.9, Copyright (C) 2004--2009  Efstathios (Stathis) Sideris


ditaa version 0.9, Copyright (C) 2004--2009  Efstathios (Stathis) Sideris

Running with options:
round-corners
no-shadows
no-separation
no-antialias
Running with options:
round-corners
no-shadows
no-separation
no-antialias
Reading file: tmp/ppp-render-Is4Xk/image-2.ditaa
Reading file: tmp/ppp-render-Is4Xk/image-1.ditaa
Running with options:
Reading file: tmp/ppp-render-Is4Xk/image-3.ditaa
Locale: en_US
Locale: en_US
Locale: en_US
Dialog
Rendering to file: tmp/ppp-render-Is4Xk/image-1.png
Done in 4sec
Dialog
Rendering to file: tmp/ppp-render-Is4Xk/image-3.png
Dialog
Rendering to file: tmp/ppp-render-Is4Xk/image-2.png
Done in 4sec
Done in 4sec
