[Sun Oct  7 11:55:15 2018] [debug] GET "/" (9e4ca5d4)
[Sun Oct  7 11:55:15 2018] [debug] Routing to a callback
[Sun Oct  7 11:55:15 2018] [debug] 200 OK (0.000795s, 1257.862/s)
[Sun Oct  7 11:55:15 2018] [debug] Static 200    151 /one-eyed.txt
[Sun Oct  7 11:55:16 2018] [debug] Static 200    151 /one-eyed.txt
[Sun Oct  7 11:55:16 2018] [debug] Static 200    151 /one-eyed.txt
[Sun Oct  7 11:55:16 2018] [debug] Static 200    151 /one-eyed.txt
[Sun Oct  7 11:55:16 2018] [info] Static 200    151 /one-eyed.txt
[Sun Oct  7 12:00:10 2018] [debug] GET "/" (2ef8148f)
[Sun Oct  7 12:00:10 2018] [debug] Routing to a callback
[Sun Oct  7 12:00:10 2018] [debug] 200 OK (0.000866s, 1154.734/s)
[Sun Oct  7 12:00:10 2018] [debug] Static 200    151 /one-eyed.txt
[Sun Oct  7 12:01:38 2018] [debug] GET "/" (4ee86516)
[Sun Oct  7 12:01:38 2018] [debug] Routing to a callback
[Sun Oct  7 12:01:38 2018] [debug] 200 OK (0.000789s, 1267.427/s)
[Sun Oct  7 12:01:38 2018] [debug] Static 200    151 /one-eyed.txt
[Sun Oct  7 12:02:31 2018] [debug] GET "/" (f9de1586)
[Sun Oct  7 12:02:31 2018] [debug] Routing to a callback
[Sun Oct  7 12:02:31 2018] [debug] 200 OK (0.000819s, 1221.001/s)
[Sun Oct  7 12:02:31 2018] [debug] Static 200    151 /one-eyed.txt
[Sun Oct  7 12:05:40 2018] [debug] GET "/" (fe95d246)
[Sun Oct  7 12:05:40 2018] [debug] Routing to a callback
[Sun Oct  7 12:05:40 2018] [debug] 200 OK (0.000801s, 1248.439/s)
[Sun Oct  7 12:05:40 2018] [debug] Static 200    151 /one-eyed.txt
[Sun Oct  7 12:05:40 2018] [debug] Static 200    151 /one-eyed.txt
[Sun Oct  7 12:05:40 2018] [debug] Static 200    151 /one-eyed.txt
[Sun Oct  7 12:05:40 2018] [debug] Static 200    151 /one-eyed.txt
[Sun Oct  7 12:05:41 2018] [info] Static 200    151 /one-eyed.txt
[Sun Oct  7 12:05:53 2018] [debug] GET "/" (b42a1e09)
[Sun Oct  7 12:05:53 2018] [debug] Routing to a callback
[Sun Oct  7 12:05:53 2018] [debug] 200 OK (0.000868s, 1152.074/s)
[Sun Oct  7 12:05:53 2018] [debug] Static 200    151 /one-eyed.txt
[Sun Oct  7 12:06:00 2018] [debug] Static 200    151 /one-eyed.txt
[Sun Oct  7 12:06:00 2018] [debug] Static 200    151 /one-eyed.txt
[Sun Oct  7 12:06:00 2018] [debug] Static 200    151 /one-eyed.txt
[Sun Oct  7 12:10:22 2018] [debug] Static 200    151 /one-eyed.txt
[Sun Oct  7 12:10:22 2018] [debug] Static 200    151 /one-eyed.txt
[Sun Oct  7 12:10:22 2018] [debug] Static 200    151 /one-eyed.txt
[Sun Oct  7 12:18:37 2018] [debug] Static 200    151 /one-eyed.txt
[Sun Oct  7 12:18:37 2018] [debug] Static 200    151 /one-eyed.txt
[Sun Oct  7 12:18:37 2018] [debug] Static 200    151 /one-eyed.txt
[Sun Oct  7 12:29:17 2018] [info] Static 200    151 /one-eyed.txt
[Sun Oct  7 12:33:20 2018] [debug] Static 200    151 /one-eyed.txt
[Sun Oct  7 12:33:20 2018] [debug] Static 200    151 /one-eyed.txt
[Sun Oct  7 12:33:27 2018] [debug] GET "/" (2a8d9e63)
[Sun Oct  7 12:33:27 2018] [debug] Routing to a callback
[Sun Oct  7 12:33:27 2018] [debug] 200 OK (0.000812s, 1231.527/s)
[Sun Oct  7 12:33:27 2018] [debug] Static 200    151 /one-eyed.txt
[Sun Oct  7 12:33:28 2018] [debug] Static 200    151 /one-eyed.txt
[Sun Oct  7 12:33:28 2018] [debug] Static 200    151 /one-eyed.txt
[Sun Oct  7 12:33:28 2018] [info] Static 200    151 /one-eyed.txt
[Sun Oct  7 12:34:55 2018] [debug] GET "/" (838da4a0)
[Sun Oct  7 12:34:55 2018] [debug] Routing to a callback
[Sun Oct  7 12:34:55 2018] [debug] 200 OK (0.000831s, 1203.369/s)
[Sun Oct  7 12:34:55 2018] [debug] Static 200    151 /one-eyed.txt
[Sun Oct  7 12:34:56 2018] [debug] Static 200    151 /one-eyed.txt
[Sun Oct  7 12:34:56 2018] [debug] Static 200    151 /one-eyed.txt
[Sun Oct  7 12:34:56 2018] [info] Static 200    151 /one-eyed.txt
[Sun Oct  7 12:39:33 2018] [debug] Static 200    151 /one-eyed.txt
[Sun Oct  7 12:39:33 2018] [info] Static 200    151 /one-eyed.txt
[Sun Oct  7 14:29:46 2018] [debug] Static 200    151 /one-eyed.txt
[Sun Oct  7 14:29:47 2018] [info] Static 200    151 /one-eyed.txt
[Tue Oct  9 17:30:00 2018] [debug] Static 200    151 /one-eyed.txt
[Tue Oct  9 17:30:00 2018] [info] Static 200    151 /one-eyed.txt
[Tue Oct  9 17:39:12 2018] [debug] Static 200    151 /one-eyed.txt
[Tue Oct  9 17:39:12 2018] [info] Static 200    151 /one-eyed.txt
