Determining if the pthread_create exist failed with the following output:
Change Dir: /tmp/mkcpandist/dist_24785/clib/cmake_props/CMakeFiles/CMakeTmp

Run Build Command:"/usr/bin/gmake" "cmTC_4ae51/fast"
/usr/bin/gmake -f CMakeFiles/cmTC_4ae51.dir/build.make CMakeFiles/cmTC_4ae51.dir/build
gmake[1]: Entering directory '/tmp/mkcpandist/dist_24785/clib/cmake_props/CMakeFiles/CMakeTmp'
Building C object CMakeFiles/cmTC_4ae51.dir/CheckSymbolExists.c.o
/usr/bin/cc    -o CMakeFiles/cmTC_4ae51.dir/CheckSymbolExists.c.o   -c /tmp/mkcpandist/dist_24785/clib/cmake_props/CMakeFiles/CMakeTmp/CheckSymbolExists.c
Linking C executable cmTC_4ae51
/usr/bin/cmake -E cmake_link_script CMakeFiles/cmTC_4ae51.dir/link.txt --verbose=1
/usr/bin/cc      CMakeFiles/cmTC_4ae51.dir/CheckSymbolExists.c.o  -o cmTC_4ae51 
/usr/bin/ld: CMakeFiles/cmTC_4ae51.dir/CheckSymbolExists.c.o: in function `main':
CheckSymbolExists.c:(.text+0x1b): undefined reference to `pthread_create'
collect2: error: ld returned 1 exit status
gmake[1]: *** [CMakeFiles/cmTC_4ae51.dir/build.make:87: cmTC_4ae51] Error 1
gmake[1]: Leaving directory '/tmp/mkcpandist/dist_24785/clib/cmake_props/CMakeFiles/CMakeTmp'
gmake: *** [Makefile:121: cmTC_4ae51/fast] Error 2

File /tmp/mkcpandist/dist_24785/clib/cmake_props/CMakeFiles/CMakeTmp/CheckSymbolExists.c:
/* */
#include <pthread.h>

int main(int argc, char** argv)
{
  (void)argv;
#ifndef pthread_create
  return ((int*)(&pthread_create))[argc];
#else
  (void)argc;
  return 0;
#endif
}

Determining if the function pthread_create exists in the pthreads failed with the following output:
Change Dir: /tmp/mkcpandist/dist_24785/clib/cmake_props/CMakeFiles/CMakeTmp

Run Build Command:"/usr/bin/gmake" "cmTC_aa2af/fast"
/usr/bin/gmake -f CMakeFiles/cmTC_aa2af.dir/build.make CMakeFiles/cmTC_aa2af.dir/build
gmake[1]: Entering directory '/tmp/mkcpandist/dist_24785/clib/cmake_props/CMakeFiles/CMakeTmp'
Building C object CMakeFiles/cmTC_aa2af.dir/CheckFunctionExists.c.o
/usr/bin/cc   -DCHECK_FUNCTION_EXISTS=pthread_create   -o CMakeFiles/cmTC_aa2af.dir/CheckFunctionExists.c.o   -c /usr/share/cmake-3.13/Modules/CheckFunctionExists.c
Linking C executable cmTC_aa2af
/usr/bin/cmake -E cmake_link_script CMakeFiles/cmTC_aa2af.dir/link.txt --verbose=1
/usr/bin/cc  -DCHECK_FUNCTION_EXISTS=pthread_create    CMakeFiles/cmTC_aa2af.dir/CheckFunctionExists.c.o  -o cmTC_aa2af -lpthreads 
/usr/bin/ld: cannot find -lpthreads
collect2: error: ld returned 1 exit status
gmake[1]: *** [CMakeFiles/cmTC_aa2af.dir/build.make:87: cmTC_aa2af] Error 1
gmake[1]: Leaving directory '/tmp/mkcpandist/dist_24785/clib/cmake_props/CMakeFiles/CMakeTmp'
gmake: *** [Makefile:121: cmTC_aa2af/fast] Error 2


