#lang hr
#title test

bla [1] bla [2] bla [3] bla [4] bla [5] bla [6] bla [7] bla [8]
bla [9] bla [10] bla [11] bla [12] bla [13] bla [14] bla [15] bla [16]
bla [17] bla [18] bla [19] bla [20] bla [21] bla [22] bla [23]
bla [24] bla [25] bla [26] bla [27] bla [28] bla [29] bla [30]
bla [31] bla [32] bla [33] bla [34] bla [35] bla [36] bla [37]

[1] blablabla
blablbla
blablbla inside the ààblock

[2] blablabla
blablbla inside the ààblock

bla [38] bla [39] bla [40] bla [41] bla [42] bla [43] bla [44]
bla [45] bla [46] bla [47] bla [48] bla [49] bla [50] bla [51]
bla [52] bla [53] bla [54] bla [55] bla [56] bla [57] bla [58]
bla [59] bla [60] bla [61] bla [62] bla [63] bla [64] bla [65]
bla [66] bla [67] bla [68] bla [69] bla [70] bla [71] bla [72]
bla [73] bla [74] bla [75] bla [76] bla [77] bla [78] bla [79]
bla [80] bla [81] bla [82] bla [83] bla [84] bla [85] bla [86]
bla [87] bla [88] bla [89] bla [90] bla [91] bla [92] bla [93]
bla [94] bla [95] bla [96] bla [97] bla [98] bla [99] bla [100]
bla [101] bla [102] bla [103] bla [104] bla [105] bla [106] bla [107]
bla [108] bla [109] bla [110] bla [111] bla [112] bla [113] bla [114]
bla [115] bla [116] bla [117] bla [118] bla [119] bla [120] bla [121]
bla [122] bla [123] bla [124] bla [125] bla [126] bla [127] bla [128]
bla [129] bla [130] bla [131] bla [132] bla [133] bla [134] bla [135]
bla [136] bla [137] bla [138] bla [139] bla [140] bla [141] bla [142]
bla [143] bla [144] bla [145] bla [146] bla [147] bla [148] bla [149]
bla [150] bla [151] bla [152] bla [153] bla [154] bla [155] bla [156]
bla [157] bla [158] bla [159] bla [160] bla [161] bla [162] bla [163]
bla [164] bla [165] bla [166] bla [167] bla [168] bla [169] bla [170]
bla [171] bla [172] bla [173] bla [174] bla [175] bla [176] bla [177]
bla [178] bla [179] bla [180] bla [181] bla [182] bla [183] bla [184]
bla [185] bla [186] bla [187] bla [188] bla [189] bla [190] bla [191]
bla [192] bla [193] bla [194] bla [195] bla [196] bla [197] bla [198]
bla [199] bla [200]

[3] blablabla
blablbla

[4] blablabla
blablbla

[5] blablabla
blablbla

[6] blablabla
blablbla

[7] blablabla
blablbla

[8] blablabla
blablbla

[9] blablabla
blablbla

[10] blablabla
blablbla

[11] blablabla
blablbla

[12] blablabla
blablbla

[13] blablabla
blablbla

[14] blablabla
blablbla

[15] blablabla
blablbla

[16] blablabla
blablbla

[17] blablabla
blablbla

[18] blablabla
blablbla

[19] blablabla
blablbla

[20] blablabla
blablbla

[21] blablabla
blablbla

[22] blablabla
blablbla

[23] blablabla
blablbla

[24] blablabla
blablbla

[25] blablabla
blablbla

[26] blablabla
blablbla

[27] blablabla
blablbla

[28] blablabla
blablbla

[29] blablabla
blablbla

[30] blablabla
blablbla

[31] blablabla
blablbla

[32] blablabla
blablbla

[33] blablabla
blablbla

[34] blablabla
blablbla

[35] blablabla
blablbla

[36] blablabla
blablbla

[37] blablabla
blablbla

[38] blablabla
blablbla

[39] blablabla
blablbla

[40] blablabla
blablbla

[41] blablabla
blablbla

[42] blablabla
blablbla

[43] blablabla
blablbla

[44] blablabla
blablbla

[45] blablabla
blablbla

[46] blablabla
blablbla

[47] blablabla
blablbla

[48] blablabla
blablbla

[49] blablabla
blablbla

[50] blablabla
blablbla

[51] blablabla
blablbla

[52] blablabla
blablbla

[53] blablabla
blablbla

[54] blablabla
blablbla

[55] blablabla
blablbla

[56] blablabla
blablbla

[57] blablabla
blablbla

[58] blablabla
blablbla

[59] blablabla
blablbla

[60] blablabla
blablbla

[61] blablabla
blablbla

[62] blablabla
blablbla

[63] blablabla
blablbla

[64] blablabla
blablbla

[65] blablabla
blablbla

[66] blablabla
blablbla

[67] blablabla
blablbla

[68] blablabla
blablbla

[69] blablabla
blablbla

[70] blablabla
blablbla

[71] blablabla
blablbla

[72] blablabla
blablbla

[73] blablabla
blablbla

[74] blablabla
blablbla

[75] blablabla
blablbla

[76] blablabla
blablbla

[77] blablabla
blablbla

[78] blablabla
blablbla

[79] blablabla
blablbla

[80] blablabla
blablbla

[81] blablabla
blablbla

[82] blablabla
blablbla

[83] blablabla
blablbla

[84] blablabla
blablbla

[85] blablabla
blablbla

[86] blablabla
blablbla

[87] blablabla
blablbla

[88] blablabla
blablbla

[89] blablabla
blablbla

[90] blablabla
blablbla

[91] blablabla
blablbla

[92] blablabla
blablbla

[93] blablabla
blablbla

[94] blablabla
blablbla

[95] blablabla
blablbla

[96] blablabla
blablbla

[97] blablabla
blablbla

[98] blablabla
blablbla

[99] blablabla
blablbla

[100] blablabla
blablbla

[101] blablabla
blablbla

[102] blablabla
blablbla

[103] blablabla
blablbla

[104] blablabla
blablbla

[105] blablabla
blablbla

[106] blablabla
blablbla

[107] blablabla
blablbla

[108] blablabla
blablbla

[109] blablabla
blablbla

[110] blablabla
blablbla

[111] blablabla
blablbla

[112] blablabla
blablbla

[113] blablabla
blablbla

[114] blablabla
blablbla

[115] blablabla
blablbla

[116] blablabla
blablbla

[117] blablabla
blablbla

[118] blablabla
blablbla

[119] blablabla
blablbla

[120] blablabla
blablbla

[121] blablabla
blablbla

[122] blablabla
blablbla

[123] blablabla
blablbla

[124] blablabla
blablbla

[125] blablabla
blablbla

[126] blablabla
blablbla

[127] blablabla
blablbla

[128] blablabla
blablbla

[129] blablabla
blablbla

[130] blablabla
blablbla

[131] blablabla
blablbla

[132] blablabla
blablbla

[133] blablabla
blablbla

[134] blablabla
blablbla

[135] blablabla
blablbla

[136] blablabla
blablbla

[137] blablabla
blablbla

[138] blablabla
blablbla

[139] blablabla
blablbla

[140] blablabla
blablbla

[141] blablabla
blablbla

[142] blablabla
blablbla

[143] blablabla
blablbla

[144] blablabla
blablbla

[145] blablabla
blablbla

[146] blablabla
blablbla

[147] blablabla
blablbla

[148] blablabla
blablbla

[149] blablabla
blablbla

[150] blablabla
blablbla

[151] blablabla
blablbla

[152] blablabla
blablbla

[153] blablabla
blablbla

[154] blablabla
blablbla

[155] blablabla
blablbla

[156] blablabla
blablbla

[157] blablabla
blablbla

[158] blablabla
blablbla

[159] blablabla
blablbla

[160] blablabla
blablbla

[161] blablabla
blablbla

[162] blablabla
blablbla

[163] blablabla
blablbla

[164] blablabla
blablbla

[165] blablabla
blablbla

[166] blablabla
blablbla

[167] blablabla
blablbla

[168] blablabla
blablbla

[169] blablabla
blablbla

[170] blablabla
blablbla

[171] blablabla
blablbla

[172] blablabla
blablbla

[173] blablabla
blablbla

[174] blablabla
blablbla

[175] blablabla
blablbla

[176] blablabla
blablbla

[177] blablabla
blablbla

[178] blablabla
blablbla

[179] blablabla
blablbla

[180] blablabla
blablbla

[181] blablabla
blablbla

[182] blablabla
blablbla

[183] blablabla
blablbla

[184] blablabla
blablbla

[185] blablabla
blablbla

[186] blablabla
blablbla

[187] blablabla
blablbla

[188] blablabla
blablbla

[189] blablabla
blablbla

[190] blablabla
blablbla

[191] blablabla
blablbla

[192] blablabla
blablbla

[193] blablabla
blablbla

[194] blablabla
blablbla

[195] blablabla
blablbla

[196] blablabla
blablbla

[197] blablabla
blablbla

[198] blablabla
blablbla

[199] blablabla
blablbla

[200] blablabla
blablbla

