seventeen.srv.lycos.com - - [24/Mar/1996:07:12:24 +0100] "GET http://foo/projects/fermi/papers.html HTTP/1.0" 200 4018
presto.poly.edu - - [24/Mar/1996:07:15:57 +0100] "GET /freeWAIS-sf/README-sf HTTP/1.0" 200 8830
presto.poly.edu - - [24/Mar/1996:07:16:39 +0100] "GET /freeWAIS-sf/fwsf_2.html HTTP/1.0" 200 10572
ppp1763.on.sympatico.ca - - [24/Mar/1996:07:18:48 +0100] "GET /SFgate/SFgate.html HTTP/1.0" 200 119563
telgate.telrad.co.il - - [24/Mar/1996:07:23:27 +0100] "GET /SFgate/ciw.html HTTP/1.0" 304 0
telgate.telrad.co.il - - [24/Mar/1996:07:23:36 +0100] "GET /icons/UnidoLogo.gif HTTP/1.0" 304 0
telgate.telrad.co.il - - [24/Mar/1996:07:23:37 +0100] "GET /icons/at_work.gif HTTP/1.0" 304 0
telgate.telrad.co.il - - [24/Mar/1996:07:23:37 +0100] "GET /icons/LS6Logo.gif HTTP/1.0" 304 0
telgate.telrad.co.il - - [24/Mar/1996:07:23:37 +0100] "GET /icons/hrule.xbm HTTP/1.0" 304 0
telgate.telrad.co.il - - [24/Mar/1996:07:26:02 +0100] "GET /htbin/SFgate?database=local%2Fciw&from=&from_i=plain&subject=&text=html&maxhits=40&verbose=1 HTTP/1.0" 200 3181
telgate.telrad.co.il - - [24/Mar/1996:07:28:18 +0100] "GET /htbin/SFgate?database=local%2Fciw&from=&from_i=plain&subject=&text=sfgate&maxhits=40&verbose=1 HTTP/1.0" 200 25668
telgate.telrad.co.il - - [24/Mar/1996:07:29:02 +0100] "GET /htbin/SFgate?database=local%2Fciw&from=&from_i=plain&subject=&text=html&maxhits=40&verbose=1 HTTP/1.0" 200 3181
telgate.telrad.co.il - - [24/Mar/1996:07:29:49 +0100] "GET /htbin/SFgate?database=local%2Fciw&from=&from_i=plain&subject=&text=html+url+&maxhits=40&verbose=1 HTTP/1.0" 200 3188
telgate.telrad.co.il - - [24/Mar/1996:07:31:26 +0100] "GET /htbin/SFgate?database=local%2Fciw&from=&from_i=plain&subject=html+or+url&text=html+url+&maxhits=40&verbose=1 HTTP/1.0" 200 3227
edgar.cs.washington.edu - - [24/Mar/1996:07:32:06 +0100] "GET /journals/SIGMOD HTTP/1.0" 404 413
m=&from_i=plain&subject=html+or+url&text=html+url+index&maxhits=40&verbose=1 HTTP/1.0" 200 25766
telgate.telrad.co.il - - [24/Mar/1996:07:32:34 +0100] "GET /htbin/SFgate?language=english&verbose=1&listenv=DL&application=&convert=&waisurl=%2Fhome%2Frobots%2Fwais%2Fwais-sources%2Fciw/TEXT/750/1=local;2=/home/robots/wais/wais-sources/ciw;3=5642911%205643661%20/home/robots/wais/wais-docs/ciw/WAIS;4=local;5=/home/robots/wais/wais-sources/ciw;6=5642911%205643661%20/home/robots/wais/wais-docs/ciw/WAIS;7=%00; HTTP/1.0" 200 3650
telgate.telrad.co.il - - [24/Mar/1996:07:33:41 +0100] "GET /htbin/SFgate?language=english&verbose=1&listenv=DL&application=&convert=&waisurl=%2Fhome%2Frobots%2Fwais%2Fwais-sources%2Fciw/TEXT/525/1=local;2=/home/robots/wais/wais-sources/ciw;3=2888165%202888690%20/home/robots/wais/wais-docs/ciw/WAIS;4=local;5=/home/robots/wais/wais-sources/ciw;6=2888165%202888690%20/home/robots/wais/wais-docs/ciw/WAIS;7=%00; HTTP/1.0" 200 3425
telgate.telrad.co.il - - [24/Mar/1996:07:34:34 +0100] "GET /htbin/SFgate?language=english&verbose=1&listenv=DL&application=&convert=&waisurl=%2Fhome%2Frobots%2Fwais%2Fwais-sources%2Fciw/TEXT/876/1=local;2=/home/robots/wais/wais-sources/ciw;3=5711713%205712589%20/home/robots/wais/wais-docs/ciw/WAIS;4=local;5=/home/robots/wais/wais-sources/ciw;6=5711713%205712589%20/home/robots/wais/wais-docs/ciw/WAIS;7=%00; HTTP/1.0" 200 3776
telgate.telrad.co.il - - [24/Mar/1996:07:35:16 +0100] "GET /SFgate/ciw.html HTTP/1.0" 304 0
telgate.telrad.co.il - - [24/Mar/1996:07:35:28 +0100] "GET /htbin/SFgate?database=local%2Fciw&from=&from_i=plain&subject=&text=html+HTML&maxhits=40&verbose=1 HTTP/1.0" 200 3191
telgate.telrad.co.il - - [24/Mar/1996:07:36:18 +0100] "GET /htbin/SFgate?language=english&verbose=1&listenv=DL&application=&convert=&waisurl=%2Fhome%2Frobots%2Fwais%2Fwais-sources%2Fciw/TEXT/545/1=local;2=/home/robots/wais/wais-sources/ciw;3=2672626%202673171%20/home/robots/wais/wais-docs/ciw/WAIS;4=local;5=/home/robots/wais/wais-sources/ciw;6=2672626%202673171%20/home/robots/wais/wais-docs/ciw/WAIS;7=%00; HTTP/1.0" 200 3444
telgate.telrad.co.il - - [24/Mar/1996:07:37:04 +0100] "GET /htbin/SFgate?language=english&verbose=1&listenv=DL&application=&convert=&waisurl=%2Fhome%2Frobots%2Fwais%2Fwais-sources%2Fciw/TEXT/876/1=local;2=/home/robots/wais/wais-sources/ciw;3=5710837%205711713%20/home/robots/wais/wais-docs/ciw/WAIS;4=local;5=/home/robots/wais/wais-sources/ciw;6=5710837%205711713%20/home/robots/wais/wais-docs/ciw/WAIS;7=%00; HTTP/1.0" 200 3776
telgate.telrad.co.il - - [24/Mar/1996:07:38:35 +0100] "GET /htbin/SFgate?language=english&verbose=1&listenv=DL&application=&convert=&waisurl=%2Fhome%2Frobots%2Fwais%2Fwais-sources%2Fciw/TEXT/1201/1=local;2=/home/robots/wais/wais-sources/ciw;3=4798048%204799249%20/home/robots/wais/wais-docs/ciw/WAIS;4=local;5=/home/robots/wais/wais-sources/ciw;6=4798048%204799249%20/home/robots/wais/wais-docs/ciw/WAIS;7=%00; HTTP/1.0" 200 4098
edgar.cs.washington.edu - - [24/Mar/1996:07:39:31 +0100] "GET /journals/SIGMOD HTTP/1.0" 404 413
m=&from_i=plain&subject=&text=index&maxhits=100&verbose=1 HTTP/1.0" 200 59736
rces%2Fciw/TEXT/1263/1=local;2=/home/robots/wais/wais-sources/ciw;3=2018584%202019847%20/home/robots/wais/wais-docs/ciw/WAIS;4=local;5=/home/robots/wais/wais-sources/ciw;6=2018584%202019847%20/home/robots/wais/wais-docs/ciw/WAIS;7=%00; HTTP/1.0" 200 4156
telgate.telrad.co.il - - [24/Mar/1996:07:39:57 +0100] "GET /htbin/SFgate?language=english&verbose=1&listenv=DL&application=&convert=&waisurl=%2Fhome%2Frobots%2Fwais%2Fwais-sources%2Fciw/TEXT/1573/1=local;2=/home/robots/wais/wais-sources/ciw;3=5650169%205651742%20/home/robots/wais/wais-docs/ciw/WAIS;4=local;5=/home/robots/wais/wais-sources/ciw;6=5650169%205651742%20/home/robots/wais/wais-docs/ciw/WAIS;7=%00; HTTP/1.0" 200 4503
telgate.telrad.co.il - - [24/Mar/1996:07:40:34 +0100] "GET /htbin/SFgate?language=english&verbose=1&listenv=DL&application=&convert=&waisurl=%2Fhome%2Frobots%2Fwais%2Fwais-sources%2Fciw/TEXT/809/1=local;2=/home/robots/wais/wais-sources/ciw;3=5480364%205481173%20/home/robots/wais/wais-docs/ciw/WAIS;4=local;5=/home/robots/wais/wais-sources/ciw;6=5480364%205481173%20/home/robots/wais/wais-docs/ciw/WAIS;7=%00; HTTP/1.0" 200 3703
telgate.telrad.co.il - - [24/Mar/1996:07:41:09 +0100] "GET /htbin/SFgate?language=english&verbose=1&listenv=DL&application=&convert=&waisurl=%2Fhome%2Frobots%2Fwais%2Fwais-sources%2Fciw/TEXT/1254/1=local;2=/home/robots/wais/wais-sources/ciw;3=4347853%204349107%20/home/robots/wais/wais-docs/ciw/WAIS;4=local;5=/home/robots/wais/wais-sources/ciw;6=4347853%204349107%20/home/robots/wais/wais-docs/ciw/WAIS;7=%00; HTTP/1.0" 200 4171
telgate.telrad.co.il - - [24/Mar/1996:07:42:00 +0100] "GET /htbin/SFgate?language=english&verbose=1&listenv=DL&application=&convert=&waisurl=%2Fhome%2Frobots%2Fwais%2Fwais-sources%2Fciw/TEXT/876/1=local;2=/home/robots/wais/wais-sources/ciw;3=5711713%205712589%20/home/robots/wais/wais-docs/ciw/WAIS;4=local;5=/home/robots/wais/wais-sources/ciw;6=5711713%205712589%20/home/robots/wais/wais-docs/ciw/WAIS;7=%00; HTTP/1.0" 200 3776

telgate.telrad.co.il - - [24/Mar/1996:07:43:18 +0100] "GET /htbin/SFgate?language=english&verbose=1&listenv=DL&application=&convert=&waisurl=%2Fhome%2Frobots%2Fwais%2Fwais-sources%2Fciw/TEXT/817/1=local;2=/home/robots/wais/wais-sources/ciw;3=952996%20953813%20/home/robots/wais/wais-docs/ciw/WAIS-old;4=local;5=/home/robots/wais/wais-sources/ciw;6=952996%20953813%20/home/robots/wais/wais-docs/ciw/WAIS-old;7=%00; HTTP/1.0" 200 3735
Lavigne-ISDN.Stanford.EDU - - [24/Mar/1996:07:43:59 +0100] "GET /freeWAIS-sf/README-sf HTTP/1.0" 200 8830
Lavigne-ISDN.Stanford.EDU - - [24/Mar/1996:07:44:36 +0100] "GET /freeWAIS-sf/fwsf_4.html HTTP/1.0" 304 0
crimpshrine.atext.com - - [24/Mar/1996:07:47:47 +0100] "GET /projects/MEDOC HTTP/1.0" 200 8348
3
anrwlias-ppp.zoom.com - - [24/Mar/1996:07:48:36 +0100] "GET /journals/SIGMOD HTTP/1.0" 404 413
cache-de.web.aol.com - - [24/Mar/1996:07:49:21 +0100] "GET /SFgate/SFgate.html HTTP/1.0" 304 0
telgate.telrad.co.il - - [24/Mar/1996:08:05:06 +0100] "GET /htbin/SFgate?language=english&verbose=1&listenv=DL&application=&convert=&waisurl=%2Fhome%2Frobots%2Fwais%2Fwais-sources%2Fciw/TEXT/817/1=local;2=/home/robots/wais/wais-sources/ciw;3=952996%20953813%20/home/robots/wais/wais-docs/ciw/WAIS-old;4=local;5=/home/robots/wais/wais-sources/ciw;6=952996%20953813%20/home/robots/wais/wais-docs/ciw/WAIS-old;7=%00; HTTP/1.0" 200 3734
slip-6-1.ots.utexas.edu - - [24/Mar/1996:08:05:45 +0100] "GET /htbin/news HTTP/1.0" 500 67
telgate.telrad.co.il - - [24/Mar/1996:08:07:14 +0100] "GET /htbin/SFgate?language=english&verbose=1&listenv=DL&application=&convert=&waisurl=%2Fhome%2Frobots%2Fwais%2Fwais-sources%2Fciw/TEXT/1102/1=local;2=/home/robots/wais/wais-sources/ciw;3=797658%20798760%20/home/robots/wais/wais-docs/ciw/WAIS;4=local;5=/home/robots/wais/wais-sources/ciw;6=797658%20798760%20/home/robots/wais/wais-docs/ciw/WAIS;7=%00; HTTP/1.0" 200 4053
telgate.telrad.co.il - - [24/Mar/1996:08:08:08 +0100] "GET /htbin/SFgate?language=english&verbose=1&listenv=DL&application=&convert=&waisurl=%2Fhome%2Frobots%2Fwais%2Fwais-sources%2Fciw/TEXT/863/1=local;2=/home/robots/wais/wais-sources/ciw;3=4778745%204779608%20/home/robots/wais/wais-docs/ciw/WAIS;4=local;5=/home/robots/wais/wais-sources/ciw;6=4778745%204779608%20/home/robots/wais/wais-docs/ciw/WAIS;7=%00; HTTP/1.0" 200 3769
neuromancer.lib.uchicago.edu - - [24/Mar/1996:08:13:25 +0100] "HEAD /SFgate/SFgate.html HTTP/1.0" 200 0
204.19.123.55 - - [24/Mar/1996:08:18:47 +0100] "GET /freeWAIS-sf/freeWAIS-sf.html HTTP/1.0" 200 13775
204.19.123.55 - - [24/Mar/1996:08:19:51 +0100] "GET /freeWAIS-sf/footnode.html HTTP/1.0" 200 4929
telgate.telrad.co.il - - [24/Mar/1996:08:27:00 +0100] "GET /htbin/SFgate?language=english&verbose=1&listenv=DL&application=&convert=&waisurl=%2Fhome%2Frobots%2Fwais%2Fwais-sources%2Fciw/TEXT/817/1=local;2=/home/robots/wais/wais-sources/ciw;3=952996%20953813%20/home/robots/wais/wais-docs/ciw/WAIS-old;4=local;5=/home/robots/wais/wais-sources/ciw;6=952996%20953813%20/home/robots/wais/wais-docs/ciw/WAIS-old;7=%00; HTTP/1.0" 200 3735
telgate.telrad.co.il - - [24/Mar/1996:08:29:56 +0100] "GET /htbin/SFgate?language=english&verbose=1&listenv=DL&application=&convert=&waisurl=%2Fhome%2Frobots%2Fwais%2Fwais-sources%2Fciw/TEXT/1246/1=local;2=/home/robots/wais/wais-sources/ciw;3=904228%20905474%20/home/robots/wais/wais-docs/ciw/WAIS;4=local;5=/home/robots/wais/wais-sources/ciw;6=904228%20905474%20/home/robots/wais/wais-docs/ciw/WAIS;7=%00; HTTP/1.0" 200 4191
port014-33-yow.iosphere.net - - [24/Mar/1996:08:32:34 +0100] "GET /CRclass.html HTTP/1.0" 200 40627
port014-33-yow.iosphere.net - - [24/Mar/1996:08:37:35 +0100] "GET /search HTTP/1.0" 200 4526
claudia.pnm.vgp.de - - [24/Mar/1996:08:40:10 +0100] "GET /SFgate/SFgate-small.gif HTTP/1.0" 200 325
port014-33-yow.iosphere.net - - [24/Mar/1996:08:40:17 +0100] "GET /reports/ HTTP/1.0" 200 3106
claudia.pnm.vgp.de - - [24/Mar/1996:08:40:23 +0100] "GET /SFgate/SFgate.html HTTP/1.0" 200 119563
port014-33-yow.iosphere.net - - [24/Mar/1996:08:41:13 +0100] "GET /reports/96/ HTTP/1.0" 200 4038
telgate.telrad.co.il - - [24/Mar/1996:08:45:09 +0100] "GET /htbin/SFgate?language=english&verbose=1&listenv=DL&application=&convert=&waisurl=%2Fhome%2Frobots%2Fwais%2Fwais-sources%2Fciw/TEXT/1546/1=local;2=/home/robots/wais/wais-sources/ciw;3=1043151%201044697%20/home/robots/wais/wais-docs/ciw/WAIS;4=local;5=/home/robots/wais/wais-sources/ciw;6=1043151%201044697%20/home/robots/wais/wais-docs/ciw/WAIS;7=%00; HTTP/1.0" 200 4557
telgate.telrad.co.il - - [24/Mar/1996:08:45:55 +0100] "GET /htbin/SFgate?database=local%2Fciw&from=&from_i=plain&subject=html+Html+HTML&text=&maxhits=40&verbose=1 HTTP/1.0" 200 3221
nero.PrakInf.TU-Ilmenau.DE - - [24/Mar/1996:08:46:39 +0100] "GET /SFgate/SFgate.html HTTP/1.0" 200 119563
207.18.197.35 - - [24/Mar/1996:08:54:10 +0100] "GET /~goevert/SFgate/SFgate.html HTTP/1.0" 200 100501
www09.Btx.DTAG.DE - - [24/Mar/1996:09:04:04 +0100] "GET /freeWAIS-sf/node27.html HTTP/1.0" 200 9809
fo-49.quiknet.com - - [24/Mar/1996:09:07:20 +0100] "GET /SFgate/SFgate-small.gif HTTP/1.0" 200 325
ix-hou7-22.ix.netcom.com - - [24/Mar/1996:09:10:44 +0100] "GET /freeWAIS-sf/README-sf.html HTTP/1.0" 500 66
telgate.telrad.co.il - - [24/Mar/1996:09:13:22 +0100] "GET /htbin/SFgate?database=local%2Fciw&from=&from_i=plain&subject=&text=index&maxhits=200&verbose=1 HTTP/1.0" 200 116537
telgate.telrad.co.il - - [24/Mar/1996:09:26:50 +0100] "GET /htbin/SFgate?language=english&verbose=1&listenv=DL&application=&convert=&waisurl=%2Fhome%2Frobots%2Fwais%2Fwais-sources%2Fciw/TEXT/1396/1=local;2=/home/robots/wais/wais-sources/ciw;3=5245794%205247190%20/home/robots/wais/wais-docs/ciw/WAIS;4=local;5=/home/robots/wais/wais-sources/ciw;6=5245794%205247190%20/home/robots/wais/wais-docs/ciw/WAIS;7=%00; HTTP/1.0" 200 4350
telgate.telrad.co.il - - [24/Mar/1996:09:29:09 +0100] "GET /htbin/SFgate?language=english&verbose=1&listenv=DL&application=&convert=&waisurl=%2Fhome%2Frobots%2Fwais%2Fwais-sources%2Fciw/TEXT/1564/1=local;2=/home/robots/wais/wais-sources/ciw;3=894620%20896184%20/home/robots/wais/wais-docs/ciw/WAIS;4=local;5=/home/robots/wais/wais-sources/ciw;6=894620%20896184%20/home/robots/wais/wais-docs/ciw/WAIS;7=%00; HTTP/1.0" 200 4587
telgate.telrad.co.il - - [24/Mar/1996:09:30:39 +0100] "GET /htbin/SFgate?language=english&verbose=1&listenv=DL&application=&convert=&waisurl=%2Fhome%2Frobots%2Fwais%2Fwais-sources%2Fciw/TEXT/1280/1=local;2=/home/robots/wais/wais-sources/ciw;3=5603273%205604553%20/home/robots/wais/wais-docs/ciw/WAIS;4=local;5=/home/robots/wais/wais-sources/ciw;6=5603273%205604553%20/home/robots/wais/wais-docs/ciw/WAIS;7=%00; HTTP/1.0" 200 4179
zool16.nofc.forestry.ca - - [24/Mar/1996:09:49:57 +0100] "GET /SFgate/SFgate-small.gif HTTP/1.0" 200 325
lgb287.ppp.uni-c.dk - - [24/Mar/1996:09:56:22 +0100] "GET /SFgate/multiple.html HTTP/1.0" 200 3017
lgb287.ppp.uni-c.dk - - [24/Mar/1996:09:58:37 +0100] "GET /htbin/SFgate?database=ls6-www.informatik.uni-dortmund.de%2Fbibdb-html&ti=acoustic+measurement&au=Per+Bruel&au_i=plain&cc=&text=&py_p=%3E&py=1985&maxhits=40&tie=und HTTP/1.0" 200 3333
lgb287.ppp.uni-c.dk - - [24/Mar/1996:09:59:36 +0100] "GET /htbin/SFgate?database=ls6-www.informatik.uni-dortmund.de%2Fbibdb-html&ti=acoustic+measurement&au=&au_i=plain&cc=&text=&py_p=%3E&py=1985&maxhits=40&tie=und HTTP/1.0" 200 10202
lgb287.ppp.uni-c.dk - - [24/Mar/1996:10:00:54 +0100] "GET /SFgate/SFgate.html HTTP/1.0" 200 119563
annexr2-10.slip.Uni-Koeln.DE - - [24/Mar/1996:10:02:00 +0100] "GET /freeWAIS-sf/node26.html HTTP/1.0" 200 4340
rm100_2.ucs.ubc.ca - - [24/Mar/1996:10:12:12 +0100] "GET /SFgate/ HTTP/1.0" 200 15129
homer-bbn.infoseek.com - - [24/Mar/1996:10:20:34 +0100] "GET /~althoff/tom/tom.html HTTP/1.0" 200 3958
193.14.245.131 - - [24/Mar/1996:10:27:22 +0100] "GET /freeWAIS-sf/README-sf HTTP/1.0" 200 8830
rosa.asogy.stockholm.se - - [24/Mar/1996:10:28:36 +0100] "GET /freeWAIS-sf/fwsf_11.html HTTP/1.0" 200 5596
rosa.asogy.stockholm.se - - [24/Mar/1996:10:29:24 +0100] "GET /freeWAIS-sf/fwsf_2.html HTTP/1.0" 200 10572
t10o4p9.telia.com - - [24/Mar/1996:10:34:10 +0100] "GET /freeWAIS-sf/node1.html HTTP/1.0" 200 17331
pogosite.ping.de - - [24/Mar/1996:10:35:33 +0100] "GET /~goevert/ping.html HTTP/1.0" 200 33208
www-h4.proxy.aol.com - - [24/Mar/1996:10:35:59 +0100] "GET /SFgate/SFgate-small.gif HTTP/1.0" 304 0
dial-cup2-28.iway.aimnet.com - - [24/Mar/1996:10:38:16 +0100] "GET /freeWAIS-sf/ HTTP/1.0" 200 8830
dial-cup2-28.iway.aimnet.com - - [24/Mar/1996:10:38:57 +0100] "GET /freeWAIS-sf/fwsf_11.html HTTP/1.0" 200 5596
dial-cup2-28.iway.aimnet.com - - [24/Mar/1996:10:39:19 +0100] "GET /People HTTP/1.0" 200 5084
web2.maz.net - - [24/Mar/1996:10:45:20 +0100] "GET /freeWAIS-sf/fwsf_toc.html HTTP/1.0" 200 8830
web2.maz.net - - [24/Mar/1996:10:45:49 +0100] "GET /freeWAIS-sf/fwsf_1.html HTTP/1.0" 200 6804
bib - - [24/Mar/1996:10:55:58 +0100] "GET /%7Egoevert/welcome.html HTTP/1.0" 200 1780
206.101.2.176 - - [24/Mar/1996:11:01:47 +0100] "GET /SFgate/SFgate HTTP/1.0" 200 119563
202.239.192.79 - - [24/Mar/1996:11:06:13 +0100] "GET /WhoIsWhoAtLS6.html HTTP/1.0" 200 5234
homer-bbn.infoseek.com - - [24/Mar/1996:11:16:00 +0100] "GET /reports/91/README.html HTTP/1.0" 200 3764
town.hall.org - - [24/Mar/1996:11:44:18 +0100] "GET /projects/ HTTP/1.0" 200 3470
www01.Btx.DTAG.DE - - [24/Mar/1996:11:45:45 +0100] "GET /SFgate/SFgate-small.gif HTTP/1.0" 200 325
139.18.68.8 - - [24/Mar/1996:11:45:48 +0100] "GET /SFgate/SFgate-small.gif HTTP/1.0" 200 325
www01.Btx.DTAG.DE - - [24/Mar/1996:11:46:05 +0100] "GET /SFgate/SFgate.html HTTP/1.0" 200 119563
x.DTAG.DE - - [24/Mar/1996:11:47:24 +0100] "GET / HTTP/1.0" 200 3185
cssu26.cs.ust.hk - - [24/Mar/1996:11:49:14 +0100] "GET /freeWAIS-sf/freeWAIS-sf.html HTTP/1.0" 200 13775
cssu26.cs.ust.hk - - [24/Mar/1996:11:50:41 +0100] "GET /freeWAIS-sf/node31.html HTTP/1.0" 200 5317
141.35.48.89 - - [24/Mar/1996:12:11:40 +0100] "GET /SFgate/SFgate-small.gif HTTP/1.0" 200 325
www02.Btx.DTAG.DE - - [24/Mar/1996:12:12:21 +0100] "GET /freeWAIS-sf/node26.html HTTP/1.0" 200 4340
www02.Btx.DTAG.DE - - [24/Mar/1996:12:12:59 +0100] "GET /freeWAIS-sf/node26.html HTTP/1.0" 304 0
wap-pc05.fbe.htw-kempten.de - - [24/Mar/1996:12:18:14 +0100] "GET /freeWAIS-sf/fwsf_toc.html HTTP/1.0" 200 8830
ad62-081.compuserve.com - - [24/Mar/1996:12:18:56 +0100] "GET /~kliche/ HTTP/1.0" 200 3901
