buster - - [21/May/1996:10:13:48 +0200] "GET / HTTP/1.0" 200 - <(12910/1) File does not exist or is not accessible: /home/robots/www/public-html/index.cache> <NCSA Mosaic for the X Window System/2.4  libwww/2.12 modified> <> <>
buster - - [21/May/1996:10:13:52 +0200] "GET /icons/UnidoLogo.gif HTTP/1.0" 200 - <(12919/1) File does not exist or is not accessible: /home/robots/www/public-html/icons/index.cache> <NCSA Mosaic for the X Window System/2.4  libwww/2.12 modified> <> <>
buster - - [21/May/1996:10:13:52 +0200] "GET /icons/hrule.xbm HTTP/1.0" 200 - <(12921/1) File does not exist or is not accessible: /home/robots/www/public-html/icons/index.cache> <NCSA Mosaic for the X Window System/2.4  libwww/2.12 modified> <> <>
buster - - [21/May/1996:10:13:53 +0200] "GET /icons/LS6Logo.gif HTTP/1.0" 200 - <(12923/1) File does not exist or is not accessible: /home/robots/www/public-html/icons/index.cache> <NCSA Mosaic for the X Window System/2.4  libwww/2.12 modified> <> <>
buster - - [21/May/1996:10:14:02 +0200] "GET /icons/Library.gif HTTP/1.0" 200 - <(12935/1) File does not exist or is not accessible: /home/robots/www/public-html/icons/index.cache> <NCSA Mosaic for the X Window System/2.4  libwww/2.12 modified> <> <>
buster - - [21/May/1996:10:14:03 +0200] "GET /icons/journal.gif HTTP/1.0" 200 - <(12937/1) File does not exist or is not accessible: /home/robots/www/public-html/icons/index.cache> <NCSA Mosaic for the X Window System/2.4  libwww/2.12 modified> <> <>
buster - - [21/May/1996:10:14:04 +0200] "GET /icons/telefon.gif HTTP/1.0" 200 - <(12940/1) File does not exist or is not accessible: /home/robots/www/public-html/icons/index.cache> <NCSA Mosaic for the X Window System/2.4  libwww/2.12 modified> <> <>
buster - - [21/May/1996:10:14:04 +0200] "GET /icons/index_motif.gif HTTP/1.0" 200 - <(12942/1) File does not exist or is not accessible: /home/robots/www/public-html/icons/index.cache> <NCSA Mosaic for the X Window System/2.4  libwww/2.12 modified> <> <>
buster - - [21/May/1996:10:14:07 +0200] "GET /search/bibdb-html.html HTTP/1.0" 200 - <(12944/1) File does not exist or is not accessible: /home/robots/www/public-html/search/index.cache> <NCSA Mosaic for the X Window System/2.4  libwww/2.12 modified> <> <>
buster - - [21/May/1996:10:17:04 +0200] "GET /SFgate/iz.html HTTP/1.0" 200 - <(12994/1) File does not exist or is not accessible: /home/robots/www/public-html/SFgate/index.cache> <NCSA Mosaic for the X Window System/2.4  libwww/2.12 modified> <> <>
buster - - [21/May/1996:10:17:04 +0200] "GET /ir/SFgate/iz.html HTTP/1.0" 200 - <(12995/1) File does not exist or is not accessible: /home/robots/www/public-html/ir/SFgate/index.cache> <NCSA Mosaic for the X Window System/2.4  libwww/2.12 modified> <> <>
buster - - [21/May/1996:10:17:32 +0200] "GET / HTTP/1.0" 200 - <(13002/1) File does not exist or is not accessible: /home/robots/www/public-html/index.cache> <NCSA Mosaic for the X Window System/2.4  libwww/2.12 modified> <> <>
buster - - [21/May/1996:10:17:34 +0200] "GET /icons/UnidoLogo.gif HTTP/1.0" 200 - <(13013/1) File does not exist or is not accessible: /home/robots/www/public-html/icons/index.cache> <NCSA Mosaic for the X Window System/2.4  libwww/2.12 modified> <> <>
buster - - [21/May/1996:10:17:35 +0200] "GET /icons/hrule.xbm HTTP/1.0" 200 - <(13015/1) File does not exist or is not accessible: /home/robots/www/public-html/icons/index.cache> <NCSA Mosaic for the X Window System/2.4  libwww/2.12 modified> <> <>
buster - - [21/May/1996:10:17:35 +0200] "GET /icons/LS6Logo.gif HTTP/1.0" 200 - <(13017/1) File does not exist or is not accessible: /home/robots/www/public-html/icons/index.cache> <NCSA Mosaic for the X Window System/2.4  libwww/2.12 modified> <> <>
buster - - [21/May/1996:10:19:02 +0200] "GET /SFgate/iz.html HTTP/1.0" 200 - <(13085/1) Bad field=value pair in dir cache, field is : redirect> <NCSA Mosaic for the X Window System/2.4  libwww/2.12 modified> <> <>
buster - - [21/May/1996:10:19:02 +0200] "GET /SFgate/iz.html HTTP/1.0" 200 - <(13085/1) Bad field=value pair in dir cache, field is : redirect> <NCSA Mosaic for the X Window System/2.4  libwww/2.12 modified> <> <>
buster - - [21/May/1996:10:19:02 +0200] "GET /ir/SFgate/iz.html HTTP/1.0" 200 - <(13086/1) File does not exist or is not accessible: /home/robots/www/public-html/ir/SFgate/index.cache> <NCSA Mosaic for the X Window System/2.4  libwww/2.12 modified> <> <>
buster - - [21/May/1996:10:22:21 +0200] "GET /SFgate/iz.html HTTP/1.0" 200 - <(13188/1) Bad field=value pair in dir cache, field is : redirect> <> <> <>
buster - - [21/May/1996:10:22:21 +0200] "GET /SFgate/iz.html HTTP/1.0" 200 - <(13188/1) Bad field=value pair in dir cache, field is : redirect> <> <> <>
buster - - [21/May/1996:10:23:10 +0200] "GET /SFgate/iz.html HTTP/1.0" 200 - <(13204/1) Bad field=value pair in dir cache, field is : redirect> <> <> <>
buster - - [21/May/1996:10:23:10 +0200] "GET /SFgate/iz.html HTTP/1.0" 200 - <(13204/1) Bad field=value pair in dir cache, field is : redirect> <> <> <>
buster - - [21/May/1996:10:23:35 +0200] "GET /SFgate/iz.html HTTP/1.0" 200 - <(13211/1) Bad field=value pair in dir cache, field is : redirect> <> <> <>
buster - - [21/May/1996:10:23:35 +0200] "GET /SFgate/iz.html HTTP/1.0" 200 - <(13211/1) Bad field=value pair in dir cache, field is : redirect> <> <> <>
buster - - [21/May/1996:10:24:23 +0200] "GET /SFgate/iz.html HTTP/1.0" 200 - <(13213/1) Bad field=value pair in dir cache, field is : redirect> <> <> <>
buster - - [21/May/1996:10:24:23 +0200] "GET /SFgate/iz.html HTTP/1.0" 200 - <(13213/1) Bad field=value pair in dir cache, field is : redirect> <> <> <>
buster - - [21/May/1996:10:24:42 +0200] "GET /SFgate/iz.html HTTP/1.0" 200 - <(13214/1) Bad field=value pair in dir cache, field is : redirect> <> <> <>
buster - - [21/May/1996:10:24:42 +0200] "GET /SFgate/iz.html HTTP/1.0" 200 - <(13214/1) Bad field=value pair in dir cache, field is : redirect> <> <> <>
buster - - [21/May/1996:10:28:51 +0200] "GET /freeWAIS-sf/node18.htmlde HTTP/1.0" 200 - <(13239/1) File does not exist or is not accessible: /home/robots/www/public-html/freeWAIS-sf/index.cache> <NCSA Mosaic for the X Window System/2.4  libwww/2.12 modified> <> <>
buster - - [21/May/1996:10:28:51 +0200] "GET /ir/freeWAIS-sf/node18.htmlde HTTP/1.0" 200 - <(13240/1) File does not exist or is not accessible: /home/robots/www/public-html/ir/freeWAIS-sf/index.cache> <NCSA Mosaic for the X Window System/2.4  libwww/2.12 modified> <> <>
buster - - [21/May/1996:10:33:02 +0200] "GET /icons/next_motif.gif HTTP/1.0" 200 - <(13320/1) File does not exist or is not accessible: /home/robots/www/public-html/icons/index.cache> <NCSA Mosaic for the X Window System/2.4  libwww/2.12 modified> <> <>
buster - - [21/May/1996:10:33:03 +0200] "GET /icons/up_motif_gr.gif HTTP/1.0" 200 - <(13322/1) File does not exist or is not accessible: /home/robots/www/public-html/icons/index.cache> <NCSA Mosaic for the X Window System/2.4  libwww/2.12 modified> <> <>
buster - - [21/May/1996:10:33:04 +0200] "GET /icons/previous_motif_gr.gif HTTP/1.0" 200 - <(13324/1) File does not exist or is not accessible: /home/robots/www/public-html/icons/index.cache> <NCSA Mosaic for the X Window System/2.4  libwww/2.12 modified> <> <>
buster - - [21/May/1996:10:33:04 +0200] "GET /icons/foot_motif.gif HTTP/1.0" 200 - <(13326/1) File does not exist or is not accessible: /home/robots/www/public-html/icons/index.cache> <NCSA Mosaic for the X Window System/2.4  libwww/2.12 modified> <> <>
buster - - [21/May/1996:10:39:10 +0200] "GET /ir/freeWAIS-sf/fwsf_3.html HTTP/1.0" 200 - <(13436/1) File does not exist or is not accessible: /home/robots/www/public-html/ir/freeWAIS-sf/index.cache> <NCSA Mosaic for the X Window System/2.4  libwww/2.12 modified> <> <>
buster - - [21/May/1996:11:14:39 +0200] "GET /ir/seach/iz.html HTTP/1.0" 200 - <(14054/1) File does not exist or is not accessible: /home/robots/www/public-html/ir/seach/index.cache> <NCSA Mosaic for the X Window System/2.4  libwww/2.12 modified> <> <>
buster - - [21/May/1996:11:16:31 +0200] "GET /icons/UnidoLogo.gif HTTP/1.0" 200 - <(14099/1) File does not exist or is not accessible: /home/robots/www/public-html/icons/index.cache> <NCSA Mosaic for the X Window System/2.4  libwww/2.12 modified> <> <>
buster - - [21/May/1996:11:16:32 +0200] "GET /icons/hrule.xbm HTTP/1.0" 200 - <(14101/1) File does not exist or is not accessible: /home/robots/www/public-html/icons/index.cache> <NCSA Mosaic for the X Window System/2.4  libwww/2.12 modified> <> <>
buster - - [21/May/1996:11:16:32 +0200] "GET /icons/LS6Logo.gif HTTP/1.0" 200 - <(14103/1) File does not exist or is not accessible: /home/robots/www/public-html/icons/index.cache> <NCSA Mosaic for the X Window System/2.4  libwww/2.12 modified> <> <>
buster - - [21/May/1996:11:33:52 +0200] "GET /ir/SFgate/welcome.html HTTP/1.0" 200 - <(14391/1) File does not exist or is not accessible: /home/robots/www/public-html/ir/SFgate/index.cache> <NCSA Mosaic for the X Window System/2.4  libwww/2.12 modified> <> <>
buster - - [21/May/1996:12:22:55 +0200] "GET /ir/SFgate/SFgate.html HTTP/1.0" 200 - <(15187/1) File does not exist or is not accessible: /home/robots/www/public-html/ir/SFgate/index.cache> <NCSA Mosaic for the X Window System/2.4  libwww/2.12 modified> <> <>
buster - - [21/May/1996:12:24:14 +0200] "GET /ir/fgir/conferences/~/pfeifer HTTP/1.0" 200 - <(15204/1) SECURITY Found bad character (7E hex) in path: GET /ir/fgir/conferences/~/pfeifer HTTP/1.0> <NCSA Mosaic for the X Window System/2.4  libwww/2.12 modified> <> <>
buster - - [21/May/1996:12:25:02 +0200] "GET /ir/fgir/conferences/~/pfeifer/ HTTP/1.0" 200 - <(15213/1) SECURITY Found bad character (7E hex) in path: GET /ir/fgir/conferences/~/pfeifer/ HTTP/1.0> <NCSA Mosaic for the X Window System/2.4  libwww/2.12 modified> <> <>
buster - - [21/May/1996:17:07:32 +0200] "GET /teaching/pg/pg271/mpg/w3-aktuell/5112406w.mpg HTTP/1.0" 200 - <(19483/1) File does not exist or is not accessible: /home/robots/www/public-html/teaching/pg/pg271/mpg/w3-aktuell/index.cache> <NCSA Mosaic for the X Window System/2.4  libwww/2.12 modified> <> <>
buster - - [21/May/1996:17:07:33 +0200] "GET /ir/teaching/pg/pg271/mpg/w3-aktuell/5112406w.mpg HTTP/1.0" 200 - <(19484/1) File does not exist or is not accessible: /home/robots/www/public-html/ir/teaching/pg/pg271/mpg/w3-aktuell/index.cache> <NCSA Mosaic for the X Window System/2.4  libwww/2.12 modified> <> <>
buster - - [21/May/1996:17:13:42 +0200] "GET /fgir/fgir.html HTTP/1.0" 200 - <(19686/1) File does not exist or is not accessible: /home/robots/www/public-html/fgir/index.cache> <Mozilla/2.0 (X11; I; SunOS 4.1.4 sun4m)> <http://www.ifi.uni-klu.ac.at/GI-FB2/> <>
buster - - [21/May/1996:17:15:47 +0200] "GET /projects/fermi/colls/bremen/images/114000.tif HTTP/1.0" 200 - <(19800/1) File does not exist or is not accessible: /home/robots/www/public-html/projects/fermi/colls/bremen/images/index.cache> <NCSA Mosaic for the X Window System/2.4  libwww/2.12 modified> <> <>
buster - - [21/May/1996:17:15:47 +0200] "GET /ir/projects/fermi/colls/bremen/images/114000.tif HTTP/1.0" 200 917306 <(19801/1) File does not exist or is not accessible: /home/robots/www/public-html/ir/projects/fermi/colls/bremen/images/index.cache> <NCSA Mosaic for the X Window System/2.4  libwww/2.12 modified> <> <>
buster - - [21/May/1996:17:30:38 +0200] "GET /projects/fermi/colls/bremen/images/114000.ifn HTTP/1.0" 200 - <(20156/1) File does not exist or is not accessible: /home/robots/www/public-html/projects/fermi/colls/bremen/images/index.cache> <NCSA Mosaic for the X Window System/2.4  libwww/2.12 modified> <> <>
buster - - [21/May/1996:17:30:38 +0200] "GET /ir/projects/fermi/colls/bremen/images/114000.ifn HTTP/1.0" 200 - <(20157/1) File does not exist or is not accessible: /home/robots/www/public-html/ir/projects/fermi/colls/bremen/images/index.cache> <NCSA Mosaic for the X Window System/2.4  libwww/2.12 modified> <> <>
buster - - [21/May/1996:17:32:53 +0200] "GET /projects/fermi/colls/bremen/images/114000.ifn HTTP/1.0" 200 - <(20179/1) File does not exist or is not accessible: /home/robots/www/public-html/projects/fermi/colls/bremen/images/index.cache> <NCSA Mosaic for the X Window System/2.4  libwww/2.12 modified> <> <>
buster - - [21/May/1996:17:32:55 +0200] "GET /ir/projects/fermi/colls/bremen/images/114000.ifn HTTP/1.0" 200 66 <(20180/1) File does not exist or is not accessible: /home/robots/www/public-html/ir/projects/fermi/colls/bremen/images/index.cache> <NCSA Mosaic for the X Window System/2.4  libwww/2.12 modified> <> <>
buster - - [21/May/1996:17:35:18 +0200] "GET /projects/fermi/colls/bremen/images/114000.ifn HTTP/1.0" 200 - <(20208/1) File does not exist or is not accessible: /home/robots/www/public-html/projects/fermi/colls/bremen/images/index.cache> <NCSA Mosaic for the X Window System/2.4  libwww/2.12 modified> <> <>
buster - - [21/May/1996:17:35:18 +0200] "GET /ir/projects/fermi/colls/bremen/images/114000.ifn HTTP/1.0" 200 62 <(20209/1) File does not exist or is not accessible: /home/robots/www/public-html/ir/projects/fermi/colls/bremen/images/index.cache> <NCSA Mosaic for the X Window System/2.4  libwww/2.12 modified> <> <>
buster - - [21/May/1996:17:36:13 +0200] "GET /projects/fermi/colls/bremen/images/114000.ifn HTTP/1.0" 200 - <(20213/1) File does not exist or is not accessible: /home/robots/www/public-html/projects/fermi/colls/bremen/images/index.cache> <NCSA Mosaic for the X Window System/2.4  libwww/2.12 modified> <> <>
buster - - [21/May/1996:17:36:13 +0200] "GET /ir/projects/fermi/colls/bremen/images/114000.ifn HTTP/1.0" 200 62 <(20214/1) File does not exist or is not accessible: /home/robots/www/public-html/ir/projects/fermi/colls/bremen/images/index.cache> <NCSA Mosaic for the X Window System/2.4  libwww/2.12 modified> <> <>
buster - - [21/May/1996:17:37:30 +0200] "GET /projects/fermi/colls/bremen/images/114000.tif HTTP/1.0" 200 - <(20232/1) File does not exist or is not accessible: /home/robots/www/public-html/projects/fermi/colls/bremen/images/index.cache> <NCSA Mosaic for the X Window System/2.4  libwww/2.12 modified> <> <>
buster - - [21/May/1996:17:37:30 +0200] "GET /ir/projects/fermi/colls/bremen/images/114000.tif HTTP/1.0" 200 917306 <(20233/1) File does not exist or is not accessible: /home/robots/www/public-html/ir/projects/fermi/colls/bremen/images/index.cache> <NCSA Mosaic for the X Window System/2.4  libwww/2.12 modified> <> <>
buster - - [21/May/1996:17:38:00 +0200] "GET /projects/fermi/colls/bremen/images/114000.ifn HTTP/1.0" 200 - <(20235/1) File does not exist or is not accessible: /home/robots/www/public-html/projects/fermi/colls/bremen/images/index.cache> <NCSA Mosaic for the X Window System/2.4  libwww/2.12 modified> <> <>
buster - - [21/May/1996:17:38:00 +0200] "GET /ir/projects/fermi/colls/bremen/images/114000.ifn HTTP/1.0" 200 62 <(20236/1) File does not exist or is not accessible: /home/robots/www/public-html/ir/projects/fermi/colls/bremen/images/index.cache> <NCSA Mosaic for the X Window System/2.4  libwww/2.12 modified> <> <>
buster - - [21/May/1996:18:14:52 +0200] "GET /htbin/HySpiritGate?databases=%2Fusr%2Fprojects%2Ffermi%2Fdemo%2Fdemo-docs.pd&contents=&facts=&datalog=&datalogtext=%3F-+instance_of%28X%2C+Y%2C+C%29. HTTP/1.0" 200 - <(21062/1) File does not exist or is not accessible: /home/robots/www/public-html/htbin/index.cache> <NCSA Mosaic for the X Window System/2.4  libwww/2.12 modified> <> <>
buster - - [21/May/1996:18:14:52 +0200] "GET /ir/htbin/HySpiritGate HTTP/1.0" 200 - <(21063/1) File does not exist or is not accessible: /home/robots/www/public-html/ir/htbin/index.cache> <NCSA Mosaic for the X Window System/2.4  libwww/2.12 modified> <> <>
buster - - [21/May/1996:18:31:02 +0200] "GET /htbin/HySpiritGate?databases=%2Fusr%2Fprojects%2Ffermi%2Fdemo%2Fdemo-docs.pd&contents=landscape&facts=&datalog=&datalogtext= HTTP/1.0" 200 - <(21340/1) File does not exist or is not accessible: /home/robots/www/public-html/htbin/index.cache> <NCSA Mosaic for the X Window System/2.4  libwww/2.12 modified> <> <>
buster - - [21/May/1996:18:31:02 +0200] "GET /ir/htbin/HySpiritGate HTTP/1.0" 200 - <(21341/1) File does not exist or is not accessible: /home/robots/www/public-html/ir/htbin/index.cache> <NCSA Mosaic for the X Window System/2.4  libwww/2.12 modified> <> <>
buster - - [21/May/1996:18:31:36 +0200] "GET /htbin/HySpiritGate?databases=%2Fusr%2Fprojects%2Ffermi%2Fdemo%2Fdemo-docs.pd&databases=%2Fusr%2Fprojects%2Ffermi%2Fdemo%2Fbremen-docs.pd&contents=landscape&facts=&datalog=&datalogtext= HTTP/1.0" 200 - <(21347/1) File does not exist or is not accessible: /home/robots/www/public-html/htbin/index.cache> <NCSA Mosaic for the X Window System/2.4  libwww/2.12 modified> <> <>
buster - - [21/May/1996:18:31:36 +0200] "GET /ir/htbin/HySpiritGate HTTP/1.0" 200 - <(21348/1) File does not exist or is not accessible: /home/robots/www/public-html/ir/htbin/index.cache> <NCSA Mosaic for the X Window System/2.4  libwww/2.12 modified> <> <>
buster - - [21/May/1996:18:32:01 +0200] "GET /htbin/HySpiritGate?databases=%2Fusr%2Fprojects%2Ffermi%2Fdemo%2Fdemo-docs.pd&contents=&facts=&datalog=%3F-+map%28D%2C+T%2C+C%29.&datalogtext= HTTP/1.0" 200 - <(21355/1) File does not exist or is not accessible: /home/robots/www/public-html/htbin/index.cache> <NCSA Mosaic for the X Window System/2.4  libwww/2.12 modified> <> <>
buster - - [21/May/1996:18:32:01 +0200] "GET /ir/htbin/HySpiritGate HTTP/1.0" 200 - <(21356/1) File does not exist or is not accessible: /home/robots/www/public-html/ir/htbin/index.cache> <NCSA Mosaic for the X Window System/2.4  libwww/2.12 modified> <> <>
buster - - [21/May/1996:18:32:53 +0200] "GET /htbin/HySpiritGate?databases=%2Fusr%2Fprojects%2Ffermi%2Fdemo%2Fdemo-docs.pd&databases=%2Fusr%2Fprojects%2Ffermi%2Fdemo%2Fbremen-docs.pd&contents=&facts=&datalog=%3F-+map%28D%2C+T%2C+C%29.&datalogtext= HTTP/1.0" 200 - <(21366/1) File does not exist or is not accessible: /home/robots/www/public-html/htbin/index.cache> <NCSA Mosaic for the X Window System/2.4  libwww/2.12 modified> <> <>
buster - - [21/May/1996:18:32:53 +0200] "GET /ir/htbin/HySpiritGate HTTP/1.0" 200 - <(21367/1) File does not exist or is not accessible: /home/robots/www/public-html/ir/htbin/index.cache> <NCSA Mosaic for the X Window System/2.4  libwww/2.12 modified> <> <>
buster - - [21/May/1996:18:33:57 +0200] "GET /htbin/HySpiritGate?databases=%2Fusr%2Fprojects%2Ffermi%2Fdemo%2Fdemo-docs.pd&databases=%2Fusr%2Fprojects%2Ffermi%2Fdemo%2Fbremen-docs.pd&contents=&facts=&datalog=%3F-+map%28D%2C+T%2C+C%29.&datalogtext= HTTP/1.0" 200 - <(21385/1) File does not exist or is not accessible: /home/robots/www/public-html/htbin/index.cache> <NCSA Mosaic for the X Window System/2.4  libwww/2.12 modified> <> <>
buster - - [21/May/1996:18:33:58 +0200] "GET /ir/htbin/HySpiritGate HTTP/1.0" 200 - <(21386/1) File does not exist or is not accessible: /home/robots/www/public-html/ir/htbin/index.cache> <NCSA Mosaic for the X Window System/2.4  libwww/2.12 modified> <> <>
buster - - [21/May/1996:18:34:40 +0200] "GET /htbin/HySpiritGate?databases=%2Fusr%2Fprojects%2Ffermi%2Fdemo%2Fdemo-docs.pd&contents=&facts=&datalog=&datalogtext= HTTP/1.0" 200 - <(21406/1) File does not exist or is not accessible: /home/robots/www/public-html/htbin/index.cache> <NCSA Mosaic for the X Window System/2.4  libwww/2.12 modified> <> <>
buster - - [21/May/1996:18:34:40 +0200] "GET /ir/htbin/HySpiritGate HTTP/1.0" 200 - <(21407/1) File does not exist or is not accessible: /home/robots/www/public-html/ir/htbin/index.cache> <NCSA Mosaic for the X Window System/2.4  libwww/2.12 modified> <> <>
buster - - [21/May/1996:18:35:15 +0200] "GET /htbin/HySpiritGate?databases=%2Fusr%2Fprojects%2Ffermi%2Fdemo%2Fdemo-docs.pd&contents=&facts=&datalog=&text= HTTP/1.0" 200 - <(21420/1) File does not exist or is not accessible: /home/robots/www/public-html/htbin/index.cache> <NCSA Mosaic for the X Window System/2.4  libwww/2.12 modified> <> <>
buster - - [21/May/1996:18:35:15 +0200] "GET /ir/htbin/HySpiritGate HTTP/1.0" 200 - <(21421/1) File does not exist or is not accessible: /home/robots/www/public-html/ir/htbin/index.cache> <NCSA Mosaic for the X Window System/2.4  libwww/2.12 modified> <> <>
buster - - [21/May/1996:18:38:33 +0200] "GET /htbin/HySpiritGate?databases=%2Fusr%2Fprojects%2Ffermi%2Fdemo%2Fdemo-docs.pd&contents=&facts=&datalog=%3F-+map%28D%2C+T%2C+C%29. HTTP/1.0" 200 - <(21443/1) File does not exist or is not accessible: /home/robots/www/public-html/htbin/index.cache> <NCSA Mosaic for the X Window System/2.4  libwww/2.12 modified> <> <>
buster - - [21/May/1996:18:38:33 +0200] "GET /ir/htbin/HySpiritGate HTTP/1.0" 200 - <(21444/1) File does not exist or is not accessible: /home/robots/www/public-html/ir/htbin/index.cache> <NCSA Mosaic for the X Window System/2.4  libwww/2.12 modified> <> <>
buster - - [21/May/1996:18:40:45 +0200] "GET /htbin/HySpiritGate?databases=%2Fusr%2Fprojects%2Ffermi%2Fdemo%2Fdemo-docs.pd&contents=&facts=&datalog=%3F-+map%28D%2C+T%2C+C%29. HTTP/1.0" 200 - <(21490/1) File does not exist or is not accessible: /home/robots/www/public-html/htbin/index.cache> <NCSA Mosaic for the X Window System/2.4  libwww/2.12 modified> <> <>
buster - - [21/May/1996:18:40:45 +0200] "GET /ir/htbin/HySpiritGate HTTP/1.0" 200 - <(21491/1) File does not exist or is not accessible: /home/robots/www/public-html/ir/htbin/index.cache> <NCSA Mosaic for the X Window System/2.4  libwww/2.12 modified> <> <>
buster - - [21/May/1996:18:42:33 +0200] "GET /htbin/HySpiritGate?databases=%2Fusr%2Fprojects%2Ffermi%2Fdemo%2Fdemo-docs.pd&contents=hugo&facts=&datalog=%3F-+map%28D%2C+T%2C+C%29. HTTP/1.0" 200 - <(21500/1) File does not exist or is not accessible: /home/robots/www/public-html/htbin/index.cache> <NCSA Mosaic for the X Window System/2.4  libwww/2.12 modified> <> <>
buster - - [21/May/1996:18:42:34 +0200] "GET /ir/htbin/HySpiritGate HTTP/1.0" 200 - <(21501/1) File does not exist or is not accessible: /home/robots/www/public-html/ir/htbin/index.cache> <NCSA Mosaic for the X Window System/2.4  libwww/2.12 modified> <> <>
