20/May/1996:15:00:40: Starting WN/1.13.5 at port 8080 with pid 621
buster - - [20/May/1996:15:01:16 +0200] "GET / HTTP/1.0" 200 - <(634/1) File does not exist or is not accessible: /home/robots/www/public-html/index.cache> <NCSA Mosaic for the X Window System/2.4  libwww/2.12 modified> <> <>
buster - - [20/May/1996:15:01:17 +0200] "GET / HTTP/1.0" 301 - <(634/1) Sent CGI redirection: http://ls6.informatik.uni-dortmund.de:8080/ir/index.html> <NCSA Mosaic for the X Window System/2.4  libwww/2.12 modified> <> <>
buster - - [20/May/1996:15:01:17 +0200] "GET /ir/index.html HTTP/1.0" 200 959 <(635/1) Sent file: /ir/index.html> <NCSA Mosaic for the X Window System/2.4  libwww/2.12 modified> <> <>
buster - - [20/May/1996:15:01:17 +0200] "GET /ir/icons/tools/UniDO_t.gif HTTP/1.0" 200 664 <(636/1) Sent file: /ir/icons/tools/UniDO_t.gif> <NCSA Mosaic for the X Window System/2.4  libwww/2.12 modified> <> <>
buster - - [20/May/1996:15:01:18 +0200] "GET /ir/icons/tools/FBI_t.gif HTTP/1.0" 200 562 <(637/1) Sent file: /ir/icons/tools/FBI_t.gif> <NCSA Mosaic for the X Window System/2.4  libwww/2.12 modified> <> <>
buster - - [20/May/1996:15:01:18 +0200] "GET /ir/icons/tools/LS6_t.gif HTTP/1.0" 200 587 <(638/1) Sent file: /ir/icons/tools/LS6_t.gif> <NCSA Mosaic for the X Window System/2.4  libwww/2.12 modified> <> <>
buster - - [20/May/1996:15:01:18 +0200] "GET /ir/icons/tools/BI_t.gif HTTP/1.0" 200 4579 <(639/1) Sent file: /ir/icons/tools/BI_t.gif> <NCSA Mosaic for the X Window System/2.4  libwww/2.12 modified> <> <>
buster - - [20/May/1996:15:01:19 +0200] "GET /ir/icons/tools/rsearch_t.gif HTTP/1.0" 200 1525 <(640/1) Sent file: /ir/icons/tools/rsearch_t.gif> <NCSA Mosaic for the X Window System/2.4  libwww/2.12 modified> <> <>
buster - - [20/May/1996:15:01:19 +0200] "GET /ir/icons/tools/teach_t.gif HTTP/1.0" 200 1220 <(641/1) Sent file: /ir/icons/tools/teach_t.gif> <NCSA Mosaic for the X Window System/2.4  libwww/2.12 modified> <> <>
buster - - [20/May/1996:15:01:19 +0200] "GET /icons/UnidoLogo.gif HTTP/1.0" 200 - <(642/1) File does not exist or is not accessible: /home/robots/www/public-html/icons/index.cache> <NCSA Mosaic for the X Window System/2.4  libwww/2.12 modified> <> <>
buster - - [20/May/1996:15:01:19 +0200] "GET /icons/UnidoLogo.gif HTTP/1.0" 301 - <(642/1) Sent CGI redirection: http://ls6.informatik.uni-dortmund.de:8080/ir/icons/UnidoLogo.gif> <NCSA Mosaic for the X Window System/2.4  libwww/2.12 modified> <> <>
buster - - [20/May/1996:15:01:20 +0200] "GET /ir/icons/UnidoLogo.gif HTTP/1.0" 200 802 <(643/1) Sent file: /ir/icons/UnidoLogo.gif> <NCSA Mosaic for the X Window System/2.4  libwww/2.12 modified> <> <>
buster - - [20/May/1996:15:01:20 +0200] "GET /icons/hrule.xbm HTTP/1.0" 200 - <(644/1) File does not exist or is not accessible: /home/robots/www/public-html/icons/index.cache> <NCSA Mosaic for the X Window System/2.4  libwww/2.12 modified> <> <>
buster - - [20/May/1996:15:01:20 +0200] "GET /icons/hrule.xbm HTTP/1.0" 301 - <(644/1) Sent CGI redirection: http://ls6.informatik.uni-dortmund.de:8080/ir/icons/hrule.xbm> <NCSA Mosaic for the X Window System/2.4  libwww/2.12 modified> <> <>
buster - - [20/May/1996:15:01:20 +0200] "GET /ir/icons/hrule.xbm HTTP/1.0" 200 404 <(645/1) Sent file: /ir/icons/hrule.xbm> <NCSA Mosaic for the X Window System/2.4  libwww/2.12 modified> <> <>
buster - - [20/May/1996:15:01:21 +0200] "GET /icons/LS6Logo.gif HTTP/1.0" 200 - <(646/1) File does not exist or is not accessible: /home/robots/www/public-html/icons/index.cache> <NCSA Mosaic for the X Window System/2.4  libwww/2.12 modified> <> <>
buster - - [20/May/1996:15:01:21 +0200] "GET /icons/LS6Logo.gif HTTP/1.0" 301 - <(646/1) Sent CGI redirection: http://ls6.informatik.uni-dortmund.de:8080/ir/icons/LS6Logo.gif> <NCSA Mosaic for the X Window System/2.4  libwww/2.12 modified> <> <>
buster - - [20/May/1996:15:01:21 +0200] "GET /ir/icons/LS6Logo.gif HTTP/1.0" 200 591 <(647/1) Sent file: /ir/icons/LS6Logo.gif> <NCSA Mosaic for the X Window System/2.4  libwww/2.12 modified> <> <>
buster - - [20/May/1996:15:01:21 +0200] "GET /ir/icons/tools/people2_t.gif HTTP/1.0" 200 2061 <(648/1) Sent file: /ir/icons/tools/people2_t.gif> <NCSA Mosaic for the X Window System/2.4  libwww/2.12 modified> <> <>
buster - - [20/May/1996:15:01:22 +0200] "GET /ir/icons/tools/hacker_t.gif HTTP/1.0" 200 1248 <(649/1) Sent file: /ir/icons/tools/hacker_t.gif> <NCSA Mosaic for the X Window System/2.4  libwww/2.12 modified> <> <>
buster - - [20/May/1996:15:01:22 +0200] "GET /ir/icons/tools/Map_t.gif HTTP/1.0" 200 3425 <(650/1) Sent file: /ir/icons/tools/Map_t.gif> <NCSA Mosaic for the X Window System/2.4  libwww/2.12 modified> <> <>
buster - - [20/May/1996:15:01:22 +0200] "GET /ir/icons/tools/bibdb_t.gif HTTP/1.0" 200 1090 <(651/1) Sent file: /ir/icons/tools/bibdb_t.gif> <NCSA Mosaic for the X Window System/2.4  libwww/2.12 modified> <> <>
buster - - [20/May/1996:15:01:23 +0200] "GET /ir/icons/tools/FGIR_t.gif HTTP/1.0" 200 636 <(652/1) Sent file: /ir/icons/tools/FGIR_t.gif> <NCSA Mosaic for the X Window System/2.4  libwww/2.12 modified> <> <>
buster - - [20/May/1996:15:01:23 +0200] "GET /ir/icons/tools/intern_t.gif HTTP/1.0" 200 475 <(654/1) Sent file: /ir/icons/tools/intern_t.gif> <NCSA Mosaic for the X Window System/2.4  libwww/2.12 modified> <> <>
buster - - [20/May/1996:15:01:24 +0200] "GET /ir/icons/rib_bar_wh.gif HTTP/1.0" 200 1922 <(655/1) Sent file: /ir/icons/rib_bar_wh.gif> <NCSA Mosaic for the X Window System/2.4  libwww/2.12 modified> <> <>
buster - - [20/May/1996:15:01:24 +0200] "GET /ir/icons/notscape/anlogo1.gif HTTP/1.0" 200 1275 <(656/1) Sent file: /ir/icons/notscape/anlogo1.gif> <NCSA Mosaic for the X Window System/2.4  libwww/2.12 modified> <> <>
buster - - [20/May/1996:15:01:31 +0200] "GET /ir/teaching/ HTTP/1.0" 200 1013 <(657/1) Sent file: /ir/teaching/index.html> <NCSA Mosaic for the X Window System/2.4  libwww/2.12 modified> <> <>
buster - - [20/May/1996:15:01:34 +0200] "GET /teaching/pg/pg271/Welcome HTTP/1.0" 200 - <(658/1) File does not exist or is not accessible: /home/robots/www/public-html/teaching/pg/pg271/index.cache> <NCSA Mosaic for the X Window System/2.4  libwww/2.12 modified> <> <>
buster - - [20/May/1996:15:01:34 +0200] "GET /teaching/pg/pg271/Welcome HTTP/1.0" 301 - <(658/1) Sent CGI redirection: http://ls6.informatik.uni-dortmund.de:8080/ir/teaching/pg/pg271/Welcome> <NCSA Mosaic for the X Window System/2.4  libwww/2.12 modified> <> <>
buster - - [20/May/1996:15:01:35 +0200] "GET /ir/teaching/pg/pg271/Welcome HTTP/1.0" 301 - <(659/1) Sent CGI redirection: http://ls6-www.informatik.uni-dortmund.de:81/teaching/pg/pg271/Welcome> <NCSA Mosaic for the X Window System/2.4  libwww/2.12 modified> <> <>
buster - - [20/May/1996:15:02:10 +0200] "GET /ir/projects/ HTTP/1.0" 200 1124 <(697/1) Sent file: /ir/projects/welcome.html> <NCSA Mosaic for the X Window System/2.4  libwww/2.12 modified> <> <>
buster - - [20/May/1996:15:02:14 +0200] "GET /ir/People.html HTTP/1.0" 200 2497 <(705/1) Sent file: /ir/People.html> <NCSA Mosaic for the X Window System/2.4  libwww/2.12 modified> <> <>
buster - - [20/May/1996:15:02:15 +0200] "GET /ir/icons/UnidoLogo.gif HTTP/1.0" 200 802 <(706/1) Sent file: /ir/icons/UnidoLogo.gif> <NCSA Mosaic for the X Window System/2.4  libwww/2.12 modified> <> <>
buster - - [20/May/1996:15:02:15 +0200] "GET /ir/icons/hrule.xbm HTTP/1.0" 200 404 <(707/1) Sent file: /ir/icons/hrule.xbm> <NCSA Mosaic for the X Window System/2.4  libwww/2.12 modified> <> <>
buster - - [20/May/1996:15:02:15 +0200] "GET /ir/icons/LS6Logo.gif HTTP/1.0" 200 591 <(708/1) Sent file: /ir/icons/LS6Logo.gif> <NCSA Mosaic for the X Window System/2.4  libwww/2.12 modified> <> <>
buster - - [20/May/1996:15:02:16 +0200] "GET /ir/icons/people/ls6-small.gif HTTP/1.0" 200 6096 <(709/1) Sent file: /ir/icons/people/ls6-small.gif> <NCSA Mosaic for the X Window System/2.4  libwww/2.12 modified> <> <>
buster - - [20/May/1996:15:02:16 +0200] "GET /ir/icons/people/fuhr-small.gif HTTP/1.0" 200 1198 <(710/1) Sent file: /ir/icons/people/fuhr-small.gif> <NCSA Mosaic for the X Window System/2.4  libwww/2.12 modified> <> <>
buster - - [20/May/1996:15:02:16 +0200] "GET /ir/icons/people/freitag-small.gif HTTP/1.0" 200 1379 <(711/1) Sent file: /ir/icons/people/freitag-small.gif> <NCSA Mosaic for the X Window System/2.4  libwww/2.12 modified> <> <>
buster - - [20/May/1996:15:02:17 +0200] "GET /ir/icons/people/graute-small.gif HTTP/1.0" 200 1453 <(712/1) Sent file: /ir/icons/people/graute-small.gif> <NCSA Mosaic for the X Window System/2.4  libwww/2.12 modified> <> <>
buster - - [20/May/1996:15:02:17 +0200] "GET /ir/icons/people/pfeifer-small.gif HTTP/1.0" 200 1415 <(713/1) Sent file: /ir/icons/people/pfeifer-small.gif> <NCSA Mosaic for the X Window System/2.4  libwww/2.12 modified> <> <>
buster - - [20/May/1996:15:02:17 +0200] "GET /ir/icons/people/roelleke-small.gif HTTP/1.0" 200 1462 <(714/1) Sent file: /ir/icons/people/roelleke-small.gif> <NCSA Mosaic for the X Window System/2.4  libwww/2.12 modified> <> <>
buster - - [20/May/1996:15:02:45 +0200] "GET /foo HTTP/1.0" 200 - <(717/1) File does not exist or is not accessible: /home/robots/www/public-html/index.cache> <> <> <>
buster - - [20/May/1996:15:02:45 +0200] "GET /foo HTTP/1.0" 301 - <(717/1) Sent CGI redirection: http://ls6.informatik.uni-dortmund.de:8080/ir/foo> <> <> <>
buster - - [20/May/1996:15:02:55 +0200] "GET /ir/foo HTTP/1.0" 301 - <(727/1) Sent CGI redirection: http://ls6.informatik.uni-dortmund.de:81/foo> <> <> <>

20/May/1996:15:05:44: Starting WN/1.13.5 at port 8080 with pid 841
