ok 1 - Count: 1: re: (?^u:$). got: (?^u:$)
ok 2 - Count: 2: re: (?^u:$(?<=^(a))). got: (?^u:$(?<=^(a)))
ok 3 - Count: 3: re: (?^u:$b). got: (?^u:$b)
ok 4 - Count: 4: re: (?^u:'$'i). got: (?^u:'$'i)
ok 5 - Count: 5: re: (?^u:'$'m). got: (?^u:'$'m)
ok 6 - Count: 6: re: (?^u:'$b'i). got: (?^u:'$b'i)
ok 7 - Count: 7: re: (?^u:'((((((((((a))))))))))${bang}'i). got: (?^u:'((((((((((a))))))))))${bang}'i)
ok 8 - Count: 8: re: (?^u:'((((((((((a))))))))))'i). got: (?^u:'((((((((((a))))))))))'i)
ok 9 - Count: 9: re: (?^u:'((((((((((a))))))))))\10'i). got: (?^u:'((((((((((a))))))))))\10'i)
ok 10 - Count: 10: re: (?^u:'(((((((((a)))))))))'i). got: (?^u:'(((((((((a)))))))))'i)
ok 11 - Count: 11: re: (?^u:'((?-i)a)b'i). got: (?^u:'((?-i)a)b'i)
ok 12 - Count: 12: re: (?^u:'((?-i:a))b'i). got: (?^u:'((?-i:a))b'i)
ok 13 - Count: 13: re: (?^u:'((?-i:a.))b'i). got: (?^u:'((?-i:a.))b'i)
ok 14 - Count: 14: re: (?^u:'((?-i:a\N))b'i). got: (?^u:'((?-i:a\N))b'i)
ok 15 - Count: 15: re: (?^u:'((?-x:.) )'x). got: (?^u:'((?-x:.) )'x)
ok 16 - Count: 16: re: (?^u:'((?s-i:a.))b'i). got: (?^u:'((?s-i:a.))b'i)
ok 17 - Count: 17: re: (?^u:'((?s-i:a\N))b'i). got: (?^u:'((?s-i:a\N))b'i)
ok 18 - Count: 18: re: (?^u:'((?x:.) )'). got: (?^u:'((?x:.) )')
ok 19 - Count: 19: re: (?^u:'((a)(b)c)(d)'i). got: (?^u:'((a)(b)c)(d)'i)
ok 20 - Count: 20: re: (?^u:'((a))'i). got: (?^u:'((a))'i)
ok 21 - Count: 21: re: (?^u:'()ef'i). got: (?^u:'()ef'i)
ok 22 - Count: 23: re: (?^u:'(.*)c(.*)'i). got: (?^u:'(.*)c(.*)'i)
ok 23 - Count: 24: re: (?^u:'(?!\A)x'm). got: (?^u:'(?!\A)x'm)
ok 24 - Count: 25: re: (?^u:'(?-i:a)b'i). got: (?^u:'(?-i:a)b'i)
ok 25 - Count: 26: re: (?^u:'(?-m:^abc)'m). got: (?^u:'(?-m:^abc)'m)
ok 26 - Count: 27: re: (?^u:'(?:(?-i)a)b'i). got: (?^u:'(?:(?-i)a)b'i)
ok 27 - Count: 28: re: (?^u:'(?:(?:(?:(?:(?:(?:(?:(?:(?:(a))))))))))'i). got: (?^u:'(?:(?:(?:(?:(?:(?:(?:(?:(?:(a))))))))))'i)
ok 28 - Count: 29: re: (?^u:'(?:(?:(?:(?:(?:(?:(?:(?:(?:(a|b|c))))))))))'i). got: (?^u:'(?:(?:(?:(?:(?:(?:(?:(?:(?:(a|b|c))))))))))'i)
ok 29 - Count: 30: re: (?^u:'([a-c]*)\1'i). got: (?^u:'([a-c]*)\1'i)
ok 30 - Count: 31: re: (?^u:'([abc])*bcd'i). got: (?^u:'([abc])*bcd'i)
ok 31 - Count: 32: re: (?^u:'([abc])*d'i). got: (?^u:'([abc])*d'i)
ok 32 - Count: 33: re: (?^u:'(\.c(pp|xx|c)?$)'i). got: (?^u:'(\.c(pp|xx|c)?$)'i)
ok 33 - Count: 34: re: (?^u:'(a)b(c)'i). got: (?^u:'(a)b(c)'i)
ok 34 - Count: 35: re: (?^u:'(a+|b)*'i). got: (?^u:'(a+|b)*'i)
ok 35 - Count: 36: re: (?^u:'(a+|b)+'i). got: (?^u:'(a+|b)+'i)
ok 36 - Count: 37: re: (?^u:'(a+|b)?'i). got: (?^u:'(a+|b)?'i)
ok 37 - Count: 38: re: (?^u:'(a+|b){0,1}'i). got: (?^u:'(a+|b){0,1}'i)
ok 38 - Count: 39: re: (?^u:'(a+|b){0,1}?'i). got: (?^u:'(a+|b){0,1}?'i)
ok 39 - Count: 40: re: (?^u:'(a+|b){0,}'i). got: (?^u:'(a+|b){0,}'i)
ok 40 - Count: 41: re: (?^u:'(a+|b){1,}'i). got: (?^u:'(a+|b){1,}'i)
ok 41 - Count: 42: re: (?^u:'(ab)\d\1'i). got: (?^u:'(ab)\d\1'i)
ok 42 - Count: 44: re: (?^u:'(abc)\1'i). got: (?^u:'(abc)\1'i)
ok 43 - Count: 45: re: (?^u:'(abc|)ef'i). got: (?^u:'(abc|)ef'i)
ok 44 - Count: 46: re: (?^u:'(ab|a)b*c'i). got: (?^u:'(ab|a)b*c'i)
ok 45 - Count: 47: re: (?^u:'(ab|ab*)bc'i). got: (?^u:'(ab|ab*)bc'i)
ok 46 - Count: 48: re: (?^u:'(ab|cd)e'i). got: (?^u:'(ab|cd)e'i)
ok 47 - Count: 49: re: (?^u:'(a|b)c*d'i). got: (?^u:'(a|b)c*d'i)
ok 48 - Count: 50: re: (?^u:'(a|b|c|d|e)f'i). got: (?^u:'(a|b|c|d|e)f'i)
ok 49 - Count: 51: re: (?^u:'(b.)c(?!\N)'s). got: (?^u:'(b.)c(?!\N)'s)
ok 50 - Count: 52: re: (?^u:'(bc+d$|ef*g.|h?i(j|k))'i). got: (?^u:'(bc+d$|ef*g.|h?i(j|k))'i)
ok 51 - Count: 55: re: (?^u:'*a'i). got: (?^u:'*a'i)
ok 52 - Count: 56: re: (?^u:'[[:^cntrl:]]+'u). got: (?^u:'[[:^cntrl:]]+'u)
ok 53 - Count: 57: re: (?^u:'[\x{100}\xff]'i). got: (?^u:'[\x{100}\xff]'i)
ok 54 - Count: 58: re: (?^u:'[^ab]*'i). got: (?^u:'[^ab]*'i)
ok 55 - Count: 59: re: (?^u:'[a-zA-Z_][a-zA-Z0-9_]*'i). got: (?^u:'[a-zA-Z_][a-zA-Z0-9_]*'i)
ok 56 - Count: 60: re: (?^u:'[abhgefdc]ij'i). got: (?^u:'[abhgefdc]ij'i)
ok 57 - Count: 61: re: (?^u:'[k]'i). got: (?^u:'[k]'i)
ok 58 - Count: 62: re: (?^u:'\((.*), (.*)\)'i). got: (?^u:'\((.*), (.*)\)'i)
ok 59 - Count: 63: re: (?^u:'\.c(pp|xx|c)?$'i). got: (?^u:'\.c(pp|xx|c)?$'i)
ok 60 - Count: 64: re: (?^u:'\Aa$'m). got: (?^u:'\Aa$'m)
ok 61 - Count: 65: re: (?^u:'\Awibble\z'm). got: (?^u:'\Awibble\z'm)
ok 62 - Count: 66: re: (?^u:'\Z'm). got: (?^u:'\Z'm)
ok 63 - Count: 67: re: (?^u:'\z'm). got: (?^u:'\z'm)
ok 64 - Count: 68: re: (?^u:'^'i). got: (?^u:'^'i)
ok 65 - Count: 69: re: (?^u:'^(ab|cd)e'i). got: (?^u:'^(ab|cd)e'i)
ok 66 - Count: 70: re: (?^u:'^(o)(?!.*\1)'i). got: (?^u:'^(o)(?!.*\1)'i)
ok 67 - Count: 71: re: (?^u:'^.{9}abc.*\n'm). got: (?^u:'^.{9}abc.*\n'm)
ok 68 - Count: 72: re: (?^u:'^\S\s+aa$'m). got: (?^u:'^\S\s+aa$'m)
ok 69 - Count: 73: re: (?^u:'^a(bc+|b[eh])g|.h$'i). got: (?^u:'^a(bc+|b[eh])g|.h$'i)
ok 70 - Count: 74: re: (?^u:'^abc$'i). got: (?^u:'^abc$'i)
ok 71 - Count: 75: re: (?^u:'^abc'i). got: (?^u:'^abc'i)
ok 72 - Count: 76: re: (?^u:'^d[x][x][x]'m). got: (?^u:'^d[x][x][x]'m)
ok 73 - Count: 77: re: (?^u:'a$'m). got: (?^u:'a$'m)
ok 74 - Count: 78: re: (?^u:'a([bc]*)(c*d)'i). got: (?^u:'a([bc]*)(c*d)'i)
ok 75 - Count: 79: re: (?^u:'a([bc]*)(c+d)'i). got: (?^u:'a([bc]*)(c+d)'i)
ok 76 - Count: 80: re: (?^u:'a([bc]*)c*'i). got: (?^u:'a([bc]*)c*'i)
ok 77 - Count: 81: re: (?^u:'a([bc]+)(c*d)'i). got: (?^u:'a([bc]+)(c*d)'i)
ok 78 - Count: 82: re: (?^u:'a(bc)d'i). got: (?^u:'a(bc)d'i)
ok 79 - Count: 83: re: (?^u:'a*'i). got: (?^u:'a*'i)
ok 80 - Count: 85: re: (?^u:'a+b+c'i). got: (?^u:'a+b+c'i)
ok 81 - Count: 86: re: (?^u:'a.*?c'i). got: (?^u:'a.*?c'i)
ok 82 - Count: 87: re: (?^u:'a.*c'i). got: (?^u:'a.*c'i)
ok 83 - Count: 88: re: (?^u:'a.+?c'i). got: (?^u:'a.+?c'i)
ok 84 - Count: 89: re: (?^u:'a.c'i). got: (?^u:'a.c'i)
ok 85 - Count: 90: re: (?^u:'a.{0,5}?c'i). got: (?^u:'a.{0,5}?c'i)
ok 86 - Count: 92: re: (?^u:'a[-]?c'i). got: (?^u:'a[-]?c'i)
ok 87 - Count: 93: re: (?^u:'a[-b]'i). got: (?^u:'a[-b]'i)
ok 88 - Count: 94: re: (?^u:'a[]]b'i). got: (?^u:'a[]]b'i)
ok 89 - Count: 96: re: (?^u:'a[^-b]c'i). got: (?^u:'a[^-b]c'i)
ok 90 - Count: 97: re: (?^u:'a[^]b]c'i). got: (?^u:'a[^]b]c'i)
ok 91 - Count: 98: re: (?^u:'a[^bc]d'i). got: (?^u:'a[^bc]d'i)
ok 92 - Count: 99: re: (?^u:'a[b-]'i). got: (?^u:'a[b-]'i)
ok 93 - Count: 101: re: (?^u:'a[b-d]'i). got: (?^u:'a[b-d]'i)
ok 94 - Count: 102: re: (?^u:'a[b-d]e'i). got: (?^u:'a[b-d]e'i)
ok 95 - Count: 103: re: (?^u:'a[bc]d'i). got: (?^u:'a[bc]d'i)
ok 96 - Count: 104: re: (?^u:'a[bcd]*dcdcde'i). got: (?^u:'a[bcd]*dcdcde'i)
ok 97 - Count: 105: re: (?^u:'a[bcd]+dcdcde'i). got: (?^u:'a[bcd]+dcdcde'i)
ok 98 - Count: 106: re: (?^u:'a\'i). got: (?^u:'a\'i)
ok 99 - Count: 109: re: (?^u:'a\Nc'i). got: (?^u:'a\Nc'i)
ok 100 - Count: 110: re: (?^u:'a\Z'm). got: (?^u:'a\Z'm)
ok 101 - Count: 111: re: (?^u:'a\\b'i). got: (?^u:'a\\b'i)
ok 102 - Count: 112: re: (?^u:'a\z'm). got: (?^u:'a\z'm)
ok 103 - Count: 113: re: (?^u:'a]'i). got: (?^u:'a]'i)
ok 104 - Count: 114: re: (?^u:'aa$'m). got: (?^u:'aa$'m)
ok 105 - Count: 115: re: (?^u:'aa\Z'm). got: (?^u:'aa\Z'm)
ok 106 - Count: 116: re: (?^u:'aa\z'm). got: (?^u:'aa\z'm)
ok 107 - Count: 117: re: (?^u:'ab$'m). got: (?^u:'ab$'m)
ok 108 - Count: 118: re: (?^u:'ab*'i). got: (?^u:'ab*'i)
ok 109 - Count: 119: re: (?^u:'ab*?bc'i). got: (?^u:'ab*?bc'i)
ok 110 - Count: 120: re: (?^u:'ab*bc'i). got: (?^u:'ab*bc'i)
ok 111 - Count: 121: re: (?^u:'ab*c'i). got: (?^u:'ab*c'i)
ok 112 - Count: 122: re: (?^u:'ab+?bc'i). got: (?^u:'ab+?bc'i)
ok 113 - Count: 123: re: (?^u:'ab+bc'i). got: (?^u:'ab+bc'i)
ok 114 - Count: 124: re: (?^u:'ab??bc'i). got: (?^u:'ab??bc'i)
ok 115 - Count: 125: re: (?^u:'ab??c'i). got: (?^u:'ab??c'i)
ok 116 - Count: 126: re: (?^u:'ab\Z'm). got: (?^u:'ab\Z'm)
ok 117 - Count: 127: re: (?^u:'ab\z'm). got: (?^u:'ab\z'm)
ok 118 - Count: 128: re: (?^u:'abb$'m). got: (?^u:'abb$'m)
ok 119 - Count: 129: re: (?^u:'abb\Z'm). got: (?^u:'abb\Z'm)
ok 120 - Count: 130: re: (?^u:'abb\z'm). got: (?^u:'abb\z'm)
ok 121 - Count: 131: re: (?^u:'abc$'i). got: (?^u:'abc$'i)
ok 122 - Count: 132: re: (?^u:'abc'i). got: (?^u:'abc'i)
ok 123 - Count: 134: re: (?^u:'abcd'i). got: (?^u:'abcd'i)
ok 124 - Count: 135: re: (?^u:'abcd*efg'i). got: (?^u:'abcd*efg'i)
ok 125 - Count: 136: re: (?^u:'ab{0,1}?bc'i). got: (?^u:'ab{0,1}?bc'i)
ok 126 - Count: 137: re: (?^u:'ab{0,1}?c'i). got: (?^u:'ab{0,1}?c'i)
ok 127 - Count: 138: re: (?^u:'ab{0,}?bc'i). got: (?^u:'ab{0,}?bc'i)
ok 128 - Count: 139: re: (?^u:'ab{1,3}?bc'i). got: (?^u:'ab{1,3}?bc'i)
ok 129 - Count: 140: re: (?^u:'ab{1,}?bc'i). got: (?^u:'ab{1,}?bc'i)
ok 130 - Count: 141: re: (?^u:'ab{1,}bc'i). got: (?^u:'ab{1,}bc'i)
ok 131 - Count: 142: re: (?^u:'ab{3,4}?bc'i). got: (?^u:'ab{3,4}?bc'i)
ok 132 - Count: 143: re: (?^u:'ab{4,5}?bc'i). got: (?^u:'ab{4,5}?bc'i)
ok 133 - Count: 144: re: (?^u:'ab|cd'i). got: (?^u:'ab|cd'i)
ok 134 - Count: 145: re: (?^u:'a{1,}b{1,}c'i). got: (?^u:'a{1,}b{1,}c'i)
ok 135 - Count: 146: re: (?^u:'a|b|c|d|e'i). got: (?^u:'a|b|c|d|e'i)
ok 136 - Count: 147: re: (?^u:'b\s^'m). got: (?^u:'b\s^'m)
ok 137 - Count: 148: re: (?^u:'multiple words of text'i). got: (?^u:'multiple words of text'i)
ok 138 - Count: 149: re: (?^u:'multiple words'i). got: (?^u:'multiple words'i)
ok 139 - Count: 150: re: (?^u:((((((((((a))))))))))). got: (?^u:((((((((((a)))))))))))
ok 140 - Count: 151: re: (?^u:((((((((((a))))))))))${bang}). got: (?^u:((((((((((a))))))))))${bang})
ok 141 - Count: 152: re: (?^u:((((((((((a))))))))))\10). got: (?^u:((((((((((a))))))))))\10)
ok 142 - Count: 153: re: (?^u:(((((((((a)))))))))). got: (?^u:(((((((((a))))))))))
ok 143 - Count: 154: re: (?^u:(((ABCD|ABCE|ABCF)))(A|B|C[xy]*):). got: (?^u:(((ABCD|ABCE|ABCF)))(A|B|C[xy]*):)
ok 144 - Count: 155: re: (?^u:(((aa){2})+)). got: (?^u:(((aa){2})+))
ok 145 - Count: 156: re: (?^u:(((a{2}){2})+)). got: (?^u:(((a{2}){2})+))
ok 146 - Count: 157: re: (?^u:((?2)*)([fF]o+)). got: (?^u:((?2)*)([fF]o+))
ok 147 - Count: 158: re: (?^u:((?:aaaa|bbbb)cccc)?). got: (?^u:((?:aaaa|bbbb)cccc)?)
ok 148 - Count: 159: re: (?^u:((?>[^()]+)|\([^()]*\))+). got: (?^u:((?>[^()]+)|\([^()]*\))+)
ok 149 - Count: 160: re: (?^u:((?>a+)b)). got: (?^u:((?>a+)b))
ok 150 - Count: 162: re: (?^u:((?a)[[:^alnum:]]+)). got: (?^u:((?a)[[:^alnum:]]+))
ok 151 - Count: 163: re: (?^u:((?a)[[:^print:]]+)). got: (?^u:((?a)[[:^print:]]+))
ok 152 - Count: 164: re: (?^u:((?a)[[:^word:]]+)). got: (?^u:((?a)[[:^word:]]+))
ok 153 - Count: 165: re: (?^u:((?i)a)b). got: (?^u:((?i)a)b)
ok 154 - Count: 166: re: (?^u:((?i:a))b). got: (?^u:((?i:a))b)
ok 155 - Count: 167: re: (?^u:((?m)^b$)). got: (?^u:((?m)^b$))
ok 156 - Count: 168: re: (?^u:((?m)^b)). got: (?^u:((?m)^b))
ok 157 - Count: 169: re: (?^u:((?s).)c(?!.)). got: (?^u:((?s).)c(?!.))
ok 158 - Count: 170: re: (?^u:((?s)^a(.))((?m)^b$)). got: (?^u:((?s)^a(.))((?m)^b$))
ok 159 - Count: 171: re: (?^u:((?s)b.)c(?!.)). got: (?^u:((?s)b.)c(?!.))
ok 160 - Count: 172: re: (?^u:((?s)b.)c(?!\N)). got: (?^u:((?s)b.)c(?!\N))
ok 161 - Count: 173: re: (?^u:((A(*PRUNE)B|A(*PRUNE)C))). got: (?^u:((A(*PRUNE)B|A(*PRUNE)C)))
ok 162 - Count: 174: re: (?^u:((A(*PRUNE)B|A(*PRUNE)C|A(*PRUNE)D))). got: (?^u:((A(*PRUNE)B|A(*PRUNE)C|A(*PRUNE)D)))
ok 163 - Count: 175: re: (?^u:((A(*PRUNE)B|A(*PRUNE)D|A(*PRUNE)C))). got: (?^u:((A(*PRUNE)B|A(*PRUNE)D|A(*PRUNE)C)))
ok 164 - Count: 176: re: (?^u:(([a-c])b*?\2)*). got: (?^u:(([a-c])b*?\2)*)
ok 165 - Count: 177: re: (?^u:(([a-c])b*?\2){3}). got: (?^u:(([a-c])b*?\2){3})
ok 166 - Count: 178: re: (?^u:(([abc]+) \g-1)(([abc]+) \g{-1})). got: (?^u:(([abc]+) \g-1)(([abc]+) \g{-1}))
ok 167 - Count: 179: re: (?^u:((\3|b)\2(a)){2,}). got: (?^u:((\3|b)\2(a)){2,})
ok 168 - Count: 180: re: (?^u:((\3|b)\2(a)x)+). got: (?^u:((\3|b)\2(a)x)+)
ok 169 - Count: 181: re: (?^u:((a)(b)c)(d)). got: (?^u:((a)(b)c)(d))
ok 170 - Count: 182: re: (?^u:((a))). got: (?^u:((a)))
ok 171 - Count: 183: re: (?^u:((a{4})+)). got: (?^u:((a{4})+))
ok 172 - Count: 185: re: (?^u:((foo)|(bar))*). got: (?^u:((foo)|(bar))*)
ok 173 - Count: 186: re: (?^u:()(?(1)b|a)). got: (?^u:()(?(1)b|a))
ok 174 - Count: 187: re: (?^u:()?(?(1)a|b)). got: (?^u:()?(?(1)a|b))
ok 175 - Count: 188: re: (?^u:()?(?(1)b|a)). got: (?^u:()?(?(1)b|a))
ok 176 - Count: 189: re: (?^u:()\x{100}\x{1000}). got: (?^u:()\x{100}\x{1000})
ok 177 - Count: 190: re: (?^u:()^b). got: (?^u:()^b)
ok 178 - Count: 191: re: (?^u:()ef). got: (?^u:()ef)
ok 179 - Count: 193: re: (?^u:(.)(?|(.)(.)x|(.)d)(.)). got: (?^u:(.)(?|(.)(.)x|(.)d)(.))
ok 180 - Count: 194: re: (?^u:(.)\2147483648). got: (?^u:(.)\2147483648)
ok 181 - Count: 195: re: (?^u:(.)\2147483649). got: (?^u:(.)\2147483649)
ok 182 - Count: 196: re: (?^u:(.)\2147483650). got: (?^u:(.)\2147483650)
ok 183 - Count: 212: re: (?^u:(.*)(?<=[bc])). got: (?^u:(.*)(?<=[bc]))
ok 184 - Count: 213: re: (?^u:(.*)(?<=[bc])c). got: (?^u:(.*)(?<=[bc])c)
ok 185 - Count: 214: re: (?^u:(.*)(?<=b)). got: (?^u:(.*)(?<=b))
ok 186 - Count: 215: re: (?^u:(.*)(?<=b)c). got: (?^u:(.*)(?<=b)c)
ok 187 - Count: 216: re: (?^u:(.*)(?<=b|c)). got: (?^u:(.*)(?<=b|c))
ok 188 - Count: 217: re: (?^u:(.*)(?<=b|c)c). got: (?^u:(.*)(?<=b|c)c)
ok 189 - Count: 218: re: (?^u:(.*)(?<=c|b)). got: (?^u:(.*)(?<=c|b))
ok 190 - Count: 219: re: (?^u:(.*)(?<=c|b)c). got: (?^u:(.*)(?<=c|b)c)
ok 191 - Count: 220: re: (?^u:(.*)(?=[bc])). got: (?^u:(.*)(?=[bc]))
ok 192 - Count: 221: re: (?^u:(.*)(?=[bc])c). got: (?^u:(.*)(?=[bc])c)
ok 193 - Count: 222: re: (?^u:(.*)(?=b|c)). got: (?^u:(.*)(?=b|c))
ok 194 - Count: 223: re: (?^u:(.*)(?=b|c)c). got: (?^u:(.*)(?=b|c)c)
ok 195 - Count: 224: re: (?^u:(.*)(?=c)). got: (?^u:(.*)(?=c))
ok 196 - Count: 225: re: (?^u:(.*)(?=c)c). got: (?^u:(.*)(?=c)c)
ok 197 - Count: 226: re: (?^u:(.*)(?=c|b)). got: (?^u:(.*)(?=c|b))
ok 198 - Count: 227: re: (?^u:(.*)(?=c|b)c). got: (?^u:(.*)(?=c|b)c)
ok 199 - Count: 228: re: (?^u:(.*)\d+\1). got: (?^u:(.*)\d+\1)
ok 200 - Count: 229: re: (?^u:(.*)c). got: (?^u:(.*)c)
ok 201 - Count: 230: re: (?^u:(.*)c(.*)). got: (?^u:(.*)c(.*))
ok 202 - Count: 231: re: (?^u:(.*?)(?<=[bc])). got: (?^u:(.*?)(?<=[bc]))
ok 203 - Count: 232: re: (?^u:(.*?)(?<=[bc])c). got: (?^u:(.*?)(?<=[bc])c)
ok 204 - Count: 233: re: (?^u:(.*?)(?<=b)). got: (?^u:(.*?)(?<=b))
ok 205 - Count: 234: re: (?^u:(.*?)(?<=b)c). got: (?^u:(.*?)(?<=b)c)
ok 206 - Count: 235: re: (?^u:(.*?)(?<=b|c)). got: (?^u:(.*?)(?<=b|c))
ok 207 - Count: 236: re: (?^u:(.*?)(?<=b|c)c). got: (?^u:(.*?)(?<=b|c)c)
ok 208 - Count: 237: re: (?^u:(.*?)(?<=c|b)). got: (?^u:(.*?)(?<=c|b))
ok 209 - Count: 238: re: (?^u:(.*?)(?<=c|b)c). got: (?^u:(.*?)(?<=c|b)c)
ok 210 - Count: 239: re: (?^u:(.*?)(?=[bc])). got: (?^u:(.*?)(?=[bc]))
ok 211 - Count: 240: re: (?^u:(.*?)(?=[bc])c). got: (?^u:(.*?)(?=[bc])c)
ok 212 - Count: 241: re: (?^u:(.*?)(?=b|c)). got: (?^u:(.*?)(?=b|c))
ok 213 - Count: 242: re: (?^u:(.*?)(?=b|c)c). got: (?^u:(.*?)(?=b|c)c)
ok 214 - Count: 243: re: (?^u:(.*?)(?=c)). got: (?^u:(.*?)(?=c))
ok 215 - Count: 244: re: (?^u:(.*?)(?=c)c). got: (?^u:(.*?)(?=c)c)
ok 216 - Count: 245: re: (?^u:(.*?)(?=c|b)). got: (?^u:(.*?)(?=c|b))
ok 217 - Count: 246: re: (?^u:(.*?)(?=c|b)c). got: (?^u:(.*?)(?=c|b)c)
ok 218 - Count: 247: re: (?^u:(.*?)c). got: (?^u:(.*?)c)
ok 219 - Count: 248: re: (?^u:(<(?:[^<>]+|(?R))*>)). got: (?^u:(<(?:[^<>]+|(?R))*>))
ok 220 - Count: 249: re: (?^u:(>a+)ab). got: (?^u:(>a+)ab)
ok 221 - Count: 251: re: (?^u:(?(1)a|b)). got: (?^u:(?(1)a|b))
ok 222 - Count: 253: re: (?^u:(?(1)b|a)). got: (?^u:(?(1)b|a))
ok 223 - Count: 255: re: (?^u:(?(?!\x{100})\x{100}|b)). got: (?^u:(?(?!\x{100})\x{100}|b))
ok 224 - Count: 256: re: (?^u:(?(?!\x{100})b|\x{100})). got: (?^u:(?(?!\x{100})b|\x{100}))
ok 225 - Count: 257: re: (?^u:(?(?!a)a|b)). got: (?^u:(?(?!a)a|b))
ok 226 - Count: 258: re: (?^u:(?(?!a)b|a)). got: (?^u:(?(?!a)b|a))
ok 227 - Count: 259: re: (?^u:(?(?=\x{100})\x{100}|b)). got: (?^u:(?(?=\x{100})\x{100}|b))
ok 228 - Count: 260: re: (?^u:(?(?=\x{100})b|\x{100})). got: (?^u:(?(?=\x{100})b|\x{100}))
ok 229 - Count: 261: re: (?^u:(?(?=a)a|b)). got: (?^u:(?(?=a)a|b))
ok 230 - Count: 262: re: (?^u:(?(?=a)b|a)). got: (?^u:(?(?=a)b|a))
ok 231 - Count: 267: re: (?^u:(?(DEFINE)(?<A>(?&B)+)(?<B>a))(?&A)). got: (?^u:(?(DEFINE)(?<A>(?&B)+)(?<B>a))(?&A))
ok 232 - Count: 268: re: (?^u:(?1)(?(DEFINE)(blah))). got: (?^u:(?1)(?(DEFINE)(blah)))
ok 233 - Count: 269: re: (?^u:(?1)(?:(b)){0}). got: (?^u:(?1)(?:(b)){0})
ok 234 - Count: 270: re: (?^u:(?:(?:)foo|bar|zot|rt78356)). got: (?^u:(?:(?:)foo|bar|zot|rt78356))
ok 235 - Count: 271: re: (?^u:(?:(?i)a)b). got: (?^u:(?:(?i)a)b)
ok 236 - Count: 272: re: (?^u:(?:(a(*SKIP)b)){0}(?:(?1)|ac)). got: (?^u:(?:(a(*SKIP)b)){0}(?:(?1)|ac))
ok 237 - Count: 273: re: (?^u:(?:(b)?a)\1). got: (?^u:(?:(b)?a)\1)
ok 238 - Count: 274: re: (?^u:(?:(f)(o)(o)|(b)(a)(r))*). got: (?^u:(?:(f)(o)(o)|(b)(a)(r))*)
ok 239 - Count: 275: re: (?^u:(?:..)*?a). got: (?^u:(?:..)*?a)
ok 240 - Count: 276: re: (?^u:(?:..)*a). got: (?^u:(?:..)*a)
ok 241 - Count: 277: re: (?^u:(?:aA)*+(?:aA)). got: (?^u:(?:aA)*+(?:aA))
ok 242 - Count: 278: re: (?^u:(?:aA)*+b). got: (?^u:(?:aA)*+b)
ok 243 - Count: 279: re: (?^u:(?:aA)++(?:aA)). got: (?^u:(?:aA)++(?:aA))
ok 244 - Count: 280: re: (?^u:(?:aA)++b). got: (?^u:(?:aA)++b)
ok 245 - Count: 281: re: (?^u:(?:aA)?+(?:aA)). got: (?^u:(?:aA)?+(?:aA))
ok 246 - Count: 282: re: (?^u:(?:aA)?+b). got: (?^u:(?:aA)?+b)
ok 247 - Count: 283: re: (?^u:(?:aA){1,5}+(?:aA)). got: (?^u:(?:aA){1,5}+(?:aA))
ok 248 - Count: 284: re: (?^u:(?:aA){1,5}+b). got: (?^u:(?:aA){1,5}+b)
ok 249 - Count: 285: re: (?^u:(?:aA|bB)*+(?:aA|bB)). got: (?^u:(?:aA|bB)*+(?:aA|bB))
ok 250 - Count: 286: re: (?^u:(?:aA|bB)*+b). got: (?^u:(?:aA|bB)*+b)
ok 251 - Count: 287: re: (?^u:(?:aA|bB)++(?:aA|bB)). got: (?^u:(?:aA|bB)++(?:aA|bB))
ok 252 - Count: 288: re: (?^u:(?:aA|bB)++b). got: (?^u:(?:aA|bB)++b)
ok 253 - Count: 289: re: (?^u:(?:aA|bB)?+(?:aA|bB)). got: (?^u:(?:aA|bB)?+(?:aA|bB))
ok 254 - Count: 290: re: (?^u:(?:aA|bB)?+b). got: (?^u:(?:aA|bB)?+b)
ok 255 - Count: 291: re: (?^u:(?:aA|bB){1,5}+(?:aA|bB)). got: (?^u:(?:aA|bB){1,5}+(?:aA|bB))
ok 256 - Count: 292: re: (?^u:(?:aA|bB){1,5}+b). got: (?^u:(?:aA|bB){1,5}+b)
ok 257 - Count: 293: re: (?^u:(?:c|d)(?:)(?:a(?:)(?:b)(?:b(?:))(?:b(?:)(?:b)))). got: (?^u:(?:c|d)(?:)(?:a(?:)(?:b)(?:b(?:))(?:b(?:)(?:b))))
ok 258 - Count: 294: re: (?^u:(?:c|d)(?:)(?:aaaaaaaa(?:)(?:bbbbbbbb)(?:bbbbbbbb(?:))(?:bbbbbbbb(?:)(?:bbbbbbbb)))). got: (?^u:(?:c|d)(?:)(?:aaaaaaaa(?:)(?:bbbbbbbb)(?:bbbbbbbb(?:))(?:bbbbbbbb(?:)(?:bbbbbbbb))))
ok 259 - Count: 295: re: (?^u:(?:r?)*?r|(.{2,4})). got: (?^u:(?:r?)*?r|(.{2,4}))
ok 260 - Count: 296: re: (?^u:(?<!(c|d))[ab]). got: (?^u:(?<!(c|d))[ab])
ok 261 - Count: 297: re: (?^u:(?<!(c|d))b). got: (?^u:(?<!(c|d))b)
ok 262 - Count: 298: re: (?^u:(?<![cd])[ab]). got: (?^u:(?<![cd])[ab])
ok 263 - Count: 299: re: (?^u:(?<![cd])b). got: (?^u:(?<![cd])b)
ok 264 - Count: 300: re: (?^u:(?<!bar>)foo). got: (?^u:(?<!bar>)foo)
ok 265 - Count: 301: re: (?^u:(?<!bar>ABC)foo). got: (?^u:(?<!bar>ABC)foo)
ok 266 - Count: 302: re: (?^u:(?<!c)b). got: (?^u:(?<!c)b)
ok 267 - Count: 303: re: (?^u:(?<!cd)[ab]). got: (?^u:(?<!cd)[ab])
ok 268 - Count: 305: re: (?^u:(?<=a)b). got: (?^u:(?<=a)b)
ok 269 - Count: 306: re: (?^u:(?<=abcd(?<=(aaaabcd)))). got: (?^u:(?<=abcd(?<=(aaaabcd))))
ok 270 - Count: 307: re: (?^u:(?<=bar>)foo). got: (?^u:(?<=bar>)foo)
ok 271 - Count: 308: re: (?^u:(?<=bar>ABC)foo). got: (?^u:(?<=bar>ABC)foo)
ok 272 - Count: 309: re: (?^u:(?<=foo)). got: (?^u:(?<=foo))
ok 273 - Count: 310: re: (?^u:(?<=foo)Y). got: (?^u:(?<=foo)Y)
ok 274 - Count: 312: re: (?^u:(?<A>foo(?(R)bar))?(?1)). got: (?^u:(?<A>foo(?(R)bar))?(?1))
ok 275 - Count: 313: re: (?^u:(?<A>foo)?(?(1)bar|nada)). got: (?^u:(?<A>foo)?(?(1)bar|nada))
ok 276 - Count: 314: re: (?^u:(?<A>foo)?(?(<A>)bar|nada)). got: (?^u:(?<A>foo)?(?(<A>)bar|nada))
ok 277 - Count: 315: re: (?^u:(?<bar>)(?|(?<foo>x))). got: (?^u:(?<bar>)(?|(?<foo>x)))
ok 278 - Count: 316: re: (?^u:(?<bar>)foo). got: (?^u:(?<bar>)foo)
ok 279 - Count: 317: re: (?^u:(?<bar>ABC)foo). got: (?^u:(?<bar>ABC)foo)
ok 280 - Count: 319: re: (?^u:(?<n>foo)|(?<n>bar)|(?<n>baz)). got: (?^u:(?<n>foo)|(?<n>bar)|(?<n>baz))
ok 281 - Count: 320: re: (?^u:(?<n>foo|bar|baz)). got: (?^u:(?<n>foo|bar|baz))
ok 282 - Count: 321: re: (?^u:(?<n>foo|bar|baz)(?<m>[ew]+)). got: (?^u:(?<n>foo|bar|baz)(?<m>[ew]+))
ok 283 - Count: 322: re: (?^u:(?=(a+?))(\1ab)). got: (?^u:(?=(a+?))(\1ab))
ok 284 - Count: 323: re: (?^u:(?=)a). got: (?^u:(?=)a)
ok 285 - Count: 324: re: (?^u:(?=.*P)P). got: (?^u:(?=.*P)P)
ok 286 - Count: 325: re: (?^u:(?=XY*foo)). got: (?^u:(?=XY*foo))
ok 287 - Count: 326: re: (?^u:(?=foo)). got: (?^u:(?=foo))
ok 288 - Count: 327: re: (?^u:(?=xy(?<=(aaxy)))). got: (?^u:(?=xy(?<=(aaxy))))
ok 289 - Count: 328: re: (?^u:(?>(a+))b). got: (?^u:(?>(a+))b)
ok 290 - Count: 329: re: (?^u:(?>a+)b). got: (?^u:(?>a+)b)
ok 291 - Count: 334: re: (?^u:(?P<n>foo)|(?P<n>bar)|(?P<n>baz)). got: (?^u:(?P<n>foo)|(?P<n>bar)|(?P<n>baz))
ok 292 - Count: 335: re: (?^u:(?P<n>foo|bar|baz)). got: (?^u:(?P<n>foo|bar|baz))
ok 293 - Count: 336: re: (?^u:(?P<n>foo|bar|baz)(?P<m>[ew]+)). got: (?^u:(?P<n>foo|bar|baz)(?P<m>[ew]+))
ok 294 - Count: 338: re: (?^u:(?a:((?u)\w)\W)). got: (?^u:(?a:((?u)\w)\W))
ok 295 - Count: 339: re: (?^u:(?a:\p{Any})). got: (?^u:(?a:\p{Any}))
ok 296 - Count: 340: re: (?^u:(?aa:\p{Any})). got: (?^u:(?aa:\p{Any}))
ok 297 - Count: 341: re: (?^u:(?i)). got: (?^u:(?i))
ok 298 - Count: 342: re: (?^u:(?i:.[b].)). got: (?^u:(?i:.[b].))
ok 299 - Count: 343: re: (?^u:(?i:\N[b]\N)). got: (?^u:(?i:\N[b]\N))
ok 300 - Count: 344: re: (?^u:(?i:a)b). got: (?^u:(?i:a)b)
ok 301 - Count: 345: re: (?^u:(?m)^(b)). got: (?^u:(?m)^(b))
ok 302 - Count: 346: re: (?^u:(?m)^b). got: (?^u:(?m)^b)
ok 303 - Count: 347: re: (?^u:(?m:(foo\s*$))). got: (?^u:(?m:(foo\s*$)))
ok 304 - Count: 352: re: (?^u:(?|(?<bar>y)|(?<foo>x))). got: (?^u:(?|(?<bar>y)|(?<foo>x)))
ok 305 - Count: 353: re: (?^u:(?|(?<foo>x))). got: (?^u:(?|(?<foo>x)))
ok 306 - Count: 354: re: (?^u:(?|(?<foo>x)|(?<bar>y))). got: (?^u:(?|(?<foo>x)|(?<bar>y)))
ok 307 - Count: 355: re: (?^u:(?|(?|(a)|(b))|(?|(c)|(d)))). got: (?^u:(?|(?|(a)|(b))|(?|(c)|(d))))
ok 308 - Count: 356: re: (?^u:(?|(a))). got: (?^u:(?|(a)))
ok 309 - Count: 357: re: (?^u:(?|(b)|()()()()()()()()()()()()()()()()()()()()()()()()()()()()()()()()()()()()()()()()()()()()()()()()()()()()()()()()()()()()()()()()()()()()()()()()()()()()()()()()()()()()()()()()()()()()()()()()()()()()()()()()()()()()()()()()()()()()()()()()()()()()()()()()()()()()()()()()()()()()()()()()()()()()()()()()()()()()()()()()()()()()()()()()()()()()()()()()()()()()(a))). got: (?^u:(?|(b)|()()()()()()()()()()()()()()()()()()()()()()()()()()()()()()()()()()()()()()()()()()()()()()()()()()()()()()()()()()()()()()()()()()()()()()()()()()()()()()()()()()()()()()()()()()()()()()()()()()()()()()()()()()()()()()()()()()()()()()()()()()()()()()()()()()()()()()()()()()()()()()()()()()()()()()()()()()()()()()()()()()()()()()()()()()()()()()()()()()()()(a)))
ok 310 - Count: 358: re: (?^u:(?|a(.)b|d(.(o).)d|i(.)(.)j)(.)). got: (?^u:(?|a(.)b|d(.(o).)d|i(.)(.)j)(.))
ok 311 - Count: 359: re: (?^u:(A(*PRUNE)B|A(*PRUNE)C)). got: (?^u:(A(*PRUNE)B|A(*PRUNE)C))
ok 312 - Count: 360: re: (?^u:(A(*PRUNE)B|A(*PRUNE)C|A(*PRUNE)D)). got: (?^u:(A(*PRUNE)B|A(*PRUNE)C|A(*PRUNE)D))
ok 313 - Count: 361: re: (?^u:(A(*PRUNE)B|A(*PRUNE)D|A(*PRUNE)C)). got: (?^u:(A(*PRUNE)B|A(*PRUNE)D|A(*PRUNE)C))
ok 314 - Count: 362: re: (?^u:(A(A|B(*ACCEPT)|C)D)(E)). got: (?^u:(A(A|B(*ACCEPT)|C)D)(E))
ok 315 - Count: 363: re: (?^u:(A|B)*(?(1)(CD)|(CD))). got: (?^u:(A|B)*(?(1)(CD)|(CD)))
ok 316 - Count: 364: re: (?^u:(A|B)*?(?(1)(CD)|(CD))). got: (?^u:(A|B)*?(?(1)(CD)|(CD)))
ok 317 - Count: 365: re: (?^u:(WORDS|WORD)S). got: (?^u:(WORDS|WORD)S)
ok 318 - Count: 366: re: (?^u:(WORDS|WORLD|WORD)+S). got: (?^u:(WORDS|WORLD|WORD)+S)
ok 319 - Count: 367: re: (?^u:(WORDS|WORLD|WORD)S). got: (?^u:(WORDS|WORLD|WORD)S)
ok 320 - Count: 368: re: (?^u:(X.|WORDS|WORD|Y.)S). got: (?^u:(X.|WORDS|WORD|Y.)S)
ok 321 - Count: 369: re: (?^u:(X.|WORDS|X.|WORD)S). got: (?^u:(X.|WORDS|X.|WORD)S)
ok 322 - Count: 370: re: (?^u:([[.]+)). got: (?^u:([[.]+))
ok 323 - Count: 371: re: (?^u:([[:]+)). got: (?^u:([[:]+))
ok 324 - Count: 372: re: (?^u:([[:^alpha:]]+)). got: (?^u:([[:^alpha:]]+))
ok 325 - Count: 373: re: (?^u:([[:^ascii:]]+)). got: (?^u:([[:^ascii:]]+))
ok 326 - Count: 374: re: (?^u:([[:^cntrl:]]+)). got: (?^u:([[:^cntrl:]]+))
ok 327 - Count: 375: re: (?^u:([[:^digit:]]+)). got: (?^u:([[:^digit:]]+))
ok 328 - Count: 376: re: (?^u:([[:^lower:]]+)). got: (?^u:([[:^lower:]]+))
ok 329 - Count: 377: re: (?^u:([[:^punct:]]+)). got: (?^u:([[:^punct:]]+))
ok 330 - Count: 378: re: (?^u:([[:^space:]]+)). got: (?^u:([[:^space:]]+))
ok 331 - Count: 379: re: (?^u:([[:^upper:]]+)). got: (?^u:([[:^upper:]]+))
ok 332 - Count: 380: re: (?^u:([[:^xdigit:]]+)). got: (?^u:([[:^xdigit:]]+))
ok 333 - Count: 381: re: (?^u:([[:alnum:]]+)). got: (?^u:([[:alnum:]]+))
ok 334 - Count: 382: re: (?^u:([[:alpha:]]+)). got: (?^u:([[:alpha:]]+))
ok 335 - Count: 383: re: (?^u:([[:ascii:]]+)). got: (?^u:([[:ascii:]]+))
ok 336 - Count: 384: re: (?^u:([[:cntrl:]]+)). got: (?^u:([[:cntrl:]]+))
ok 337 - Count: 387: re: (?^u:([[:digit:]]+)). got: (?^u:([[:digit:]]+))
ok 338 - Count: 388: re: (?^u:([[:graph:]]+)). got: (?^u:([[:graph:]]+))
ok 339 - Count: 389: re: (?^u:([[:lower:]]+)). got: (?^u:([[:lower:]]+))
ok 340 - Count: 390: re: (?^u:([[:print:]]+)). got: (?^u:([[:print:]]+))
ok 341 - Count: 391: re: (?^u:([[:punct:]]+)). got: (?^u:([[:punct:]]+))
ok 342 - Count: 392: re: (?^u:([[:space:]]+)). got: (?^u:([[:space:]]+))
ok 343 - Count: 393: re: (?^u:([[:upper:]]+)). got: (?^u:([[:upper:]]+))
ok 344 - Count: 394: re: (?^u:([[:word:]]+)). got: (?^u:([[:word:]]+))
ok 345 - Count: 395: re: (?^u:([[:xdigit:]]+)). got: (?^u:([[:xdigit:]]+))
ok 346 - Count: 396: re: (?^u:([[=]+)). got: (?^u:([[=]+))
ok 347 - Count: 399: re: (?^u:([\w:]+::)?(\w+)$). got: (?^u:([\w:]+::)?(\w+)$)
ok 348 - Count: 400: re: (?^u:([^()]++|\([^()]*\))+). got: (?^u:([^()]++|\([^()]*\))+)
ok 349 - Count: 403: re: (?^u:([a-c]*)\1). got: (?^u:([a-c]*)\1)
ok 350 - Count: 405: re: (?^u:([abc])*bcd). got: (?^u:([abc])*bcd)
ok 351 - Count: 406: re: (?^u:([abc])*d). got: (?^u:([abc])*d)
ok 352 - Count: 407: re: (?^u:([yX].|WORDS|WORD|[xY].)+S). got: (?^u:([yX].|WORDS|WORD|[xY].)+S)
ok 353 - Count: 408: re: (?^u:([yX].|WORDS|WORD|[xY].)S). got: (?^u:([yX].|WORDS|WORD|[xY].)S)
ok 354 - Count: 409: re: (?^u:([yX].|WORDS|[yX].|WORD)+S). got: (?^u:([yX].|WORDS|[yX].|WORD)+S)
ok 355 - Count: 410: re: (?^u:([yX].|WORDS|[yX].|WORD)S). got: (?^u:([yX].|WORDS|[yX].|WORD)S)
ok 356 - Count: 411: re: (?^u:([zx].|foo|fool|[qx].|money|parted|[py].)$). got: (?^u:([zx].|foo|fool|[qx].|money|parted|[py].)$)
ok 357 - Count: 412: re: (?^u:([zx].|foo|fool|[qx].|money|parted|[py].)+$). got: (?^u:([zx].|foo|fool|[qx].|money|parted|[py].)+$)
ok 358 - Count: 413: re: (?^u:([zx].|foo|fool|[zq].|money|parted|[yx].)$). got: (?^u:([zx].|foo|fool|[zq].|money|parted|[yx].)$)
ok 359 - Count: 414: re: (?^u:([zx].|foo|fool|[zq].|money|parted|[yx].)+$). got: (?^u:([zx].|foo|fool|[zq].|money|parted|[yx].)+$)
ok 360 - Count: 415: re: (?^u:(\H)(\h)). got: (?^u:(\H)(\h))
ok 361 - Count: 416: re: (?^u:(\H+)(\h)). got: (?^u:(\H+)(\h))
ok 362 - Count: 417: re: (?^u:(\N)(?|(\N)(\N)x|(\N)d)(\N)). got: (?^u:(\N)(?|(\N)(\N)x|(\N)d)(\N))
ok 363 - Count: 418: re: (?^u:(\R)(\V)). got: (?^u:(\R)(\V))
ok 364 - Count: 419: re: (?^u:(\R+)(\V)). got: (?^u:(\R+)(\V))
ok 365 - Count: 420: re: (?^u:(\V)(\R)). got: (?^u:(\V)(\R))
ok 366 - Count: 421: re: (?^u:(\V)(\v)). got: (?^u:(\V)(\v))
ok 367 - Count: 422: re: (?^u:(\V+)(\R)). got: (?^u:(\V+)(\R))
ok 368 - Count: 423: re: (?^u:(\V+)(\v)). got: (?^u:(\V+)(\v))
ok 369 - Count: 424: re: (?^u:(\ba.{0,10}br)). got: (?^u:(\ba.{0,10}br))
ok 370 - Count: 425: re: (?^u:(\d+\.\d+)). got: (?^u:(\d+\.\d+))
ok 371 - Count: 426: re: (?^u:(\h)(\H)). got: (?^u:(\h)(\H))
ok 372 - Count: 427: re: (?^u:(\h+)(\H)). got: (?^u:(\h+)(\H))
ok 373 - Count: 428: re: (?^u:(\v)(\V)). got: (?^u:(\v)(\V))
ok 374 - Count: 429: re: (?^u:(\v+)(\V)). got: (?^u:(\v+)(\V))
ok 375 - Count: 430: re: (?^u:(\w)?(abc)\1b). got: (?^u:(\w)?(abc)\1b)
ok 376 - Count: 431: re: (?^u:(\w+:)+). got: (?^u:(\w+:)+)
ok 377 - Count: 432: re: (?^u:(\x{100})). got: (?^u:(\x{100}))
ok 378 - Count: 433: re: (?^u:(^|a)b). got: (?^u:(^|a)b)
ok 379 - Count: 434: re: (?^u:(^|x)(c)). got: (?^u:(^|x)(c))
ok 380 - Count: 435: re: (?^u:(a)(?:(?-1)|(?+1))(b)). got: (?^u:(a)(?:(?-1)|(?+1))(b))
ok 381 - Count: 436: re: (?^u:(a)(b)(c)\g1\g2\g3). got: (?^u:(a)(b)(c)\g1\g2\g3)
ok 382 - Count: 437: re: (?^u:(a)*ab). got: (?^u:(a)*ab)
ok 383 - Count: 438: re: (?^u:(a)?(a)+). got: (?^u:(a)?(a)+)
ok 384 - Count: 439: re: (?^u:(a)b(c)). got: (?^u:(a)b(c))
ok 385 - Count: 440: re: (?^u:(a)|(b)). got: (?^u:(a)|(b))
ok 386 - Count: 441: re: (?^u:(a)|\1). got: (?^u:(a)|\1)
ok 387 - Count: 443: re: (?^u:(a*)b+). got: (?^u:(a*)b+)
ok 388 - Count: 444: re: (?^u:(a+|b)*). got: (?^u:(a+|b)*)
ok 389 - Count: 445: re: (?^u:(a+|b)+). got: (?^u:(a+|b)+)
ok 390 - Count: 446: re: (?^u:(a+|b)?). got: (?^u:(a+|b)?)
ok 391 - Count: 447: re: (?^u:(a+|b){0,1}). got: (?^u:(a+|b){0,1})
ok 392 - Count: 448: re: (?^u:(a+|b){0,}). got: (?^u:(a+|b){0,})
ok 393 - Count: 449: re: (?^u:(a+|b){1,}). got: (?^u:(a+|b){1,})
ok 394 - Count: 450: re: (?^u:(aA)*+(aA)). got: (?^u:(aA)*+(aA))
ok 395 - Count: 451: re: (?^u:(aA)*+b). got: (?^u:(aA)*+b)
ok 396 - Count: 452: re: (?^u:(aA)++(aA)). got: (?^u:(aA)++(aA))
ok 397 - Count: 453: re: (?^u:(aA)++b). got: (?^u:(aA)++b)
ok 398 - Count: 454: re: (?^u:(aA)?+(aA)). got: (?^u:(aA)?+(aA))
ok 399 - Count: 455: re: (?^u:(aA)?+b). got: (?^u:(aA)?+b)
ok 400 - Count: 456: re: (?^u:(aA){1,5}+(aA)). got: (?^u:(aA){1,5}+(aA))
ok 401 - Count: 457: re: (?^u:(aA){1,5}+b). got: (?^u:(aA){1,5}+b)
ok 402 - Count: 458: re: (?^u:(aA|bB)*+(aA|bB)). got: (?^u:(aA|bB)*+(aA|bB))
ok 403 - Count: 459: re: (?^u:(aA|bB)*+b). got: (?^u:(aA|bB)*+b)
ok 404 - Count: 460: re: (?^u:(aA|bB)++(aA|bB)). got: (?^u:(aA|bB)++(aA|bB))
ok 405 - Count: 461: re: (?^u:(aA|bB)++b). got: (?^u:(aA|bB)++b)
ok 406 - Count: 462: re: (?^u:(aA|bB)?+(aA|bB)). got: (?^u:(aA|bB)?+(aA|bB))
ok 407 - Count: 463: re: (?^u:(aA|bB)?+b). got: (?^u:(aA|bB)?+b)
ok 408 - Count: 464: re: (?^u:(aA|bB){1,5}+(aA|bB)). got: (?^u:(aA|bB){1,5}+(aA|bB))
ok 409 - Count: 465: re: (?^u:(aA|bB){1,5}+b). got: (?^u:(aA|bB){1,5}+b)
ok 410 - Count: 466: re: (?^u:(ab)?(ab)+). got: (?^u:(ab)?(ab)+)
ok 411 - Count: 468: re: (?^u:(abc)?(abc)+). got: (?^u:(abc)?(abc)+)
ok 412 - Count: 469: re: (?^u:(abc)\1). got: (?^u:(abc)\1)
ok 413 - Count: 470: re: (?^u:(abc|)ef). got: (?^u:(abc|)ef)
ok 414 - Count: 471: re: (?^u:(ab|a)b*c). got: (?^u:(ab|a)b*c)
ok 415 - Count: 472: re: (?^u:(ab|ab*)bc). got: (?^u:(ab|ab*)bc)
ok 416 - Count: 473: re: (?^u:(ab|cd)e). got: (?^u:(ab|cd)e)
ok 417 - Count: 476: re: (?^u:(a|aa|aaa||aaaa|aaaaa|aaaaaa)(b|c)). got: (?^u:(a|aa|aaa||aaaa|aaaaa|aaaaaa)(b|c))
ok 418 - Count: 477: re: (?^u:(a|b)c*d). got: (?^u:(a|b)c*d)
ok 419 - Count: 478: re: (?^u:(a|b|c|d|e)f). got: (?^u:(a|b|c|d|e)f)
ok 420 - Count: 479: re: (?^u:(a|x)*ab). got: (?^u:(a|x)*ab)
ok 421 - Count: 480: re: (?^u:(bc+d$|ef*g.|h?i(j|k))). got: (?^u:(bc+d$|ef*g.|h?i(j|k)))
ok 422 - Count: 481: re: (?^u:(foo)(\g-2)). got: (?^u:(foo)(\g-2))
ok 423 - Count: 482: re: (?^u:(foo)(\g-2)(foo)(\g-2)). got: (?^u:(foo)(\g-2)(foo)(\g-2))
ok 424 - Count: 483: re: (?^u:(foo[1x]|bar[2x]|baz[3x])*y). got: (?^u:(foo[1x]|bar[2x]|baz[3x])*y)
ok 425 - Count: 484: re: (?^u:(foo[1x]|bar[2x]|baz[3x])+y). got: (?^u:(foo[1x]|bar[2x]|baz[3x])+y)
ok 426 - Count: 485: re: (?^u:(foo|fool|[zx].|money|parted)$). got: (?^u:(foo|fool|[zx].|money|parted)$)
ok 427 - Count: 486: re: (?^u:(foo|fool|[zx].|money|parted)+$). got: (?^u:(foo|fool|[zx].|money|parted)+$)
ok 428 - Count: 487: re: (?^u:(foo|fool|money|parted)$). got: (?^u:(foo|fool|money|parted)$)
ok 429 - Count: 488: re: (?^u:(foo|fool|x.|money|parted)$). got: (?^u:(foo|fool|x.|money|parted)$)
ok 430 - Count: 489: re: (?^u:(q1|.)*(q2|.)*(x(a|bc)*y){2,3}). got: (?^u:(q1|.)*(q2|.)*(x(a|bc)*y){2,3})
ok 431 - Count: 490: re: (?^u:(q1|.)*(q2|.)*(x(a|bc)*y){2,}). got: (?^u:(q1|.)*(q2|.)*(x(a|bc)*y){2,})
ok 432 - Count: 491: re: (?^u:(q1|z)*(q2|z)*z{15}-.*?(x(a|bc)*y){2,3}Z). got: (?^u:(q1|z)*(q2|z)*z{15}-.*?(x(a|bc)*y){2,3}Z)
ok 433 - Count: 492: re: (?^u:(x)(?<A>foo(?(R&A)bar))?(?&A)). got: (?^u:(x)(?<A>foo(?(R&A)bar))?(?&A))
ok 434 - Count: 493: re: (?^u:(x)(?<A>foo(?(R2)bar))?(?&A)). got: (?^u:(x)(?<A>foo(?(R2)bar))?(?&A))
ok 435 - Count: 494: re: (?^u:(x)?(?(1)a|b)). got: (?^u:(x)?(?(1)a|b))
ok 436 - Count: 495: re: (?^u:(x)?(?(1)b|a)). got: (?^u:(x)?(?(1)b|a))
ok 437 - Count: 496: re: (?^u:(x.|foo|fool|x.|money|parted|y.)$). got: (?^u:(x.|foo|fool|x.|money|parted|y.)$)
ok 438 - Count: 497: re: (?^u:(x|y|z[QW])*(longish|loquatious|excessive|overblown[QW])*). got: (?^u:(x|y|z[QW])*(longish|loquatious|excessive|overblown[QW])*)
ok 439 - Count: 498: re: (?^u:(x|y|z[QW])*+(longish|loquatious|excessive|overblown[QW])*+). got: (?^u:(x|y|z[QW])*+(longish|loquatious|excessive|overblown[QW])*+)
ok 440 - Count: 499: re: (?^u:(x|y|z[QW])+(longish|loquatious|excessive|overblown[QW])+). got: (?^u:(x|y|z[QW])+(longish|loquatious|excessive|overblown[QW])+)
ok 441 - Count: 500: re: (?^u:(x|y|z[QW])++(longish|loquatious|excessive|overblown[QW])++). got: (?^u:(x|y|z[QW])++(longish|loquatious|excessive|overblown[QW])++)
ok 442 - Count: 501: re: (?^u:(x|y|z[QW]){1,5}(longish|loquatious|excessive|overblown[QW]){1,5}). got: (?^u:(x|y|z[QW]){1,5}(longish|loquatious|excessive|overblown[QW]){1,5})
ok 443 - Count: 502: re: (?^u:(x|y|z[QW]){1,5}+(longish|loquatious|excessive|overblown[QW]){1,5}+). got: (?^u:(x|y|z[QW]){1,5}+(longish|loquatious|excessive|overblown[QW]){1,5}+)
ok 444 - Count: 506: re: (?^u:.*(?<=foo)). got: (?^u:.*(?<=foo))
ok 445 - Count: 507: re: (?^u:.*(?=foo)). got: (?^u:.*(?=foo))
ok 446 - Count: 508: re: (?^u:.*?(?:(\w)|(\w))x). got: (?^u:.*?(?:(\w)|(\w))x)
ok 447 - Count: 509: re: (?^u:.*\Z). got: (?^u:.*\Z)
ok 448 - Count: 510: re: (?^u:.*\z). got: (?^u:.*\z)
ok 449 - Count: 511: re: (?^u:.X(.+)+X). got: (?^u:.X(.+)+X)
ok 450 - Count: 512: re: (?^u:.X(.+)+XX). got: (?^u:.X(.+)+XX)
ok 451 - Count: 513: re: (?^u:.X(.+)+[X]). got: (?^u:.X(.+)+[X])
ok 452 - Count: 514: re: (?^u:.X(.+)+[X][X]). got: (?^u:.X(.+)+[X][X])
ok 453 - Count: 515: re: (?^u:.XX(.+)+X). got: (?^u:.XX(.+)+X)
ok 454 - Count: 516: re: (?^u:.XX(.+)+[X]). got: (?^u:.XX(.+)+[X])
ok 455 - Count: 517: re: (?^u:.[X](.+)+[X]). got: (?^u:.[X](.+)+[X])
ok 456 - Count: 518: re: (?^u:.[X](.+)+[X][X]). got: (?^u:.[X](.+)+[X][X])
ok 457 - Count: 519: re: (?^u:.[X][X](.+)+[X]). got: (?^u:.[X][X](.+)+[X])
ok 458 - Count: 520: re: (?^u:.[b].). got: (?^u:.[b].)
ok 459 - Count: 521: re: (?^u:.{1}). got: (?^u:.{1})
ok 460 - Count: 522: re: (?^u:.{3,4}). got: (?^u:.{3,4})
ok 461 - Count: 523: re: (?^u:/( [^z] $ [^z]+)/xm). got: (?^u:/( [^z] $ [^z]+)/xm)
ok 462 - Count: 524: re: (?^u:/( a | ( bc ) ) {0,0} + xyz/x). got: (?^u:/( a | ( bc ) ) {0,0} + xyz/x)
ok 463 - Count: 525: re: (?^u:/( a | ( bc ) ) {0,0} ? xyz/x). got: (?^u:/( a | ( bc ) ) {0,0} ? xyz/x)
ok 464 - Count: 526: re: (?^u:/(.)((o)\1)(?2)/). got: (?^u:/(.)((o)\1)(?2)/)
ok 465 - Count: 527: re: (?^u:/(.)(?2)((.)(?4)(\1))/). got: (?^u:/(.)(?2)((.)(?4)(\1))/)
ok 466 - Count: 528: re: (?^u:/(.)(?2)((\1)(?4)(\1))/). got: (?^u:/(.)(?2)((\1)(?4)(\1))/)
ok 467 - Count: 529: re: (?^u:/(.*?)a(?!(a+)b\2c)/). got: (?^u:/(.*?)a(?!(a+)b\2c)/)
ok 468 - Count: 534: re: (?^u:/(?'_'foo) \k'_'/). got: (?^u:/(?'_'foo) \k'_'/)
ok 469 - Count: 535: re: (?^u:/(?'_0_'foo) \k'_0_'/). got: (?^u:/(?'_0_'foo) \k'_0_'/)
ok 470 - Count: 536: re: (?^u:/(?'a1'foo) \k'a1'/). got: (?^u:/(?'a1'foo) \k'a1'/)
ok 471 - Count: 537: re: (?^u:/(?'first'(?&second)*)(?'second'[fF]o+)/). got: (?^u:/(?'first'(?&second)*)(?'second'[fF]o+)/)
ok 472 - Count: 538: re: (?^u:/(?'n'foo) \g{n}/). got: (?^u:/(?'n'foo) \g{n}/)
ok 473 - Count: 539: re: (?^u:/(?'n'foo) \k<n>/). got: (?^u:/(?'n'foo) \k<n>/)
ok 474 - Count: 541: re: (?^u:/(?'n'foo)\k<n>/). got: (?^u:/(?'n'foo)\k<n>/)
ok 475 - Count: 542: re: (?^u:/(?'n'foo)|(?'n'bar)|(?<n>baz)/). got: (?^u:/(?'n'foo)|(?'n'bar)|(?<n>baz)/)
ok 476 - Count: 543: re: (?^u:/(?'n'foo|bar|baz)(?'m'[ew]+)/). got: (?^u:/(?'n'foo|bar|baz)(?'m'[ew]+)/)
ok 477 - Count: 544: re: (?^u:/(?'n'foo|bar|baz)/). got: (?^u:/(?'n'foo|bar|baz)/)
ok 478 - Count: 545: re: (?^u:/(?:(?<n>foo)|(?<n>bar))\k<n>/). got: (?^u:/(?:(?<n>foo)|(?<n>bar))\k<n>/)
ok 479 - Count: 546: re: (?^u:/(?:(?P<n>foo)|(?P<n>bar))(?P=n)/). got: (?^u:/(?:(?P<n>foo)|(?P<n>bar))(?P=n)/)
ok 480 - Count: 551: re: (?^u:/(?<_0_>foo) \k<_0_>/). got: (?^u:/(?<_0_>foo) \k<_0_>/)
ok 481 - Count: 552: re: (?^u:/(?<_>foo) \k<_>/). got: (?^u:/(?<_>foo) \k<_>/)
ok 482 - Count: 553: re: (?^u:/(?<a1>foo) \k<a1>/). got: (?^u:/(?<a1>foo) \k<a1>/)
ok 483 - Count: 554: re: (?^u:/(?<as>as) (\w+) \g{as} (\w+)/). got: (?^u:/(?<as>as) (\w+) \g{as} (\w+)/)
ok 484 - Count: 555: re: (?^u:/(?<as>as) (\w+) \k<as> (\w+)/). got: (?^u:/(?<as>as) (\w+) \k<as> (\w+)/)
ok 485 - Count: 556: re: (?^u:/(?<n>foo) \g{n}/). got: (?^u:/(?<n>foo) \g{n}/)
ok 486 - Count: 557: re: (?^u:/(?<n>foo) \k'n'/). got: (?^u:/(?<n>foo) \k'n'/)
ok 487 - Count: 558: re: (?^u:/(?<n>foo)\k'n'/). got: (?^u:/(?<n>foo)\k'n'/)
ok 488 - Count: 559: re: (?^u:/(?P<as>as) (\w+) (?P=as) (\w+)/). got: (?^u:/(?P<as>as) (\w+) (?P=as) (\w+)/)
ok 489 - Count: 560: re: (?^u:/(?P<n>foo) (?P=n)/). got: (?^u:/(?P<n>foo) (?P=n)/)
ok 490 - Count: 561: re: (?^u:/(?P<n>foo)(?P=n)/). got: (?^u:/(?P<n>foo)(?P=n)/)
ok 491 - Count: 562: re: (?^u:/(?aia:s)/). got: (?^u:/(?aia:s)/)
ok 492 - Count: 563: re: (?^u:/(?l:a?\D)/). got: (?^u:/(?l:a?\D)/)
ok 493 - Count: 564: re: (?^u:/(?l:a?\w)/). got: (?^u:/(?l:a?\w)/)
ok 494 - Count: 565: re: (?^u:/(a)(b)(c)(d)(e)(f)(g)(h)(i)(j)(k)\12/). got: (?^u:/(a)(b)(c)(d)(e)(f)(g)(h)(i)(j)(k)\12/)
ok 495 - Count: 566: re: (?^u:/(a)(b)(c)(d)(e)(f)(g)(h)(i)(j)(k)\12\13\14/). got: (?^u:/(a)(b)(c)(d)(e)(f)(g)(h)(i)(j)(k)\12\13\14/)
ok 496 - Count: 567: re: (?^u:/(a)(b)(c)(d)(e)(f)(g)(h)(i)(j)\11/). got: (?^u:/(a)(b)(c)(d)(e)(f)(g)(h)(i)(j)\11/)
ok 497 - Count: 568: re: (?^u:/(a)(b)(c)(d)(e)(f)(g)(h)(i)\10/). got: (?^u:/(a)(b)(c)(d)(e)(f)(g)(h)(i)\10/)
ok 498 - Count: 574: re: (?^u:/(a)*((?1))(fox)/). got: (?^u:/(a)*((?1))(fox)/)
ok 499 - Count: 575: re: (?^u:/(a)+((?1))(fox)/). got: (?^u:/(a)+((?1))(fox)/)
ok 500 - Count: 576: re: (?^u:/(a)?((?1))(fox)/). got: (?^u:/(a)?((?1))(fox)/)
ok 501 - Count: 578: re: (?^u:/(a){0,100}((?1))(fox)/). got: (?^u:/(a){0,100}((?1))(fox)/)
ok 502 - Count: 579: re: (?^u:/(a){1,100}((?1))(fox)/). got: (?^u:/(a){1,100}((?1))(fox)/)
ok 503 - Count: 580: re: (?^u:/(ab)*((?1))(fox)/). got: (?^u:/(ab)*((?1))(fox)/)
ok 504 - Count: 581: re: (?^u:/(ab)+((?1))(fox)/). got: (?^u:/(ab)+((?1))(fox)/)
ok 505 - Count: 582: re: (?^u:/(ab)?((?1))(fox)/). got: (?^u:/(ab)?((?1))(fox)/)
ok 506 - Count: 583: re: (?^u:/(ab){0,100}((?1))(fox)/). got: (?^u:/(ab){0,100}((?1))(fox)/)
ok 507 - Count: 584: re: (?^u:/(ab){1,100}((?1))(fox)/). got: (?^u:/(ab){1,100}((?1))(fox)/)
ok 508 - Count: 587: re: (?^u:/>\d+$ \n/ix). got: (?^u:/>\d+$ \n/ix)
ok 509 - Count: 588: re: (?^u:/>\d+$ \n/x). got: (?^u:/>\d+$ \n/x)
ok 510 - Count: 589: re: (?^u:/>\d\d$ \n/ix). got: (?^u:/>\d\d$ \n/ix)
ok 511 - Count: 590: re: (?^u:/[A-Z]/i). got: (?^u:/[A-Z]/i)
ok 512 - Count: 591: re: (?^u:/[A-Z]/ia). got: (?^u:/[A-Z]/ia)
ok 513 - Count: 592: re: (?^u:/[A-Z]/iaa). got: (?^u:/[A-Z]/iaa)
ok 514 - Count: 593: re: (?^u:/[[:alnum:]]/). got: (?^u:/[[:alnum:]]/)
ok 515 - Count: 594: re: (?^u:/[[:alpha:]]/). got: (?^u:/[[:alpha:]]/)
ok 516 - Count: 595: re: (?^u:/[[:ascii:]]/i). got: (?^u:/[[:ascii:]]/i)
ok 517 - Count: 596: re: (?^u:/[[:graph:]]/). got: (?^u:/[[:graph:]]/)
ok 518 - Count: 597: re: (?^u:/[[:lower:]]/). got: (?^u:/[[:lower:]]/)
ok 519 - Count: 598: re: (?^u:/[[:lower:]]/i). got: (?^u:/[[:lower:]]/i)
ok 520 - Count: 599: re: (?^u:/[[:print:]]/). got: (?^u:/[[:print:]]/)
ok 521 - Count: 600: re: (?^u:/[[:punct:]]/). got: (?^u:/[[:punct:]]/)
ok 522 - Count: 601: re: (?^u:/[[:upper:]]/). got: (?^u:/[[:upper:]]/)
ok 523 - Count: 602: re: (?^u:/[[:upper:]]/i). got: (?^u:/[[:upper:]]/i)
ok 524 - Count: 603: re: (?^u:/[[:word:]]/). got: (?^u:/[[:word:]]/)
ok 525 - Count: 604: re: (?^u:/[\H]/). got: (?^u:/[\H]/)
ok 526 - Count: 605: re: (?^u:/[\N{U+41}\x{c1}]/i). got: (?^u:/[\N{U+41}\x{c1}]/i)
ok 527 - Count: 608: re: (?^u:/[\h]/). got: (?^u:/[\h]/)
ok 528 - Count: 609: re: (?^u:/[^\x{1E9E}]/i). got: (?^u:/[^\x{1E9E}]/i)
ok 529 - Count: 610: re: (?^u:/[a-z]/i). got: (?^u:/[a-z]/i)
ok 530 - Count: 611: re: (?^u:/[a\N{U+0100}]/). got: (?^u:/[a\N{U+0100}]/)
ok 531 - Count: 612: re: (?^u:/[s\xDF]a/ui). got: (?^u:/[s\xDF]a/ui)
ok 532 - Count: 613: re: (?^u:/[s]s/i). got: (?^u:/[s]s/i)
ok 533 - Count: 614: re: (?^u:/\A(?(?=db2)db2|\D+)(?<!processed)\.csv\z/xms). got: (?^u:/\A(?(?=db2)db2|\D+)(?<!processed)\.csv\z/xms)
ok 534 - Count: 615: re: (?^u:/\N {1}/x). got: (?^u:/\N {1}/x)
ok 535 - Count: 616: re: (?^u:/\N {3,4}/x). got: (?^u:/\N {3,4}/x)
ok 536 - Count: 618: re: (?^u:/\N{U+41}\x{c1}/i). got: (?^u:/\N{U+41}\x{c1}/i)
ok 537 - Count: 620: re: (?^u:/\N{U+BEEF.BEAD}/). got: (?^u:/\N{U+BEEF.BEAD}/)
ok 538 - Count: 622: re: (?^u:/\d+$ \n/ix). got: (?^u:/\d+$ \n/ix)
ok 539 - Count: 623: re: (?^u:/\s?\S/l). got: (?^u:/\s?\S/l)
ok 540 - Count: 624: re: (?^u:/\s?\d/l). got: (?^u:/\s?\d/l)
ok 541 - Count: 625: re: (?^u:/\s?\s/l). got: (?^u:/\s?\s/l)
ok 542 - Count: 626: re: (?^u:/\xdf\xdf/ui). got: (?^u:/\xdf\xdf/ui)
ok 543 - Count: 627: re: (?^u:/\xe0\pL/i). got: (?^u:/\xe0\pL/i)
ok 544 - Count: 628: re: (?^u:/^ (\3(?2)\3)? ((.)) (?1) $/x). got: (?^u:/^ (\3(?2)\3)? ((.)) (?1) $/x)
ok 545 - Count: 629: re: (?^u:/^ (a|\3(?1)\2|(?2)) ((b|c)(?4)?) (?1) (d(?1)) $/x). got: (?^u:/^ (a|\3(?1)\2|(?2)) ((b|c)(?4)?) (?1) (d(?1)) $/x)
ok 546 - Count: 632: re: (?^u:/^(.\1?)(?1)$/). got: (?^u:/^(.\1?)(?1)$/)
ok 547 - Count: 633: re: (?^u:/^(.\2?)(.)(?1)$/). got: (?^u:/^(.\2?)(.)(?1)$/)
ok 548 - Count: 634: re: (?^u:/^(?'main'<(?:[^<>]+|(?&crap)|(?&main))*>)(?'empty')(?'crap'!>!>!>)$/). got: (?^u:/^(?'main'<(?:[^<>]+|(?&crap)|(?&main))*>)(?'empty')(?'crap'!>!>!>)$/)
ok 549 - Count: 635: re: (?^u:/^(?'main'<(?:[^<>]+|(?&main))*>)$/). got: (?^u:/^(?'main'<(?:[^<>]+|(?&main))*>)$/)
ok 550 - Count: 636: re: (?^u:/^(?:foo|)bar$/). got: (?^u:/^(?:foo|)bar$/)
ok 551 - Count: 637: re: (?^u:/^(?:foo||baz)bar$/). got: (?^u:/^(?:foo||baz)bar$/)
ok 552 - Count: 638: re: (?^u:/^(?<PAL>(?<CHAR>.)((?&PAL)|.?)\k<CHAR>)$/). got: (?^u:/^(?<PAL>(?<CHAR>.)((?&PAL)|.?)\k<CHAR>)$/)
ok 553 - Count: 643: re: (?^u:/^(?P<PAL>(?P<CHAR>.)((?P>PAL)|.?)(?P=CHAR))$/). got: (?^u:/^(?P<PAL>(?P<CHAR>.)((?P>PAL)|.?)(?P=CHAR))$/)
ok 554 - Count: 644: re: (?^u:/^(?d:\xdf|_)*_/i). got: (?^u:/^(?d:\xdf|_)*_/i)
ok 555 - Count: 645: re: (?^u:/^(?i:foo|)bar$/). got: (?^u:/^(?i:foo|)bar$/)
ok 556 - Count: 646: re: (?^u:/^(?i:foo||baz)bar$/). got: (?^u:/^(?i:foo||baz)bar$/)
ok 557 - Count: 651: re: (?^u:/^(foo|)bar$/). got: (?^u:/^(foo|)bar$/)
ok 558 - Count: 652: re: (?^u:/^(foo||baz)bar$/). got: (?^u:/^(foo||baz)bar$/)
ok 559 - Count: 653: re: (?^u:/^.*\d\H/). got: (?^u:/^.*\d\H/)
ok 560 - Count: 654: re: (?^u:/^.*\d\V/). got: (?^u:/^.*\d\V/)
ok 561 - Count: 656: re: (?^u:/^\D{11}/a). got: (?^u:/^\D{11}/a)
ok 562 - Count: 657: re: (?^u:/^\R\x0A$/). got: (?^u:/^\R\x0A$/)
ok 563 - Count: 658: re: (?^u:/^\S+=/d). got: (?^u:/^\S+=/d)
ok 564 - Count: 659: re: (?^u:/^\S+=/u). got: (?^u:/^\S+=/u)
ok 565 - Count: 660: re: (?^u:/^\S{11}/a). got: (?^u:/^\S{11}/a)
ok 566 - Count: 661: re: (?^u:/^\W{11}/a). got: (?^u:/^\W{11}/a)
ok 567 - Count: 662: re: (?^u:/^\p{L_}/). got: (?^u:/^\p{L_}/)
ok 568 - Count: 663: re: (?^u:/^\p{L}/). got: (?^u:/^\p{L}/)
ok 569 - Count: 664: re: (?^u:/^\s*i.*?o\s*$/s). got: (?^u:/^\s*i.*?o\s*$/s)
ok 570 - Count: 665: re: (?^u:/a\N *c/x). got: (?^u:/a\N *c/x)
ok 571 - Count: 666: re: (?^u:/a\N c/x). got: (?^u:/a\N c/x)
ok 572 - Count: 667: re: (?^u:/abc\N {SPACE}/x). got: (?^u:/abc\N {SPACE}/x)
ok 573 - Count: 668: re: (?^u:/abc\N {U+41}/x). got: (?^u:/abc\N {U+41}/x)
ok 574 - Count: 670: re: (?^u:/ff/i). got: (?^u:/ff/i)
ok 575 - Count: 671: re: (?^u:/ffiffl/i). got: (?^u:/ffiffl/i)
ok 576 - Count: 672: re: (?^u:/fi/i). got: (?^u:/fi/i)
ok 577 - Count: 689: re: (?^u:/s/ai). got: (?^u:/s/ai)
ok 578 - Count: 690: re: (?^u:/s/aia). got: (?^u:/s/aia)
ok 579 - Count: 691: re: (?^u:/s[s]/i). got: (?^u:/s[s]/i)
ok 580 - Count: 692: re: (?^u:/s\xDF/ui). got: (?^u:/s\xDF/ui)
ok 581 - Count: 693: re: (?^u:/ssst/i). got: (?^u:/ssst/i)
ok 582 - Count: 694: re: (?^u:/sst/ui). got: (?^u:/sst/ui)
ok 583 - Count: 695: re: (?^u:/st/i). got: (?^u:/st/i)
ok 584 - Count: 696: re: (?^u:/syntax OK\s+\z/si). got: (?^u:/syntax OK\s+\z/si)
ok 585 - Count: 697: re: (?^u:/w\z\R\z/i). got: (?^u:/w\z\R\z/i)
ok 586 - Count: 698: re: (?^u:/w\zxy?\z/i). got: (?^u:/w\zxy?\z/i)
ok 587 - Count: 699: re: (?^u:0{50}). got: (?^u:0{50})
ok 588 - Count: 700: re: (?^u:2(]*)?$\1). got: (?^u:2(]*)?$\1)
ok 589 - Count: 702: re: (?^u:A+(*PRUNE)BC). got: (?^u:A+(*PRUNE)BC)
ok 590 - Count: 704: re: (?^u:A+(*THEN)BC). got: (?^u:A+(*THEN)BC)
ok 591 - Count: 706: re: (?^u:A+?(*PRUNE)BC). got: (?^u:A+?(*PRUNE)BC)
ok 592 - Count: 708: re: (?^u:A+?(*THEN)BC). got: (?^u:A+?(*THEN)BC)
ok 593 - Count: 710: re: (?^u:X(?!b+(?!(c+)*(?!(c+)*d))).*X). got: (?^u:X(?!b+(?!(c+)*(?!(c+)*d))).*X)
ok 594 - Count: 711: re: (?^u:X(?:ABCF[cC]x*|ABCD|ABCF):(?:DIT|DID|DIM)). got: (?^u:X(?:ABCF[cC]x*|ABCD|ABCF):(?:DIT|DID|DIM))
ok 595 - Count: 712: re: (?^u:X(?<=foo.)[YZ]). got: (?^u:X(?<=foo.)[YZ])
ok 596 - Count: 713: re: (?^u:X(?=foo)). got: (?^u:X(?=foo))
ok 597 - Count: 714: re: (?^u:X(?=foo)f). got: (?^u:X(?=foo)f)
ok 598 - Count: 715: re: (?^u:X(\w+)(?=\s)|X(\w+)). got: (?^u:X(\w+)(?=\s)|X(\w+))
ok 599 - Count: 718: re: (?^u:[\0005]). got: (?^u:[\0005])
ok 600 - Count: 719: re: (?^u:[\006]). got: (?^u:[\006])
ok 601 - Count: 720: re: (?^u:[\07]). got: (?^u:[\07])
ok 602 - Count: 721: re: (?^u:[\0]). got: (?^u:[\0])
ok 603 - Count: 723: re: (?^u:[\D]). got: (?^u:[\D])
ok 604 - Count: 726: re: (?^u:[\W]). got: (?^u:[\W])
ok 605 - Count: 727: re: (?^u:[\_]). got: (?^u:[\_])
ok 606 - Count: 728: re: (?^u:[\d]). got: (?^u:[\d])
ok 607 - Count: 729: re: (?^u:[\w]). got: (?^u:[\w])
ok 608 - Count: 730: re: (?^u:[^\n]+). got: (?^u:[^\n]+)
ok 609 - Count: 731: re: (?^u:[^\p{Alphabetic}]). got: (?^u:[^\p{Alphabetic}])
ok 610 - Count: 732: re: (?^u:[^ab]*). got: (?^u:[^ab]*)
ok 611 - Count: 733: re: (?^u:[a-zA-Z_][a-zA-Z0-9_]*). got: (?^u:[a-zA-Z_][a-zA-Z0-9_]*)
ok 612 - Count: 734: re: (?^u:[a[:]b[:c]). got: (?^u:[a[:]b[:c])
ok 613 - Count: 737: re: (?^u:[a\400]). got: (?^u:[a\400])
ok 614 - Count: 738: re: (?^u:[a\o{1000}]). got: (?^u:[a\o{1000}])
ok 615 - Count: 739: re: (?^u:[a\o{120}]). got: (?^u:[a\o{120}])
ok 616 - Count: 740: re: (?^u:[a\o{400}]). got: (?^u:[a\o{400}])
ok 617 - Count: 741: re: (?^u:[a][b][d]). got: (?^u:[a][b][d])
ok 618 - Count: 743: re: (?^u:[abhgefdc]ij). got: (?^u:[abhgefdc]ij)
ok 619 - Count: 744: re: (?^u:[b\600]). got: (?^u:[b\600])
ok 620 - Count: 745: re: (?^u:[bcd].{2,3}aaaa). got: (?^u:[bcd].{2,3}aaaa)
ok 621 - Count: 746: re: (?^u:[c\777]). got: (?^u:[c\777])
ok 622 - Count: 747: re: (?^u:[k]). got: (?^u:[k])
ok 623 - Count: 748: re: (?^u:\((.*), (.*)\)). got: (?^u:\((.*), (.*)\))
ok 624 - Count: 749: re: (?^u:\((\w\. \w+)\)). got: (?^u:\((\w\. \w+)\))
ok 625 - Count: 752: re: (?^u:\400). got: (?^u:\400)
ok 626 - Count: 753: re: (?^u:\600). got: (?^u:\600)
ok 627 - Count: 754: re: (?^u:\777). got: (?^u:\777)
ok 628 - Count: 756: re: (?^u:\A(?>\[(?:(?:)(?:R){1}|T|V?|A)\])\z). got: (?^u:\A(?>\[(?:(?:)(?:R){1}|T|V?|A)\])\z)
ok 629 - Count: 757: re: (?^u:\B). got: (?^u:\B)
ok 630 - Count: 758: re: (?^u:\Ba\B). got: (?^u:\Ba\B)
ok 631 - Count: 759: re: (?^u:\By\B). got: (?^u:\By\B)
ok 632 - Count: 760: re: (?^u:\By\b). got: (?^u:\By\b)
ok 633 - Count: 761: re: (?^u:\D). got: (?^u:\D)
ok 634 - Count: 762: re: (?^u:\GX.*X). got: (?^u:\GX.*X)
ok 635 - Count: 763: re: (?^u:\N*\Z). got: (?^u:\N*\Z)
ok 636 - Count: 764: re: (?^u:\N*\z). got: (?^u:\N*\z)
ok 637 - Count: 765: re: (?^u:\N?a). got: (?^u:\N?a)
ok 638 - Count: 766: re: (?^u:\N{1}). got: (?^u:\N{1})
ok 639 - Count: 767: re: (?^u:\N{3,4}). got: (?^u:\N{3,4})
ok 640 - Count: 771: re: (?^u:\Vn). got: (?^u:\Vn)
ok 641 - Count: 772: re: (?^u:\W). got: (?^u:\W)
ok 642 - Count: 773: re: (?^u:\Z). got: (?^u:\Z)
ok 643 - Count: 774: re: (?^u:\ba). got: (?^u:\ba)
ok 644 - Count: 775: re: (?^u:\ba\b). got: (?^u:\ba\b)
ok 645 - Count: 776: re: (?^u:\by\B). got: (?^u:\by\B)
ok 646 - Count: 777: re: (?^u:\by\b). got: (?^u:\by\b)
ok 647 - Count: 779: re: (?^u:\c?). got: (?^u:\c?)
ok 648 - Count: 780: re: (?^u:\c@). got: (?^u:\c@)
ok 649 - Count: 781: re: (?^u:\cA). got: (?^u:\cA)
ok 650 - Count: 782: re: (?^u:\cB). got: (?^u:\cB)
ok 651 - Count: 783: re: (?^u:\cC). got: (?^u:\cC)
ok 652 - Count: 784: re: (?^u:\cI). got: (?^u:\cI)
ok 653 - Count: 785: re: (?^u:\cJ). got: (?^u:\cJ)
ok 654 - Count: 786: re: (?^u:\cR). got: (?^u:\cR)
ok 655 - Count: 787: re: (?^u:\cS). got: (?^u:\cS)
ok 656 - Count: 788: re: (?^u:\cX). got: (?^u:\cX)
ok 657 - Count: 789: re: (?^u:\cY). got: (?^u:\cY)
ok 658 - Count: 790: re: (?^u:\cZ). got: (?^u:\cZ)
ok 659 - Count: 791: re: (?^u:\c[). got: (?^u:\c[)
ok 660 - Count: 792: re: (?^u:\c\X). got: (?^u:\c\X)
ok 661 - Count: 793: re: (?^u:\c]). got: (?^u:\c])
ok 662 - Count: 794: re: (?^u:\c^). got: (?^u:\c^)
ok 663 - Count: 795: re: (?^u:\c_). got: (?^u:\c_)
ok 664 - Count: 797: re: (?^u:\d). got: (?^u:\d)
ok 665 - Count: 798: re: (?^u:\d<(.*?)>). got: (?^u:\d<(.*?)>)
ok 666 - Count: 807: re: (?^u:\n((?m)^b)). got: (?^u:\n((?m)^b))
ok 667 - Count: 808: re: (?^u:\o{1000}). got: (?^u:\o{1000})
ok 668 - Count: 809: re: (?^u:\o{120}). got: (?^u:\o{120})
ok 669 - Count: 810: re: (?^u:\o{400}). got: (?^u:\o{400})
ok 670 - Count: 811: re: (?^u:\w). got: (?^u:\w)
ok 671 - Count: 813: re: (?^u:\x{100}[xy]\x{100}{2}). got: (?^u:\x{100}[xy]\x{100}{2})
ok 672 - Count: 814: re: (?^u:\x{100}a{2,3}). got: (?^u:\x{100}a{2,3})
ok 673 - Count: 815: re: (?^u:\z). got: (?^u:\z)
ok 674 - Count: 816: re: (?^u:^). got: (?^u:^)
ok 675 - Count: 817: re: (?^u:^((.)?a\2)+$). got: (?^u:^((.)?a\2)+$)
ok 676 - Count: 818: re: (?^u:^((?:aa)*)(?:X+((?:\d+|-)(?:X+(.+))?))?$). got: (?^u:^((?:aa)*)(?:X+((?:\d+|-)(?:X+(.+))?))?$)
ok 677 - Count: 819: re: (?^u:^((?>(?:aa)?b)?)). got: (?^u:^((?>(?:aa)?b)?))
ok 678 - Count: 820: re: (?^u:^((a|b)+)*ax). got: (?^u:^((a|b)+)*ax)
ok 679 - Count: 821: re: (?^u:^((a|bc)+)*ax). got: (?^u:^((a|bc)+)*ax)
ok 680 - Count: 822: re: (?^u:^(){3,5}). got: (?^u:^(){3,5})
ok 681 - Count: 824: re: (?^u:^(.)(?:(.)+)*[BX]). got: (?^u:^(.)(?:(.)+)*[BX])
ok 682 - Count: 825: re: (?^u:^(.)(?:(..)|B)[CX]). got: (?^u:^(.)(?:(..)|B)[CX])
ok 683 - Count: 826: re: (?^u:^(.)(?:BC(.)|B)[CX]). got: (?^u:^(.)(?:BC(.)|B)[CX])
ok 684 - Count: 829: re: (?^u:^(.)(B)*.[CX]). got: (?^u:^(.)(B)*.[CX])
ok 685 - Count: 830: re: (?^u:^(.)(B)*.[DX]). got: (?^u:^(.)(B)*.[DX])
ok 686 - Count: 831: re: (?^u:^(.)(BC)*). got: (?^u:^(.)(BC)*)
ok 687 - Count: 832: re: (?^u:^(.)(BC)*[BX]). got: (?^u:^(.)(BC)*[BX])
ok 688 - Count: 833: re: (?^u:^(.+)?B). got: (?^u:^(.+)?B)
ok 689 - Count: 834: re: (?^u:^(.,){2}c). got: (?^u:^(.,){2}c)
ok 690 - Count: 835: re: (?^u:^(0+)?(?:x(1))?). got: (?^u:^(0+)?(?:x(1))?)
ok 691 - Count: 836: re: (?^u:^(<(?:[^<>]+|(?1))*>)$). got: (?^u:^(<(?:[^<>]+|(?1))*>)$)
ok 692 - Count: 837: re: (?^u:^(<(?:[^<>]+|(?3)|(?1))*>)()(!>!>!>)$). got: (?^u:^(<(?:[^<>]+|(?3)|(?1))*>)()(!>!>!>)$)
ok 693 - Count: 839: re: (?^u:^(?:(X)?(\d)|(X)?(\d\d))$). got: (?^u:^(?:(X)?(\d)|(X)?(\d\d))$)
ok 694 - Count: 840: re: (?^u:^(?:(XX)?(\d)|(XX)?(\d\d))$). got: (?^u:^(?:(XX)?(\d)|(XX)?(\d\d))$)
ok 695 - Count: 841: re: (?^u:^(?:(\d)x)?\d$). got: (?^u:^(?:(\d)x)?\d$)
ok 696 - Count: 842: re: (?^u:^(?:.,){2}c). got: (?^u:^(?:.,){2}c)
ok 697 - Count: 843: re: (?^u:^(?:[^,]*,){2}c). got: (?^u:^(?:[^,]*,){2}c)
ok 698 - Count: 844: re: (?^u:^(?:a?b?)*$). got: (?^u:^(?:a?b?)*$)
ok 699 - Count: 845: re: (?^u:^(?:b|a(?=(.)))*\1). got: (?^u:^(?:b|a(?=(.)))*\1)
ok 700 - Count: 846: re: (?^u:^(?:f|o|b){2,3}?((?:b|a|r)+)\1\z). got: (?^u:^(?:f|o|b){2,3}?((?:b|a|r)+)\1\z)
ok 701 - Count: 847: re: (?^u:^(?:f|o|b){2,3}?((?:b|a|r)+?)\1\z). got: (?^u:^(?:f|o|b){2,3}?((?:b|a|r)+?)\1\z)
ok 702 - Count: 848: re: (?^u:^(?:f|o|b){2,3}?(.+)\1\z). got: (?^u:^(?:f|o|b){2,3}?(.+)\1\z)
ok 703 - Count: 849: re: (?^u:^(?:f|o|b){2,3}?(.+?)\1\z). got: (?^u:^(?:f|o|b){2,3}?(.+?)\1\z)
ok 704 - Count: 850: re: (?^u:^(?:f|o|b){3,4}((?:b|a|r)+)\1\z). got: (?^u:^(?:f|o|b){3,4}((?:b|a|r)+)\1\z)
ok 705 - Count: 851: re: (?^u:^(?:f|o|b){3,4}((?:b|a|r)+?)\1\z). got: (?^u:^(?:f|o|b){3,4}((?:b|a|r)+?)\1\z)
ok 706 - Count: 852: re: (?^u:^(?:f|o|b){3,4}(.+)\1\z). got: (?^u:^(?:f|o|b){3,4}(.+)\1\z)
ok 707 - Count: 853: re: (?^u:^(?:f|o|b){3,4}(.+?)\1\z). got: (?^u:^(?:f|o|b){3,4}(.+?)\1\z)
ok 708 - Count: 854: re: (?^u:^(?=(a)){0}b(?1)). got: (?^u:^(?=(a)){0}b(?1))
ok 709 - Count: 855: re: (?^u:^(?=(a+?))\1ab). got: (?^u:^(?=(a+?))\1ab)
ok 710 - Count: 856: re: (?^u:^(?=XY*foo)). got: (?^u:^(?=XY*foo))
ok 711 - Count: 871: re: (?^u:^(XXXXXXXXXX|YYYYYYYYYY|Z.Q*X|Z[TE]Q*P):). got: (?^u:^(XXXXXXXXXX|YYYYYYYYYY|Z.Q*X|Z[TE]Q*P):)
ok 712 - Count: 872: re: (?^u:^(XXX|YYY|Z.Q*X|Z[TE]Q*P):). got: (?^u:^(XXX|YYY|Z.Q*X|Z[TE]Q*P):)
ok 713 - Count: 873: re: (?^u:^([0-9a-fA-F]+)(?:x([0-9a-fA-F]+)?)(?:x([0-9a-fA-F]+))?). got: (?^u:^([0-9a-fA-F]+)(?:x([0-9a-fA-F]+)?)(?:x([0-9a-fA-F]+))?)
ok 714 - Count: 874: re: (?^u:^([TUV]+|XXXXXXXXXX|YYYYYYYYYY|Z.Q*X|Z[TE]Q*P):). got: (?^u:^([TUV]+|XXXXXXXXXX|YYYYYYYYYY|Z.Q*X|Z[TE]Q*P):)
ok 715 - Count: 875: re: (?^u:^([TUV]+|XXXXXXXXXX|YYYYYYYYYY|Z.Q*X|Z[TE]Q*P|[MKJ]):). got: (?^u:^([TUV]+|XXXXXXXXXX|YYYYYYYYYY|Z.Q*X|Z[TE]Q*P|[MKJ]):)
ok 716 - Count: 876: re: (?^u:^([TUV]+|XXX|YYY|Z.Q*X|Z[TE]Q*P):). got: (?^u:^([TUV]+|XXX|YYY|Z.Q*X|Z[TE]Q*P):)
ok 717 - Count: 877: re: (?^u:^([TUV]+|XXX|YYY|Z.Q*X|Z[TE]Q*P|[MKJ]):). got: (?^u:^([TUV]+|XXX|YYY|Z.Q*X|Z[TE]Q*P|[MKJ]):)
ok 718 - Count: 878: re: (?^u:^([^,]*,){0,3}d). got: (?^u:^([^,]*,){0,3}d)
ok 719 - Count: 879: re: (?^u:^([^,]*,){2}c). got: (?^u:^([^,]*,){2}c)
ok 720 - Count: 880: re: (?^u:^([^,]*,){3,}d). got: (?^u:^([^,]*,){3,}d)
ok 721 - Count: 881: re: (?^u:^([^,]*,){3}d). got: (?^u:^([^,]*,){3}d)
ok 722 - Count: 882: re: (?^u:^([^,]{0,3},){0,3}d). got: (?^u:^([^,]{0,3},){0,3}d)
ok 723 - Count: 883: re: (?^u:^([^,]{0,3},){3,}d). got: (?^u:^([^,]{0,3},){3,}d)
ok 724 - Count: 884: re: (?^u:^([^,]{0,3},){3}d). got: (?^u:^([^,]{0,3},){3}d)
ok 725 - Count: 885: re: (?^u:^([^,]{1,3},){0,3}d). got: (?^u:^([^,]{1,3},){0,3}d)
ok 726 - Count: 886: re: (?^u:^([^,]{1,3},){3,}d). got: (?^u:^([^,]{1,3},){3,}d)
ok 727 - Count: 887: re: (?^u:^([^,]{1,3},){3}d). got: (?^u:^([^,]{1,3},){3}d)
ok 728 - Count: 888: re: (?^u:^([^,]{1,},){0,3}d). got: (?^u:^([^,]{1,},){0,3}d)
ok 729 - Count: 889: re: (?^u:^([^,]{1,},){3,}d). got: (?^u:^([^,]{1,},){3,}d)
ok 730 - Count: 890: re: (?^u:^([^,]{1,},){3}d). got: (?^u:^([^,]{1,},){3}d)
ok 731 - Count: 891: re: (?^u:^([^a-z])|(\^)$). got: (?^u:^([^a-z])|(\^)$)
ok 732 - Count: 892: re: (?^u:^([a-z]:)). got: (?^u:^([a-z]:))
ok 733 - Count: 893: re: (?^u:^([a]{1})*$). got: (?^u:^([a]{1})*$)
ok 734 - Count: 894: re: (?^u:^([ab]*?)(b)?(c)$). got: (?^u:^([ab]*?)(b)?(c)$)
ok 735 - Count: 895: re: (?^u:^(\()?blah(?(1)(\)))$). got: (?^u:^(\()?blah(?(1)(\)))$)
ok 736 - Count: 896: re: (?^u:^(\(+)?blah(?(1)(\)))$). got: (?^u:^(\(+)?blah(?(1)(\)))$)
ok 737 - Count: 898: re: (?^u:^(a(?(1)\1)){4}$). got: (?^u:^(a(?(1)\1)){4}$)
ok 738 - Count: 900: re: (?^u:^(a(b)?)+$). got: (?^u:^(a(b)?)+$)
ok 739 - Count: 901: re: (?^u:^(a)?(?(1)a|b)+$). got: (?^u:^(a)?(?(1)a|b)+$)
ok 740 - Count: 902: re: (?^u:^(a)?a$). got: (?^u:^(a)?a$)
ok 741 - Count: 903: re: (?^u:^(a*?)(?!(aa|aaaa)*$)(?=a\z)). got: (?^u:^(a*?)(?!(aa|aaaa)*$)(?=a\z))
ok 742 - Count: 904: re: (?^u:^(a+)*ax). got: (?^u:^(a+)*ax)
ok 743 - Count: 905: re: (?^u:^(a\1?)(a\1?)(a\2?)(a\3?)$). got: (?^u:^(a\1?)(a\1?)(a\2?)(a\3?)$)
ok 744 - Count: 906: re: (?^u:^(a\1?){4}$). got: (?^u:^(a\1?){4}$)
ok 745 - Count: 907: re: (?^u:^(aa(bb)?)+$). got: (?^u:^(aa(bb)?)+$)
ok 746 - Count: 908: re: (?^u:^(ab|cd)e). got: (?^u:^(ab|cd)e)
ok 747 - Count: 909: re: (?^u:^(b+?|a){1,2}c). got: (?^u:^(b+?|a){1,2}c)
ok 748 - Count: 910: re: (?^u:^.{2,3}?((?:b|a|r)+)\1\z). got: (?^u:^.{2,3}?((?:b|a|r)+)\1\z)
ok 749 - Count: 911: re: (?^u:^.{2,3}?((?:b|a|r)+?)\1\z). got: (?^u:^.{2,3}?((?:b|a|r)+?)\1\z)
ok 750 - Count: 912: re: (?^u:^.{2,3}?(.+)\1\z). got: (?^u:^.{2,3}?(.+)\1\z)
ok 751 - Count: 913: re: (?^u:^.{2,3}?(.+?)\1\z). got: (?^u:^.{2,3}?(.+?)\1\z)
ok 752 - Count: 914: re: (?^u:^.{3,4}((?:b|a|r)+)\1\z). got: (?^u:^.{3,4}((?:b|a|r)+)\1\z)
ok 753 - Count: 915: re: (?^u:^.{3,4}((?:b|a|r)+?)\1\z). got: (?^u:^.{3,4}((?:b|a|r)+?)\1\z)
ok 754 - Count: 916: re: (?^u:^.{3,4}(.+?)\1\z). got: (?^u:^.{3,4}(.+?)\1\z)
ok 755 - Count: 917: re: (?^u:^A*\z). got: (?^u:^A*\z)
ok 756 - Count: 918: re: (?^u:^[<>]&). got: (?^u:^[<>]&)
ok 757 - Count: 919: re: (?^u:^[^bcd]*(c+)). got: (?^u:^[^bcd]*(c+))
ok 758 - Count: 920: re: (?^u:^\R{2}$). got: (?^u:^\R{2}$)
ok 759 - Count: 921: re: (?^u:^_?[^\S_0-9]\w*\z). got: (?^u:^_?[^\S_0-9]\w*\z)
ok 760 - Count: 923: re: (?^u:^a(bc+|b[eh])g|.h$). got: (?^u:^a(bc+|b[eh])g|.h$)
ok 761 - Count: 924: re: (?^u:^a?\N$). got: (?^u:^a?\N$)
ok 762 - Count: 925: re: (?^u:^abc). got: (?^u:^abc)
ok 763 - Count: 926: re: (?^u:^abc$). got: (?^u:^abc$)
ok 764 - Count: 927: re: (?^u:^b). got: (?^u:^b)
ok 765 - Count: 928: re: (?^u:^m?(\D)(.*)\1$). got: (?^u:^m?(\D)(.*)\1$)
ok 766 - Count: 929: re: (?^u:^m?(\S)(.*)\1$). got: (?^u:^m?(\S)(.*)\1$)
ok 767 - Count: 930: re: (?^u:^m?(\W)(.*)\1$). got: (?^u:^m?(\W)(.*)\1$)
ok 768 - Count: 931: re: (?^u:^m?(\d)(.*)\1$). got: (?^u:^m?(\d)(.*)\1$)
ok 769 - Count: 932: re: (?^u:^m?(\s)(.*)\1$). got: (?^u:^m?(\s)(.*)\1$)
ok 770 - Count: 933: re: (?^u:^m?(\w)(.*)\1$). got: (?^u:^m?(\w)(.*)\1$)
ok 771 - Count: 935: re: (?^u:^x?abc?de). got: (?^u:^x?abc?de)
ok 772 - Count: 936: re: (?^u:a$). got: (?^u:a$)
ok 773 - Count: 937: re: (?^u:a(.)\2147483648). got: (?^u:a(.)\2147483648)
ok 774 - Count: 938: re: (?^u:a(.)\2147483649). got: (?^u:a(.)\2147483649)
ok 775 - Count: 939: re: (?^u:a(.)\2147483650). got: (?^u:a(.)\2147483650)
ok 776 - Count: 955: re: (?^u:a(?!b(?!c(?!d(?!e))))...(.)). got: (?^u:a(?!b(?!c(?!d(?!e))))...(.))
ok 777 - Count: 956: re: (?^u:a(?!b).). got: (?^u:a(?!b).)
ok 778 - Count: 957: re: (?^u:a(?:b|(c|e){1,2}?|d)+?(.)). got: (?^u:a(?:b|(c|e){1,2}?|d)+?(.))
ok 779 - Count: 958: re: (?^u:a(?:b|c|d)(.)). got: (?^u:a(?:b|c|d)(.))
ok 780 - Count: 959: re: (?^u:a(?:b|c|d)*(.)). got: (?^u:a(?:b|c|d)*(.))
ok 781 - Count: 960: re: (?^u:a(?:b|c|d)+(.)). got: (?^u:a(?:b|c|d)+(.))
ok 782 - Count: 961: re: (?^u:a(?:b|c|d)+?(.)). got: (?^u:a(?:b|c|d)+?(.))
ok 783 - Count: 962: re: (?^u:a(?:b|c|d){2}(.)). got: (?^u:a(?:b|c|d){2}(.))
ok 784 - Count: 963: re: (?^u:a(?:b|c|d){4,5}(.)). got: (?^u:a(?:b|c|d){4,5}(.))
ok 785 - Count: 964: re: (?^u:a(?:b|c|d){4,5}?(.)). got: (?^u:a(?:b|c|d){4,5}?(.))
ok 786 - Count: 965: re: (?^u:a(?:b|c|d){5,6}(.)). got: (?^u:a(?:b|c|d){5,6}(.))
ok 787 - Count: 966: re: (?^u:a(?:b|c|d){5,6}?(.)). got: (?^u:a(?:b|c|d){5,6}?(.))
ok 788 - Count: 967: re: (?^u:a(?:b|c|d){5,7}(.)). got: (?^u:a(?:b|c|d){5,7}(.))
ok 789 - Count: 968: re: (?^u:a(?:b|c|d){5,7}?(.)). got: (?^u:a(?:b|c|d){5,7}?(.))
ok 790 - Count: 969: re: (?^u:a(?:b|c|d){6,7}(.)). got: (?^u:a(?:b|c|d){6,7}(.))
ok 791 - Count: 970: re: (?^u:a(?:b|c|d){6,7}?(.)). got: (?^u:a(?:b|c|d){6,7}?(.))
ok 792 - Count: 971: re: (?^u:a(?=c|d).). got: (?^u:a(?=c|d).)
ok 793 - Count: 972: re: (?^u:a(?=d).). got: (?^u:a(?=d).)
ok 794 - Count: 982: re: (?^u:a([bc]*)(c*d)). got: (?^u:a([bc]*)(c*d))
ok 795 - Count: 983: re: (?^u:a([bc]*)(c+d)). got: (?^u:a([bc]*)(c+d))
ok 796 - Count: 984: re: (?^u:a([bc]*)c*). got: (?^u:a([bc]*)c*)
ok 797 - Count: 985: re: (?^u:a([bc]+)(c*d)). got: (?^u:a([bc]+)(c*d))
ok 798 - Count: 986: re: (?^u:a(bc)d). got: (?^u:a(bc)d)
ok 799 - Count: 987: re: (?^u:a*). got: (?^u:a*)
ok 800 - Count: 988: re: (?^u:a*(*F)). got: (?^u:a*(*F))
ok 801 - Count: 989: re: (?^u:a*(*FAIL)). got: (?^u:a*(*FAIL))
ok 802 - Count: 990: re: (?^u:a*(?!)). got: (?^u:a*(?!))
ok 803 - Count: 992: re: (?^u:a*+a). got: (?^u:a*+a)
ok 804 - Count: 993: re: (?^u:a*+b). got: (?^u:a*+b)
ok 805 - Count: 994: re: (?^u:a*abc?xyz+pqr{3}ab{2,}xy{4,5}pq{0,6}AB{0,}zz). got: (?^u:a*abc?xyz+pqr{3}ab{2,}xy{4,5}pq{0,6}AB{0,}zz)
ok 806 - Count: 995: re: (?^u:a++a). got: (?^u:a++a)
ok 807 - Count: 996: re: (?^u:a++b). got: (?^u:a++b)
ok 808 - Count: 997: re: (?^u:a+b+c). got: (?^u:a+b+c)
ok 809 - Count: 998: re: (?^u:a.*c). got: (?^u:a.*c)
ok 810 - Count: 999: re: (?^u:a.+?c). got: (?^u:a.+?c)
ok 811 - Count: 1000: re: (?^u:a.c). got: (?^u:a.c)
ok 812 - Count: 1001: re: (?^u:a?+a). got: (?^u:a?+a)
ok 813 - Count: 1002: re: (?^u:a?+b). got: (?^u:a?+b)
ok 814 - Count: 1003: re: (?^u:a?\R). got: (?^u:a?\R)
ok 815 - Count: 1004: re: (?^u:a?\X). got: (?^u:a?\X)
ok 816 - Count: 1006: re: (?^u:a[-]?c). got: (?^u:a[-]?c)
ok 817 - Count: 1007: re: (?^u:a[-b]). got: (?^u:a[-b])
ok 818 - Count: 1008: re: (?^u:a[\S]b). got: (?^u:a[\S]b)
ok 819 - Count: 1009: re: (?^u:a[\s]b). got: (?^u:a[\s]b)
ok 820 - Count: 1010: re: (?^u:a[]]b). got: (?^u:a[]]b)
ok 821 - Count: 1012: re: (?^u:a[^-b]c). got: (?^u:a[^-b]c)
ok 822 - Count: 1013: re: (?^u:a[^]b]c). got: (?^u:a[^]b]c)
ok 823 - Count: 1014: re: (?^u:a[^bc]d). got: (?^u:a[^bc]d)
ok 824 - Count: 1015: re: (?^u:a[b-]). got: (?^u:a[b-])
ok 825 - Count: 1017: re: (?^u:a[b-d]). got: (?^u:a[b-d])
ok 826 - Count: 1018: re: (?^u:a[b-d]e). got: (?^u:a[b-d]e)
ok 827 - Count: 1019: re: (?^u:a[b]d). got: (?^u:a[b]d)
ok 828 - Count: 1020: re: (?^u:a[bc]d). got: (?^u:a[bc]d)
ok 829 - Count: 1021: re: (?^u:a[bcd]*dcdcde). got: (?^u:a[bcd]*dcdcde)
ok 830 - Count: 1022: re: (?^u:a[bcd]+dcdcde). got: (?^u:a[bcd]+dcdcde)
ok 831 - Count: 1028: re: (?^u:a\N*c). got: (?^u:a\N*c)
ok 832 - Count: 1029: re: (?^u:a\Nc). got: (?^u:a\Nc)
ok 833 - Count: 1030: re: (?^u:a\Sb). got: (?^u:a\Sb)
ok 834 - Count: 1031: re: (?^u:a\Z). got: (?^u:a\Z)
ok 835 - Count: 1032: re: (?^u:a\\b). got: (?^u:a\\b)
ok 836 - Count: 1033: re: (?^u:a\sb). got: (?^u:a\sb)
ok 837 - Count: 1034: re: (?^u:a\z). got: (?^u:a\z)
ok 838 - Count: 1035: re: (?^u:a]). got: (?^u:a])
ok 839 - Count: 1036: re: (?^u:aa$). got: (?^u:aa$)
ok 840 - Count: 1037: re: (?^u:aa\Z). got: (?^u:aa\Z)
ok 841 - Count: 1038: re: (?^u:aa\z). got: (?^u:aa\z)
ok 842 - Count: 1039: re: (?^u:ab$). got: (?^u:ab$)
ok 843 - Count: 1041: re: (?^u:ab(?i)cd). got: (?^u:ab(?i)cd)
ok 844 - Count: 1043: re: (?^u:ab*). got: (?^u:ab*)
ok 845 - Count: 1044: re: (?^u:ab*bc). got: (?^u:ab*bc)
ok 846 - Count: 1045: re: (?^u:ab*c). got: (?^u:ab*c)
ok 847 - Count: 1046: re: (?^u:ab+bc). got: (?^u:ab+bc)
ok 848 - Count: 1047: re: (?^u:ab?bc). got: (?^u:ab?bc)
ok 849 - Count: 1048: re: (?^u:ab?c). got: (?^u:ab?c)
ok 850 - Count: 1051: re: (?^u:ab[c\\\](??{"x"})]{3}d). got: (?^u:ab[c\\\](??{"x"})]{3}d)
ok 851 - Count: 1054: re: (?^u:ab\Z). got: (?^u:ab\Z)
ok 852 - Count: 1056: re: (?^u:ab\\[(??{1;})]c). got: (?^u:ab\\[(??{1;})]c)
ok 853 - Count: 1058: re: (?^u:ab\z). got: (?^u:ab\z)
ok 854 - Count: 1059: re: (?^u:abb$). got: (?^u:abb$)
ok 855 - Count: 1060: re: (?^u:abb\Z). got: (?^u:abb\Z)
ok 856 - Count: 1061: re: (?^u:abb\z). got: (?^u:abb\z)
ok 857 - Count: 1062: re: (?^u:abc). got: (?^u:abc)
ok 858 - Count: 1063: re: (?^u:abc$). got: (?^u:abc$)
ok 859 - Count: 1065: re: (?^u:abc\N). got: (?^u:abc\N)
ok 860 - Count: 1066: re: (?^u:abc\N\{U+BEEF}). got: (?^u:abc\N\{U+BEEF})
ok 861 - Count: 1068: re: (?^u:abcd). got: (?^u:abcd)
ok 862 - Count: 1069: re: (?^u:abcd*efg). got: (?^u:abcd*efg)
ok 863 - Count: 1070: re: (?^u:ab{0,1}bc). got: (?^u:ab{0,1}bc)
ok 864 - Count: 1071: re: (?^u:ab{0,1}c). got: (?^u:ab{0,1}c)
ok 865 - Count: 1072: re: (?^u:ab{0,}bc). got: (?^u:ab{0,}bc)
ok 866 - Count: 1073: re: (?^u:ab{1,3}bc). got: (?^u:ab{1,3}bc)
ok 867 - Count: 1074: re: (?^u:ab{1,}bc). got: (?^u:ab{1,}bc)
ok 868 - Count: 1075: re: (?^u:ab{3,4}bc). got: (?^u:ab{3,4}bc)
ok 869 - Count: 1076: re: (?^u:ab{4,5}bc). got: (?^u:ab{4,5}bc)
ok 870 - Count: 1077: re: (?^u:ab|cd). got: (?^u:ab|cd)
ok 871 - Count: 1078: re: (?^u:a{1,5}+a). got: (?^u:a{1,5}+a)
ok 872 - Count: 1079: re: (?^u:a{1,5}+b). got: (?^u:a{1,5}+b)
ok 873 - Count: 1080: re: (?^u:a{1,}b{1,}c). got: (?^u:a{1,}b{1,}c)
ok 874 - Count: 1081: re: (?^u:a|b|c|d|e). got: (?^u:a|b|c|d|e)
ok 875 - Count: 1082: re: (?^u:foo(?0)?bar). got: (?^u:foo(?0)?bar)
ok 876 - Count: 1083: re: (?^u:foo(?:aA)*+(?:aA)). got: (?^u:foo(?:aA)*+(?:aA))
ok 877 - Count: 1084: re: (?^u:foo(?:aA)*+b). got: (?^u:foo(?:aA)*+b)
ok 878 - Count: 1085: re: (?^u:foo(?:aA)++(?:aA)). got: (?^u:foo(?:aA)++(?:aA))
ok 879 - Count: 1086: re: (?^u:foo(?:aA)++b). got: (?^u:foo(?:aA)++b)
ok 880 - Count: 1087: re: (?^u:foo(?:aA)?+(?:aA)). got: (?^u:foo(?:aA)?+(?:aA))
ok 881 - Count: 1088: re: (?^u:foo(?:aA)?+b). got: (?^u:foo(?:aA)?+b)
ok 882 - Count: 1089: re: (?^u:foo(?:aA){1,5}+(?:aA)). got: (?^u:foo(?:aA){1,5}+(?:aA))
ok 883 - Count: 1090: re: (?^u:foo(?:aA){1,5}+b). got: (?^u:foo(?:aA){1,5}+b)
ok 884 - Count: 1091: re: (?^u:foo(?:aA|bB)*+(?:aA|bB)). got: (?^u:foo(?:aA|bB)*+(?:aA|bB))
ok 885 - Count: 1092: re: (?^u:foo(?:aA|bB)*+b). got: (?^u:foo(?:aA|bB)*+b)
ok 886 - Count: 1093: re: (?^u:foo(?:aA|bB)++(?:aA|bB)). got: (?^u:foo(?:aA|bB)++(?:aA|bB))
ok 887 - Count: 1094: re: (?^u:foo(?:aA|bB)++b). got: (?^u:foo(?:aA|bB)++b)
ok 888 - Count: 1095: re: (?^u:foo(?:aA|bB)?+(?:aA|bB)). got: (?^u:foo(?:aA|bB)?+(?:aA|bB))
ok 889 - Count: 1096: re: (?^u:foo(?:aA|bB)?+b). got: (?^u:foo(?:aA|bB)?+b)
ok 890 - Count: 1097: re: (?^u:foo(?:aA|bB){1,5}+(?:aA|bB)). got: (?^u:foo(?:aA|bB){1,5}+(?:aA|bB))
ok 891 - Count: 1098: re: (?^u:foo(?:aA|bB){1,5}+b). got: (?^u:foo(?:aA|bB){1,5}+b)
ok 892 - Count: 1099: re: (?^u:foo(?R)?bar). got: (?^u:foo(?R)?bar)
ok 893 - Count: 1100: re: (?^u:foo(\R)bar). got: (?^u:foo(\R)bar)
ok 894 - Count: 1101: re: (?^u:foo(\R+)bar). got: (?^u:foo(\R+)bar)
ok 895 - Count: 1102: re: (?^u:foo(\h)bar). got: (?^u:foo(\h)bar)
ok 896 - Count: 1103: re: (?^u:foo(\h+)bar). got: (?^u:foo(\h+)bar)
ok 897 - Count: 1104: re: (?^u:foo(\v)bar). got: (?^u:foo(\v)bar)
ok 898 - Count: 1105: re: (?^u:foo(\v+)bar). got: (?^u:foo(\v+)bar)
ok 899 - Count: 1106: re: (?^u:foo(aA)*+(aA)). got: (?^u:foo(aA)*+(aA))
ok 900 - Count: 1107: re: (?^u:foo(aA)*+b). got: (?^u:foo(aA)*+b)
ok 901 - Count: 1108: re: (?^u:foo(aA)++(aA)). got: (?^u:foo(aA)++(aA))
ok 902 - Count: 1109: re: (?^u:foo(aA)++b). got: (?^u:foo(aA)++b)
ok 903 - Count: 1110: re: (?^u:foo(aA)?+(aA)). got: (?^u:foo(aA)?+(aA))
ok 904 - Count: 1111: re: (?^u:foo(aA)?+b). got: (?^u:foo(aA)?+b)
ok 905 - Count: 1112: re: (?^u:foo(aA){1,5}+(aA)). got: (?^u:foo(aA){1,5}+(aA))
ok 906 - Count: 1113: re: (?^u:foo(aA){1,5}+b). got: (?^u:foo(aA){1,5}+b)
ok 907 - Count: 1114: re: (?^u:foo(aA|bB)*+(aA|bB)). got: (?^u:foo(aA|bB)*+(aA|bB))
ok 908 - Count: 1115: re: (?^u:foo(aA|bB)*+b). got: (?^u:foo(aA|bB)*+b)
ok 909 - Count: 1116: re: (?^u:foo(aA|bB)++(aA|bB)). got: (?^u:foo(aA|bB)++(aA|bB))
ok 910 - Count: 1117: re: (?^u:foo(aA|bB)++b). got: (?^u:foo(aA|bB)++b)
ok 911 - Count: 1118: re: (?^u:foo(aA|bB)?+(aA|bB)). got: (?^u:foo(aA|bB)?+(aA|bB))
ok 912 - Count: 1119: re: (?^u:foo(aA|bB)?+b). got: (?^u:foo(aA|bB)?+b)
ok 913 - Count: 1120: re: (?^u:foo(aA|bB){1,5}+(aA|bB)). got: (?^u:foo(aA|bB){1,5}+(aA|bB))
ok 914 - Count: 1121: re: (?^u:foo(aA|bB){1,5}+b). got: (?^u:foo(aA|bB){1,5}+b)
ok 915 - Count: 1122: re: (?^u:foo.bart). got: (?^u:foo.bart)
ok 916 - Count: 1123: re: (?^u:foo\w*\d{4}baz). got: (?^u:foo\w*\d{4}baz)
ok 917 - Count: 1124: re: (?^u:fooa*+a). got: (?^u:fooa*+a)
ok 918 - Count: 1125: re: (?^u:fooa*+b). got: (?^u:fooa*+b)
ok 919 - Count: 1126: re: (?^u:fooa++a). got: (?^u:fooa++a)
ok 920 - Count: 1127: re: (?^u:fooa++b). got: (?^u:fooa++b)
ok 921 - Count: 1128: re: (?^u:fooa?+a). got: (?^u:fooa?+a)
ok 922 - Count: 1129: re: (?^u:fooa?+b). got: (?^u:fooa?+b)
ok 923 - Count: 1130: re: (?^u:fooa{1,5}+a). got: (?^u:fooa{1,5}+a)
ok 924 - Count: 1131: re: (?^u:fooa{1,5}+b). got: (?^u:fooa{1,5}+b)
ok 925 - Count: 1132: re: (?^u:m?^xy\?$?). got: (?^u:m?^xy\?$?)
ok 926 - Count: 1133: re: (?^u:multiple words). got: (?^u:multiple words)
ok 927 - Count: 1134: re: (?^u:multiple words of text). got: (?^u:multiple words of text)
ok 928 - Count: 1135: re: (?^u:o(?<=foo)Y). got: (?^u:o(?<=foo)Y)
ok 929 - Count: 1136: re: (?^u:round\(((?>[^()]+))\)). got: (?^u:round\(((?>[^()]+))\))
ok 930 - Count: 1137: re: (?^u:round\(([^()]++)\)). got: (?^u:round\(([^()]++)\))
ok 931 - Count: 1138: re: (?^u:tt+$). got: (?^u:tt+$)
ok 932 - Count: 1139: re: (?^u:x(~~)*(?:(?:F)?)?). got: (?^u:x(~~)*(?:(?:F)?)?)
1..932
