@0 +0
/ram/bus_rw HiZ
/ram/mfc x
/ram/mfc 0
/ram/bus_data zzzzzzzz
/ram/bus_data zzzzzzzz
/ram/data zzzzzzzz
/ram/bus_data zzzzzzzz
/ram/bus_data zzzzzzzz
/ram/data zzzzzzzz
@1 +0
/ram/bus_rw St0
/ram/bus_data 0000ffff
/ram/bus_data 0000ffff
@13 +0
/ram/mfc 1
@15 +0
/ram/mfc 0
@20 +1
/ram/bus_data zzzzzzzz
/ram/bus_data zzzzzzzz
@21 +0
/ram/bus_data 0000abcd
/ram/bus_data 0000abcd
@33 +0
/ram/mfc 1
@35 +0
/ram/mfc 0
@40 +1
/ram/bus_data zzzzzzzz
/ram/bus_data zzzzzzzz
@42 +0
/ram/bus_rw St1
@54 +0
/ram/mfc 1
/ram/data 0000ffff
@54 +1
/ram/bus_data 0000ffff
/ram/bus_data 0000ffff
@61 +0
/ram/mfc 0
/ram/data zzzzzzzz
@61 +1
/ram/bus_data zzzzzzzz
/ram/bus_data zzzzzzzz
@78 +0
/ram/mfc 1
/ram/data 0000abcd
@78 +1
/ram/bus_data 0000abcd
/ram/bus_data 0000abcd
@88 +0
/ram/mfc 0
/ram/data zzzzzzzz
@88 +1
/ram/bus_data zzzzzzzz
/ram/bus_data zzzzzzzz
