#8.bar 9.bar 10.bar 11.bar 12.bar 13.bar 14.bar 15.bar 16.bar 17.bar 18.bar 19.bar 20.bar 21.bar 22.bar 23.bar 24.bar 25.bar 26.bar 27.bar 28.bar 29.bar 30.bar 31.bar 32.bar 33.bar 34.bar 35.bar 36.bar 37.bar 38.bar 39.bar
                                                                                                                                                               ->  51 ->  23 ->   2 ->   2 ->   1 ->   1 ->   1 ->   1 ->   1
                                                                                                                                                               ->  99 ->  48 ->  14 ->   5 ->   3 ->   2 ->   2 ->   2 ->   2
                                                                                                                                                                                                                ->   3 ->   3
                                                                                                                                                                             ->  85 ->  60 ->  16 ->   6 ->   4 ->   5 ->   4
                                                                                                                                                                             ->  53 ->  27 ->   6 ->   3 ->   3 ->   4 ->   5
                                                                                                                                                                                    ->  95 ->  36 ->   9 ->   8 ->   7 ->   6
                                                                                                                                                                                    ->  85 ->  30 ->   7 ->   6 ->   6 ->   7
                                                                                                                                                                                           ->  46 ->  12 ->   9 ->   9 ->   8
                                                                                                                                                                             ->  75 ->  50 ->  12 ->   5 ->   5 ->   8 ->   9
                                                                                                              ->  12 ->   1 ->   1 ->   1 ->   1 ->   1 ->   1 ->   1 ->   1 ->   1 ->   1 ->   2 ->   4 ->   7 ->  10 ->  10
                                                                                                                                                                                    ->  84 ~>   2 ->   4 ->   7 ->  10 ->  10
                                                                                                                                                                                                                ->  11 ->  12
                                                                                                                                                                             ->   8 ->   3 ->   4 ->   8 ->  10 ->  12 ->  13
                                                                                                                                                                             ->  79 ->  53 ->  62 ->  73 ->  84 ->  94 ~>  13
                                                                                                                                                                                           ->  91 ->  77 ->  88 ->  98 ~>  13
                                                                                                                                                                             ->  54 ->  29 ->   7 ->  10 ->  11 ->  13 ->  14
                                                                                                                                                               ->  93 ->  46 ->  12 ->   4 ->   5 ->  11 ->  12 ->  14 ->  15
                                                                                                                                                                                                         ->  15 ->  15 ->  16
                                                                                                                                                                                                  ->  91 ->  39 ->  22 ->  17
                                                                                                                                                                                                  ->  25 ->  13 ->  16 ->  18
                                                                                                                                                                      ->  54 ->  20 ->   6 ->   8 ->  13 ->  14 ->  17 ->  19
                                                                                                                                                                                                         ->  17 ->  18 ->  20
                                                                                                                                                                                                         ->  47 ->  29 ->  22
                                                                                                                                                                                                         ->  22 ->  19 ->  23
                                                                                                                                                                                    ->  71 ->  18 ->  14 ->  16 ->  20 ->  24
                                                                                                                                                                                                  ->  84 ->  97 ~>  20 ->  24
                                                                                                                                                                                                         ->  27 ->  21 ->  25
                                                                                                                                                 ->  43 ->  20 ->   6 ->   2 ->   3 ->   7 ->   9 ->  15 ->  18 ->  23 ->  26
                                                                                                                                                        ->  60 ->  37 ->  35 ->  47 ->  69 ->  95 ~>  15 ->  18 ->  23 ->  26
                                                                                                                                                                      ->  70 ->  73 ->  83 ->  87 ->  97 ~>  90 -> 100 ~>  26
                                                                                                                                                                      ->  85 ->  95 ~>  83 ->  87 ->  97 ~>  90 -> 100 ~>  26
                                                                                                                                                                             ->  81 ->  72 ->  97 ~>  15 ->  18 ->  23 ->  26
                                                                                                                                                                                    ->  59 ->  68 ->  80 ->  91 ~>  23 ->  26
                                                                                                                                                                                    ->  64 ->  67 ->  79 ->  90 -> 100 ~>  26
                                                                                                                                                                                    ->  88 ->  94 ~>  79 ->  90 -> 100 ~>  26
                                                                                                                                                                                    ->  89 ~>   9 ->  15 ->  18 ->  23 ->  26
                                                                                                              ->  41 ->  17 ->  12 ->   3 ->   2 ->   2 ->   2 ->   2 ->   3 ->   4 ->   8 ->  10 ->  16 ->  19 ->  24 ->  27
                                                                                                              ->  43 ->  18 ->  13 ->   4 ->   3 ->   3 ->   3 ->   3 ->   4 ->   5 ->   9 ->  11 ->  17 ->  20 ->  25 ->  28
                                                                                                              ->  76 ->  79 ->  77 ->  48 ->  35 ->  36 ->  37 ->  39 ->  44 ->  59 ->  94 ~>  11 ->  17 ->  20 ->  25 ->  28
                                                                                                              ->  79 ->  87 ->  86 ->  56 ->  39 ->  41 ->  43 ->  45 ->  53 ->  76 ~>   9 ->  11 ->  17 ->  20 ->  25 ->  28
                                                                                                                                   ->  94 ->  69 ->  79 ->  91 ~>   3 ->   4 ->   5 ->   9 ->  11 ->  17 ->  20 ->  25 ->  28
   1 ->   1 ->   1 ->   2 ->   2 ->   2 ->   2 ->   2 ->   2 ->   2 ->   2 ->   2 ->   3 ->   4 ->   6 ->   7 ->   8 ->  10 ->  11 ->  26 ->  37 ->  39 ->  41 ->  42 ->  49 ->  63 -> 100 ~>  63 ->  74 ->  85 ->  95 ~>  29
   2 ->   2 ->   3 ->   3 ->   3 ->   3 ->   3 ->   3 ->   3 ->   4 ->   4 ->   5 ->  12 ->  21 ->  25 ->  28 ->  37 ->  52 ->  74 ->  86 ->  98 ~>  39 ->  41 ->  42 ->  49 ->  63 -> 100 ~>  63 ->  74 ->  85 ->  95 ~>  29
            ->   2 ->   1 ->   1 ->   1 ->   1 ->   1 ->   1 ->   1 ->   1 ->   1 ->   1 ->   1 ->   1 ->   2 ->   2 ->   3 ->   4 ->   8 ->  18 ->  20 ->  21 ->  21 ->  24 ->  33 ->  44 ->  63 ->  74 ->  85 ->  95 ~>  29
                                                      ->   4 ~>   3 ->   3 ->   3 ->   7 ->  11 ->  13 ->  15 ->  22 ->  29 ->  45 ->  60 ->  64 ->  72 ->  80 ->  95 ~>  49 ->  63 -> 100 ~>  63 ->  74 ->  85 ->  95 ~>  29
                                                      ->   5 ->   6 ->   7 ->   7 ->  16 ->  26 ->  32 ->  33 ->  45 ->  66 ->  89 ~>  26 ->  37 ->  39 ->  41 ->  42 ->  49 ->  63 -> 100 ~>  63 ->  74 ->  85 ->  95 ~>  29
                                                      ->   6 ->   7 ->   8 ->   8 ->  18 ->  28 ->  34 ->  36 ->  50 ->  75 ->  94 ~>  26 ->  37 ->  39 ->  41 ->  42 ->  49 ->  63 -> 100 ~>  63 ->  74 ->  85 ->  95 ~>  29
                                                      ->   7 ->   5 ->   6 ->   6 ->  15 ->  25 ->  30 ->  31 ->  42 ->  63 ->  87 ~>  26 ->  37 ->  39 ->  41 ->  42 ->  49 ->  63 -> 100 ~>  63 ->  74 ->  85 ->  95 ~>  29
                                                                    ->   5 ->   4 ->  10 ->  17 ->  21 ->  25 ->  32 ->  48 ->  65 ->  79 ->  87 ~>  39 ->  41 ->  42 ->  49 ->  63 -> 100 ~>  63 ->  74 ->  85 ->  95 ~>  29
                                                                                  ->   4 ->   3 ->   5 ->   6 ->   7 ->   9 ->  10 ->  24 ->  36 ->  38 ->  39 ->  41 ->  47 ->  62 ->  99 ~>  63 ->  74 ->  85 ->  95 ~>  29
                                                                                  ->   5 ->   5 ->   8 ->   8 ->   9 ->  11 ->  16 ->  30 ->  40 ->  42 ->  44 ->  46 ->  55 ->  77 ~>  44 ->  63 ->  74 ->  85 ->  95 ~>  29
                                                                                  ->   6 ->   8 ->  11 ->  11 ->  15 ->  19 ->  34 ->  51 ->  57 ->  59 ->  64 ->  75 ->  84 ~>  63 -> 100 ~>  63 ->  74 ->  85 ->  95 ~>  29
                                                                                  ->   9 ->   7 ->   9 ->  10 ->  13 ->  14 ->  25 ->  43 ->  51 ->  53 ->  54 ->  59 ->  68 ->  99 ~> 100 ~>  63 ->  74 ->  85 ->  95 ~>  29
                                                                                  ->  17 ->  14 ->  15 ->  17 ->  24 ->  33 ->  51 ->  65 ->  74 ->  84 ->  97 ~>  59 ->  68 ->  99 ~> 100 ~>  63 ->  74 ->  85 ->  95 ~>  29
                                                                                  ->  19 ->  18 ->  17 ->  20 ->  27 ->  42 ->  58 ->  73 ->  81 ->  95 ~>  54 ->  59 ->  68 ->  99 ~> 100 ~>  63 ->  74 ->  85 ->  95 ~>  29
                                                                                  ->  21 ->  29 ->  35 ->  37 ->  52 ->  77 ->  98 ~>  51 ->  57 ->  59 ->  64 ->  75 ->  84 ~>  63 -> 100 ~>  63 ->  74 ->  85 ->  95 ~>  29
                                                                                  ->  22 ->  32 ->  42 ->  44 ->  69 ->  95 ~>  65 ->  79 ->  87 ~>  39 ->  41 ->  42 ->  49 ->  63 -> 100 ~>  63 ->  74 ->  85 ->  95 ~>  29
                                                                                         ->   9 ->  12 ->  13 ->  19 ->  23 ->  39 ->  54 ->  61 ->  66 ->  71 ->  84 ->  95 ~>  33 ->  44 ->  63 ->  74 ->  85 ->  95 ~>  29
                                                                                         ->  15 ->  19 ->  22 ->  29 ->  44 ->  60 ->  75 ->  83 ->  97 ~>  41 ->  42 ->  49 ->  63 -> 100 ~>  63 ->  74 ->  85 ->  95 ~>  29
                                                                                         ->  16 ->  20 ->  24 ->  31 ->  46 ->  64 ->  78 ->  86 ~>  20 ->  21 ->  21 ->  24 ->  33 ->  44 ->  63 ->  74 ->  85 ->  95 ~>  29
                                                                                         ->  20 ->  24 ->  27 ->  35 ->  50 ->  70 ->  83 ->  91 ~>  39 ->  41 ->  42 ->  49 ->  63 -> 100 ~>  63 ->  74 ->  85 ->  95 ~>  29
                                                                                         ->  22 ->  23 ->  26 ->  34 ->  49 ->  69 ->  82 ->  90 ~>  72 ->  80 ->  95 ~>  49 ->  63 -> 100 ~>  63 ->  74 ->  85 ->  95 ~>  29
                                                                                         ->  23 ->  26 ->  29 ->  38 ->  56 ->  75 ->  87 ->  99 ~>  39 ->  41 ->  42 ->  49 ->  63 -> 100 ~>  63 ->  74 ->  85 ->  95 ~>  29
                                                                                         ->  27 ->  33 ->  35 ->  49 ->  73 ->  93 ~>  26 ->  37 ->  39 ->  41 ->  42 ->  49 ->  63 -> 100 ~>  63 ->  74 ->  85 ->  95 ~>  29
                                                                                         ->  33 ->  43 ->  45 ->  71 ->  96 ~>  70 ->  83 ->  91 ~>  39 ->  41 ->  42 ->  49 ->  63 -> 100 ~>  63 ->  74 ->  85 ->  95 ~>  29
                                                                                         ->  34 ->  46 ->  46 ->  72 ->  98 ~>  74 ->  86 ->  98 ~>  39 ->  41 ->  42 ->  49 ->  63 -> 100 ~>  63 ->  74 ->  85 ->  95 ~>  29
                                                                                                ->  28 ->  19 ->  26 ->  41 ->  56 ->  72 ->  80 ->  94 ~>  80 ->  95 ~>  49 ->  63 -> 100 ~>  63 ->  74 ->  85 ->  95 ~>  29
                                                                                                ->  31 ->  30 ->  40 ->  58 ->  79 ->  89 ~>  51 ->  53 ->  54 ->  59 ->  68 ->  99 ~> 100 ~>  63 ->  74 ->  85 ->  95 ~>  29
                                                                                                ->  36 ->  32 ->  44 ->  64 ->  88 ~>  51 ->  57 ->  59 ->  64 ->  75 ->  84 ~>  63 -> 100 ~>  63 ->  74 ->  85 ->  95 ~>  29
                                                                                                ->  38 ->  38 ->  56 ->  81 ~>  79 ->  89 ~>  51 ->  53 ->  54 ->  59 ->  68 ->  99 ~> 100 ~>  63 ->  74 ->  85 ->  95 ~>  29
                                                                                                ->  39 ->  39 ->  60 ->  82 ~>  70 ->  83 ->  91 ~>  39 ->  41 ->  42 ->  49 ->  63 -> 100 ~>  63 ->  74 ->  85 ->  95 ~>  29
                                                                                                ->  40 ->  40 ->  61 ->  85 ~>  79 ->  89 ~>  51 ->  53 ->  54 ->  59 ->  68 ->  99 ~> 100 ~>  63 ->  74 ->  85 ->  95 ~>  29
                                                                                                ->  45 ->  43 ->  66 ->  92 ~>  75 ->  87 ->  99 ~>  39 ->  41 ->  42 ->  49 ->  63 -> 100 ~>  63 ->  74 ->  85 ->  95 ~>  29
                                                                                                ->  47 ->  47 ->  73 ~>  73 ->  93 ~>  26 ->  37 ->  39 ->  41 ->  42 ->  49 ->  63 -> 100 ~>  63 ->  74 ->  85 ->  95 ~>  29
                                                                                                ->  48 ->  48 ->  78 ~>  52 ->  74 ->  86 ->  98 ~>  39 ->  41 ->  42 ->  49 ->  63 -> 100 ~>  63 ->  74 ->  85 ->  95 ~>  29
                                                                                                              ->  14 ->  16 ->  27 ->  46 ->  52 ->  54 ->  55 ->  60 ->  71 ~>  33 ->  44 ->  63 ->  74 ->  85 ->  95 ~>  29
                                                                                                              ->  33 ->  35 ->  52 ->  68 ->  77 ->  91 ~>  41 ->  42 ->  49 ->  63 -> 100 ~>  63 ->  74 ->  85 ->  95 ~>  29
                                                                                                              ->  59 ->  76 ->  97 ~>  60 ->  64 ->  72 ->  80 ->  95 ~>  49 ->  63 -> 100 ~>  63 ->  74 ->  85 ->  95 ~>  29
                                                                                                              ->  70 ->  91 ~>  52 ->  68 ->  77 ->  91 ~>  41 ->  42 ->  49 ->  63 -> 100 ~>  63 ->  74 ->  85 ->  95 ~>  29
                                                                                                              ->  74 ->  97 ~>  52 ->  68 ->  77 ->  91 ~>  41 ->  42 ->  49 ->  63 -> 100 ~>  63 ->  74 ->  85 ->  95 ~>  29
                                                                                                              ->  75 -> 100 ~>  52 ->  68 ->  77 ->  91 ~>  41 ->  42 ->  49 ->  63 -> 100 ~>  63 ->  74 ->  85 ->  95 ~>  29
                                                                                                              ->  77 ~>  35 ->  52 ->  68 ->  77 ->  91 ~>  41 ->  42 ->  49 ->  63 -> 100 ~>  63 ->  74 ->  85 ->  95 ~>  29
                                                                                                                     ->  25 ->  31 ->  49 ->  54 ->  56 ->  59 ->  67 ->  77 ~>  33 ->  44 ->  63 ->  74 ->  85 ->  95 ~>  29
                                                                                                                     ->  57 ->  61 ->  76 ->  84 ->  98 ~>  41 ->  42 ->  49 ->  63 -> 100 ~>  63 ->  74 ->  85 ->  95 ~>  29
                                                                                                                     ->  74 ->  85 ~>  49 ->  54 ->  56 ->  59 ->  67 ->  77 ~>  33 ->  44 ->  63 ->  74 ->  85 ->  95 ~>  29
                                                                                                                     ->  89 ->  81 ->  90 ~>  83 ->  97 ~>  41 ->  42 ->  49 ->  63 -> 100 ~>  63 ->  74 ->  85 ->  95 ~>  29
                                                                                                                     ->  93 ->  92 ~>  60 ->  64 ->  72 ->  80 ->  95 ~>  49 ->  63 -> 100 ~>  63 ->  74 ->  85 ->  95 ~>  29
                                                                                                                     ->  94 ~>  61 ->  76 ->  84 ->  98 ~>  41 ->  42 ->  49 ->  63 -> 100 ~>  63 ->  74 ->  85 ->  95 ~>  29
                                                                                                                     ->  99 ~>  61 ->  76 ->  84 ->  98 ~>  41 ->  42 ->  49 ->  63 -> 100 ~>  63 ->  74 ->  85 ->  95 ~>  29
                                                                                                                            ->  32 ->  42 ->  50 ->  52 ->  53 ->  58 ->  66 ->  98 ~>  44 ->  63 ->  74 ->  85 ->  95 ~>  29
                                                                                                                            ->  46 ->  61 ->  67 ->  77 ->  88 ~>  21 ->  24 ->  33 ->  44 ->  63 ->  74 ->  85 ->  95 ~>  29
                                                                                                                            ->  62 ->  67 ->  76 ->  87 -> 100 ~>  42 ->  49 ->  63 -> 100 ~>  63 ->  74 ->  85 ->  95 ~>  29
                                                                                                                            ->  66 ->  81 ->  88 ~>  20 ->  21 ->  21 ->  24 ->  33 ->  44 ->  63 ->  74 ->  85 ->  95 ~>  29
                                                                                                                            ->  84 ->  96 ~>  37 ->  39 ->  41 ->  42 ->  49 ->  63 -> 100 ~>  63 ->  74 ->  85 ->  95 ~>  29
                                                                                                                            ->  95 ~>  26 ->  37 ->  39 ->  41 ->  42 ->  49 ->  63 -> 100 ~>  63 ->  74 ->  85 ->  95 ~>  29
                                                                                                                            ->  96 ~>  75 ->  83 ->  97 ~>  41 ->  42 ->  49 ->  63 -> 100 ~>  63 ->  74 ->  85 ->  95 ~>  29
                                                                                                                                   ->  57 ->  43 ->  45 ->  46 ->  50 ->  57 ->  84 ~>  44 ->  63 ->  74 ->  85 ->  95 ~>  29
                                                                                                                                   ->  92 ->  65 ->  75 ->  86 ->  98 ~>  49 ->  63 -> 100 ~>  63 ->  74 ->  85 ->  95 ~>  29
                                                                                                                                          ->  94 ->  86 ->  74 ->  88 ->  99 ~>  63 -> 100 ~>  63 ->  74 ->  85 ->  95 ~>  29
                                                                                                                                                 ->  68 ->  63 ->  73 ->  82 ~>  98 ~>  44 ->  63 ->  74 ->  85 ->  95 ~>  29
                                                                                                                                                 ->  69 ->  69 ->  82 ->  91 ~>  62 ->  99 ~>  63 ->  74 ->  85 ->  95 ~>  29
                                                                                                                                                 ->  88 ->  75 ->  89 -> 100 ~>  33 ->  44 ->  63 ->  74 ->  85 ->  95 ~>  29
                                                                                                                                                 ->  89 ->  83 ->  96 ~>  55 ->  77 ~>  44 ->  63 ->  74 ->  85 ->  95 ~>  29
                                                                                                                                                 ->  99 ->  93 ~>  60 ->  71 ~>  33 ->  44 ->  63 ->  74 ->  85 ->  95 ~>  29
                                                                                                                                                 -> 100 ->  92 ~>  88 ->  99 ~>  63 -> 100 ~>  63 ->  74 ->  85 ->  95 ~>  29
                                                                                                                                                        ->  99 ~>  88 ->  99 ~>  63 -> 100 ~>  63 ->  74 ->  85 ->  95 ~>  29
                                                                                                                                                                                    ->  79 ->  23 ->  18 ->  21 ->  26 ->  29
                                                                                                                                                                                           ->  89 ->  75 ->  86 ->  96 ~>  29
                                                                                                                                                                                                  ->  98 ~>  21 ->  26 ->  29
                                                                                  ->   2 ->   2 ->   3 ->   3 ->   3 ->   5 ->   6 ->  13 ->  22 ->  23 ->  24 ->  25 ->  28 ->  37 ->  56 ->  80 ->  88 ~>  23 ->  27 ->  30
                                                                                  ->  11 ->  13 ->  16 ->  14 ->  21 ->  27 ->  43 ->  59 ->  63 ->  71 ->  78 ->  94 ~>  28 ->  37 ->  56 ->  80 ->  88 ~>  23 ->  27 ->  30
                                                                                                ->  14 ->  12 ->  18 ->  22 ->  38 ->  53 ->  60 ->  65 ->  70 ->  83 ->  93 ~>  37 ->  56 ->  80 ->  88 ~>  23 ->  27 ->  30
                                                                                                                     ->   4 ->   2 ->   2 ->   4 ->   4 ->   4 ->   4 ->   5 ->   6 ->  10 ->  13 ->  19 ->  23 ->  27 ->  30
                                                                                                                     ->  37 ->  23 ->  34 ->  44 ->  46 ->  47 ->  52 ->  58 ->  88 ~>  10 ->  13 ->  19 ->  23 ->  27 ->  30
                                                                                                                     ->  38 ->  24 ->  35 ->  45 ->  47 ->  48 ->  53 ->  59 ->  89 ~>  10 ->  13 ->  19 ->  23 ->  27 ->  30
                                                                                                                     ->  55 ->  36 ->  50 ->  56 ->  58 ->  62 ->  71 ->  81 ~>   6 ->  10 ->  13 ->  19 ->  23 ->  27 ->  30
                                                                                                                     ->  83 ->  80 ->  85 ->  97 ~>   4 ->   4 ->   4 ->   5 ->   6 ->  10 ->  13 ->  19 ->  23 ->  27 ->  30
                                                                                                                            ->   7 ->  12 ->  21 ->  22 ->  23 ->  24 ->  26 ->  36 ->  54 ->  79 ->  86 ->  99 ~>  27 ->  30
                                                                                                                            ->  26 ->  36 ->  46 ->  48 ->  49 ->  54 ->  60 ->  90 ~>  54 ->  79 ->  86 ->  99 ~>  27 ->  30
                                                                                                                            ->  55 ->  66 ->  75 ->  85 ->  98 ~>  24 ->  26 ->  36 ->  54 ->  79 ->  86 ->  99 ~>  27 ->  30
                                                                                                                            ->  82 ->  91 ~>  75 ->  85 ->  98 ~>  24 ->  26 ->  36 ->  54 ->  79 ->  86 ->  99 ~>  27 ->  30
                                                                                                                            ->  90 -> 100 ~>  75 ->  85 ->  98 ~>  24 ->  26 ->  36 ->  54 ->  79 ->  86 ->  99 ~>  27 ->  30
                                                                                                                                   ->  23 ->  17 ->  18 ->  18 ->  19 ->  21 ->  31 ->  41 ->  58 ->  69 ->  79 ->  90 ~>  30
                                                                                                                                   ->  97 ->  71 ->  81 ->  94 ~>  52 ->  58 ->  88 ~>  10 ->  13 ->  19 ->  23 ->  27 ->  30
                                                                                                                                   ->  98 ->  72 ->  82 ->  95 ~>  53 ->  59 ->  89 ~>  10 ->  13 ->  19 ->  23 ->  27 ->  30
                                                                                                                                          ->  93 ~>  58 ->  62 ->  71 ->  81 ~>   6 ->  10 ->  13 ->  19 ->  23 ->  27 ->  30
                                                                                                                                                 ->  60 ->  65 ->  76 ->  86 ~>  88 ~>  10 ->  13 ->  19 ->  23 ->  27 ->  30
                                                                                                                                                 ->  61 ->  66 ->  77 ->  87 ~>  89 ~>  10 ->  13 ->  19 ->  23 ->  27 ->  30
                                                                                                                                                 ->  62 ->  57 ->  65 ->  75 ~>  37 ->  56 ->  80 ->  88 ~>  23 ->  27 ->  30
                                                                                                                                                 ->  74 ->  84 ->  97 ~>  81 ~>   6 ->  10 ->  13 ->  19 ->  23 ->  27 ->  30
                                                                                                                                                 ->  80 ->  73 ->  87 ->  97 ~>  37 ->  56 ->  80 ->  88 ~>  23 ->  27 ->  30
                                                                                                                                                 ->  90 ->  77 ->  91 ~>  28 ->  37 ->  56 ->  80 ->  88 ~>  23 ->  27 ->  30
                                                                                                                                                               ->  78 ->  88 ~>  37 ->  56 ->  80 ->  88 ~>  23 ->  27 ->  30
                                                                                                                                                                             ->  97 ~>  54 ->  79 ->  86 ->  99 ~>  27 ->  30
                                                                                                                                                                                    ->  55 ->  64 ->  76 ->  87 ->  97 ~>  30
                                                                                                                                                                                    ->  90 ~>  13 ->  19 ->  23 ->  27 ->  30
                                                                                         ->  19 ->  18 ->  21 ->  28 ->  43 ->  59 ->  74 ->  82 ->  96 ~>  26 ->  27 ->  30 ->  40 ->  58 ->  82 ->  90 ~>  24 ->  28 ->  31
                                                                                                              ->  46 ->  20 ->  15 ->   5 ->   5 ->   5 ->   5 ->   5 ->   6 ->   7 ->  11 ->  14 ->  20 ->  24 ->  28 ->  31
                                                                                                                     ->  62 ->  50 ->  29 ->  24 ->  25 ->  26 ->  27 ->  30 ->  40 ->  58 ->  82 ->  90 ~>  24 ->  28 ->  31
                                                                                                                                                                                                         ->  73 ->  44 ->  32
                                                                                                                                                                      ->  83 ->  38 ->  15 ->  15 ->  21 ->  25 ->  30 ->  33
                                                                                                                                                                                                         ->  40 ->  31 ->  34
                                                                                                                                                                                    ->  98 ->  31 ->  22 ->  26 ->  32 ->  35
                                                                                                                                                                                    ->  92 ->  34 ->  23 ->  28 ->  33 ->  37
                                                                                                                                                                                                  ->  87 -> 100 ~>  33 ->  37
                                                                                                                     ->  26 ->  17 ->   7 ->   6 ->   6 ->   6 ->   7 ->   7 ->   9 ->  12 ->  17 ->  24 ->  29 ->  34 ->  38
                                                                                                                     ->  59 ->  44 ->  25 ->  19 ->  21 ->  22 ->  23 ->  25 ->  34 ->  46 ->  66 ->  78 ->  89 ->  99 ~>  38
                                                                                                                     ->  61 ->  49 ->  28 ->  23 ->  24 ->  25 ->  26 ->  29 ->  39 ->  57 ->  81 ->  89 ~>  29 ->  34 ->  38
                                                                                                                     ->  65 ->  54 ->  31 ->  25 ->  26 ->  27 ->  28 ->  31 ->  42 ->  65 ->  88 ->  99 ~>  89 ->  99 ~>  38
                                                                                                                     ->  78 ->  76 ->  47 ->  34 ->  35 ->  36 ->  38 ->  43 ->  58 ->  93 ~>  88 ->  99 ~>  89 ->  99 ~>  38
                                                                                                                                                                                                         ->  92 ->  55 ->  39
                                                                                                                                                                                                         ->  93 ->  56 ->  40
                                                                                                                                                                             ->  25 ->  13 ->  19 ->  26 ->  30 ->  35 ->  41
                                                                                                                                                                      ->  94 ->  43 ->  19 ->  20 ->  27 ->  31 ->  36 ->  42
                                                                                                                                                                             ->  91 ->  63 ->  74 ->  83 ->  96 ~>  36 ->  42
                                                                                                                                                                      ->  67 ->  27 ->  14 ->  21 ->  28 ->  32 ->  37 ->  43
                                                                                                                                                                             ->  61 ->  49 ->  71 ->  81 ->  94 ~>  37 ->  43
                                                                                                                                                                             ->  68 ->  61 ->  84 ->  92 ~>  32 ->  37 ->  43
                                                                                                                                                                             ->  69 ->  62 ->  85 ->  94 ~>  32 ->  37 ->  43
                                                                                                                                                                             ->  78 ->  70 ->  96 ~>  81 ->  94 ~>  37 ->  43
                                                                                                              ->   6 ->   6 ->   5 ->  10 ~>  20 ->  19 ->  19 ->  20 ->  22 ->  32 ->  43 ->  61 ->  72 ->  82 ->  93 ~>  44
                                                                                                              ->  16 ->  15 ->  18 ->  32 ~>  42 ->  40 ->  42 ->  44 ->  52 ->  71 ~>  43 ->  61 ->  72 ->  82 ->  93 ~>  44
                                                                                                              ->  39 ->  40 ->  48 ->  64 ~>  70 ->  70 ->  76 ->  90 ~>  22 ->  32 ->  43 ->  61 ->  72 ->  82 ->  93 ~>  44
                                                                                                              ->  48 ->  60 ->  78 ->  88 ~> 100 ~>  70 ->  76 ->  90 ~>  22 ->  32 ->  43 ->  61 ->  72 ->  82 ->  93 ~>  44
                                                                                                              ->  55 ->  68 ->  83 ->  95 ~>  70 ->  70 ->  76 ->  90 ~>  22 ->  32 ->  43 ->  61 ->  72 ->  82 ->  93 ~>  44
                                                                                                              ->  68 ->  84 ~>  48 ->  64 ~>  70 ->  70 ->  76 ->  90 ~>  22 ->  32 ->  43 ->  61 ->  72 ->  82 ->  93 ~>  44
                                                                                                                            ->  14 ->  27 ~>  38 ->  37 ->  38 ->  40 ->  45 ->  60 ->  97 ~>  61 ->  72 ->  82 ->  93 ~>  44
                                                                                                                                                                                    ->  91 ~>  37 ->  29 ->  33 ->  38 ->  44
                                                                                                                                                                                                  ->  96 ~>  33 ->  38 ->  44
                                                                                                              ->  51 ->  28 ->  21 ->   9 ->   7 ->   7 ->   7 ->   8 ->   8 ->  10 ->  16 ->  22 ->  30 ->  34 ->  39 ->  45
                                                                                                                                                               ->  47 ->  17 ->  11 ->  17 ->  24 ->  31 ->  35 ->  40 ->  46
                                                                                  ->  13 ->  10 ->   4 ->   4 ->   4 ->   7 ->   8 ->  18 ->  27 ->  28 ->  29 ->  30 ->  34 ->  46 ->  68 ->  93 ~>  32 ->  36 ->  41 ->  48
                                                                                  ->  20 ->  24 ->  10 ->   9 ->  11 ->  13 ->  20 ->  38 ->  48 ->  50 ->  51 ->  56 ->  63 ->  93 ~>  68 ->  93 ~>  32 ->  36 ->  41 ->  48
                                                                                         ->  30 ->  22 ->  16 ->  23 ->  31 ->  47 ->  63 ->  68 ->  78 ->  90 ~>  56 ->  63 ->  93 ~>  68 ->  93 ~>  32 ->  36 ->  41 ->  48
                                                                                         ->  31 ->  29 ->  23 ->  30 ->  45 ->  63 ->  77 ->  85 ~>  28 ->  29 ->  30 ->  34 ->  46 ->  68 ->  93 ~>  32 ->  36 ->  41 ->  48
                                                                                                ->  27 ->  18 ->  25 ->  39 ->  53 ->  70 ->  79 ->  93 ~>  29 ->  30 ->  34 ->  46 ->  68 ->  93 ~>  32 ->  36 ->  41 ->  48
                                                                                                ->  37 ->  34 ->  47 ->  69 ->  91 ~>  63 ->  68 ->  78 ->  90 ~>  56 ->  63 ->  93 ~>  68 ->  93 ~>  32 ->  36 ->  41 ->  48
                                                                                                ->  41 ->  41 ->  62 ->  86 ~>  47 ->  63 ->  68 ->  78 ->  90 ~>  56 ->  63 ->  93 ~>  68 ->  93 ~>  32 ->  36 ->  41 ->  48
                                                                                                ->  44 ->  42 ->  65 ->  90 ~>  53 ->  70 ->  79 ->  93 ~>  29 ->  30 ->  34 ->  46 ->  68 ->  93 ~>  32 ->  36 ->  41 ->  48
                                                                                                              ->  17 ->  21 ->  37 ->  52 ->  59 ->  64 ->  68 ->  81 ->  90 ~>  46 ->  68 ->  93 ~>  32 ->  36 ->  41 ->  48
                                                                                                              ->  36 ->  51 ->  73 ->  84 ->  96 ~>  50 ->  51 ->  56 ->  63 ->  93 ~>  68 ->  93 ~>  32 ->  36 ->  41 ->  48
                                                                                                              ->  53 ->  80 ->  99 ~>  63 ->  68 ->  78 ->  90 ~>  56 ->  63 ->  93 ~>  68 ->  93 ~>  32 ->  36 ->  41 ->  48
                                                                                                              ->  63 ->  88 ~>  63 ->  77 ->  85 ~>  28 ->  29 ->  30 ->  34 ->  46 ->  68 ->  93 ~>  32 ->  36 ->  41 ->  48
                                                                                                                                                                                           ->  40 ->  32 ->  36 ->  41 ->  48
                                                                                                                                                                                                  ->  85 ->  98 ~>  41 ->  48
                                                                                                                                                                                                                ->  50 ->  49
                                                                                                                                                                                    ->  24 ->  25 ->  33 ->  37 ->  42 ->  51
                                                                                                                                                                                                                ->  68 ->  52
                                                                                                              ->  54 ->  30 ->  22 ->  11 ->   8 ->   8 ->   8 ->   9 ->   9 ->  13 ->  18 ->  26 ->  34 ->  38 ->  43 ->  53
                                                                                                                     ->  70 ->  67 ->  40 ->  30 ->  31 ->  32 ->  33 ->  39 ->  51 ->  77 ~>  26 ->  34 ->  38 ->  43 ->  53
                                                                                  ->  14 ->  12 ->   7 ->   5 ->   5 ->   8 ->   9 ->  19 ->  28 ->  29 ->  30 ->  31 ->  37 ->  49 ->  74 -> 100 ~>  35 ->  41 ->  45 ->  54
                                                                                                              ->  20 ->  24 ->  40 ->  55 ->  62 ->  67 ->  72 ->  86 ->  96 ~>  49 ->  74 -> 100 ~>  35 ->  41 ->  45 ->  54
                                                                                                                                                                                           ->  45 ->  35 ->  41 ->  45 ->  54
                                                                                                                                                 ->   9 ->   9 ->  10 ->  10 ->  15 ->  20 ->  27 ->  36 ->  42 ->  46 ->  56
                                                                                                                                                                                    ->  26 ->  28 ->  37 ->  43 ->  47 ->  57
                                                                                                                                                                                    ->  73 ->  86 ->  95 ~>  43 ->  47 ->  57
                                                                                                                                                                                    ->  86 ->  98 ~>  37 ->  43 ->  47 ->  57
                                                                                                                                                                                                         ->  56 ->  48 ->  58
                                                                                                              ->  57 ->  32 ->  28 ->  14 ->   9 ->  10 ->  10 ->  11 ->  11 ->  16 ->  21 ->  29 ->  38 ->  44 ->  49 ->  59
                                                                                                                                                                                                                ->  80 ->  60
                                                                                                                                                                                                                ->  82 ->  61
                                                                                                              ->  58 ->  34 ->  29 ->  15 ->  10 ->  11 ->  11 ->  12 ->  12 ->  17 ->  22 ->  32 ->  39 ->  45 ->  51 ->  62
                                                                                                                                   ->  80 ->  58 ->  63 ->  67 ->  80 ->  89 ~>  17 ->  22 ->  32 ->  39 ->  45 ->  51 ->  62
                                                                                                                                          ->  92 ~>  63 ->  67 ->  80 ->  89 ~>  17 ->  22 ->  32 ->  39 ->  45 ->  51 ->  62
                                                                                                                            ->  30 ->  16 ->  11 ->  12 ->  12 ->  13 ->  13 ->  18 ->  23 ->  33 ->  40 ->  46 ->  52 ->  63
                                                                                                                            ->  68 ->  41 ->  31 ->  32 ->  33 ->  34 ->  40 ->  52 ->  78 ~>  33 ->  40 ->  46 ->  52 ->  63
                                                                                                                            -> 100 ->  69 ->  53 ->  55 ->  58 ->  66 ->  76 ~>  18 ->  23 ->  33 ->  40 ->  46 ->  52 ->  63
                                                                                                                                   ->  39 ->  29 ->  30 ->  31 ->  32 ->  38 ->  50 ->  75 ~>  33 ->  40 ->  46 ->  52 ->  63
                                                                                                                                   ->  58 ->  41 ->  44 ->  45 ->  48 ->  56 ->  82 ~>  23 ->  33 ->  40 ->  46 ->  52 ->  63
                                                                                                                                   ->  62 ->  49 ->  51 ->  52 ->  57 ->  65 ->  96 ~>  75 ~>  33 ->  40 ->  46 ->  52 ->  63
                                                                                                                                   ->  71 ->  55 ->  57 ->  61 ->  68 ->  78 ~>  52 ->  78 ~>  33 ->  40 ->  46 ->  52 ->  63
                                                                                                                                   ->  93 ->  66 ->  76 ->  87 -> 100 ~>  76 ~>  18 ->  23 ->  33 ->  40 ->  46 ->  52 ->  63
                                                                                                                                   ->  99 ->  73 ->  83 ->  96 ~>  34 ->  40 ->  52 ->  78 ~>  33 ->  40 ->  46 ->  52 ->  63
                                                                                                                                          ->  78 ->  92 ~>  58 ->  66 ->  76 ~>  18 ->  23 ->  33 ->  40 ->  46 ->  52 ->  63
                                                                                                                                          ->  89 ~>  30 ->  31 ->  32 ->  38 ->  50 ->  75 ~>  33 ->  40 ->  46 ->  52 ->  63
                                                                                                                                                                                           ->  54 ->  41 ->  48 ->  53 ->  64
                                                                                                                     ->  36 ->  33 ->  17 ->  12 ->  13 ->  13 ->  14 ->  14 ->  19 ->  25 ->  35 ->  42 ->  49 ->  54 ->  65
                                                                                                                     ->  67 ->  57 ->  33 ->  26 ->  27 ->  28 ->  29 ->  32 ->  45 ->  67 ->  92 ~>  42 ->  49 ->  54 ->  65
                                                                                                                     ->  71 ->  71 ->  44 ->  32 ->  33 ->  34 ->  35 ->  41 ->  55 ->  81 ~>  35 ->  42 ->  49 ->  54 ->  65
                                                                                                                                                                                                                ->  64 ~>  66
                                                                                                                                                                                                         ->  75 ->  57 ->  68
                                                                                                                                                                                                         ->  83 ->  58 ->  69
                                                                                                                                                                                           ->  65 ->  43 ->  50 ->  59 ->  70
                                                                                                                                                               ->  61 ->  27 ->  21 ->  28 ->  38 ->  44 ->  51 ->  60 ->  71
                                                                                                                                                                      ->  92 ->  86 ~>  28 ->  38 ->  44 ->  51 ->  60 ->  71
                                                                                                                                                                             ->  41 ->  30 ->  39 ->  45 ->  52 ->  61 ->  72
                                                                                                                                                                                           ->  69 ->  46 ->  53 ->  62 ->  74
                                                                                                                                                                                           ->  70 ->  47 ->  54 ->  63 ->  75
                                                                                                                                                                             ->  44 ->  31 ->  41 ->  48 ->  55 ->  65 ->  76
                                                                                                                                                                             ->  87 ->  80 ~>  41 ->  48 ->  55 ->  65 ->  76
                                                                                                                                                                                           ->  72 ->  49 ->  57 ->  66 ->  77
                                                                                                                                                                                           ->  73 ->  50 ->  58 ->  67 ->  78
                                                                                                                                                                                           ->  99 ->  82 ->  95 ~>  67 ->  78
                                                                                                                                                 ->  73 ->  40 ->  22 ->  15 ->  22 ->  32 ->  42 ->  51 ->  59 ->  69 ->  79
                                                                                                                                                        ->  79 ->  49 ->  50 ->  66 ~>  32 ->  42 ->  51 ->  59 ->  69 ->  79
                                                                                                                                                               ->  70 ->  64 ->  94 ~>  32 ->  42 ->  51 ->  59 ->  69 ->  79
                                                                                                                                                               ->  74 ->  69 -> 100 ~>  32 ->  42 ->  51 ->  59 ->  69 ->  79
                                                                                                                                                               ->  85 ->  79 ~>  22 ->  32 ->  42 ->  51 ->  59 ->  69 ->  79
                                                                                                                                                                      ->  98 ~>  22 ->  32 ->  42 ->  51 ->  59 ->  69 ->  79
                                                                                                                                                                             ->  80 ->  76 ~>  42 ->  51 ->  59 ->  69 ->  79
                                                                                                              ->  64 ->  47 ->  35 ->  20 ->  13 ->  14 ->  14 ->  15 ->  16 ->  23 ->  33 ->  43 ->  52 ->  60 ->  70 ->  80
                                                                                                                                                                             ->  64 ->  42 ->  44 ->  53 ->  61 ->  71 ->  81
                                                                                                                                                                                    ->  52 ->  60 ->  71 ->  81 ->  92 ~>  82
                                                                                                                                                                                           ->  75 ->  54 ->  62 ->  72 ->  82
                                                                                                                                                                                           ->  76 ->  55 ->  63 ->  73 ->  83
                                                                                                                                                                                           ->  77 ->  56 ->  64 ->  74 ->  84
                                                                                                                                                        ->  56 ->  43 ->  51 ->  67 ~>  66 ->  90 -> 100 ~>  65 ->  75 ->  85
                                                                                                                                                        ->  81 ->  62 ->  72 ~>  67 ~>  66 ->  90 -> 100 ~>  65 ->  75 ->  85
                                                                                                                                                        ->  82 ->  63 ->  73 ~>  67 ~>  66 ->  90 -> 100 ~>  65 ->  75 ->  85
                                                                                                                                                        ->  85 ->  64 ->  74 ~>  67 ~>  66 ->  90 -> 100 ~>  65 ->  75 ->  85
                                                                                                                                                        ->  89 ->  69 ->  80 ~>  67 ~>  66 ->  90 -> 100 ~>  65 ->  75 ->  85
                                                                                                                                                               ->  92 ~>  51 ->  67 ~>  66 ->  90 -> 100 ~>  65 ->  75 ->  85
                                                                                                                                                                             ->  65 ->  66 ->  90 -> 100 ~>  65 ->  75 ->  85
                                                                                                                                                                                           ->  78 ->  57 ->  65 ->  75 ->  85
                                                                                                                                                                                                  ->  93 ~>  65 ->  75 ->  85
                                                                                                                                                                             ->  48 ->  34 ->  47 ->  58 ->  66 ->  76 ->  87
                                                                                                                                                                                    ->  51 ->  59 ->  70 ->  80 ->  91 ~>  87
                                                                                                                                                                             ->  35 ->  35 ->  48 ->  59 ->  67 ->  77 ->  88
                                                                                                                                                                             ->  74 ->  96 ~>  48 ->  59 ->  67 ->  77 ->  88
                                                                                                                                                                             ->  83 ~>  35 ->  48 ->  59 ->  67 ->  77 ->  88
                                                                                                                                                                             ->  70 ->  45 ->  49 ->  60 ->  68 ->  78 ->  89
                                                                                                                                                               ->  72 ->  33 ->  24 ->  36 ->  50 ->  61 ->  69 ->  79 ->  90
                                                                                                                                                                      ->  62 ->  57 ->  87 ~>  50 ->  61 ->  69 ->  79 ->  90
                                                                                                                                                                                    ->  47 ->  51 ->  62 ->  70 ->  81 ->  92
                                                                                  ->   8 ->   6 ->   2 ->   1 ->   1 ->   2 ->   3 ->   6 ->  14 ->  15 ->  15 ->  16 ->  18 ->  26 ->  37 ->  52 ->  63 ->  71 ->  83 ->  94
                                                                                                              ->  10 ->  12 ->  19 ->  37 ->  47 ->  49 ->  50 ->  55 ->  61 ->  92 ~>  37 ->  52 ->  63 ->  71 ->  83 ->  94
                                                                                                                                          ->  95 ~>  15 ->  15 ->  16 ->  18 ->  26 ->  37 ->  52 ->  63 ->  71 ->  83 ->  94
                                                                                                                                                                             ->  72 ->  48 ->  53 ->  64 ->  72 ->  84 ->  95
                                                                                                                                                                                           ->  83 ->  65 ->  74 ->  85 ->  96
                                                                                                                                                                                                                ->  86 ->  97
                                                                                                              ->  67 ->  53 ->  41 ->  21 ->  15 ->  16 ->  16 ->  17 ->  19 ->  28 ->  38 ->  55 ->  66 ->  76 ->  87 ->  98
                                                                                                                     ->  54 ->  42 ->  22 ->  16 ->  17 ->  17 ->  18 ->  20 ->  29 ->  39 ->  56 ->  67 ->  77 ->  88 ->  99
                                                                                                                     ->  72 ->  72 ->  45 ->  33 ->  34 ->  35 ->  36 ->  42 ->  56 ->  82 ~>  56 ->  67 ->  77 ->  88 ->  99
                                                                                                                                                               ->  79 ->  36 ->  30 ->  40 ->  57 ->  68 ->  78 ->  89 -> 100
