BEGIN OUTPUT BY Text::Ngrams version 2.004

1-GRAMS (total count: 58)
FIRST N-GRAM: f
 LAST N-GRAM: \n
-------------------------
_	7
i	7
n	6
e	5
l	5
s	4
\n	3
d	3
t	3
\r	2
a	2
c	2
o	2
r	2
f	1
h	1
m	1
u	1
x	1

2-GRAMS (total count: 57)
FIRST N-GRAM: f i
 LAST N-GRAM: e \n
-------------------------
_ l	4
i n	4
l i	4
n e	4
e _	3
d _	2
i r	2
s t	2
t _	2
\n s	1
\n t	1
\r \n	1
\r l	1
_ d	1
_ m	1
_ u	1
a c	1
a s	1
c \r	1
c o	1
d o	1
e \n	1
e c	1
f i	1
h i	1
i x	1
l a	1
m a	1
n d	1
n i	1
o n	1
o s	1
r d	1
r s	1
s \r	1
s e	1
t h	1
u n	1
x \n	1

3-GRAMS (total count: 56)
FIRST N-GRAM: f i r
 LAST N-GRAM: n e \n
-------------------------
_ l i	4
i n e	4
l i n	4
n e _	3
d _ l	2
s t _	2
t _ l	2
\n s e	1
\n t h	1
\r \n t	1
\r l a	1
_ d o	1
_ m a	1
_ u n	1
a c \r	1
a s t	1
c \r l	1
c o n	1
d o s	1
e _ d	1
e _ m	1
e _ u	1
e c o	1
f i r	1
h i r	1
i r d	1
i r s	1
i x \n	1
l a s	1
m a c	1
n d _	1
n e \n	1
n i x	1
o n d	1
o s \r	1
r d _	1
r s t	1
s \r \n	1
s e c	1
t h i	1
u n i	1
x \n s	1

END OUTPUT BY Text::Ngrams
