load_extension('perlvtab.so')

entity|entity|attribute|value
1|Joe|Eyes|color_4
2|Bob|Eyes|color_2
3|Sally|Eyes|color_5
4|Jim|Eyes|color_3
5|Sue|Eyes|color_1
1|Joe|Hair|color_3
2|Bob|Hair|color_5
3|Sally|Hair|color_2
4|Jim|Hair|color_4
5|Sue|Hair|color_1
1|Joe|Height|111
2|Bob|Height|112
3|Sally|Height|113
4|Jim|Height|114
5|Sue|Height|115
entity|attribute|value
1|3|4
2|3|2
3|3|5
4|3|3
5|3|1
1|2|3
2|2|5
3|2|2
4|2|4
5|2|1
1|1|111
2|1|112
3|1|113
4|1|114
5|1|115
entity|Height|Hair|Eyes
1|111|color_3|color_4
2|112|color_5|color_2
3|113|color_2|color_5
4|114|color_4|color_3
5|115|color_1|color_1
entity|Height|Hair|Eyes
4|114|color_4|color_3
5|115|color_1|color_1
