Thu Nov 27 19:02:11 1997
	User-Name = "user01"
	NAS-Identifier = 127.0.0.1
	NAS-Port = 10119
	Acct-Status-Type = Start
	Acct-Delay-Time = 0
	Acct-Session-Id = "241738360"
	Acct-Authentic = RADIUS
	Caller-Id = "9999999999"
	Framed-Protocol = PPP
	Framed-Address = 127.0.0.139

Thu Nov 27 19:02:12 1997
	User-Name = "user02"
	NAS-Identifier = 127.0.0.1
	NAS-Port = 20103
	Acct-Status-Type = Start
	Acct-Delay-Time = 0
	Acct-Session-Id = "241738359"
	Acct-Authentic = RADIUS
	Caller-Id = "9999999999"
	Framed-Protocol = PPP
	Framed-Address = 127.0.0.138

Thu Nov 27 19:02:58 1997
	User-Name = "user02"
	NAS-Identifier = 127.0.0.1
	NAS-Port = 10110
	Acct-Status-Type = Stop
	Acct-Delay-Time = 0
	Acct-Session-Id = "241738358"
	Acct-Authentic = RADIUS
	Acct-Session-Time = 396
	Acct-Input-Octets = 4134
	Acct-Output-Octets = 9232
	Acct-Input-Packets = 108
	Acct-Output-Packets = 112
	Ascend-Disconnect-Cause = 45
	Ascend-Connect-Progress = 60
	Ascend-Data-Rate = 64000
	Ascend-PreSession-Time = 2
	Ascend-Pre-Input-Octets = 289
	Ascend-Pre-Output-Octets = 228
	Ascend-Pre-Input-Packets = 11
	Ascend-Pre-Output-Packets = 12
	Ascend-First-Dest = 127.0.0.255
	Caller-Id = "9999999999"
	Framed-Protocol = PPP
	Framed-Address = 127.0.0.135

Thu Nov 27 19:06:00 1997
	User-Name = "user01"
	NAS-Identifier = 127.0.0.1
	NAS-Port = 20115
	Acct-Status-Type = Stop
	Acct-Delay-Time = 0
	Acct-Session-Id = "241738288"
	Acct-Authentic = RADIUS
	Acct-Session-Time = 3051
	Acct-Input-Octets = 145061
	Acct-Output-Octets = 1292534
	Acct-Input-Packets = 12897
	Acct-Output-Packets = 1913
	Ascend-Disconnect-Cause = 45
	Ascend-Connect-Progress = 65
	Ascend-Data-Rate = 28800
	Ascend-PreSession-Time = 21
	Ascend-Pre-Input-Octets = 424
	Ascend-Pre-Output-Octets = 370
	Ascend-Pre-Input-Packets = 31
	Ascend-Pre-Output-Packets = 10
	Ascend-First-Dest = 127.0.0.9
	Framed-Protocol = PPP
	Framed-Address = 127.0.0.206

Thu Nov 27 19:06:01 1997
	User-Name = "user03"
	NAS-Identifier = 127.0.0.1
	NAS-Port = 20109
	Acct-Status-Type = Stop
	Acct-Delay-Time = 0
	Acct-Session-Id = "241738357"
	Acct-Authentic = RADIUS
	Acct-Session-Time = 557
	Acct-Input-Octets = 27571
	Acct-Output-Octets = 73800
	Acct-Input-Packets = 2548
	Acct-Output-Packets = 328
	Ascend-Disconnect-Cause = 2
	Ascend-Connect-Progress = 65
	Ascend-Data-Rate = 28800
	Ascend-PreSession-Time = 25
	Ascend-Pre-Input-Octets = 434
	Ascend-Pre-Output-Octets = 440
	Ascend-Pre-Input-Packets = 34
	Ascend-Pre-Output-Packets = 11
	Ascend-First-Dest = 127.0.0.9
	Framed-Protocol = PPP
	Framed-Address = 127.0.0.137

Thu Nov 27 19:06:01 1997
	User-Name = "user03"
	NAS-Identifier = 127.0.0.1
	NAS-Port = 20109
	Acct-Status-Type = Stop
	Acct-Delay-Time = 0
	Acct-Session-Id = "241738357"
	Acct-Authentic = RADIUS
	Acct-Session-Time = 557
	Acct-Input-Octets = 27571
	Acct-Output-Octets = 73800
	Acct-Input-Packets = 2548
	Acct-Output-Packets = 328
	Ascend-Disconnect-Cause = 2
	Ascend-Connect-Progress = 65
	Ascend-Data-Rate = 28800
	Ascend-PreSession-Time = 25
	Ascend-Pre-Input-Octets = 434
	Ascend-Pre-Output-Octets = 440
	Ascend-Pre-Input-Packets = 34
	Ascend-Pre-Output-Packets = 11
	Ascend-First-Dest = 127.0.0.9
	Framed-Protocol = PPP
	Framed-Address = 127.0.0.137

Thu Nov 27 19:06:01 1997
	User-Name = "user03"
	NAS-Identifier = 127.0.0.1
	NAS-Port = 20109
	Acct-Status-Type = Stop
	Acct-Delay-Time = 0
	Acct-Session-Id = "241738361"
	Acct-Authentic = RADIUS
	Acct-Session-Time = 557
	Acct-Input-Octets = 27571
	Acct-Output-Octets = 73800
	Acct-Input-Packets = 2548
	Acct-Output-Packets = 328
	Ascend-Disconnect-Cause = 2
	Ascend-Connect-Progress = 65
	Ascend-Data-Rate = 28800
	Ascend-PreSession-Time = 25
	Ascend-Pre-Input-Octets = 434
	Ascend-Pre-Output-Octets = 440
	Ascend-Pre-Input-Packets = 34
	Ascend-Pre-Output-Packets = 11
	Ascend-First-Dest = 127.0.0.9
	Framed-Protocol = PPP
	Framed-Address = 127.0.0.137

