db_1162349571.pbm C
db_1162349591.pbm c
db_1162349594.pbm 0
db_1162349598.pbm 1
db_1162349600.pbm 9
db_1162349603.pbm 8
db_1162349621.pbm c
db_1162349634.pbm A
db_1162349638.pbm a
db_1162349641.pbm 2
db_1162349645.pbm 1
db_1162349653.pbm a
db_1162349656.pbm 9
db_1162349659.pbm 8
db_1162349661.pbm 4
db_1162349665.pbm 7
db_1162349704.pbm C
db_1162349957.pbm C
db_1162349960.pbm C
db_1162349969.pbm c
db_1162349974.pbm 1
db_1162349979.pbm C
db_1162350009.pbm A
db_1162350016.pbm a
db_1162350019.pbm 1
db_1162350022.pbm 9
db_1162350025.pbm 8
db_1162350027.pbm 4
db_1162350030.pbm 8
db_1162350033.pbm 1
db_1162350036.pbm 8
db_1162350137.pbm 2
db_1162350141.pbm C
db_1162350147.pbm a
db_1162350149.pbm 2
db_1162350159.pbm 4
db_1162350305.pbm 8
db_1162351041.pbm 005f
db_1162354596.pbm 0
db_1162354599.pbm 5
db_1162354602.pbm 0
db_1162354605.pbm 8
db_1162354611.pbm 5
db_1162354613.pbm 3
db_1162354615.pbm 7
db_1162354618.pbm 5
db_1162485845.pbm C
db_1162485849.pbm 2
db_1162485853.pbm 0
db_1162485856.pbm 3
db_1162485859.pbm 6
db_1162485862.pbm 5
db_1162485866.pbm 0
db_1162485869.pbm 3
db_1162485871.pbm 9
db_1162485874.pbm 8
db_1162485877.pbm 7
db_1162485879.pbm 9
db_1162485889.pbm C
db_1162486004.pbm 0
db_1162486007.pbm 8
db_1162486010.pbm C
db_1162486013.pbm 5
db_1162486015.pbm 2
db_1162486017.pbm 3
db_1162486019.pbm 9
db_1162486022.pbm 8
db_1162486024.pbm 4
db_1162486027.pbm 7
db_1162486029.pbm 9
db_1162486041.pbm 2
db_1162486043.pbm 6
db_1162486049.pbm a
db_1162486052.pbm 9
db_1162486060.pbm C
db_1162486063.pbm 0
db_1162486066.pbm 0
db_1162486070.pbm 3
db_1162486075.pbm a
db_1162486086.pbm 0
db_1162486088.pbm 0
db_1162486090.pbm 5
db_1162486092.pbm 2
db_1162486094.pbm 3
db_1162486101.pbm a
db_1162486104.pbm 4
db_1162486119.pbm 7
db_1162486121.pbm C
db_1162486124.pbm 5
db_1162486126.pbm 9
db_1162486136.pbm 0
db_1162486138.pbm 0
db_1162486139.pbm 3
db_1162486141.pbm 2
db_1162486143.pbm 5
db_1162486150.pbm 2
db_1162486224.pbm c
db_1162486228.pbm 7
db_1162486230.pbm 8
db_1162571208.pbm 0
db_1162571210.pbm 0
db_1162571212.pbm 0
db_1162571214.pbm 1
db_1162571216.pbm 6
db_1162571228.pbm 7
db_1162571230.pbm 8
db_1162571232.pbm 1
db_1162571242.pbm 9
db_1164750695.pbm 0
db_1164750699.pbm 5
db_1164750703.pbm 5
db_1164750705.pbm 2
db_1164750749.pbm a
db_1164750751.pbm 5
db_1165349178.pbm 0
db_1165349207.pbm C
db_1165349210.pbm 5
db_1165349216.pbm 2
db_1165349219.pbm 7
db_1165349486.pbm C
db_1165349494.pbm 0
db_1165349541.pbm 6
db_1165349544.pbm 5
db_1165349547.pbm 3
db_1165350816.pbm 0
db_1165350823.pbm 4
db_1165350825.pbm 7
db_1165350834.pbm 0
db_1165350837.pbm 7
db_1165351629.pbm C
db_1165351643.pbm 6
