
The programs included with the Debian GNU/Linux system are free software;
the exact distribution terms for each program are described in the
individual files in /usr/share/doc/*/copyright.

Debian GNU/Linux comes with ABSOLUTELY NO WARRANTY, to the extent
permitted by applicable law.
Last login: Tue Aug 17 19:07:08 [4m2[24m021 from sandbox.antelope.net
user@vyo.s123:~$ show ip bgp neighbors [30m[42m192.0.2.174[0m
[?1h=[36mBGP neighbor is [30m[42m192.0.2.174[0m, remote AS [4m65[24m000, local AS [4m65[24m001, external link[m[0m
 Member of peer-group FOOBAR for session parameters[m
  BGP version 4, remote router ID [37m[44m192.0.2.17[0m, local router ID [30m[47m192.0.2.30[0m[m
[32m  BGP state = Established, up for 3d10h02m[m[0m
  Last read 00:00:06, Last write 00:00:42[m
  Hold time is 180, keepalive interval is 60 seconds[m
  Neighbor capabilities:[m
    4 Byte AS: advertised and received[m
    AddPath:[m
      IPv4 Unicast: RX advertised IPv4 Unicast[m
    Dynamic: advertised[m
    Route refresh: advertised and received(new)[m
    Address Family IPv4 Unicast: advertised and received[m
    Hostname Capability: advertised (name: vyo.s123,domain name: n/a) not received[m
    Graceful Restart Capabilty: advertised[m
  Message statistics:[m
    Inq depth is 0[m
    Outq depth is 0[m
                         Sent       Rcvd[m
    Opens:               [4m5[24m080       [4m4[24m517[m
    Notifications:          8         32[m
    Updates:             [4m2[24m341       [4m2[24m507[m
    Keepalives:        [4m478[24m391     [4m546[24m145[m
    Route Refresh:          0          0[m
    Capability:             0          0[m
    Total:             [4m485[24m820     [4m553[24m201[m
  Minimum time between advertisement runs is 0 seconds[m
  Update source is [30m[45m192.0.2.173[0m[m
[m
 For address family: IPv4 Unicast[m
[36m  FOOBAR peer-group member[m[0m
  Update group [4m9[24m620, subgroup [4m9[24m639[m
  Packet Queue length 0[m
  Inbound soft reconfiguration allowed[m
  Community attribute sent to this neighbor(all)[m
  Inbound path policy configured[m
  Outbound path policy configured[m
[36m  Route map for incoming advertisements is *IN-LIST-FOO[m[0m
[36m  Route map for outgoing advertisements is *OUT-LIST-FOO[m[0m
[36m  12 accepted prefixes[m[0m
[m
  Connections established [4m4[24m516; dropped [4m4[24m515[m
  Last reset 3d10h04m,  No AFI/SAFI activated for peer[m
[36mLocal host: [30m[45m192.0.2.173[0m, Local port: 179[m[0m
[36mForeign host: [30m[42m192.0.2.174[0m, Foreign port: [4m34[24m351[m[0m
Nexthop: [30m[45m192.0.2.173[0m[m
Nexthop global: [30m[41mf00:ba7::1:1[0m[m
Nexthop local: [30m[42m::[0m[m
BGP connection: shared network[m
BGP Connect Retry Timer in Seconds: 120[m
Estimated round trip time: [4m7[24m289 ms[m
Read thread: on  Write thread: on  FD used: 33[m
[m
  BFD: Type: single hop[m
    Detect Multiplier: 3, Min Rx interval: 300, Min Tx interval: 300[m
    Status: Up, Last update: 3:10:02:43[m
[m
[K[?1l>user@vyo.s123:~$ logout
