http://user.one.com/ -> /icons/blank.gif
- -> /
http://user.one.com/ -> /icons/folder.gif
http://user.one.com/ -> /icons/text.gif
http://user.one.com/ -> /icons/back.gif
http://user.one.com/ -> /icons/blank.gif
- -> /
http://user.one.com/ -> /icons/folder.gif
http://user.one.com/ -> /icons/text.gif
http://user.one.com/ -> /icons/back.gif
http://user.two.net/ -> /icons/blank.gif
- -> /
http://user.two.net/ -> /mrtg/
- -> /
http://user.two.net/ -> /icons/blank.gif
http://user.two.net/ -> /icons/back.gif
http://user.two.net/ -> /icons/folder.gif
http://user.two.net/ -> /icons/text.gif
http://user.two.net/ -> /perl/
http://user.two.net/ -> /apache_1.3.1/
http://user.three.org/apache_1.3.1/ -> /apache_1.3.1/apache_pb.gif
http://user.three.org/apache_1.3.1/ -> /apache_1.3.1/manual/index.html
http://user.three.org/apache_1.3.1/manual/index.html -> /apache_1.3.1/manual/images/index.gif
http://user.three.org/apache_1.3.1/manual/index.html -> /apache_1.3.1/manual/images/sub.gif
http://user.three.org/apache_1.3.1/manual/index.html -> /apache_1.3.1/manual/new_features_1_3.html
http://user.three.org/ -> /somecgi/
http://user.three.org/somecgi/nph-somecgi.cgi -> /somecgi/search.gif
- -> /somecgi/nph-somecgi.cgi
- -> /perl/
- -> /
