some.visitor.com - - [03/Aug/1998:00:36:14 -0500] "GET /images/buttons/three.gif HTTP/1.0" 200 1184 "http://www.yoursite.com/products/index.html -> /images/buttons/three.gif" "Mozilla/4.06 [en] (X11; I; SunOS 5.5.1 sun4u)"
some.visitor.com - - [03/Aug/1998:00:36:14 -0500] "GET /images/buttons/new.gif HTTP/1.0" 200 1297 "http://www.yoursite.com/products/index.html -> /images/buttons/new.gif" "Mozilla/4.06 [en] (X11; I; SunOS 5.5.1 sun4u)"
some.visitor.com - - [03/Aug/1998:00:36:14 -0500] "GET /images/buttons/logo.gif HTTP/1.0" 200 3292 "http://www.yoursite.com/products/index.html -> /images/buttons/logo.gif" "Mozilla/4.06 [en] (X11; I; SunOS 5.5.1 sun4u)"
some.visitor.com - - [03/Aug/1998:00:36:14 -0500] "GET /images/buttons/vproducts.gif HTTP/1.0" 200 1302 "http://www.yoursite.com/products/index.html -> /images/buttons/vproducts.gif" "Mozilla/4.06 [en] (X11; I; SunOS 5.5.1 sun4u)"
some.visitor.com - - [03/Aug/1998:00:36:14 -0500] "GET /images/buttons/two.gif HTTP/1.0" 200 1106 "http://www.yoursite.com/products/index.html -> /images/buttons/two.gif" "Mozilla/4.06 [en] (X11; I; SunOS 5.5.1 sun4u)"
some.visitor.com - - [03/Aug/1998:00:36:14 -0500] "GET /images/buttons/one.gif HTTP/1.0" 200 1092 "http://www.yoursite.com/products/index.html -> /images/buttons/one.gif" "Mozilla/4.06 [en] (X11; I; SunOS 5.5.1 sun4u)"
some.visitor.com - - [03/Aug/1998:00:36:14 -0500] "GET /images/icons/logo.gif HTTP/1.0" 200 1105 "http://www.yoursite.com/products/index.html -> /images/icons/logo.gif" "Mozilla/4.06 [en] (X11; I; SunOS 5.5.1 sun4u)"
some.visitor.com - - [03/Aug/1998:00:36:14 -0500] "GET /images/buttons/info.gif HTTP/1.0" 200 578 "http://www.yoursite.com/products/index.html -> /images/buttons/info.gif" "Mozilla/4.06 [en] (X11; I; SunOS 5.5.1 sun4u)"
some.visitor.com - - [03/Aug/1998:00:36:15 -0500] "GET /images/buttons/four.gif HTTP/1.0" 200 649 "http://www.yoursite.com/products/index.html -> /images/buttons/four.gif" "Mozilla/4.06 [en] (X11; I; SunOS 5.5.1 sun4u)"
some.visitor.com - - [03/Aug/1998:00:36:15 -0500] "GET /images/products/productslogo.gif HTTP/1.0" 200 3795 "http://www.yoursite.com/products/index.html -> /images/products/productslogo.gif" "Mozilla/4.06 [en] (X11; I; SunOS 5.5.1 sun4u)"
other.user.org - - [03/Aug/1998:00:36:16 -0500] "GET /products/six.html HTTP/1.0" 200 6662 "http://www.yoursite.com/products/index.html -> /products/six.html" "Mozilla/4.06 [en] (X11; I; SunOS 5.5.1 sun4u)"
other.user.org - - [18/Aug/1998:00:36:16 -0500] "GET /images/buttons/productsb.gif HTTP/1.0" 200 1162 "http://www.yoursite.com/products/six.html -> /images/buttons/productsb.gif" "Mozilla/4.06 [en] (X11; I; SunOS 5.5.1 sun4u)"
other.user.org - - [18/Aug/1998:00:36:16 -0500] "GET /images/products/sixlogo.gif HTTP/1.0" 200 4253 "http://www.yoursite.com/products/six.html -> /images/products/sixlogo.gif" "Mozilla/4.06 [en] (X11; I; SunOS 5.5.1 sun4u)"
other.user.org - - [18/Aug/1998:00:36:19 -0500] "GET /misc/three.html HTTP/1.0" 200 33919 "http://www.yoursite.com/products/six.html -> /misc/three.html" "Mozilla/4.06 [en] (X11; I; SunOS 5.5.1 sun4u)"
other.user.org - - [18/Aug/1998:00:36:19 -0500] "GET /images/buttons/vthree.gif HTTP/1.0" 200 1600 "http://www.yoursite.com/misc/three.html -> /images/buttons/vthree.gif" "Mozilla/4.06 [en] (X11; I; SunOS 5.5.1 sun4u)"
other.user.org - - [18/Aug/1998:00:36:19 -0500] "GET /images/buttons/products.gif HTTP/1.0" 200 672 "http://www.yoursite.com/misc/three.html -> /images/buttons/products.gif" "Mozilla/4.06 [en] (X11; I; SunOS 5.5.1 sun4u)"
other.user.org - - [18/Aug/1998:00:36:19 -0500] "GET /images/misc/threelogo.gif HTTP/1.0" 200 3981 "http://www.yoursite.com/misc/three.html -> /images/misc/threelogo.gif" "Mozilla/4.06 [en] (X11; I; SunOS 5.5.1 sun4u)"
other.user.org - - [25/Sep/1998:00:36:21 -0500; "GET /info/index.html HTTP/1.0" 200 7785 "http://www.yoursite.com/misc/three.html -> /info/index.html" "Mozilla/4.06 [en] (X11; I; SunOS 5.5.1 sun4u)"
other.user.org - - [25/Sep/1998:00:36:22 -0500] "GET /images/buttons/vinfo.gif HTTP/1.0" 200 1197 "http://www.yoursite.com/info/index.html -> /images/buttons/vinfo.gif" "Mozilla/4.06 [en] (X11; I; SunOS 5.5.1 sun4u)"
other.user.org - - [25/Sep/1998:00:36:22 -0500] "GET /images/info/infologo.gif HTTP/1.0" 200 2366 "http://www.yoursite.com/info/index.html -> /images/info/infologo.gif" "Mozilla/4.06 [en] (X11; I; SunOS 5.5.1 sun4u)"
the.aol.com - - [25/Sep/1998:00:36:23 -0500] "GET /four/index.html HTTP/1.0" 200 8134 "http://www.yoursite.com/info/index.html -> /four/index.html" "Mozilla/4.06 [en] (X11; I; SunOS 5.5.1 sun4u)"
the.aol.com - - [25/Sep/1998:00:36:23 -0500] "GET /images/buttons/vfour.gif HTTP/1.0" 200 657 "http://www.yoursite.com/four/index.html -> /images/buttons/vfour.gif" "Mozilla/4.06 [en] (X11; I; SunOS 5.5.1 sun4u)"
the.aol.com - - [25/Sep/1998:00:36:23 -0500] "GET /images/four/fourlogo.gif HTTP/1.0" 200 2957 "http://www.yoursite.com/four/index.html -> /images/four/fourlogo.gif" "Mozilla/4.06 [en] (X11; I; SunOS 5.5.1 sun4u)"
the.aol.com - - [25/Sep/1998:00:36:24 -0500] "GET /products/index.html HTTP/1.0" 304 - "http://www.yoursite.com/four/index.html -> /products/index.html" "Mozilla/4.06 [en] (X11; I; SunOS 5.5.1 sun4u)"
the.aol.com - - [25/Sep/1998:00:36:25 -0500] "GET /five/index.html HTTP/1.0" 200 8021 "http://www.yoursite.com/products/index.html -> /five/index.html" "Mozilla/4.06 [en] (X11; I; SunOS 5.5.1 sun4u)"
the.aol.com - - [25/Sep/1998:00:36:25 -0500] "GET /images/buttons/vfive.gif HTTP/1.0" 200 1294 "http://www.yoursite.com/five/index.html -> /images/buttons/vfive.gif" "Mozilla/4.06 [en] (X11; I; SunOS 5.5.1 sun4u)"
the.aol.com - - [25/Sep/1998:00:36:25 -0500] "GET /images/five/fivelogo.gif HTTP/1.0" 200 2714 "http://www.yoursite.com/five/index.html -> /images/five/fivelogo.gif" "Mozilla/4.06 [en] (X11; I; SunOS 5.5.1 sun4u)"
the.aol.com - - [25/Sep/1998:00:36:26 -0500] "GET /misc/new.html HTTP/1.0" 200 6515 "http://www.yoursite.com/five/index.html -> /misc/new.html" "Mozilla/4.06 [en] (X11; I; SunOS 5.5.1 sun4u)"
the.aol.com - - [25/Sep/1998:00:36:26 -0500] "GET /images/buttons/vnew.gif HTTP/1.0" 200 1297 "http://www.yoursite.com/misc/new.html -> /images/buttons/vnew.gif" "Mozilla/4.06 [en] (X11; I; SunOS 5.5.1 sun4u)"
the.aol.com - - [25/Sep/1998:00:36:26 -0500] "GET /images/misc/newlogo.gif HTTP/1.0" 200 4343 "http://www.yoursite.com/misc/new.html -> /images/misc/newlogo.gif" "Mozilla/4.06 [en] (X11; I; SunOS 5.5.1 sun4u)"

