[Sat Jun 20 02:37:14 1998] [notice] SIGHUP received.  Attempting to restart
[Sat Jun 20 02:37:18 1998] [notice] Apache/1.3.0 (Unix) mod_perl/1.12 configured -- resuming normal operations
[Sat Jun 20 02:41:09 1998] [error] Undefined subroutine &Apache::Registry::handler called.
[Sat Jun 20 02:57:48 1998] [error] (2)No such file or directory: DateServlet: init
[Sat Jun 20 02:57:59 1998] [error] File does not exist: /usr/local/httpd/htdocs/seerver-info
[Sat Jun 20 03:04:35 1998] [error] (13)Permission denied: mod_mime_magic: can't read `/usr/local/httpd/htdocs/stockquotes/SQ.pl'
[Sat Jun 20 03:05:52 1998] [error] File does not exist: /usr/local/httpd/htdocs/images/menuts.gif
[Sat Jun 20 03:05:52 1998] [error] File does not exist: /usr/local/httpd/htdocs/images/menuraj.gif
[Sat Jun 20 03:05:52 1998] [error] File does not exist: /usr/local/httpd/htdocs/images/menuot.gif
[Sat Jun 20 03:05:52 1998] [error] File does not exist: /usr/local/httpd/htdocs/images/menudf.gif
[Sat Jun 20 03:05:52 1998] [error] File does not exist: /usr/local/httpd/htdocs/images/menumi.gif
[Sat Jun 20 03:05:52 1998] [error] File does not exist: /usr/local/httpd/htdocs/images/menudd.gif
[Sat Jun 20 03:05:52 1998] [error] File does not exist: /usr/local/httpd/htdocs/images/cuplogo.gif
[Sat Jun 20 03:05:52 1998] [error] File does not exist: /usr/local/httpd/htdocs/images/menujid.gif
[Sat Jun 20 03:05:52 1998] [error] File does not exist: /usr/local/httpd/htdocs/images/shdw.gif
[Sat Jun 20 03:05:52 1998] [error] File does not exist: /usr/local/httpd/htdocs/images/faq.gif
[Sun Jul 12 04:48:11 1998] [error] file permissions deny server execution: /usr/local/httpd/htdocs/Chart/test1.cgi
[Sun Jul 12 04:48:12 1998] [error] file permissions deny server execution: /usr/local/httpd/htdocs/Chart/test1.cgi
[Sun Jul 12 04:48:23 1998] [error] file permissions deny server execution: /usr/local/httpd/htdocs/Chart/test1.cgi
[Sun Jul 12 04:49:41 1998] [error] file permissions deny server execution: /usr/local/httpd/htdocs/Chart/test1.cgi
[Sun Jul 12 04:50:56 1998] [error] file permissions deny server execution: /usr/local/httpd/htdocs/Chart/test1.cgi
[Thu Jul 23 20:37:29 1998] [error] Symbolic link not allowed: /usr/local/httpd/icons/
[Thu Jul 23 20:37:29 1998] [error] Symbolic link not allowed: /usr/local/httpd/icons/
[Thu Jul 23 20:37:30 1998] [error] Symbolic link not allowed: /usr/local/httpd/icons/
[Thu Jul 23 20:37:30 1998] [error] Symbolic link not allowed: /usr/local/httpd/icons/
[Thu Jul 23 20:37:30 1998] [error] Symbolic link not allowed: /usr/local/httpd/icons/
[Thu Jul 23 20:37:30 1998] [error] Symbolic link not allowed: /usr/local/httpd/icons/
[Sun Aug  2 20:29:44 1998] [warn] child process 1009 still did not exit, sending a SIGTERM
[Sun Aug  2 20:29:44 1998] [warn] child process 1010 still did not exit, sending a SIGTERM
[Sun Aug  2 20:29:44 1998] [warn] child process 1011 still did not exit, sending a SIGTERM
[Sun Aug  2 20:29:44 1998] [warn] child process 1012 still did not exit, sending a SIGTERM
[Sun Aug  2 20:29:44 1998] [warn] child process 1022 still did not exit, sending a SIGTERM
[Tue Aug  4 23:37:48 1998] [error] Premature end of script headers: /usr/local/httpd/htdocs/test/CGIUtilTest.cgi
Can't bless non-reference value at /usr/home/akira/work/IdexxInformatics/CGIUtil.pm line 177.
Can't bless non-reference value at /usr/home/akira/work/IdexxInformatics/CGIUtil.pm line 177.
Unmatched right bracket at /usr/home/akira/work/IdexxInformatics/CGIUtil.pm line 185, at end of line
syntax error at /usr/home/akira/work/IdexxInformatics/CGIUtil.pm line 185, near "}"
[Tue Aug  4 23:39:54 1998] [error] Premature end of script headers: /usr/local/httpd/htdocs/test/CGIUtilTest.cgi
[Tue Aug  4 23:48:05 1998] [error] script not found or unable to stat: /usr/local/httpd/htdocs/test/CGIUtiltest.cgi
[Wed Aug  5 01:01:22 1998] [error] File does not exist: /usr/local/httpd/htdocs/mrtg/mrtg-m.gif
[Wed Aug  5 01:01:22 1998] [error] File does not exist: /usr/local/httpd/htdocs/mrtg/mrtg-l.gif
[Wed Aug  5 01:01:22 1998] [error] File does not exist: /usr/local/httpd/htdocs/mrtg/mrtg-r.gif
[Wed Aug  5 01:02:15 1998] [error] File does not exist: /usr/local/httpd/htdocs/mrtg/mrtg-m.gif
[Wed Aug  5 01:02:15 1998] [error] File does not exist: /usr/local/httpd/htdocs/mrtg/mrtg-l.gif
[Wed Aug  5 01:02:15 1998] [error] File does not exist: /usr/local/httpd/htdocs/mrtg/mrtg-r.gif
[Wed Aug  5 01:02:29 1998] [error] File does not exist: /usr/local/httpd/htdocs/mrtg/mrtg-m.gif
[Wed Aug  5 01:02:29 1998] [error] File does not exist: /usr/local/httpd/htdocs/mrtg/mrtg-l.gif
[Wed Aug  5 01:02:30 1998] [error] File does not exist: /usr/local/httpd/htdocs/mrtg/mrtg-r.gif
[Wed Aug  5 01:06:22 1998] [error] File does not exist: /usr/local/httpd/htdocs/eth.199x32.gif
[Wed Aug  5 01:07:40 1998] [error] File does not exist: /usr/local/httpd/htdocs/eth.199x32.gif
[Wed Aug  5 01:10:10 1998] [error] File does not exist: /usr/local/httpd/htdocs/eth.199x32.gif
[Wed Aug  5 01:10:45 1998] [error] File does not exist: /usr/local/httpd/htdocs/eth.199x32.gif
Can't locate IdexxInformatics/CGIUtil.pm in @INC (@INC contains: /usr/home/akira/work /usr/local/lib/perl5/5.00501/sun4-solaris-thread /usr/local/lib/perl5/5.00501 /usr/local/lib/perl5/site_perl/5.005/sun4-solaris-thread /usr/local/lib/perl5/site_perl/5.005 .) at /usr/local/httpd/htdocs/test/CGIUtilTest.cgi line 6.
BEGIN failed--compilation aborted at /usr/local/httpd/htdocs/test/CGIUtilTest.cgi line 6.
[Thu Aug  6 00:31:26 1998] [error] Premature end of script headers: /usr/local/httpd/htdocs/test/CGIUtilTest.cgi
Can't use subscript on split at /usr/local/httpd/htdocs/test/ASCII.cgi line 3, near "0]"
Can't use subscript on split at /usr/local/httpd/htdocs/test/ASCII.cgi line 3, near "1]"
Execution of /usr/local/httpd/htdocs/test/ASCII.cgi aborted due to compilation errors.
[Thu Aug  6 01:56:32 1998] [error] Premature end of script headers: /usr/local/httpd/htdocs/test/ASCII.cgi
Can't use subscript on split at /usr/local/httpd/htdocs/test/ASCII.cgi line 3, near "0]"
Can't use subscript on split at /usr/local/httpd/htdocs/test/ASCII.cgi line 3, near "1]"
Execution of /usr/local/httpd/htdocs/test/ASCII.cgi aborted due to compilation errors.
[Thu Aug  6 01:56:41 1998] [error] Premature end of script headers: /usr/local/httpd/htdocs/test/ASCII.cgi
[Mon Sep 21 22:34:58 1998] [warn] child process 29988 still did not exit, sending a SIGTERM
[Mon Sep 21 22:34:58 1998] [warn] child process 29989 still did not exit, sending a SIGTERM
[Mon Sep 21 22:34:58 1998] [warn] child process 29990 still did not exit, sending a SIGTERM
[Mon Sep 21 22:34:58 1998] [warn] child process 5 still did not exit, sending a SIGTERM
[Mon Sep 21 23:08:01 1998] [notice] Apache/1.3.1 (Unix) mod_perl/1.15 configured -- resuming normal operations
