some.domain.com - - [24/Aug/1998:08:45:58 -0500] "GET /icons/blank.gif HTTP/1.0" 304 -
some.domain.com - - [24/Aug/1998:13:53:38 -0500] "GET / HTTP/1.0" 200 4111
some.domain.com - - [24/Aug/1998:13:53:38 -0500] "GET /icons/folder.gif HTTP/1.0" 304 -
some.domain.com - - [24/Aug/1998:13:53:38 -0500] "GET /icons/back.gif HTTP/1.0" 304 -
some.domain.com - - [24/Aug/1998:13:53:38 -0500] "GET /icons/text.gif HTTP/1.0" 304 -
some.domain.com - - [24/Aug/1998:13:53:38 -0500] "GET /icons/blank.gif HTTP/1.0" 304 -
some.domain.com - - [25/Aug/1998:08:02:47 -0500] "GET / HTTP/1.0" 200 4111
some.domain.com - - [25/Aug/1998:08:02:48 -0500] "GET /icons/folder.gif HTTP/1.0" 304 -
some.domain.com - - [25/Aug/1998:08:02:48 -0500] "GET /icons/text.gif HTTP/1.0" 304 -
some.domain.com - - [25/Aug/1998:08:02:48 -0500] "GET /icons/back.gif HTTP/1.0" 304 -
another.domain.org - - [25/Aug/1998:08:02:48 -0500] "GET /icons/blank.gif HTTP/1.0" 304 -
another.domain.org - - [25/Aug/1998:09:14:41 -0500] "GET / HTTP/1.0" 200 4111
another.domain.org - - [25/Aug/1998:09:14:43 -0500] "GET /mrtg/ HTTP/1.0" 200 119
another.domain.org - - [27/Aug/1998:02:33:26 -0500] "GET / HTTP/1.0" 200 4111
another.domain.org - - [27/Aug/1998:02:33:27 -0500] "GET /icons/blank.gif HTTP/1.0" 200 148
another.domain.org - - [27/Aug/1998:02:33:27 -0500] "GET /icons/back.gif HTTP/1.0" 200 216
another.domain.org - - [27/Aug/1998:02:33:28 -0500] "GET /icons/folder.gif HTTP/1.0" 200 225
another.domain.org - - [27/Aug/1998:02:33:29 -0500] "GET /icons/text.gif HTTP/1.0" 200 229
another.domain.org - - [27/Aug/1998:02:33:40 -0500] "GET /perl/ HTTP/1.0" 200 3257
another.domain.org - - [27/Aug/1998:02:33:45 -0500] "GET /apache_1.3.1/ HTTP/1.0" 200 1622
other.domain.net - - [27/Aug/1998:02:33:45 -0500] "GET /apache_1.3.1/apache_pb.gif HTTP/1.0" 200 2326
other.domain.net - - [27/Aug/1998:02:33:57 -0500] "GET /apache_1.3.1/manual/index.html HTTP/1.0" 200 2158
other.domain.net - - [27/Aug/1998:02:33:57 -0500] "GET /apache_1.3.1/manual/images/index.gif HTTP/1.0" 200 1540
other.domain.net - - [27/Aug/1998:02:33:57 -0500] "GET /apache_1.3.1/manual/images/sub.gif HTTP/1.0" 200 6083
other.domain.net - - [27/Aug/1998:02:34:02 -0500] "GET /apache_1.3.1/manual/new_features_1_3.html HTTP/1.0" 200 28358
other.domain.net - - [27/Aug/1998:02:34:17 -0500] "GET /rater/ HTTP/1.0" 200 92
other.domain.net - - [27/Aug/1998:02:34:19 -0500] "GET /rater/search.gif HTTP/1.0" 200 1199
other.domain.net - - [27/Aug/1998:02:34:19 -0500] "GET /rater/nph-rater.cgi HTTP/1.0" 200 -
other.domain.net - - [27/Aug/1998:02:37:22 -0500] "GET /perl/ HTTP/1.0" 200 3257
other.domain.net - - [27/Aug/1998:04:58:24 -0500] "GET / HTTP/1.0" 200 4111
