Performing C SOURCE FILE Test C_SUPPORTS__WCONDITIONAL_UNINITIALIZED failed with the following output:
Change Dir: /home/bartosz/dox/Perl-Bitcoin/Alien-libsecp256k1/libsecp256k1/build/CMakeFiles/CMakeTmp

Run Build Command(s):/usr/bin/gmake -f Makefile cmTC_3a885/fast && /usr/bin/gmake  -f CMakeFiles/cmTC_3a885.dir/build.make CMakeFiles/cmTC_3a885.dir/build
gmake[1]: Entering directory '/home/bartosz/dox/Perl-Bitcoin/Alien-libsecp256k1/libsecp256k1/build/CMakeFiles/CMakeTmp'
Building C object CMakeFiles/cmTC_3a885.dir/src.c.o
/usr/bin/cc -DC_SUPPORTS__WCONDITIONAL_UNINITIALIZED  -Werror   -Wconditional-uninitialized -std=c90 -o CMakeFiles/cmTC_3a885.dir/src.c.o -c /home/bartosz/dox/Perl-Bitcoin/Alien-libsecp256k1/libsecp256k1/build/CMakeFiles/CMakeTmp/src.c
cc: error: unrecognized command-line option '-Wconditional-uninitialized'; did you mean '-Wno-uninitialized'?
gmake[1]: *** [CMakeFiles/cmTC_3a885.dir/build.make:78: CMakeFiles/cmTC_3a885.dir/src.c.o] Error 1
gmake[1]: Leaving directory '/home/bartosz/dox/Perl-Bitcoin/Alien-libsecp256k1/libsecp256k1/build/CMakeFiles/CMakeTmp'
gmake: *** [Makefile:127: cmTC_3a885/fast] Error 2


Source file was:
int main(void) { return 0; }
Performing C SOURCE FILE Test C_SUPPORTS__WRESERVED_IDENTIFIER failed with the following output:
Change Dir: /home/bartosz/dox/Perl-Bitcoin/Alien-libsecp256k1/libsecp256k1/build/CMakeFiles/CMakeTmp

Run Build Command(s):/usr/bin/gmake -f Makefile cmTC_9dff5/fast && /usr/bin/gmake  -f CMakeFiles/cmTC_9dff5.dir/build.make CMakeFiles/cmTC_9dff5.dir/build
gmake[1]: Entering directory '/home/bartosz/dox/Perl-Bitcoin/Alien-libsecp256k1/libsecp256k1/build/CMakeFiles/CMakeTmp'
Building C object CMakeFiles/cmTC_9dff5.dir/src.c.o
/usr/bin/cc -DC_SUPPORTS__WRESERVED_IDENTIFIER  -Werror   -Wreserved-identifier -std=c90 -o CMakeFiles/cmTC_9dff5.dir/src.c.o -c /home/bartosz/dox/Perl-Bitcoin/Alien-libsecp256k1/libsecp256k1/build/CMakeFiles/CMakeTmp/src.c
cc: error: unrecognized command-line option '-Wreserved-identifier'; did you mean '-fextended-identifiers'?
gmake[1]: *** [CMakeFiles/cmTC_9dff5.dir/build.make:78: CMakeFiles/cmTC_9dff5.dir/src.c.o] Error 1
gmake[1]: Leaving directory '/home/bartosz/dox/Perl-Bitcoin/Alien-libsecp256k1/libsecp256k1/build/CMakeFiles/CMakeTmp'
gmake: *** [Makefile:127: cmTC_9dff5/fast] Error 2


Source file was:
int main(void) { return 0; }
