
ditaa version 0.9, Copyright (C) 2004--2009  Efstathios (Stathis) Sideris


ditaa version 0.9, Copyright (C) 2004--2009  Efstathios (Stathis) Sideris


ditaa version 0.9, Copyright (C) 2004--2009  Efstathios (Stathis) Sideris


ditaa version 0.9, Copyright (C) 2004--2009  Efstathios (Stathis) Sideris

Running with options:
Reading file: tmp2/image-4.ditaa
Running with options:
Running with options:
Reading file: tmp2/image-6.ditaa
Reading file: tmp2/image-2.ditaa
Running with options:
Reading file: tmp2/image-8.ditaa
Locale: en_US
Locale: en_US
Locale: en_US
Locale: en_US
Dialog
Rendering to file: tmp2/image-6.png
Done in 3sec
Dialog
Rendering to file: tmp2/image-2.png
Dialog
Rendering to file: tmp2/image-4.png
Dialog
Rendering to file: tmp2/image-8.png
Done in 4sec
Done in 4sec
Done in 4sec
