# 2011/01/01
2011  1  1  5  0  8:7:Z\\\; F&6^}]O[D|q Fr23\\\;W86Qe3 ok$lpYQu(rzZ >Z, z 2fwU j s'E* o@6Cc:AHF: pT$}Vu59^n]
2011  1  1  6  3 37:DONE
2011  1  1  6 39 34:7:Ag*3@`h
2011  1  1 10 15 31:7:Y\;%/ ~ 1%T,X: HPztc3! f %-/Z@?\\\\e6t6r
2011  1  1 12  6 59:7:H3h{p*>>E|% 5x+dM #tZsN s*da#ve'\\\\`J p]l$`f6=` 5CLk:]MTH" qq8I[ j66$F. A2:~Za+e+ [&e#lN>oXH>
2011  1  1 16 16  7:7:~\;S%Xpm}3!C1 1NJ1^nv9 ]Gv==Drn@N \\\\
2011  1  1 18  5  7:7:d%@] f `7-MlHcg ^YNo7kx6z \\\\e>z$-(H|AfZ d7%[ g3@I"2AV'?* 7/
2011  1  1 20 15  3:7:ZL([ rjSb0o#wJ ,NgTuw=]bM5 exE2scq:0^ ]S t< fs
# 2011/01/02
2011  1  2  1 51 31:6:ki04`D.(^h,M
2011  1  2  2 52 44:DONE
2011  1  2  7 32 48:6:$y?Q \\\\N [ah:W`CsU\\\\U 7\\\\CY 8T{mJ>H9
2011  1  2  9 18 46:6:uNR* dH|)(6- R"Ta(AUP~ }xw] 8=EUX rhU V>2v8#L0f1 *3cI*r5t(f
2011  1  2 14  5 42:DONE
2011  1  2 18  6 20:6:
2011  1  2 21 32 38:6:a'y ]@IZ5g5=lN( Xl]S^bf !bF@Lrx{he V:uzO$HY Qa~wzu[qG8& h_pp Cy(1_6h] 8yM9 1,#]4
2011  1  2 22 27 21:DONE
# 2011/01/05
2011  1  5  0 30 49:8:^IuEygRw?
2011  1  5  1 51 53:8:JX6wEMY? \\\\=uy3I1b S:u-O2eE9$
2011  1  5  7 51 19:8:A {^E5)tJu}a2i [ ?DJ\;
2011  1  5 12 40 39:8:q>OLcR ! RUN0%^u3 }|n"A!8 A a_V2/g]U(@E _ Dx Ejc)q
2011  1  5 16 17 17:8:~c0 @#q $TS6*..XeH -&V at2mmMZ& / 7b[!Xyh qQKH<nN C+e\;(~: A7x4JPl| &
2011  1  5 21 22 11:8:
2011  1  5 21 35  7:8:vAtkOivXOCrp -nSZf/_\\\\E E "_ $.7u2\; 4 A#.\;B!y /20/MFP(*"~q 0XHde 7X:(!_6 )ZjN{Cd'Hsz
2011  1  5 22 25 15:8::gTel(\;_~(: pTcJ - [w\\\\D|n
# 2011/01/06
2011  1  6  2 43 58:DONE
2011  1  6  5 21 24:5:\\\\_47#wGb<~V_ g! :c<2TT|PVT l^H(Qg}|3xK 6</\\\\ e|71y,m`DPwI qJL>D `
2011  1  6 10 26 19:5:/+^ PB<?= {e&v 6I_OMBEqV 4 "Z 7t5u53_GjZn Mq:DlH.l1 s7KOP8m5%j MGW|%e-e>
2011  1  6 16 18 17:DONE
2011  1  6 22  6 22:5:{A-}Q?9Jx TYQo io= TW[0 D1o6c82E&
# LwRC :jyZp xxwL(m1QP)Y
2011  1  6 23  9 50:5:wrp -+!)_f~i= P2o|\\\\& yj$5l#W2
# 2011/01/07
2011  1  7  2 27 24:6:>? TC?M@T1"! urS9QVFD0 ^nAqp 9605]2Ng#&R
2011  1  7  7 11 32:6:_O$t6*F 4@<{+"P ) ZI6/iYa@a_C N?74R .M([/O.OOH &ol23'[\\\\q9 |:d~Jc R}>I K
2011  1  7  7 48 42:6:V'*HzN Rc"'U/E<WAjC K Xx!j
2011  1  7 10 37 16:6:+nYqG\\\\^'Ig1 Yv _g_@>*jpni oQO
2011  1  7 10 46 54:6:.:rFt\\\\KR6 FOl9WR|| `~5v%+\\\;2c Hul|[6 n46k$,Xd]Zg6 r5`9 ^^ L3 ei0Xj
2011  1  7 13 43  7:DONE
# 2011/01/08
2011  1  8 16 55 21:3:q?&DH^sbY EX+SM9n [P YdH :K?:_ 'R\;[?f }[Z^8 mU- `{IBZ9Y/f Jh%gA7 *hB"C2yjiQ
2011  1  8 17 21 25:3:
2011  1  8 21 45 49:3:9b+>$
# 2011/01/09
2011  1  9  0 20  8:7:,kyrbe #P\\\;-11 O$MZ %W Qx vQ$v:s4=A ?nj' dVJEk.C\\\\(=R O \\\\40Y e3xl
2011  1  9  4 26 33:DONE
2011  1  9  9 53 42:7:
2011  1  9 15 26 15:7:` yIJ|P-c\\\\ 6o0w[~>]1
2011  1  9 18  0 41:7:TB }_X`hq@qHR @UpCY JI=5[tWR\\\\U*` !ah kHU
2011  1  9 19  3 27:7:8?*%T 0fI$PkX{V gw)M ^d'1u$k/b 1 `&Un-y^ SF
2011  1  9 23  7 32:7:\\\\l+XlTco<RY r>58tFl.p< &!HV(=gc F7_
# 2011/01/10
2011  1 10  2 31 49:8:@ +Q/.fwpl0{p 3(~,u(~12V 4TWR< L?oZ(
2011  1 10  2 56 52:8:=ajcQL
2011  1 10  3 30 31:8:
2011  1 10  7  0  4:8:q)|zo-s=S3 `k( ^A@YP
2011  1 10 12 22 57:DONE
2011  1 10 13 25 30:8:-4VTEGh & 5_z0M CS"K[a|
2011  1 10 18 32 10:8:5aTT0:!r>, d$N7l` Z*t?@kTjb\\\\]q
2011  1 10 23 22 41:8:D. x=\\\\&u| !>1HqP
# 2011/01/11
2011  1 11  0 58 22:9:!UAjdX'f HUOl [L_ 8d&+t_25IJ& A%JI%9sRW4<I +gQ/DAuTxCN Q :K~tHW7g # v*q2+S
2011  1 11  3  5 35:9:R?%j2N \;{gil,/)+9P GPu3fKN>s @Q7r5i]`wnVM P uo-zv cHUiOE5d?
2011  1 11  8 33 50:9:}j|]3|H lLCAY1" ] v.<+$(fHN, W<HA6v#x&C V f,5LizsNXH\\\\i !|#Y>+R
2011  1 11 10 19 24:9:
2011  1 11 10 43 50:9:/Dxv7d,v@' M{mqZU:"L` HF! nYKF lC5|hIdC,~Q )MS*8
2011  1 11 11 29 50:9:?${cd \;L&_ PbH?\;O/ Q?08.e
2011  1 11 15 25 11:DONE
2011  1 11 19 51 32:9:
2011  1 11 23 34  2:9:#= 0H3 v%{P LpHm4.~ba |{p irg?mBQA)^D
# 2011/01/12
2011  1 12  2 12 10:DONE
2011  1 12  4 19  8:6:k`_VYszk m/8A
2011  1 12  4 32 49:6:
2011  1 12  7 58 24:DONE
2011  1 12 13 37  4:6:\;<l&6r#r coiUpq,re ],"~GO-d7cM 0B\\\\O0P 9nM# U91* @x8` HYb?0SkW^P @`HT{V ">CNpxE 1.%
2011  1 12 14 31 51:6:4n!< Q" (i8r^OCnh* era 8mr UWh
2011  1 12 19 20 13:6:i ~Hdi1\;$v
2011  1 12 23 36 14:DONE
# 2011/01/13
2011  1 13  5 13  2:5:MR(1 + uNscP Iu`]~R,e_{V{ \\\\/!asd6VA%$ cf[z4 ,q4
2011  1 13  8 52 45:DONE
2011  1 13 12 46 35:5:
2011  1 13 17 43  1:5:fFF\;6e=* MO6c.ta 1Ep[W5[=T 2] P^e& #liGq- _e-E+8?~gOq
2011  1 13 19  0 16:5:,x6vs><kFx7v -Q\;4xEZ%`D{Z H)6) ]cLfzc[ +D`^rd.})"8
2011  1 13 21 15 27:5:$^7A
# 2011/01/14
2011  1 14  2 52 42:7:Z\\\\~'d9eGgm-N Fp6~&
2011  1 14  7 37 45:7:Qias?QW\\\\hN%0 k+%!] s+6Z6P (|F:~ Gbu>}d( aFwC0JJ=1]# F.|\\\;USv*
2011  1 14  9 18 30:7:f`y>\\\;Mw)|
2011  1 14 15  6 28:7:o (nU}"#/ 7UOS cfkIr S8&%l\\\;=(J^0 /Cjyx[:tHr {*(:?mytVji Eicguc D0KacK.*@|b{ +/)E:JCO:$n3 'e+*:J`1e
2011  1 14 20 55  2:7:8N+%J5 zY(I6^3 1<
2011  1 14 23 59  2:7::DF1PG)< [iGI"SR+cG &{az+bE5*k-_ i_<' Z\\\;n **vfe)z\\\; S9T+ L-d-9SQ Gxtxv K+1g bx=+\\\;
# 2011/01/15
2011  1 15  0 48 58:DONE
2011  1 15  6 47 36:6:
2011  1 15 11 40 41:6:@PEd.p-h' * V=Mt{ >\;~HZi"k @[k#E\\\;kX q\\\\0U8Uh G4Fek"#<
2011  1 15 15 40 51:6:|lS:@M $q]LRfSye,SE
2011  1 15 20 48  4:6:3 WN}D7o\;p' z <}HR$Wld
2011  1 15 22 58 21:6:34jm#ryA,+ !Io\;C3v NbQz.-> qzC!W!k#B |j}9de}130 d[0M:g, EFe&X5_pv:
# 2011/01/16
2011  1 16  1 51 12:2:2]_o('Kh=| 4{D !F
2011  1 16  5  3 29:DONE
# 2011/01/17
2011  1 17  6 24 38:7:dz#~!"F/% [p"\;VFf OGN2 ia#|
2011  1 17  6 54 54:7:!*uxY$97 >6yd_:7 hMTs#%i9ms B,pa O_wI *H{$oJ\\\; ?56eZR2 T_A0R%\;FFJ p+uv %W[!rU@2b| uZ
2011  1 17  8 37 44:7:}2 QKQ)V&$W&8 YjujqAyb7}Q w1I!c
2011  1 17  9 58 51:7:
2011  1 17 13 10 47:DONE
2011  1 17 15  7 40:7:`\\\;aRhb pjv$I2$P|T@K F#){G&
2011  1 17 15 14 22:7:(`[3nV(@M]4 Pf!evtn~S7s a> ^XvJb0y&LT G\\\;`G2o`6j% !Ej{H} 8z:KvM
2011  1 17 21  2 48:7:
# 2011/01/18
2011  1 18  0 29  3:8:
2011  1 18  3  1 56:8:-1/00XCNZAS dA xl U3oO6^CjI Oylr!oE$S n1{tE(Seu+d [y_?RM%#%=+ CMJald+B2 \\\\EK}u>nlqtn( Q^Jj`2)@yuPl l#
2011  1 18  5 31  3:8:%cS5~Ac\;^ :av 4Ox5cl#EzN {Bd,k0.}VR j8n::5f^ 1*U-MC-u0Kfy <tDvb"8%.@oS 6#H6
2011  1 18  9 37 46:8:l&\;Nj =p<6eaDI
2011  1 18 15 14 48:8:H/cL<X kMt<r~xW qk6i\\\;|%'bRb )DKN\\\\I&$ N |Bb\; !I9j{XB
2011  1 18 18 22 42:8:
2011  1 18 23 18 14:8:T AU ~ PyU?gY+A '2k DldEA/_J ]!:zolREm
# 2011/01/19
2011  1 19  3 11 31:9:
2011  1 19  3 17 38:9:opXHO8G cO%5v9It 7W {nTTP9l?b5 (Vu^Uo]E7`$w ,f \\\\?L9AnZ
2011  1 19  7 32 56:9:
2011  1 19  8 40  6:DONE
2011  1 19 12  6  0:9:
2011  1 19 14  5 15:9:+iH.Dz\\\; 9 9 V4/^"& Ou!}f[dfoJ
2011  1 19 15  0 12:9:+ %al>QC C)#^_P*8pd Y\\\\p`D=Q&\\\; cMv\\\;Licxk?
2011  1 19 20  1 37:9:qoJEp'{2%O p3]P ISs_ch ,!e{NsKS0N j0o4 yR`:/ 6HK/]
2011  1 19 20 15 45:9:kZ/m iX6v9!{dZ+Oo Sa
# 2011/01/20
2011  1 20  0 28 20:9:VqKc: Q .M@(WKy2.L (vsRl wP
2011  1 20  0 55 47:9:J7c{ a~]Al' 7exk &v| }s+2nR+ ZQcj&`& p\\\\%{ L &IP^ zskIM5V(<z| )l
2011  1 20  4 40 28:9:cHW^l8L$5|l( M)'/XVu(uc5] V _sK?: c> MO (e%_"I4Hr/
2011  1 20  4 49 26:9:(G%%iD<P Zq@Mb n!3A 1\\\\1~c 55Q L}SAv"n(1 J\\\;s@ 5::h
2011  1 20 10 20 39:DONE
2011  1 20 16 12 41:9:5foq=qf1 e78L1v ru v7:xHDJKqx+ $W4Enx)
2011  1 20 22 12 18:9:Zt:tgH %U%(zOBw"
2011  1 20 22 13 13:9:0O.X$ kG{H_ *qc|
2011  1 20 23 12 50:9:~3>v@q hE2w8 RxW RK8:eU=3 U*9& |[6WLch#4 SQA|2iK(0Jx Ml9oxGU8
# 2011/01/21
2011  1 21  1 29 13:7:q:-y%n$&H 6A@ +
2011  1 21  5 30 28:DONE
2011  1 21  9 12  8:7:)xmrg`# DSz ZR@{-X :J8saP'Jqz<y
2011  1 21 10  9 40:7:M]jM5@uY&5N [)d`<eeW5[=F cI]u=Ue|_~ 2<4NI F+\;fDI{:Y! wJ|^(@A[Sw X&}
2011  1 21 14 29 25:7:ClJ?=tr1 yoK2r` *~~hXM_DU73 C*= = d9X4x8: :+!:Na w7xA{b a_\;"s9 M| d<,
2011  1 21 18 11 25:7:
2011  1 21 21 21 51:7:
# 2011/01/22
2011  1 22  2  1 37:5:\\\\G2wEn X
2011  1 22  2 44 53:5:
2011  1 22  4 54 36:5:SFObe^ :fx'
# W?>VH|X ?65|Po jmh Gu $9=2~(;zEs Dv`gXIOjqbl
2011  1 22  5 48 56:5:Y~x^9s9bDS>6 4$y8k1,X<BU 0<gd/ 5gVCd/\\\\S,xk 2>P !}!zup qSB6s\\\;zN nZotTML/X'
2011  1 22  7 23  9:DONE
# 2011/01/24
2011  1 24  8 18 20:6:Q?]-"r/ \;yK#<M =Auv}H3\;0Ao V`5eMrt 4F| 3YP*^d=efg(| .VA="q0VFw/= =rFmAG, "|E+Ya4C q5=@?PT Y4xDUWBclFC
2011  1 24 13 18 41:6:[@
2011  1 24 13 58 29:6:~3 s1b1B2i9G2l bzr+Q!U zxkZ > U(8A.aLxo $Ns $@7t*1*\\\\Ew~o >BD )?@ "Z'x7fJ4
2011  1 24 19 25 45:6:v:"E68wAh O{P C5JS rkJyb(mpt #-5!xf['ivxJ ]]0 P'#m?v(sl\\\\ fvp'$B 0`ws +1+ lihjFK?|
2011  1 24 21 58 28:DONE
2011  1 24 23 20 31:6:5WJ>X L]Ro3_{j I_"7+<"MS YkvU^:bxP 5D ^|SV?V8h{Bk A/I=iB UA vT> YpvP0*
2011  1 24 23 26 28:DONE
2011  1 24 23 44 46:6:*5/tc! xW
# 2011/01/25
2011  1 25  2 18 17:DONE
2011  1 25  3 36 17:6:&nHu_9(8~e B)C6e
2011  1 25  8 14 59:6:Z_7m|8RlI *?fGQ`v `BW5Ruyrw* sITZm/
2011  1 25 12 42 38:6:AmY_br`="oal AeP87hoVA1S 8 uZ HAn hz0\\\;
2011  1 25 17 55  8:6:jLG Oml N\\\\H\\\\bI_]KZ]" <Gvxx4!\\\\}@! q"
2011  1 25 21 10 48:6:
# 2011/01/26
2011  1 26  1 24  4:DONE
2011  1 26  1 52 34:7:>?XEM{M$4g1f Uy$wX&b ^6x5T&h BxWyH#)>Zs DEIFc# <OoLF Jz~-a#ODvkIB 1?/z3 Q bemL'$SF}
2011  1 26  4 17 32:7:>\\\\CT0LQs% mF&0 }.oFmzh6 >({"gOP#m:/ WsF}O6=0hv "OX4c)zx{#x t0by#hhmlz,v YN1Ij.v
2011  1 26  8 31  9:7:9xq839\\\;d' ._=66Wtn!'k 4c:eEFPAOldI
2011  1 26  9 29  9:7:,s8 l] Dl.9[{}?0 7^$^{ gQJ-_5{
2011  1 26 15  8 21:7:q,v rTQq.>tXm \\\;7\;2s
2011  1 26 19  0 23:7:wm(ob.uX9X l:&\\\\ g3fh E6], 44<<6Ld88 xD 0T~=oKU 0twS"~ht
2011  1 26 20 19 40:DONE
# 2011/01/27
2011  1 27  1 22 28:6:S@Q(1} jSO!"[CJ< JG| `P_G-P! tq1 oo_G|~`u
2011  1 27  3  2 43:6:\\\;uV|GP {NCr9??(@h\;
2011  1 27  7 35 30:6:N_zYN>SGtj7q [1@&0>/
2011  1 27 10  2 49:6:/ Vs5}.ie.M jS|3&3an li~5Bl DaM?$BO bzz'O] E B8,mh!1|9t 1Q?B@phSLB
2011  1 27 14 48  8:6:y>V[Dz1~lm mimBe)<8S
2011  1 27 20 36 45:6:`{ZG$9c8e.H
# 2011/01/28
2011  1 28  0 20 48:4:7l60x2t#!JT xh\;/ 9yvZ kGF F8e5WZ~9^ KlB{muj\\\\ W
2011  1 28  3 59 32:4:PG8 ?H9gu A @6(h ^ 7sh<DWW m8)=9,@gpO ,y/ir
2011  1 28  7  0 33:4:$GG
2011  1 28  8 34 41:DONE
# 2011/01/29
2011  1 29 10 24 11:7:jvz" ,(] }VC}Dq !\\\;7|6U
2011  1 29 13 48 25:7:L Yv*+NbZ\\\\5K _) ezvguW |c.H9LyW2u6 Ysp B!),1 uW'KoXiub
2011  1 29 18 12 34:7:R6~9D erNtZSm-5{~ dVLjuey5 CVaNBC)/^^ F A8*O&+ wB=:jzrWdz1 gsCYs \;V%Z6]Q"EAs l81N0Alw{bO%
2011  1 29 19 57 53:7:BkqV WcR:@sG G~BF![i` wV1i3$tO[i_. x45vXD/z 3gg C%7t\\\\]{S~ :gZ>
2011  1 29 20 11 21:7:Y37`$&:~0ZN p|TG78
2011  1 29 21 52 48:7:`NV7zY .iLs"UBQ\\\\6AL 3zpK&`&)`Wd x6K}tX! Makf{s~X O.C9n0
2011  1 29 23 44 49:7:LhHhFw](tNWz 7|dS2Ouku9) O]uzUN NS~8cY4S-Zx0 @j)R,`Vg{$e
# 2011/01/30
2011  1 30  0  7 11:12:&@ \\\\z"!}
2011  1 30  4 12 12:12:<giAmd 'JE9tI teX &`To6 4zjI3UJ/I
2011  1 30  4 18 15:12:Q'9\\\\?]l>~w D.' *fj2L P{CVs
2011  1 30  6 27 38:12:fV/KF ~M6` ,+?LS ?7)#Zw125~O q3 mN}jRg J(=a*eu+`
2011  1 30  9 58 34:12:mO 4Q( _o5cP3H a~"M2`M"EW# %s\;]IJ
2011  1 30 10 15 58:12:2F'h1 +t3E_ v"<olGU *Mrhp UAv$U( G&: qY
2011  1 30 12 11 42:12:c UZ"Zy sG`f+F8 b4?#wD<LQ"E rf0g9 0wx<b| ?.wU3n >vl2Pz]!:rlZ
2011  1 30 13 51 32:12:3v.-8'na"6Vc 'd O@X6kVSuX{% ^zToa NR%|y!xY`P :vi &Pmc jH>|&W\\\\VT C@ Pw@Pz \\\;a
2011  1 30 14 22  4:12:CWS' L$#
2011  1 30 15  8  9:12:*&fLf%n~9G H`D %zAsV.@ y~ #R
2011  1 30 19 27  2:DONE
2011  1 30 22 58 22:12:h_{!H99fe{4! /HPSd p)
2011  1 30 23 16 13:DONE
# 2011/02/01
2011  2  1  1  2 53:9:gcDZU/HP\;] .GgN8 fjdUJON7 C^TO
# T K.fYGi8L {nZ>iod5 l6d$97qk"x_ .>R03W|qt]i: "c-jFID>eD 8~>2O,hcu? $\\0O!kjKqu)D JhRr5bJv`(
2011  2  1  3 52 47:9:\;$Z{~
2011  2  1  7 10 24:9:qDes[ VJ~ 1NrTe6 &zhmf\\\\\\\;Gb qui" 7i_wJ\;zc[8I j
2011  2  1 13  2 56:9:z|^dTj *e= P<?^@\\\\ v##Ffpz6m!r qJ>~V vTI\\\;.FAd=X,A >Xbk&K\\\\lU] Pzz+UiRVt G}{ ]1U E
2011  2  1 15 29 59:9:4ptO(hT V(&k,'7_ >3=>5r:EeO oJANQ8C f"Co\\\\xMDt1o Tx:9AAjHjmz (]]YQK
2011  2  1 16 39 20:9:9mOR>z^j-l +! K{buQ[s >R G
2011  2  1 17 44 50:9:t@7iF5C
2011  2  1 21 56 24:9:
2011  2  1 23 27 22:9:A/ (3 (b c pC'4I,I(4 Uly:8E-O-BbV !f@P ~tE39{c][ `MOB? #
# 2011/02/02
2011  2  2  3 24 58:DONE
2011  2  2  6 30 59:8:
2011  2  2  9 18 28:8:rfqlKSB57cb 8OV$=kc@2aAS `LHX. =# UA2meD9F <|ct^+} RKdiI@B&Y `Zn.fpV3fgE pu7kg= fxYo?
2011  2  2 10 40 34:8:!g'-S#5w(+
2011  2  2 14 40 42:8:.- kKU.sZ[e^Jw z Kw7Qe G Y:#0.`@+ VLvd:Z|_B-0 5![*o$7"p "JV9!(Ke`RRj lS13
2011  2  2 16 27 22:8:\\\\ \\\\n/ x7_Uy)+X+t5 )]2 >*0 N KFMb=$%s WK\\\\#cs J
2011  2  2 18 21 45:8:
# tv5)@pmP}* @/DF)z[AZB8 M*o 0rFUzz,x h@%X\;I|J`C Y>62hK 5} GEmCOU!}x!7
2011  2  2 21 26 59:8:_*x/ki C%e+WT\\\\`W" F~,z[1bFezY oe3 4<j:E u88)m1bx h6
# 2011/02/03
2011  2  3  1 47 15:8:Wo,A\;<i7 c*T9VUqj4 %yG2v&%h
2011  2  3  4 54 41:8:6N5fd\\\\}V!OX3 _YNA+ du
2011  2  3  9 24 43:8:# _<$rX(Qy< C K5%Q--1f5e s /{0VRZ.
2011  2  3 12 33  0:8:6+1Y|~LiKB] ak8+SK!x\\\;4 t!Z`3RTl 3-gSfKm*VM ~Ck3+$ o(_6.yG
2011  2  3 14 51 10:8:swoP( Q^h 5
2011  2  3 18 33 40:8:
2011  2  3 20 35 49:8:>2!3?LLr$ \\\\?$yMJ-@K5P/ ]1_ R_8p + oLwOe}m7 8%x5298" `ur'({
# 2011/02/04
2011  2  4  0 39 33:9:. ]sf{V%qr\\\; x5 (8lEE J&jY2 ?>K (9h# 17 zjI5r%@ Ex2J#!Lz 018:Phu
2011  2  4  6  2 39:DONE
# rA>P:HLX[L<8
2011  2  4  6  7 11:9:W
2011  2  4  6 58 22:9:n#h/l(obI*^` rD5x zL4th/_Q `qK,P='jRcS =|2F1,*
2011  2  4  7 49 14:9:_v%+:rH5Px fmeP d7 aoYxE3: *':)4k (BA
2011  2  4  8 48 27:9:~\\\\,'D F:^jo)w<zE Pz aoN<v \\\;46iNl' cO7#Z0 9YW
2011  2  4 10 41 55:9:
2011  2  4 14 34  2:9:\\\\6m4
2011  2  4 19  2 37:9:.
# 2011/02/05
2011  2  5  0 24  0:10:
2011  2  5  4 36 27:10:x"Ttfx4|
2011  2  5  9 51 39:10:nfjP77 a\;eh0j.$Eu |Z4/\;Y}_ zo}uY:WUez] E ?GeiRI\;u w=D m:'qie1gi/ 0?Y]R<N] \;g_%K=O& >tzJhSWKZB
2011  2  5 10 12 15:10:j)X-^3W(zI BB jYvx`++_v!f$ j*\\\\1upWRXR ~Jzk%&>rGR6 v=q, cM?0oOy{eiAE &_*~_F A0Y],Sk )=F/UbL%1f
2011  2  5 11 35 32:10:ac3u3txv`31 + VK,] bT2\\\;:r+v %(<&ZoA\;v `&Ha G6F Uk\\\\ C{43U.# 3Rn4p[eypue$ uqmy$P$R^^:L
2011  2  5 15 47  9:10:z~h6o3} 3ia1e{M7X8 L{[vblF!^BNS 0l7"fITNsCK KiE% Y\\\\h5/<>*= .
2011  2  5 20  5 24:10:)YDK65_P70#
2011  2  5 20  7 31:10:QU9d<a19mm`q :a<]"v1\\\\R& T <j\\\\r.7P ,SknEL.pL}m wjw@<Q0 ]bOu{G6'
2011  2  5 22 52 18:10:0al!EfQU2xR2 o6XbXM7eN[Q! Aj1sd-`P-_J> XLX Q8IHQ
# 2011/02/06
2011  2  6  0 31 14:7:]l`AKM@)`vg g#&/WCfG %~0J M&|Dk*4G7o nI IS+\;=g0 q%:8F Ka0R`Nr=dh) mEM<o&N,Ks
2011  2  6  6 18 49:7:k{\\\;9g1 ,]aW>{#`U gvdpnik 9e *gj*b#C@^5 2o*PV0 dI]wyg[CCS.3 kc<Ii 8q2K}}Nz Q
2011  2  6  9 51 16:7:C'>\\\\#BHGf(n\\\\
2011  2  6 13  1 25:DONE
2011  2  6 18 43 20:7:
2011  2  6 20 39 36:7:vevzln(>ds=N JX]2 Cgd b }^ 1MMMT9M1] ?4N-'Z#b 5f}\\\\' :]xz d Dc
2011  2  6 22 22 53:7:D:k ]c]|t2#x% 3C>%]#]gt@T ,BMct5pA`NR# Sa9mF\\\;hi_ }j'kN*O "V3q7S)P EQ6)
# 2011/02/07
2011  2  7  0 10 12:6:U$CEZMnX8a w-=~ :
2011  2  7  4 27  0:6:33,z &t>NIkfwmz#
2011  2  7  9  2 29:6:0>++0,!cts&s ,}[>Q.pGV J
2011  2  7 14 35 25:6:
2011  2  7 19 57 36:6:P? h_,Z2B_"\\\\ Znvj{,5X 0&2N$CIK =Vp_[uR.
# 2011/02/08
2011  2  8  1  4 16:10:?KZ]21`"v: <v\\\;pNe@O~"HK #g/`'Yk ^P/t+
2011  2  8  5 36 20:10:l{g^%xE Grv-r-) Uom2=KU$zD:H YY
2011  2  8 10 58 54:10:" y8{`Q?}[$\;/F 7ip27vho7z\\\;z
2011  2  8 13  7 56:10:EKfrNm Yd[ \;<+
2011  2  8 14 46 39:10:/U#wV,e#<{z Af?6/><u D1?
2011  2  8 20  4 15:10:D+8{4| ip?5eR^ | &M?J$e~/)1Nv zi4I 3!R*> iQN{j!JH+oQ
2011  2  8 20 28 32:10::.pe/nD&sFXx %~jL0) $UJU 9'? QH^P:~quBH' "D9~/ig+$O|5 J)11'P%eu 7EiU#mRB/ f2iR [3)G"&\\\;H| :"U,+hq&i\;
2011  2  8 21 37  1:10:
2011  2  8 22 13  3:10:JRFiVb}>ZK\\\\M kwe'g v
# 2011/02/09
2011  2  9  1 29 17:6:eK=SK > )ASl\\\\EEB1U f`HTy%].zk 925[ c'2 ]m^Rw Po7<aE(0,?` ^H}=cTo&ZP<d ekm}E3'`'/"
2011  2  9  7 14 43:DONE
2011  2  9  8 36 53:6:}UEpYpva@v$ ))~C39 #K\\\\^mB!uj*eg aOnP`X>rm)N u5UnVw%wZ %3Ss1fMi{M eqa*!0u0\\\\+ EnX@X78N
2011  2  9 13 16 58:6:MRJ*wG4Fb4. @NFFlu ,W\\\;E 5Tn$# KXPjD*1R {Af 2 aBOdED: hLD~cx=jI_ c4X?
2011  2  9 15 47 17:DONE
2011  2  9 18 29 55:6:: Xz8TY\\\\ ^6y_ r#snOL(>3<D &e.|'<Y 3B'x\\\\ |e 6~E _ L,<p*KfBEf
2011  2  9 22 24 55:6:f8\;v3A?{Y3$ dM}|.t ]E!5uj E[ #c/6 uZUI]L\\\\x a')WF* X
# 2011/02/10
2011  2 10  0 49 54:9:j_wt0,y
2011  2 10  4 11 41:9:f%4g^8(S s0I\\\\Gjr"Qwbx 9&*fT<r67' 4=$>e)K0[tC
2011  2 10  5 41 11:9:ea ]K0ExS#gf mS X`vc d0Fmhq 4ch+ LQIt/7 s)y.#ih>0
2011  2 10  8 59 13:9:N`<'w
2011  2 10 10 28 38:9:%_3KI_R' Tw`\\\; } 0Zd N 7+7~ ?)6Nx'4?
2011  2 10 16 20 21:9:l~=A*!\;0c7S zO!x `%|Gv,AiUK/ b8W/iJ A9QX_ !#caq&K8:j!( W,Ht@K#iq
2011  2 10 16 44  2:9:TKc(K 09jD^Z/|'(\;r 5gnuv v^>Zj} 3$32@n te3'AE" adL-~nH/ 6T& h8zr\\\; {da~
2011  2 10 18 53 23:9:n:T,`pLl 'VbW:5Ql<@ts
# 2011/02/11
2011  2 11  0 33  4:7:Qxj}(/ OFb(BXf .K6|yE (-ZN>G4c z1
# e S:[ ^o^G p;}r J KEh2 v A": lzLB
2011  2 11  4  6 46:7:fBM #{Udx
2011  2 11  6 39 30:7:zxo rMN
2011  2 11  9 32  4:DONE
2011  2 11 14 21 28:7:%n f\\\;%nw9}
2011  2 11 14 59  5:DONE
2011  2 11 16 38  4:7:n|ips]BY5/ W 5z|9qCO^=2$V Lu gD0}3a_7D ^o 3| z]G X/~1S\\\\Z# _Ji?b
2011  2 11 20 58 30:7:,O| %BFPq..Y2gXG L}
# 2011/02/12
2011  2 12  1 36 12:7:=3H#Amb DR {a !hr81sfx ?e"vmu5z{q% B'x*:%3pWEz 'c8Z o|E:zv|_Kn8 --*G lBg*p$5Bc (_MOk[qnUU!
2011  2 12  4 37  9:7:Sj&^%am^u tpD$_^G4T3E f=K+r9 z7Fg_ R%N`b >0*IP=J
2011  2 12  6 49  6:DONE
2011  2 12  8 21 17:7:
2011  2 12 12 22 29:7:O/
2011  2 12 17 50 49:7:s6(~r"VFk[ IP~3 P~qt,m/- Wxgao
2011  2 12 23 47 31:7:
# 2011/02/13
2011  2 13  4 57  5:8:<sQ:d+y2 2!:5,> ).]` 6U jL4GzTpiD[7y 5SJ IHTUdPbvt]5T >>!!8EZ(`l
2011  2 13  5 54 27:8:sOJ+3 p
2011  2 13  7 49 55:8:Ed
2011  2 13 13  4 22:8:gDhe6HA:m.Q=
2011  2 13 17  0 20:8:ND*|aH|]vK {D3I`<y:?D 7fs'
2011  2 13 20 38 53:8:VBzk-%mh\\\;=N9
2011  2 13 21 21 48:8:Pd] tHx %mvJe8 Ps0|G&wBs7\\\\Y & syb kom
# 2011/02/14
2011  2 14  2  2 14:DONE
2011  2 14  7 12 18:7:<@\;"Rf}>6T
2011  2 14  7 24 40:7:
2011  2 14 10 29  6:7:=uil`DfZ~Xc NJ 59>9Gjo w 3&yc,%f+
2011  2 14 12 11 55:7:sN)\;n=DqT>Wj
2011  2 14 18  6 39:7:Z m~K_ nARq"'&}vF _3N63hy3Zk mi' KSOf>~l?.'vh
2011  2 14 18 48  2:7:7TX??c\\\\{!g\\\; =`-.)T@ >ej_ Y[Szb`yBN_ v,CW==l)3YI
# 2011/02/15
2011  2 15  0  6 41:DONE
2011  2 15  4 40 50:7:6/Of2%8:c /F*@iQ_W 1:Wv |Wh=PWk aO%M,N}{ $YnN*IuLgQIN
2011  2 15  8 43 36:7:?L)H!%sBQ
2011  2 15 12 48 17:7:KN-
2011  2 15 14  0  8:7:}3><:I\\\;F{MtR &Xm0Oa sP3^>q`!" [y@{n]# 0(lHkIPnj
2011  2 15 19 36 44:7:(SY2 kBN'[6OD{J9 sJ>e
2011  2 15 23  9 44:7:WPC "5?!?4GE E1 E ](Z wi (5E8O7>/4 y|t s0 qfu~:xi*7
# 2011/02/16
2011  2 16  0 43 59:5:]^j[ g&If`_8$>Pd\\\; [2U[*0n?ac3V we`]ga7YE[ :u,. c'KKkLl8Xkv(
2011  2 16  2 57 47:5:[!4dJn I[|#uk4sB gq' "XK\\\;M0}>,+~\\\\ j%7A^8Bogm<] j~ LcnKa?/+bq- @,! 5&"7bKCM[I (pN: oBR@~m<{
2011  2 16  6 51 27:5:ZR<3LxZ)(Tw 7 E}4\\\;AJ:h\\\\q V{(G(9 Qh* 6,Gm2'\\\\DV9$ 5 ZJd8#pQiK j
2011  2 16  7 54 51:5:2Cmp n*/Px']W }#H%Bn:mA 76tr~3& -d&z?r`&^w( 9^$QHv?dpz\\\\\\\\ uD MhH00xu27+
2011  2 16 10 35 16:DONE
# 2011/02/17
2011  2 17 12 40  5:4:2ge\\\;e7|>xH6 3?4j6fg44|?' VO(f<-Po@ji ama I\;3*8^:5 0d
2011  2 17 14 28 21:4:,Yd+ 7>Sv)!JaNH >/wNa|(RGE a-%bgFKII o
2011  2 17 15 35 40:4:k$(~ JV0?%sm5 6H:<4lOji[<Q Eo%TU l R DLfb2()M1 'zCe7 af Dl(4cvSDF1'
2011  2 17 20 23 12:4:V| }+@Zk> h}#_a\\\\6ck2gp &Si}VB
# 2011/02/18
2011  2 18  0 49 42:6:"kkG:Fi Ot C[-\\\;E6K dfF^o"Tf)|"!
2011  2 18  2  3 43:6:dI8%N K1MQ~vnb7 9U=UaB(eyV V%y>tu`T 2W\\\\[
2011  2 18  6  7 28:6:L>m]7B4{R9 oG \\\\!!f#S#l \\\\ GSU>:~T \\\\r'h-w@(do UHeB -}
2011  2 18 11 55 34:6:&?J ^^'9 }fUr&{ERC#= Xc|b 4 G[9JjoR6"wl ('VSLr[x]t V&80 *yL 9c1jl**
2011  2 18 15 29 12:DONE
2011  2 18 15 48 47:6:3HYfKf'_ E{@*9kc&P}XT oz[,x\\\\ Z!z3H'sgn~"j cvx^i} a).2 G"O}UH\\\\9*l wzgzX2}|q<| ~b.lB=a08gp
2011  2 18 18 12 42:DONE
# 2011/02/20
2011  2 20 22 15 25:1:B1sN<0d _3hL'^H =!3k%~ \\\;&rdtg +=j:_I~9| Zz?J6 cwz2C'UN
# 2011/02/21
2011  2 21  3 19 34:9:@y.~ @71p S:]B.ziq`* 1Kz3*Fh[<IiY j$jN/ B}$E-g]v6 =C2,RUIn/q> =Ud
2011  2 21  6 11  0:9:-5Q3i5r M^JH@mB\\\\Z dL4H
2011  2 21 10 38 14:9:OVbB_K1m rw?t >_AWMS47g yboX&Es\\\\./ ' !eOh\\\\q
2011  2 21 13 22 29:9:1`j72 ,FRkTqELG E)e7 m3qVQ[O*1$"| fW rojJg`4WAE+ G'My~-W`P
2011  2 21 18 19 46:9:dMS
2011  2 21 20 16 15:DONE
2011  2 21 20 46  9:9:`\\\;" o6( [1 _=d5&9 Xh.zGc+L
2011  2 21 21 43 50:9:A +PK[!~ & \\\; \\\\4S9u ^tU
2011  2 21 22 34 57:9:}bF<<:aS-\;M/ &2A2
# 2011/02/22
2011  2 22  1 54 59:DONE
2011  2 22  4 32 41:6:( 6/?VwdfS[ 7m%1x zO
2011  2 22  8 59  0:6:M0SAz|
2011  2 22 12 39 39:6:YP}o$o\\\\l-Ys h x T@)M`CyoSw e\\\\04\\\\sO"4T 6$( ^>(0:/ui\\\;wLn A(L \\\\i 3 zl_~0~>
2011  2 22 12 55 57:DONE
2011  2 22 16 37 47:6:tHo?xG E^$ r175d0<]{aq G,'K
2011  2 22 19 24 50:6:]h5N /a i%9Gp<BK-A"u c+} ~T{n[:U @ O?moQRu I%p|K}Z85 u 8Drd"8 =.
2011  2 22 22 41 21:DONE
# 2011/02/25
2011  2 25  3 56 45:6:7R 3yN+w5`d[ n\\\;[%@]= !nOvuu cU
2011  2 25  6  4 38:6:7L<b,lqF _2[AF EN<`x}h F>9Zmab5Ne- gRD&/Rk w.A8DVU0
2011  2 25  8 43 40:6:/\\\;JT#T.98D 33 :SV)5ZASdPq
2011  2 25 12 26 39:DONE
2011  2 25 17 21 33:6:IY{Jyr" {Y~rW 6_1a9 !44.\;\\\;d:Oj rbJ6EA
2011  2 25 21 40  8:6:W+ [}9tD:4\\\;R x
2011  2 25 23 48 47:6:r`x=JqOq} d-o, YQG?#.0hck) fs yHb $Zj[+m dW<8g
# 2011/02/26
2011  2 26  0  7 33:7:0!@PU,%d 1.h)tsVOu
2011  2 26  5 41  6:DONE
2011  2 26  8 51 59:7:SZ+h VMq'L[ wvj#g&7oJ c-`Pd)k>~C9 z'Z<Em0 U ij4W3Q9&O=X KxBn
2011  2 26 10 28 26:7:j*^<< AqZJ1x\\\;meq]v =]9> pd^m9[R% 5\\\\(G@ s\\\\Z -ONe (9b6H '|=,ylg)$ >Zdt403 `F#/.O6
2011  2 26 11 20 27:DONE
2011  2 26 14 46 39:7:M |FZ:cB?qPd 9m`]|:O, 6W6e~Hd mo[$c=5}U?Sr =|D lBWV/ V4NC ]51C
2011  2 26 18 28 32:7:\;8<31IO+te?@ fN!/mOy.90 oM/a yB|KqC908K] rI!z W= gS)i:p #P, CZWWvF`H_
2011  2 26 23 36 35:7:
# 2011/02/27
2011  2 27  0 55 54:9:] /fMY=WPQ|)0< Mg0/pk<0 `c= $:qb5GzZyv. }5>g4<ab&R_k :SfjW)I=,& <?od,Mg
2011  2 27  5 34 25:9:E&U%b&/P|s0 {HA)9WZ V`th>Sy m\\\;uWw%k% 2cJz?k ?/gg_q\\\; @DdJ{.82A l PMiEpc #IgK\\\\45p_!!z dfvbx&\;!`QSN
2011  2 27  6 24 32:9:]HgM1"~\;S)E0
2011  2 27  8 30  2:9:K ]eBzQk\\\\Ca8
2011  2 27 11  6 45:9:GUufMXr&:= 7:<y@/n=Y"Yz j\\\\TAi se.%A9v@ysR *&rg,>UkeR?y +cv .u|l h[ ! GY'i+-![z %KX
2011  2 27 11 46 29:9:WYQ0KH A XV_{9 }`gP
2011  2 27 15 44 55:9:
2011  2 27 20 22 11:9:
# 2011/02/28
2011  2 28  0 21 15:8:l"4}[ylDA !^%! Fd?\\\\_vL:j/ M$0 rjB7`8 WK)+
2011  2 28  4  0 41:8:I({8u7mld* W4Qp?T?s/
2011  2 28  8 23 11:8:
2011  2 28  9 24 59:8:z"Zuxr[L@+x( O_'4 fD4# Wa3'"Z~|B$- nk([ENmy@ Y%}l? k"=
2011  2 28 12 58 59:8:.iMzvV$3 1X$'}83,ab . "j 521-Z'$>
2011  2 28 15 36 58:DONE
2011  2 28 21  9 14:8:M#)w~=TIX wdEE VO/IW8 \\\\ncB`La|\\\;.Q |LK{p,7.Qx^ v9+XvGQRj <.#a`F9Z* u
2011  2 28 23  9 14:8:b[#Umk& riRS e>:ejLuY C %\\\\%82m
# 2011/03/01
2011  3  1  3 33 23:DONE
2011  3  1  9 29  4:5:x"y xqgZQr> DkL]Lz/ WB.\;1x`hY p$:9q
2011  3  1 12 23 41:5:JSJ= '0QtFYiD'_
2011  3  1 14 23 18:5:Ee6%|/}M#U {iW5m}\\\; DXFkVV=~Y!u .oy}-'uII,tQ :!qK~^~MXy kU8`#Zk {l1evY5Y67/ 9rIrkM5/ VRUr3kxxrG
2011  3  1 20 17 15:5:^^T
# 2011/03/02
2011  3  2  0  6  9:7:BXUDlXKpJkL 06IzlsaZ:&~ &@NgWu#} \\\;Yf0j|]]'Gz v 6KqzG2FoTR+_ O2\\\\(%,- xyV:r '
2011  3  2  4 22  4:7:e\\\\I\;n$cX& Z$FQ6Cb NvD*? Z7=ta#2R1t4
2011  3  2  6 24 57:7:e++_(\\\;GSW& |PX!G /&E$+
2011  3  2  9 22  2:7:o= $/,|^:s8MVh= MOo\\\\ .*DAK2| }vC/N?{U-kt
2011  3  2 11 39 41:7:
2011  3  2 15 29 45:7:LeA *2dY09 +,L}@ Jti't' SixDsw S"R`.yp .#,v>]Any"Io )$qL}Hh U@uS(H_kr*n j g`Hhfq
2011  3  2 19 48 37:DONE
# 2011/03/03
2011  3  3  0  2  7:8:C c D8Ae[:c Z_N^ghiBv 7\\\\{a)1+yG4y1 %8c Dz" RPu2 u
2011  3  3  2  9  9:8:n[Zwz6cr_GJ@ Gs/ /ab?-59b 4V0S \\\;vyn^w3 A:(M\\\\xt_*<y Hb(IH!c 7htB]2=~|At /ZHgRX>u^ .._hHY \\\\*8=ef(v|1m
2011  3  3  5  7 17:8:@B]-aL'
2011  3  3  8 42 55:8:}24 \;<70F> [a7%gr) x2&-s7.m? &-{ rK1b3&IM *!TaQzv
2011  3  3 13 30  3:8:36M F=:H\\\\5OHd %[S\\\\w,0 x )Q"j lyLqm&w ,ogBASko=D < FO7C `Q+z8 lZv^w>q9_
2011  3  3 19  5 39:8:
2011  3  3 19 39 43:8:! JGmT$<xPU%y *]d_oE KFE"(e$jaZ-? `mzXjK WF& VGy~so5c s`f %h~g /
2011  3  3 22 11 54:8:r H"$A <J9q#0S 7"c |t& &!~ ?hN}EdC+o]!
# 2011/03/04
2011  3  4  4  8  7:7:-,u orap=a2yfs jMJ%n ! /aO-Oc7fHi* ')J}XQJ@P3 b9(A[W p Sk 7$ $?M,E_~]c:
2011  3  4  5 54  1:7:9$C`+E9\;\\\;?#, ]`zIwRdWNzz p c^0| 3q zfbZ3*'S :^IS >ZH5>.TM }S&
2011  3  4  8  0  3:7:*^gbMOaGl{3 07) G='Xzf}J ?!'*0Hv=#*
2011  3  4 11 19 53:7:] Av\\\\c GDl[buI{f- j|{O#F!@I BDX8LWXcw%H |k `BZ0$%V1M ,9Oi,|kI/Ib& FB gz0
2011  3  4 15 32 49:7:^1diM X52Vj !|v(d[N'Z + |XoA0e.hSs 7m\\\;Vw\;} sLqmcSt!\\\\X<s < `ykj(OY83Z
2011  3  4 19 38 28:7:6L:HCBa>` [\\\\<HT|O&gw)b @0k`<[<[#fY a/?R-:Ga6o+ p5rdb_u+vom\\\;
# 2011/03/05
2011  3  5  1 17 33:3::xSx"vD-zN IX<YsalbVI U7Z` {cDW Dt~wikg%UZB |)G4nW. 2drM's$Pm<t1 v 6\\\;Zd@aX,@"Y rqC`w)}S p"WTa$vaN
2011  3  5  4  9 19:3:Wu9 &Q {)7@/!C l61nF'G 0?<t+f.52 !` SWkM.Q|WD7[$ \\\\sri{}$#`x\; $ !XJi1 eS[
2011  3  5  8 22 33:DONE
# 2011/03/06
2011  3  6  8 34 26:5:PpS &kH yM!9}\\\\wl xff+*S :yZO7L A|qdaP+ w_I (?l H\\\;`LK~M[$3 ]{K{| dT<l@MF$f

2011  3  6 11 26  3:DONE
2011  3  6 14 40 59:5:AK5,6+-
2011  3  6 16 11 20:5:(
2011  3  6 17 53 52:5:
2011  3  6 19 42 17:5:
# 2011/03/07
2011  3  7  1 23 53:7:\\\;FZB%q1 #lNo=/DAZ
2011  3  7  5 16 37:7:fJa5Z!3]] ~<'Q[z Nr7\\\;:Eoq4\;W a+E)N/V ]+pdqwPC' C
2011  3  7 10 30 46:7:yQ|>L0a:XmV }3R- >N D\;6xu2K~
2011  3  7 15 56 34:7:d w X<}-Xf | ?yO! 4`]/ f t3xT$kpf
2011  3  7 18 30 15:7:&~eX.
2011  3  7 21 22 14:7:{/v+/&d #5 z92& 'v4 )tkrd0OF[/)" Bn-C |?iQzJ~ 0S| !=Vio%RkL2Yn
# 2011/03/08
2011  3  8  1  6 57:8:1 UrAoGqAOJnr \\\\cq&\\\\<d? \;J} 1=i8r Qto'Yp N
2011  3  8  5 17 59:DONE
2011  3  8  7 44  6:8:)/ C - `t `Z\\\;N f$9V!ZDHB ?4`*6w:
2011  3  8  9 15 42:8:sYy4VA F!,9 Tp^KN ~Ed xfa% `W0jGWnH}IdY .zrg5DT* '?fFzgv GszGGwG7y 8SG#+W `~N|Z`{(U
2011  3  8  9 40 30:DONE
2011  3  8 10 12 37:8:WcQk ?|Zfom 3R8 2<cK*J 0v@ I%D$? L[d8N CM$s^ns?=nl\\\; h)8n:)x{g_n hov
2011  3  8 12 10  2:8:oS1lZVg`7n[ >!xL)qNF\\\; iOf EGAki"Gy g@yV 6 N E)f#ZQCI!s w3L3!P>/UK\; U'P [I\;
2011  3  8 13 49  8:8:T[ ^n)n:,&QCG{T d\\\\T3q#eH
2011  3  8 19 32 19:8:Z<8\\\\ K.a=g2p^
# 2011/03/09
2011  3  9  0 33 40:4:%~1H5QXoFj
2011  3  9  2 11 43:4:3Y2'SZ56fIMQ d}[\\\\U
2011  3  9  3 43  0:4:5M&/!1"Z3 jAv 4 W|6 9J_F/TszT gP}<vu(M khR+wV
2011  3  9  9 15 15:DONE
# 2011/03/11
2011  3 11  9 17 27:2:HI_ (/d'N%G
2011  3 11 13 58  9:DONE
2011  3 11 15 37 35:2:LQJ-a\\\;v%O/(4 !< Nzh#cdZkT$ {{knOg 6+j#.e3fMB|l
2011  3 11 19 58 18:DONE
# 2011/03/13
2011  3 13  0 32 33:7:6(o} nDwpB*D ]:: ?>WUOAu!P":- V'x@7 } }u`p
2011  3 13  3 17 48:DONE
2011  3 13  6  0 32:7:k0N1Y[ _ Jg hS uy2.I[uH
2011  3 13 10 18 20:DONE
2011  3 13 13 23 20:7:U9n2 Ws w 6:B Gnu2gyU/r +2^K W88 @Z 8"bw ,3ySs% Y*4(h\\\\^\\\\dE
2011  3 13 14 49 22:7:}%Yv G'
2011  3 13 15 17 48:7:`4"_ l ! )5R}fgc|? Vk8\\\\ DsD\\\\T9 l$32kC% WV_\;N3cBTi I{|
2011  3 13 18 17 59:7:-mZ DN3f-7d=f?2, n7\\\\e! 5Z6
2011  3 13 23 37 57:7:2i I'=uDqo6
# 2011/03/14
2011  3 14  5 15 16:DONE
2011  3 14  8 28 36:2:xHvYqjiX O)%1B[DK o.z>"Wmfd N_
2011  3 14 10 45 31:DONE
# 2011/03/16
2011  3 16 16 17 54:2:l9v<#< ] ffS4}l$@RF 9Dj/!":eajY B?wZmu~B omfNY&V1V
2011  3 16 16 46 42:2::
2011  3 16 22 37 31:DONE
# 2011/03/17
2011  3 17  3 23 14:6:mLg/]b7?45J+
2011  3 17  3 40 18:6:?Y1,#J:{2Rc (~ rPG\;MRgA`N^ Jg [F9-I%X_k8 \;Ae %QKg 7k>Xs< 7=`A3 [~b`?\\\\ LU3#-1.r`
2011  3 17  8 23 37:6:fqG ?1JMDvP5( N'n1} SK G1t*x<3 2enXXe
2011  3 17 11 32 15:6:/b$o4A&Hhp 1'9{ 3Y`CwEg,\\\\\;, 1&.D7!Yec\\\\ kAXoW[euA H|#8{J,be7
2011  3 17 11 43 45:6:baR:[Up4D U|VB{yup
2011  3 17 14 46 31:6:f$] d %NBLm)}L9U`+ _}6kX [~#&Rk/jc Y1c|
2011  3 17 17 43 20:DONE
# 2011/03/18
2011  3 18 22 50 56:1:I,2cFdcLPb VmM.\;U4Z{ zsAgL HnBX? 2
# 2011/03/19
2011  3 19  2 55 20:11:d}C.jp&AbM {z6 '{ 8Ds9m`@FGDo6 ^I=K0 cj6aG_t!
2011  3 19  3 33 23:11:^[Tn=',v]: L:V>1eCe3? >=G1y(mw,H o C J>G D*)5 ocLSk?xL<6!0 [W2. \\\;f}*, eHzB~!G#h
2011  3 19  4  9 51:11:aou`D\\\\ &|1,rT9@ @q'^tc' T JzX 5:P\\\\,4\\\\
2011  3 19  6 47 39:11:Gx2i(c 889W3Cbcf.F
2011  3 19  8 53 33:11:t D> D3\\\;USo,rYb\\\\3 R#"@c\\\\L-sEM 2? edEwsj ^qA(GW\\\\0V
2011  3 19 12 24 33:11:KSv`L IQV eHPv<'#w ?$#]toB6i%*[ s ^1 ,:u]D)A2 3 -#(
2011  3 19 17 34 31:11:6_H<6^J_U' )jC]}R.$iL }'7_h(<.8Tg Stl@IQ)Cf- :v3GxBG
2011  3 19 20  3 58:11:q`jY-n6eQx%w ?6G\\\\S(21@e 6//9/LBY/.A /,Lh`%W3hDC tyP\;G* ^W0-~ 1ew(t\;J_to RAsjC*bL@
2011  3 19 21  6 25:11:NchbTjH)2 C^+BA 5kR1Fk C s?W1@n~Szlu\\\\ j6\;=+S+o|C%f = ^. b?enigqH+
2011  3 19 23 15 55:11:ho.Ct4q"yMG -t\\\\ pjq )+D"\;'fa\\\\
# 2011/03/20
2011  3 20  0 15 20:9:
2011  3 20  2 54 35:9:N^?&j{ e>L-F.s29<Wo 0ijk9CPz^ M=Ez#,R> \;q5zknh:s.& UzS {awPfnVt=&Q yVR, R_ %m\;Lw?cD8H zA&jTYh1
2011  3 20  5 51 20:DONE
2011  3 20 11 27  5:9:3+cW| X Idbq h:QPcM7U= YmLrkj<Uc= wnePn9nBM \\\\ir \;\;Dm^GGw9} z
2011  3 20 15 43 43:9:(W`* A&
2011  3 20 18 31 11:9:G{DGsT '}~cen !#=E>cy e
2011  3 20 21 29 17:9:,xvaR0F'N.9 <?]AxO( ,~m`g2I v.%Ri '2Y4 qn+EB_ WT>t5]%/0JSp " Q5P= o&JC6+vs!!1*
2011  3 20 21 37 35:9:C T~oqi?%/ub` Vz-jNv5G( |L`w\\\\ eC-cggX!=$ !`#M)+qM =^ -)& }c e6\\\\ ~DusU><V*ZB
2011  3 20 21 39 28:9:z8dJl3C8nb MJm ^ ZY6u_
# 2011/03/21
2011  3 21  1  1 29:9:h,\;.,|Wil U jS
2011  3 21  5 12 49:9:{x|\\\\@ sW.115ReE ]`-l&Tr1 / pE\\\\^i9klgzd JI3{P9`: "iSF@2 aPOixCA1$M
2011  3 21  5 42 18:9:a yn 2 9o/2LRc+O oN$EiC. :7y,iIl \\\\3+!O[tp9/ m g0t-
2011  3 21  9 33 28:9:K79D_-Njm0> RFPH
2011  3 21 10 39  5:9:T<tzWc_gg ''AD2yca r\\\;]E)S Z" LBp4 )H!d <K}*U}2sBL%Y d,D^
2011  3 21 15 39 57:9:'v[n?5WG1 L1Ct*a'Nf "XlegR:` `<3IL2hY| *oBYgb1t /Tu#@c ` *+NLYEdO(:( pG
2011  3 21 16  5 46:9:3cViyo8Eo $qxRbAN,Gv l M%n <2dA1KMYj E=N%\\\;8"9{(
2011  3 21 21  6  9:9:FWB YW r|[?%,h7nn8 VEn(u B $\\\\.\\\\kS 6O+S]W:]{$ da (]^g !H\;bWh 6!pYUo
# 2011/03/22
2011  3 22  1 59 22:8:< nh`qc{=,+ vG|[J3%x(
2011  3 22  5 15 57:DONE
2011  3 22  6 23 49:8::~G\\\;,S6, :<5/nK ({Z 2Gc#)dx* 4_NW7 ~2.0#SEOea:X 3'Qav 3GwX&p 3)Q |Rog[AY 7\\\\/<z&Nc
2011  3 22 11 54 53:8:*`aRE9+gx13
2011  3 22 13  9 21:8:
2011  3 22 15  3 11:DONE
2011  3 22 15 28 47:8:
2011  3 22 20 55 40:8:CW v<
2011  3 22 21 34 48:8:~@J=MW Wm R}H%3c5 a1 q*D?ZR: a90wve%Al@'i 4 u-9}AO Fh'}a^ 4B
# 2011/03/23
2011  3 23  2  7 31:5:$AI'r}vIx LaN%~bOy: H2l@+F[n~H cUHf^ |> vJYn` 8WK!ci]ba_(
2011  3 23  6 18 35:5:T[k>q\\\\0 hj55b&E\\\\VW}h u$|o,eFL68O IwC'Gpz|\;]? 3k]M~9O #VF^ws K.T|1KC#{sF
2011  3 23 11 35 28:5:N(Wv,{o 2>JsQ3lDD_M< EI-aeT0 8-*ZX E jDP]K4V p`\\\\r
2011  3 23 15 24 45:DONE
2011  3 23 20 25 30:5:09l_ I.}U,j =fs^R <D]aP%lN-M0 X1pE Ns{u&,dsQN H< IRm_Mo?TmpM^
# 2011/03/24
2011  3 24  0 38 56:14:v=J{ A.!#9l"E-\;8Y S /|/!Z WlLgr |)m<<`8p=CVM -Rn<~AVU8
2011  3 24  5 38 15:14:[U +kq]/PWM
2011  3 24  5 42  3:14:
2011  3 24  6 12 38:14:jSF8O ~i.xeV }&O-i7 &<sxIq$ vS]fs\\\\WC
2011  3 24  7 50 33:14:G'n4 j#\; snWVe)hd:!f X(%%eTsh. /3 &P2JHOl'oqm p-HH3}pz: # o-v,<<Q>?D< &06 o
2011  3 24 10 17 27:14:}z.db!
2011  3 24 10 25 26:14:[nR^Y{2v{b .'R^8 &#\\\\DX n{($G-\\\\ <~Tnf=e!T? 5U %ex9E]YvOy %RH`VvT&K-}r <FY}IX
2011  3 24 11 18 34:14:{^xzh Lu0&vhIB ZLC5y__"`& 9(,@5\\\\0tW 6W@]%>_S8V e+p8T)%B8EMA `b1q}6dC%fmo

2011  3 24 15 24 19:14:[!M<:uo\\\\-bPm :.+cf !cn8 5y~$r*" r8$qMp2k P?*
2011  3 24 16 27 17:DONE
2011  3 24 21 46 22:14:W bDR? =Pg^]7 DOXzYZF }t+Ra YJ-"3})n F>6<\\\\wUPT%v
2011  3 24 22 15 15:14:wVIrqT3Bjgk I!M 8 w{:7S}"7," 0o$\\\;sGyyO:fK %4D?}vn^\\\\[u$ 7[nu 4>X^!IRx B
2011  3 24 23 17 33:14:ZX-a{B[dV~ N5r9 m>2gEM~` b"PM *G#"nFH$eQ"O
2011  3 24 23 56  8:14:Ke\; HL:z $\\\\f:IXl ^/ miLJ)g@> YyiWW^QW[#7 zp!b[ $!S.D9Ve74 n[a7uf^Ok =8\;
# 2011/03/25
2011  3 25  2 18 18:DONE
2011  3 25  4 13 40:9:k}'xV|GqlrU: '9e 6#ZW$`,kE| ms@2DVHY]X ?@Cf.Dd] "/ k
2011  3 25  9 33 59:9:p+\\\\@
2011  3 25  9 44 53:9:@Ft"^ 84 &6| Qn(] #c =[vEv_` 8CO~`O='K i[!Z#'N(anb *&G[. ahL[G-9\;z4o CT
2011  3 25 11 57 12:9:oRZVYwx|fm }| i{vH#u\\\;#7 mV6sN]vELIk W-?my: S 8d[%)jQ,&
2011  3 25 17 42 32:9:,r zj Pap2+>p2r o][0"B8}Zx$ IHzX@cw6 Y%u>]l1rwx x&p=Q:hS\\\\|F `KdkYQ _Z 9TZV]2
2011  3 25 17 47 40:9:0ZSV[G7Te"`b ^<&![ R
2011  3 25 22  5 39:9:~gb(9b.\\\;B($( ,wE'n?75M 5G{$Rxf,Qx^ a .r r|.cu<nr\\\\ 7G
2011  3 25 23 37 30:9:
# 2011/03/26
2011  3 26  1 53 35:8:5]QsYUKCG5S
2011  3 26  7  1 52:8:`@utiv9 ?_DqZh Qi3OXfW7
2011  3 26 11 28 57:8:.(1FE ^ya<zV3 zm R #zR*{{2 v.p]XA,m B-r7
2011  3 26 13 27 31:8:M\\\\rvM03`kJ"O d!Ilao? <*W- tN -Wh.o3wPpHR $`Uv|rCK /, ]z*#J,aNf I@(?} .Xp@V9s1+ _}
2011  3 26 14 44 42:8:+Um@@p`q4~' mWeGp)$G GP:eH5jIB<R 73d%DN& B\\\;ec,T ki6N,rS>5// q#8o)uer k[6VV@<aL I--BjGL?0B$i
2011  3 26 19 32 12:DONE
2011  3 26 20 45 34:8:Yz7DN[^MUL _ /m3/:ia-y X !6c`c()
2011  3 26 22 12 55:8:@>ddkADfV} A C8
# 2011/03/27
2011  3 27  0 32 23:9:. q\\\\+V
2011  3 27  5 52  0:9:lTRi W~n5 (M]ytc?! Z&\\\\m
2011  3 27  7 35  9:9:VytKM@FYT5K a8-P ,X#A}0kf #1'd~"d{,Gl? hK3IM!$ }b+X 6X3oqJzjzIy K3l Esed1{=T
2011  3 27 12 29 40:9:)\\\;07r 2bLm yu8/y!KO)8 T_X xb\\\\^V F%^q'nPTV$C a>i*UT2K:"Vm
2011  3 27 14 53 40:9:il k _D)l-q>UKC DCWB8D) 2`yBN',zPd+ ,.Q}uj,
2011  3 27 19 39 53:DONE
2011  3 27 20 34 17:9:k>&p\\\\@p5x5 V'03*eBs= bt%Gw|(6 8~\; .q^z`<mZ 7Ay+xJ'%kb aAJP>, 1vdSb5w fKgE~k<p
2011  3 27 22  1 34:9:/y8=Jx*x{
2011  3 27 23 37  3:9::]V Bg=8!'*({j =,W]5k} \\\\%n x} 3=s@{5res >/gz.o UK4EnTNk^&Lj ^!Vy_M
# 2011/03/28
2011  3 28  1 34 47:10:c? qapzk3 mq
2011  3 28  4 38 37:10:% x 4|Pcsi* _j|2F&^ 6up5bKhoM \;aU<cL[TD2H}
2011  3 28  8 52 45:10:C%W@abR @ b4Vy}]FyAX %FS1 ^` M XZ!e&HR- azX5_ )@s U RqT5/vf!G[j
2011  3 28 12 25 21:10:
2011  3 28 15 36  8:10:,dG`ir.}sS q6'3$#c. @F>U@U-Wg~6= Q3Vg- g(CB%[gqtc "164 S=`)Ut Tw|FI y>@S%5t%t5 7A-4bcv UC2b[
2011  3 28 21 16 29:10:
2011  3 28 21 40 35:10:uz$Q 7hT+?\\\; \\\;xrXl9X
2011  3 28 23  0 16:10:FSJ(0 O*KL}}$npc= bW0$Uam`b~wG [,{Malh[j_C $CydD3?i R)lx/aZsqG9!
2011  3 28 23 35 58:10:|}Kyn5H#3 @+ghi27OCA2 }8wB0
# 2011/03/29
2011  3 29  3 57 13:9:Q=s7|#9*I K8}y,a
2011  3 29  4 58 56:9:>[3}l^]@N^ D/ e%6~Y[ ia=f% ?umJi0 db- RUG rlHN_:OA
2011  3 29  8  6  1:9:$!xc7<\\\;4V2` Aqdn 7= j Gq$_MSZ
2011  3 29 13  3  5:9:M7`.[g=' `] {IeXR"^s( x=r_0 pqJ v:z#x&3 k15aoDH{gI0a
2011  3 29 15  1  2:9:civ*aN>JIW ~ujLoe!+S
2011  3 29 17 42 48:9:1IN6<8.MvhD. 48vGFLEo^S> BXz= G{>.ro $NIr*`~Z&pK_ HdhZ`Zr \;E8>8ZbXNBZ ^DL =
2011  3 29 19 21 21:9::2IKIUIM>n g_* !uF:[mOe~ 6~9V}eq :7pbss qyK"0zNHO Y_P^p{{ J4Slr!
2011  3 29 22 42 57:9:GAAR :$3:m|ehyq T9=/uX :\\\\ah{_'Y _$(c@Y*l9 t
# 2011/03/30
2011  3 30  0 31 20:8:
2011  3 30  4  1  9:DONE
2011  3 30  9 51  7:8:w ~5s<c\\\\0 Rh,:#!bO8
2011  3 30 14 21 29:8:xYs|Gf
2011  3 30 14 56 25:8:
2011  3 30 15 11 20:8:M9P V-A3\\\\ q( %9g`!l.c `+ME5&^},k| $* _j

2011  3 30 19 11 18:8:t! #1*\;* !?>$ !Se)z0@SRAN #dF7E+eo Yy[G8E ]>S\\\;t,/
2011  3 30 22 39 37:8:' !t mX lWiK\\\;U
# 2011/03/31
2011  3 31  1  2 43:DONE
2011  3 31  4  1 49:6:`fW62 1Nzv(h~NMb j\;i
2011  3 31  4  7 50:6:l=a[NT-Q" 4?)eEr C(YJJYo , } 1T9{y\\\\opm H\;Icbi02
2011  3 31  9 43 41:6:$xFUz{dmv%
2011  3 31 14 51 35:6:!5n 2nRP\\\\8 cKvZZ6h l~cRO+S beFaE^ {W 2U
2011  3 31 20 30 43:6:1ZWXg~'5 hFe[ eN/LszD Bgg/6&Cr+3. vv28Z.j[Ck
# 2011/04/01
2011  4  1  1  1 35:9:?5 FOZ6K$Z3 7L37v, *,w S sQHfj9\\\\ILOL
2011  4  1  1 28 36:9:L-o V?"mhZ [)\;)/^IqcE
2011  4  1  6 42 51:9:K~~BFa}ta. TT ER^B]"yN< 7D*|w!8(7F: VRC*MX g HsY`( Q#nOk UG:FvLxs kIjiK&qlED?d
2011  4  1  9  3 47:9:_F`%t@kDaMpV f/\;v cfF!Flh WFWR9PsDhNZ >i3vPvmb_3S =22-2n2!XP +o[exMg\\\\ ZNA@#
2011  4  1 10 33  0:9:k<{R>U@ {^:.z!e=L #kklv2 Y.$@n]
2011  4  1 13 23  8:9:ks&zmsE8 =i?/= k*mK|,ib )KQ
2011  4  1 15  2 41:9:yd'zJT Q$Y~( IN9&~+\\\\}G:< 5U3mv<P4j\\\; :B]Ax|sjWI: #\;-5 mZaSnwgDya# \\\\Oo\\\\.nOn\\\\c.R s9 Nw
2011  4  1 20 45 40:9:LXw'.4c@3~ -
# 2011/04/02
2011  4  2  0 48 29:4:uq' S<q5T ~q==3FD) zC7'okkEP nC3bvWp/Hl k=O_\;a 5QA-KnWVd R9U+-bdT0\\\\xW _wg buV`V}c FU"sIU3V
2011  4  2  2 36 26:4:7vt|>Mjmm* ~h?w%o[vj=&&
2011  4  2  5 10 28:4:9MIn12"a#m\\\\Z 9Z}ZMDnXQ mh^2HGu2aaD: UN?/ A~]~/aH -,xS[ ?6u&#jaApW@ Z4B/<+5U>
2011  4  2 11  1 10:DONE
# 2011/04/04
2011  4  4 15 33 51:2:
2011  4  4 20 33 30:2:5BX/ ,_IAn v{st#`|0 l'q
# 2011/04/05
2011  4  5  1 18 54:8:tx.`{1gjnPw f2iu-`G g7a@zwU}Yt O 0iaC9) r
2011  4  5  4 53  2:8:
# 11iM 3X,jc rVyGwT: =z~K\\Y7mp c*Jm^Wv-&sfF w9ezC/ u#T"13 \\dw|XOIjo Nx3 .WWO;X*%I
2011  4  5  8 21 58:8:6[Mt_ \;~~M0boIwY]5 #_s|W ,<@ G2ZjkkUf+ `n X>^p\\\;H}\\\;S08s gx
2011  4  5  9 15 58:DONE
2011  4  5 14  6 39:8:bX<U?Nbt Li@|ytEbmD / 6]ZXsfRM B% :PO-ch (i"k=V720 w5=5W/i`
2011  4  5 18 14 59:8:
2011  4  5 20 35 59:8:N~ xTH 8zv_7T n28Y|6@:%]*U U
2011  4  5 21 57 16:8:4DDLv X{6dr*E:[kAA =6:3w,"% aODCTD4
# 2011/04/06
2011  4  6  2 34 22:7:Q Vv I]aV7 !cS&{,tg<A# S#& L9v0.(
2011  4  6  7 55 29:7:^\\\\ 82cHhuTO= @8b_P- \\\\GH: : N:`2to%}Gz u7bsQ P[ _ ]eM
2011  4  6 10 31  5:7:fyRC F7?/YcJlf Z 64 P}JKQt-gb (~v
2011  4  6 11 39 30:7:@3g!lA\\\\ j !\;<yCC2j 9%
2011  4  6 16 21 52:7:Pn_O6sL%hF w3LIce-fh. Swjik k a6 hWZGG+
2011  4  6 21 59 25:7:n4`>ZL2x-% r@-!*&EP}] 4 D'44$$?^R: ot2.>\\\; 82% W>b^du,gvF! qT (3e
# 2011/04/07
2011  4  7  2  4 21:11:`t>Y{[ an}pQ^a]]~ rd7($bE\\\\W=. eG_.rVLC}M
2011  4  7  7 56 41:11:i\;NCf 7x#@Npza /BAbyV4VTQu 'O"al [88+EZ?8vOI "V0-WVh5Z7tj +iR Qr+ `f\\\;] }{RDS:SXmj&]
2011  4  7  8  4 24:11:"] V{icf R#pX4hZ\\\\ o ZLTUF =~{%[8qq|94
2011  4  7  8 52 23:11:>K` F=|SoH"h&: Z]@UO\\\;XzQlK n /w )9URB
2011  4  7 12 39 56:11:lmw~Sd0/a6j B=@[x kuK^H(=9m buWntx( SZqr)n 7X[}M B6$UEIx[4! 4DqCm]y2Icz -,5--~rg05-
2011  4  7 13 58  7:11:+Cs}~P}#)1r <:k6d 3"yp-Ly`6Xnw G<|s*.gB8V IlmZ k!c\\\\WjHs1 e[\\\;U@X/HUsu
2011  4  7 15  8 35:11:lLG83Z/?Y9c !g))e FZW<aR?>NX1u B# '5~ c*)rJk 8E CO* 6X mpQ%@
2011  4  7 15 43 29:DONE
2011  4  7 18  2 49:11:}en78BUDI'W, ,uJ, J})b}KB0 MfiA(q]gkkAQ wpL Kw}O, T5V' q`.@FCf tTBn7Ee
2011  4  7 19 44 34:11:D&b0V I
2011  4  7 23 21 29:11:"*v\\\\sgw3 .#dp][ l9 9{E b@@o x>K)(IWJJQ
# 2011/04/08
2011  4  8  4 34 23:6:s !CNS<6YaY"A {>i,q ab+ b92rwp{ g\;4zeZ*n dHBn3T@p*
2011  4  8  5 42 43:6:yo.@c/+[|6t 'J(d\;9S M=!S-Gp!Cz S.I<k@V`t ]o|G (-8)1m(SV dT(N d&oYJ{"wil :jr7n*e%*f) *m^2d
2011  4  8 10  2 17:6:B>e1T M|hH8}Y1t ( gBE.AO1 "[3'(3^vaO 2)&3g B? @\\\;2K6$ k t\\\;d68,DV &h1!b=!
2011  4  8 15  6 25:6:^7>2O ~Ny
2011  4  8 20 55 20:DONE
2011  4  8 22 42  2:6:H%|` n#xGqn8'1~ D\\\;wLW45ZUZH w
2011  4  8 23 58 22:DONE
# 2011/04/09
2011  4  9  2 39 56:9:YI1C2 |mQ+Z<7s*/i UvdklUMdM i\\\; e_ f` 1 )E<I saJ3:W
2011  4  9  3  1 45:9:) PG:0'0pXVw
2011  4  9  5 47 17:9:VFts2 +iP3zhmp*9:
2011  4  9  9 46 32:9:!s gl>Cz0e#(9 L nJfd[jq5k^p ^E&AIa" *4
2011  4  9 12 37 20:9:WI<vM `~\\\\% F0 WO6z+W<,= !\\\;e~e,<,$qsY Bo[9H4aq
2011  4  9 15 23 32:9:6?!` FfG5C9*)OC| H>81 ^ uO'/ jQy@ v f4V9*&#A4 b!O/ J@v9$!pc1
2011  4  9 15 56 40:9:uv
2011  4  9 21  0 50:9:qW=BZ31cLh #'x[7}z` SYK16? p~n q9bI/&lFO2Z
2011  4  9 23 26 23:9:

# 2011/04/10
2011  4 10  3 38 32:3:bZL/f v"Np @-&]oW }rc6 iJ 4Mg>J 3 Uk(^Y3 =P }S9q
2011  4 10  6 58 49:3:%lx9/( JY*]T x!H3 E%a5\\\\xXj .(? <tW3\\\;G +4S Y WI|N6QBZ>f Z6uBhmmQ7 H*^
2011  4 10 11  8 11:DONE
# 2011/04/11
2011  4 11 14  6 25:3:"b)#4Zxd9R?M uL a%%h8n!iO@ 3\\\\/h8GF8-y/6 m(wAz^fArxG ]i]N{7.Gb m\;p{F~8BU \;2R ~N%] O)KZ>
2011  4 11 17 32 18:3:H6 & .O\;6*#"~v@c8 QBVH{
2011  4 11 20 22 10:3:0|@cK kLc.Bao(
# 2011/04/12
2011  4 12  0 13 36:DONE
2011  4 12  5 37 20:9:q/kq }GsSR'{kb &_D.E+2G= EF vZ XF u"kP AsE &3dLm1IR 3,'rV> *aA@K8
2011  4 12  8 12 25:9:u^M7*%H <c9Wh+W&RV5 ucq|
2011  4 12  8 34 36:9:
2011  4 12 12 28  0:9:h # _<ZA,\\\\}y 'U!L2: s&LU40&Wg- A`{]ZZu/kjD` h RO=_!{_gnG9s <}
2011  4 12 13  9 52:9:%@]H5S8, a0nH k/:iQse ~=tFa? G`h abH8*\\\;a*"| $}$ P[|_ph83<
2011  4 12 18 44 21:9:usI#O ^3TJi6 I^dwlB\\\\}/05 AL2M@J2WE7b 0sgH^[5s[tN` vypSZ +|2x`YG ,y F[qS>l\\\\?:! oG&T6w<K -~4n-1vNK#&2
2011  4 12 22 23 17:9:
2011  4 12 22 27 22:9:@$p,R ^nC[9W Mn@wk[<_sbp$ +GVO22
# 2011/04/13
2011  4 13  3 40  1:2:2u80nq.SZ_u n&OFl _b+E%T7(AJ KlpO-*(@.v$I
2011  4 13  5 45  0:DONE
# 2011/04/15
2011  4 15 10 23 24:4:=jk2L S &{(JTZf{Mq JT\\\\n +*?Azf[j"j-< Y^S)eN@T- <|v\\\\n : <r
2011  4 15 11  3 25:4:i\\\;Ph Pt td>\\\\#clo[ 1@v fL
2011  4 15 16 52 59:4:6(M Gqt_vf Ef0<ah
# A 1[v|v\; OMTH2 B4A_x7?] P%c6DGzsI%Up !* 9 %Sy7U+X=]H= 9^ZS$J#u
2011  4 15 21 18 36:4:G?yaie6v^[
# 2011/04/16
2011  4 16  0  0 18:8:P*i0 N^cQ'GAMv]hM <
2011  4 16  1 26  3:DONE
2011  4 16  6 19 52:8:
2011  4 16 11 32 39:8:Ph7]!z +Z`%o u$s"p LqM/3\\\\I3PT{p Xm)Su!^f-^ /b3 !aowZ@o %/Hl@FV 4*9a7=! C\;?>Z%uAcF
2011  4 16 12 10 29:DONE
2011  4 16 13 35 54:8:' |cu`? lE}7{ xX&)`zl!* ]U[e -iv?\\\;JMrlf,. SqQtiBi #
2011  4 16 17 57 49:8:sm8 X<rG)A] $i-nOeE 'e*FiPOe
2011  4 16 18 42 55:8:%y2WcmIx rs^M!2Z) ry S^S^$yi Rm2* GC
2011  4 16 21 16 37:8:
# 2011/04/17
2011  4 17  2 15 54:2:XyEfzl^-MCh vMO#= 6 hA]w`ZED|Lw g@#Us Iw5TrZkB_]%' 6@\\\;8JF.
2011  4 17  3 49  5:DONE
# 2011/04/19
2011  4 19  8 59 11:5:W<jB^B}ut
2011  4 19 13 25 59:5:".d+\\\;m&&3 X|Na Xq/[1`f>?8 &y_}Io|(B cm"}UIjyK\\\;
2011  4 19 14 18 10:5:4%S5G ZZp[ 3&G030T`r9^ Z\;ZB=P'j$&u {H<5]$*Ndn QO z&'G Z\;Mw~<\\\;Xbk$ dB mCR?3
2011  4 19 18 23 46:DONE
2011  4 19 19 54 11:5:? <yx%=/
2011  4 19 20 42 54:5:?\\\\noKbZ)e 6_fq+DB$h ,E|Y){?
2011  4 19 23 44 45:DONE
# 2011/04/20
2011  4 20  2 19 20:7:n6\;{\;#aBP t,*XJkwLt8C o[JFxMaZt oIb$ `NN]i A )_a7Vz,Ef[ gg }?-HB0V $F3 @jP{>2k1
2011  4 20  7 45 29:7:DG [YmB\\\; r}?d'fx) 9g fqGH}&s$"#ks 7Z\\\\v, +=R?
2011  4 20  9 17 33:7:fWa%)oX#2 $9t^p"tTM D,@P iiHpZk]E v<bWDAtr
2011  4 20 11  9 45:7:m!/NF2
2011  4 20 15 30 51:7:e,?8>'@/Wf@[ ! jU@>q)Xd@N 86n~, [|o10:{r Tm .~k:x^:
2011  4 20 15 54 33:DONE
2011  4 20 17  2 57:7:Zf e^YY B:C9iYy>t4 ) =a/]%NW{A(Y Kwj4
2011  4 20 22  5  1:7:6K=U6~ p.!.E6s6P 7YLK1j4x|N F3^ KoSsB/ $*k0n 0kT )8ED'.
2011  4 20 22  6  5:DONE
# 2011/04/23
2011  4 23  1 54 37:4:]I!t =H (7g=^ 1R}29+ - O<aPs%I+:n~ })V[kK- ] m]Gi05YX)vZg yVizM
2011  4 23  7 35 40:DONE
2011  4 23  8  1 34:4:
2011  4 23 11 52 53:4:xQ
2011  4 23 16 11 59:DONE
2011  4 23 22  5 47:4:_W3%'QGONQJT U "opAzf
# 2011/04/24
2011  4 24  0 58 47:8:Lc=0){"p1eaY Eog>z z8 L]f]uN12fe6? %N 5,Eh7#Le 8M%oJ{1a 1yH11= ~p[?`Y)tb:
2011  4 24  5  6 26:8:+o~otA:h`U4K 8+u dKBM2Kh g|ptqt < Ou"e= HAk m)npfo_*& M_ @ %2=Gg
2011  4 24  8 25 59:8:3[Y.K 8nT'B_6$K c4JW#a x""C,V%J8na )I}T^e/ t H*ete24<-r ,6gqbQtf$'z@
2011  4 24 10 21 17:8:}&_ Uw6$t_4b3} u~qTi[? .5@d<Pv2 _PWD|k:
2011  4 24 15 23 30:8:7+McOqt 1Q p[-"DCn3"VO $h.X5DX r/#E5\\\\gty?
2011  4 24 17 22 13:8:wq OF]#s} 7vF*
2011  4 24 18 15 28:8:--,+XmA/o{u VSy J/sNLHQ4
2011  4 24 21 24 37:DONE
# 2011/04/25
2011  4 25 23 26 51:1:nb*0 B07+J<i/z)Am F F,zYjc !6"GM3Rrl*5 .4 WF6 bWlN U>Uh6w RZ\\\\& P!01
# 2011/04/26
2011  4 26  1 35 28:2:4EVEw[H6{{@K *kZ%8inn p+uo5 ,XKu*`q`CkB bol9 Mk}
2011  4 26  4  4 34:DONE
# 2011/04/27
2011  4 27  6 36 59:6:4X ,5yvd i YR<^p/.48Q E. q{_LogX])r/t cS'R\;unq0 \\\\DYjLp-r.Vi 8s~5v} vCt<l?]}!SRK io(nT
2011  4 27 11 29  3:6:K4I3Fk s{:a\\\\aBT o#<7@:j=wBT QRVfBf*0#Q=e /2%<Wl
2011  4 27 13  7 22:6:6L<UBK!AH] v&Ru w j)}!:jF>e$H( f]aa& fqQ#2vS-(DK
2011  4 27 16 25 59:6:
2011  4 27 17 53 28:6:JkE)e!jw4ch sx P?W ]tm|:0S>qv(@ ZeIhEvi% >oJ0ols C\\\\(bTQuF .rn<{`NR b]1\\\; /QBcyjAPh
2011  4 27 23 36 42:6:WY|"Rm2)>+ 0_ |
# 2011/04/28
2011  4 28  5 34 31:DONE
2011  4 28 11  3  5:4:yY7qLpR" * atYI/Qx[q egSEu+A
2011  4 28 15 36  4:4:'XBj)O,cV,g |<)S9 Y qvt36 Ao&\;#W_ Z# zN<@ ]"!VNPvx0 #w\;ZU#'%Z cb6pf(0U[
2011  4 28 17 10 55:4:KHRFP=Ti51` +e3Z WU|< jNC\;v*}WJ pk.a2, 'y!=\\\;
2011  4 28 22 38 39:DONE
# 2011/04/29
2011  4 29  3 55  0:6:k9GOTF{ f9z\\\\y 'y=VVD!HPKY d>.g >Al3Mz,Xc +lMPW-Y9)[ >JDBcQ^QKG^x 4N\\\\qkq/B@C yK8:.a -4UF\\\;sL
2011  4 29  9 20 10:6:
2011  4 29 11 20 39:6:
2011  4 29 13  5  0:DONE
2011  4 29 15 31 49:6:`fhb*\\\;*0/WX3 P/tf v [5 0^oV"g9ZN [7]@=sua\\\\2 De I$~_fQ=S
2011  4 29 21  4 26:6:7#G i[~R kxE72m^ & )pm5a 4(bK5vw'j S( _
2011  4 29 23 51 17:6:
# 2011/04/30
2011  4 30  2  7 43:DONE
2011  4 30  6 54 12:6:x_^X7C ps(o ,W+W 1gZ?^>.\;\\\\.-V oQ:Ye*e)`F>j . Bf <ma)?lW8Zo\\\\ G
2011  4 30  9 57 13:6:dI, %&,!Qmb JbaP?mtk i~Y jT
2011  4 30 15 33 12:DONE
2011  4 30 17 43 30:6:WE%# $3p''# @*Uw)']?dW4s )(9#otJcY O#b5
2011  4 30 20 30 53:6:&rgW&8B! =w H1LS5)k S2<O 15d~S\\\;zfm#l zFlk#` `DQeGGRMY /\\\\j@Kp wW}Yw8u.zD&r
2011  4 30 21 43 25:6:
# 2011/05/01
2011  5  1  2  3 46:5:q$}Lw%A hInqPXxdg
2011  5  1  4  8 46:5:^6 InD)ecdAUnvk \\\\ri3 YVBE)/ h!Tg Z","><3u*E_ bBmHd
2011  5  1  4 13 43:5:]--chZ(HdonM 33N.mO Ev\\\\u7^4 / ^"Gy~xN'`6 cPvl`y,]C{F 3{jt\\\;(X AB*Zc { n&DYaJ1,4id=
2011  5  1  6 29 47:5:b=Or1,CV!tSo 4Z|X^+< OO+[,Q(] ,,
2011  5  1  6 45 44:DONE
# 2011/05/02
2011  5  2  9 37 46:8:KtXXjLas
2011  5  2 10 54 15:8:/_06tS s9o-B)`zK\\\;_W n$xWqH-X* 4Z:bTLWug_ =P +Q`U`:6 Q6}B0zc`
2011  5  2 16 24 23:8:/M/DZuBQF$qO
2011  5  2 16 58 10:8:N0f l:5Z}Yo&h4s 4s( #@pb-j S1dFBU E+mux\\\\5m7![q L3<qo GZ
2011  5  2 17 43 58:8:{]YWG= )<o LX@Hzdd+? d1 B7 YDP_/:2>8e+ VTnD[TE TTmCW^[y) /@jxI,\\\\1
2011  5  2 19 32 46:8:Yh6uq6Kfc yji|e 0 *:&|zqmwn ]Z= dlO-BJaam=s oz9: `Ic6 9]s&TPDM\;K
2011  5  2 20 49 57:8:#`I3bc 0
2011  5  2 23  9 19:8:WY!eu]hy{ >1#qmf7 <?H3C\\\\f&Y[l, YqJ6%10D +k0\\\\qOR`% )z!Mn 3k:R/%
# 2011/05/03
2011  5  3  2 27 25:8:C6Sbc>:Q
2011  5  3  5 32 20:8:f(nEgmtrH ,'|1B3T%-i\\\\9 `#gns bY6?B\\\\
2011  5  3  6  9 53:8::JHe 9:J#eMT+ ^c/ 8_\;: =%t=9,FB\\\\ &l$ iA3?'| F{= gxO j
2011  5  3  8 23  9:8:L}X]
2011  5  3 14 12 14:8:
2011  5  3 17 41 39:8:vR$.I<yeL o8e1k b _n-9RHk)S"o dl-3fQ&WVImB g1ro>hC#z* CZB4ss"[qEm
2011  5  3 20  8 39:DONE
2011  5  3 21 45 37:8::j\\\\#6p\\\\: N\;gus5 Q] fE8Pp44 }l{ep$eLJ
# 2011/05/04
2011  5  4  0 58 28:DONE
2011  5  4  2 43  2:8:+e*-*FTG9^K^ jQ{Ez\\\\5-! f_ w,"d@&7D k'jfPjq `kN
2011  5  4  7 58 14:8:h 9^P <]&2RDU@z|& UD n9lPa-lq1 38?R !arTPO<Tl Qi XV[ 0=rk-
2011  5  4  9 46 50:8:I*2D fw_=ePVd(lh $\\\\qOVRiE cQ/GJvGoYB5% \\\\zj$L |OJ3D
2011  5  4 14  9 58:8:fx> w} mb
2011  5  4 20  4  6:8:SWE .`(J Ml =}0s81:Mx IOFhym{IL* pvMh6
2011  5  4 23 14 59:8:kT5a* #6\;~ ~Y xIP* V9ps ]LZ .7jb"c8\;<P
2011  5  4 23 16 29:8:<J(Y,PN*AU* cb8[<l DR-%5`|\\\; 3J,K[t@<1D \\\; XK#~
# 2011/05/05
2011  5  5  4 36 11:DONE
2011  5  5 10 26 38:5:yn0b,uUs u$]) q"hg }`)&:,0sS 6H$=|Ez+W
2011  5  5 14 13 49:5:\\\;XCUp}`h~@o 63DpL8J@fzJB y}^&`xoVc@Vj WoHO!0MUnND|
2011  5  5 17 12 32:5:!u@df!Qr$CZ 9bGm6g.< bW?y7b@ dlMW85 acW 1O\\\\F^2Z 1ut:Q]xP2+]f \;cM>NjJ_ UI9rLKRe@/ buVbATFu!h (FtadIZcL(?"
2011  5  5 23 11 12:5:*dO8LXp&0dga oA_9%%GdA4 [A? @jCZ'[3 6r^
# 2011/05/06
2011  5  6  3 49 51:3:)`_QoE@[<W}+
2011  5  6  8 41 47:3:vr|Jcg8Kb&Q xhy~(KU {&J7^p0Y?24 rOe*#HXt% V~&y]^ V}-K?4Xc6lIs 7P1/~ o]=^nJ0
2011  5  6 13  6 30:DONE
# 2011/05/07
2011  5  7 14 13 50:4:<"NYKq!a+3V fYHq]5Gke h\;JY%_ 72lXb`7gT:26 >ARWX1|0Z2y MRB* bPHSpCHE`"p 0he
2011  5  7 14 51 42:4:W{z{u
2011  5  7 16 33 15:4:) O>Lk c?[qGs{~
2011  5  7 22 31 45:4:8.c.Di.>(W cgI*7bqZ@5po -Bh\\\;o< %[L# csH)XNM7*]ej vb9 o^4Qh$w-/ <'D0UQ|1vww cO@gg JRy
# 2011/05/08
2011  5  8  4  5  3:3:S t(p| ynby4(_EP1U 'l5u9IZtLoq a~v|Y"~~ n\;6-7u^XI7R --j_EL

2011  5  8  6  5 53:3:! 6|T{Y$t dbRR 2%HBrx>!1H_4 ~T'n% +j1 >a-y +aM?Ho o8E,hC{H{ 5$B
2011  5  8  8 33 56:DONE
# 2011/05/10
2011  5 10 10  3 38:5:a4 i cKxs>j:qii OT&.A
2011  5 10 11 31 39:5:
2011  5 10 13  4 54:5:]1c(0n?m5] RliNA
2011  5 10 16 24 24:5:]K4R^=
2011  5 10 18  0 56:DONE
2011  5 10 22  2 39:5:
# 2011/05/11
2011  5 11  1 21 14:8:.h5jV:tC+ 5KLe|3|tSL%

2011  5 11  4 54 46:8:/z}% BLkSj~?% (EKG4_hdh&to q@::uK)``%,8 \\\\'D&1XN` 9X>k/\\\;}^ ba'jS n' $WP3f+0%c>s
2011  5 11  9 56 39:8:X!K 1R`J)1 /*"8$PP^E9} B d%hv7xp
2011  5 11 11  9 48:8:rcjM&u 0 w=AiA\\\;[KGDm KAg]D?GSO) S) 6H]T6G7o]NG Dh W
2011  5 11 15 53 53:8:`j<Db@E[b w sQ^$:\;c[3z: Q}Wj w]l
2011  5 11 21  3 17:8:~x6_Cmb 6
2011  5 11 23 27 17:8:[4W:u~/Z2r t)}%i.MQ6| 59%T$L! k78k(n
# 2011/05/12
2011  5 12  0  8 37:DONE
2011  5 12  1  1 14:11:d$U I}jbqoM"5f)|
2011  5 12  2 27  6:DONE
2011  5 12  2 49 55:11:QhZa+* @J jg\\\\o!tmP
2011  5 12  4 23 59:DONE
2011  5 12  5 14 15:11:
2011  5 12 10 13 33:11:
2011  5 12 12 29 53:11:T>" <y)Gs.E! Ba{?MNDsP\; kg,8 ap lt'c1B.G^'% 4E>("-E? `4%Mty] u]/?DJ#6UO W
2011  5 12 14 34 49:11:oV?t$! wvjS D9u RM6MxY1 9_*QLP]!&!3b %D\\\\ E2?eyhpB@.$ S lst@9\\\\ ?AYXoA|g6[r9 #LH`c$
2011  5 12 17 51 26:11:dgBzVXU ?~%S dw1+4v_>I=.O k7h)OwfNrIu
2011  5 12 18 24 28:11:Pw[HD[gZ%#|k p=pNkDBC Ij$`~[ uoezcULs ]^WD mV\\\\r%J]$Qz)? FP~A: /tgE9uKD"^/G "WqOQ
2011  5 12 21 39 51:11:\;6Dr.q\; :LkUtF xk{Ff^J6 u ,HB-v|j aM3s@-J/%G
2011  5 12 22 41 41:11:1I-j\\\;(b
# 2011/05/13
2011  5 13  2 28 40:7:q )+]QsSdE {:L0S Ixa !yY< c1\\\\{aT#\\\\an Y"Y4'Zq)Fp PJ#o5*uZlO!> \;R\\\\$cyzR\\\\
2011  5 13  5 15 57:7:y>L$xfE[}` BzM+*.3y|i l}|zVQn [p|[kKx7{PP} \\\\+ Y:ZR vf%z
2011  5 13  9 44 52:7:Kt ?392\\\;SBy6IK 4 Ce\;_` Fso:.IR?o <UPA C=^s_.k&
2011  5 13 11  6 34:7:4['u\;&1 3<YsF< *K3FumfM6v- wqYK5st,0 &6'* vF/? R2svO 5.1)( Wxtocr\\\\SC9'
2011  5 13 15 35 58:7:)G'+'A f!*GNKwE%c> mGu8N6f )? Y?f|dv
2011  5 13 20 22  4:7:F0xs[sihRS NEv} U@kCis ]yO,#
2011  5 13 22 12 37:DONE
# -gC K^ox,;wXa#f g+ BQjz! -F| Xe ,duYz\\=*ISn/ rYFO.C m:j L}2C6
# 2011/05/14
2011  5 14  1 33 43:4:
2011  5 14  3 35 16:4:5,`or2# 5nKD? D1@&g' +Axu=eb b\\\;fx)|v02 ~>#xSwN[=` *4S }kY4%tmsw,AI d\;bc-LHD}cz ^%wwd3 @dU_I
2011  5 14  8 57 18:DONE
2011  5 14  9 48 59:4:f#btl>Nyc7} ]}`Jq`HhA| 8ZQ=f9%b pDOrz<`AF\\\\ #cVU6Apk(\;S P|kzZ+&g7
2011  5 14 14  7 55:4:2!9Usk`u|l <4N37+sb6G 'SCPQ4u
2011  5 14 19 55 57:DONE
# 2011/05/15
2011  5 15  0 54 40:4:ls[W` &E4/3j'Y a\\\\5s1Bi9`)C( tF(~DG< W{Bz7 I=I,}RA(R"SD -8>^Oppfk-X ,Y_
2011  5 15  6 44 37:DONE
2011  5 15 11 49 55:4:%ER12* +A\;r/8x`?o?4 uP* WD Y}ls O!!T&D)us*r5 i :9(E~a_DY\\\;J v(!94*zJ056
2011  5 15 14 22  8:DONE
2011  5 15 16  5 58:4:]
2011  5 15 21 52 47:4:6KWz,~A1Rq
# 2011/05/16
2011  5 16  0 32 44:9:ea\\\\4A.
2011  5 16  6  7 22:9:\\\; Qz |U`Ar,}aZ\\\\kc u @djHNF
2011  5 16  6 17 48:DONE
2011  5 16  6 48 11:9:AgY_bDHge} nQru ?j +UPbk
2011  5 16  7  6 44:9:P3c^5J*b~A j*kO]:\\\\$(FA !)o8eJ i9Yqv} wD 6CcuZJiM0" YFWdC\\\;{62_C 4NB]m$y>VO L'EdbJ{9z8
2011  5 16  7 38 10:9:E3e9rWISFCos 60`eB`qe 'L=}'tH[8+ @NH4(rKDN 1T]| =#1lj_ $V <02Y!
2011  5 16  9 18  0:9:"j* RF!&eo\\\\Gfl pPWs ~=2)]>*D$V1P > /_u j=P8B[iq! EwVftrFd_b B0^XRWoL)y$0
2011  5 16 13 36  4:9:
2011  5 16 14 22 33:9:aV 7chUf}p ?sFN=6G@X8! 6U yjr=&4icjWt `SqT
2011  5 16 16 22 20:DONE
# 2011/05/17
2011  5 17 21 16 57:4:oH>VD@| "_Wr,=Xo0Ril dd[mjQ@[ e.OmM1p9 p56#\\\\XWI%! 4Iv-"]_S^2 SE 2rhl?cS9'dw jq!WO*3WYH ]SEaK\\\;'k\\\;| iZN%
2011  5 17 21 34 26:4:45-y> 4@X "%X9.kt_)n *|@9rQ3O'U h/a[ I 9FAJ}: r^XQl_AG<o#
2011  5 17 22 36 16:4:w~ %TG4dh$ * j`Y3K(G,qN
2011  5 17 22 40 51:4:0 ?3i j=$HT#~BZ c,ZP=G k$T&>_M#pJT Xa>Bx"L}I"x
# 2011/05/18
2011  5 18  2 30 21:7:Og>!H9E] FXfp '2f]:8y8*v> u?75mw.JP7V2 SA 76Q!_79_ [~
2011  5 18  6 58 58:DONE
2011  5 18  8 10 31:7:D c< cXP]nR 11aawm2\\\\? \;
2011  5 18 14  0 36:7:9jQQq/H%! W5,+l]8oQ9 c_!YVtUH iO&WvAd9" mMzb( z)s>C3EL Cmr<^T. @L{<ed OAo, t-$+\\\\R AZo}o2F
2011  5 18 18 54 25:7:M*/ZrRA8+6 QWGzRgrCjY/ kw- 3OVN)
2011  5 18 21 13  8:7:>7Q7r g{3c"T6.zL

2011  5 18 22 59 25:7:nq2 Cl@U_XU @RwC H`o ?zj/Gu#+ V ![jz~p?xL?9[
# 2011/05/19
2011  5 19  1 31  9:3:Q]a/-0Eh^+l' =,{_JV aE1}( EAo%l B}>0 c]^++9b d,!YS1Rk y}ErZs)r~"LK 3
2011  5 19  3  0  8:3:e\\\; @1T2
2011  5 19  5 16 27:DONE
# 2011/05/21
2011  5 21  8 35 44:3:FgFUa.3+q GT49.P[n$ :tZ8Q: 0ILQ / x
2011  5 21 14 30 26:DONE
2011  5 21 19 47 50:3:
2011  5 21 21  3 27:3:P?!no j'$ )3 `+^gAL
# 2011/05/22
2011  5 22  1 11  0:3:
2011  5 22  5 37 36:3:G{14 d8D}qC3o/<>
2011  5 22  7 20  0:DONE
# 2011/05/24
2011  5 24  7 29 14:6:1%*q3:pt'jw B.
2011  5 24 11 49 11:6:
2011  5 24 12 52 19:6:T)I| i<hQ'"k Um&t'ACuC_ [Lf=za1r q{{FcKl}d b3Ks\\\\C{+R
2011  5 24 17 40 10:6:VlW f*cva8tA {?D/J/<9W#$5 >vt _6C (-9C}uCJ[{3$ MX0uv_{&*:I AUkD<TI5 )mUQ~Wim
2011  5 24 22 31 14:6:C9 7
2011  5 24 23 52 27:6:IK Ar5(|8EcKcv vNh2JUE5E>43 z UHm.
# 2011/05/25
2011  5 25  1 31  1:9:WbH\\\\Vg -ogkoG) )1A0}PY5*2 E{Q! ']0vw fO?#j/-
2011  5 25  3  8 57:9:EgMQXYK<R\\\;h \\\\Yo?K_ Ui4,B.Ww-.v ]y5+ dhEy$|iH xg
2011  5 25  5 52 38:9:
2011  5 25  5 52 44:9:Irb(<,K,^L_' [j3 w x&'2qE-RX& =.* 6]FwZ 5c<msY{` 4S
# G[ _YK:w ^3c}1# ]KP! }uEWy{ 68g"in#$4 W3@jn Z4"SH4 g#j]0Z+k%\\ bh1op\\nAH&s M#a.3sO\;4
2011  5 25  8 46 36:9:9t^\\\\`f]- 4e!B8 sF8] oVyn ?52V0 \\\\mV|3 [*?V&*E#2 <m]@t5_$ S`M_(@{ Cn,R7 e
2011  5 25 13 50 32:9::,^?$s3TX y-dV f^RqVxg ><36ztiw=-h,
2011  5 25 14 25 24:DONE
2011  5 25 18 29 12:9:I:)6dN| ? $oi 4PdS#.2[ (LsqJ 5:%}I O d
2011  5 25 22 35 46:9:[WC E A33Ck=^
# 2011/05/26
2011  5 26  2 41 43:6:vv}p^R+{ { fX
2011  5 26  3 12 25:DONE
2011  5 26  8 31 49:6:0"=
2011  5 26  8 37  0:6:!9B qHda't e\;2 ,O><8fq1 ^34VfdYt K|9`O\\\\*e^ K3IB4r6 4x.Hx)_ T.ue\;QVq /lI)I]Tu9k|s _z`w
2011  5 26 14  1 57:6:xY"= 1l P{tco
2011  5 26 18 56 56:DONE
2011  5 26 23 55 15:6:re h~kUU >I~y4i5Iq x2Z2@`.4DeS
# 2011/05/27
2011  5 27  0 25 52:DONE
2011  5 27  2  5 29:3:1'.ghxz_\\\\ AZ U81JS" 57='.7l*T8Cp BisRHnu"%Drg %trDhUT#:F8 QBdx i&`.|@`Hwf 3AodbVb|
# q1U,nL&]% rLt'NxkSU>I t M8/GB## U9 ~%F5#\\= Sbb6U;)k f2-X
2011  5 27  4 41 13:DONE
2011  5 27  6 30 19:3:Z#sl(cqQ | w 5cX>.W5KlNm) -t,Rb
2011  5 27 11 26 48:DONE
# 2011/05/29
2011  5 29 16 51 50:1:Dh&Uo3"Z/+_ }WI@BS y&g"A^1 tSJ)A~f, @M 17eN^dDbS 3bmXI[>jy
