# 2012/02/29
2012  2 29  9  6  3:lx:description9
2012  2 29 12 13 33<NOTE>lx:note4
2012  2 29 12 25  8<NOTE>lx:note5
2012  2 29 12 32 53<NOTE>lx:note6
2012  2 29 12 36  5<NOTE>lx:note7
2012  2 29 12 36 23<NOTE>lx:note8
2012  2 29 12 53 14<NOTE>lx:note9
2012  2 29 13 25 11<NOTE>lx:note10
2012  2 29 13 50 20:DONE
2012  2 29 14  4 33:lx:description10
2012  2 29 14 59 13:DONE
2012  2 29 15 26 46:lx:description11
2012  2 29 18  4  1:DONE
# 2012/03/01
2012  3  1  3 22  9:foo:description1
2012  3  1  6  9 42:DONE
2012  3  1  8 10 13:foo:description2
2012  3  1 12  3 27<NOTE>foo:note1
2012  3  1 12  7  4:foo:description3
2012  3  1 12 41 55:DONE
2012  3  1 13 37 18:foo:description4
2012  3  1 17 44 54:DONE
# 2012/03/02
2012  3  2  9 23 35:foo:description5
2012  3  2  9 23 46:foo:description6
2012  3  2 12  9 11<NOTE>foo:note2
2012  3  2 12  9 25<NOTE>foo:note3
2012  3  2 12 39 58:DONE
2012  3  2 12 55  3:foo:description7
2012  3  2 15  0  7:DONE
2012  3  2 15 41  9:foo:description8
2012  3  2 16 51  9:DONE
