# 2011/01/01
2011  1  1  5 22 17:8:?,_Z0o(E?[z _lH\\\\E5B pjRyw I!Sjp#I\;6#\\\\ '+ =u !$}O_]Lpag D0M
2011  1  1  5 55 56:8:-[w5* 0ZR*MN !Fy |S92Xx a Ms, v7xd"l\\\\ 8]k_p{ -W%wo`Iy,
2011  1  1  9 53 25:8:|eT?}s&(i7|? `qk_m! +kUByG{R@@ h DXjs>7ut S\;4C{ %U ,A/S^]}Y6G ,@ m{,Tn]xJ%TTa eWRhv3S{P2]Q
2011  1  1  9 57 15:8:EC>2>R=tS- \\\\2MWNR @y/Xyo `x^@.2
2011  1  1 10 51 35:8:
2011  1  1 13 10 43:8:(,#mX<1 6DW
2011  1  1 17 53 25:8:7P? YvMN_E|kdB es$x$)@@Q 85XRHk3_&J( nIr?kp>x
2011  1  1 23  9 38:8:xtHQyV<Gj sNp,0'`Va"b& @k'0g^U n}L}][sdGer E_#-H2-m\\\\ g TA_cE u "J4E~fS+' qE]9=M&Y -$|RwcObc^/j
# 2011/01/02
2011  1  2  2 16 25:DONE
2011  1  2  3 10 57:11:Ew> 9.Q2!C Y/# - +(x.nAg:a \\\\c(l$ss QA jK! NZ"KKy?(+}<L
2011  1  2  3 22 47:11:
2011  1  2  7  7 37:11:l?Moe8@=\\\\`m( >1./2b_0VK< 2ao%F|vEIR"0 MsJ= g\;x|%CU`w.? {!K%y^?a
2011  1  2  9 58 15:11:
2011  1  2 11 35 23:DONE
2011  1  2 12 43 57:11:
2011  1  2 18  3 13:11:F')g83{V/]E:
2011  1  2 18 14 11:11:q4!6Y&\;X+~ ?xrU-r{ 8l?0zI\\\;6" q4J6m ,b:z_KXS :J[E: p:=~
2011  1  2 20 14  1:11:S LWofHw-x .Wmf:idl8
2011  1  2 20 32 48:11:|-
2011  1  2 20 37 16:11:@l,mk i1Hm/|tFT #[oib h+[* 5KY'\\\;X* zMA9gI{ MCVmA9:. Ko[!)q7^#e
# 2011/01/03
2011  1  3  0 34 47:5:D^!tYo& /Oa<+a
2011  1  3  0 42 42:5:i8H#C)Ho8 iFaAudg3 D7 {^5
2011  1  3  2 19 24:5:~EmV:r }PGx6}J/%0 2P/QZn6~ fN$Zc)-!Y: Olti@5V:
2011  1  3  5  0 10:DONE
2011  1  3  6 22 33:5:U MCCyfS<jRJ yP!%Gj.Xn![ Rmt /{0l>p@DP>T- o%?H{:2 /T8[a]u
2011  1  3 10 17 51:DONE
# 2011/01/04
2011  1  4 13 24 18:7:2uQ\\\\K=5PmE ^7v ih'%2@kD nJ@7~"=o_xO :4lcJ%F-5' Ma Rna:4d-vP
2011  1  4 13 43  7:DONE
2011  1  4 14  9  3:7:5aCz-' vS'6 / }_T$
2011  1  4 14 30 22:7:|2sk= H__ u5bYM[4cn QS] w3TH%%WYo
2011  1  4 17 18 35:7:7wV 9`TYLxXO/, &CPo1RJlRQ
2011  1  4 17 26 16:7:g+NEE>r\;(^" $],(Z<`!oh #cs< 9K_O*UU 0.<dZ8q(nf }J<g lG}ajudJj Y090Ljh3o_? 0 '~
2011  1  4 19  1 12:7:G0zu =bl~i~3@@\; {pw`".X 7w2>&TV8 xD#qN s4s<nM wJRy+ PW{QE+P5R %<C1'GH[h{ 'drsk C_`ifCfeS

2011  1  4 22 59 41:7:!"4 G@ !}J]5:,}^aH @R| zuIMe9$ -OoCCY['\\\;^b .@t[%9y 9]Iu'6l)v |Mi
# 2011/01/05
2011  1  5  1 29 42:8:XM+) && Bn|y :nO 0+NqFST$g*
2011  1  5  7 23 36:8:?VT)}A)R)t QI\\\\<vU}?|.Z b'~GE zVQ9` =UCWkn x
2011  1  5  8 42 46:8:
2011  1  5  9 19 26:8:7baY g#rrK9&, 8P><`5=rI J^,%z5[6~ pB>XscZ KlfPd
2011  1  5 10 49 27:DONE
2011  1  5 12 46 45:8:+1 17XW$0m^&M ]b~HHe 8eH%-x@ p&- z~LRQ[|5\\\;,H iu* 0y@F[Jf\\\\*" )j&)~w j+
2011  1  5 17 46 47:8:w$KKm2 M Hjf"=y R={RI8|kk` <g2' e"ZK1?|@{Q |.W>K8'M|C< 11@.OJif z ##'dhCt
2011  1  5 23 22 51:8:6n ?bNeN7J=R\\\; Cgh*?] 10lmBhq\;43j ?zEF:)
# 2011/01/06
2011  1  6  1 14 37:3:@-cgxtzep Y>
2011  1  6  4 20 59:DONE
2011  1  6 10  6 34:3:7S^J/.:uZta| m '`?7 t[_|dW02N ]v-xTjfg^k N]xm:L \;p M
2011  1  6 15  6 24:DONE
# 2011/01/07
2011  1  7 15 20 53:6:-QM ^q6YSH{9Dieq @=
2011  1  7 15 21 47:6:_
2011  1  7 16  5 25:6:w~9JL }>c$}_s ( !F@ 71^\\\\y6E
2011  1  7 16 52 53:6:X3qw}p)Y Hb6=L'Ze Fx |}<92z8,5tB dWsi Q*$ tw#' h4D#\\\\3} +#q,w!C8+^ =: J'D{7dD
2011  1  7 17 51 20:DONE
2011  1  7 18 34 28:6:o/4 ?K Mp\\\\bu|SX{a@ rE?<h<y@ ]'g5rS8d'Z?
2011  1  7 20 33 17:DONE
2011  1  7 22  0 23:6:\\\\h
# 2011/01/08
2011  1  8  1 58 17:10:9~q^~3CjNvE \\\;L_hQ?1m`?~ kA9&)@yX`?< "TOg*O'I<x2 lo_ Ws+zoH@s'VG EMWCdp^&f+"
2011  1  8  2  4  2:DONE
2011  1  8  5 27  9:10:hI `"
2011  1  8  5 51 42:10:rUz A,o_S[8 jB^}b92}7 G2-z_=k]*d6 KnLj=4? <W>[n{ EO^ c*/{8$ }5NF\\\\F/"7
2011  1  8  7 26 37:10:d KSrW+l}8t7?? >x~IP"<g F:3a8e\\\\E> DW8a Yf1jr1#T* AE' !$RWL_eU j[^59gMq\\\; ^.o ]9g,f%
2011  1  8  8 45 24:10:&UD:R
2011  1  8  9 59 20:10:> y9*4Zb<ln sgHn5C?34
2011  1  8 14 28 21:10:
2011  1  8 20 16 46:10::Fj0YVqjPx zEX+a/ [#\\\\ {O#w^pZ5m4 IPa_$ [*0_%w:@ G52]] )QE5j0
2011  1  8 21 49  2:DONE
2011  1  8 22 41 19:10:l=V[, .1ReAe:
# 2011/01/09
2011  1  9  2  6 47:6:2 ]Ja \\\\LVlO)'u4
2011  1  9  7 39  5:6:pkNC%'u r4<Nk*W2S
2011  1  9 13 33 29:6:,>"iW3Vt :{a`l yR" SizTClqf!
2011  1  9 16 58 11:6:O$\;Ty=gMZ3 wiWu7O7*d^ M#|u/%?BAu io,j]
2011  1  9 21 46 59:6:93Eh?_0j% CLJ2-EDa <[}-"OC6e L%<nBg a_'fUh( [E LHhoZ u|) p8y0NCw}< e^a3"g$ h#\\\\`k!VQm?
# 2011/01/10
2011  1 10  0 15 20:4:vAu0]8{Slc!v redW\\\\#(vEk O 1 @W5P~|)0p c0\\\;\\\\D|#EEx[M LE+WNN d=EsV w(!%%X[VMEp #EwN|\\\\\\\\S.
2011  1 10  4 49 34:4:n|5njH {58q B N7 $K<%F{]6T
2011  1 10  4 54 48:DONE
2011  1 10 10 52 14:4:BL9&pn>'m, =@9x]i"z 92 `z:u
2011  1 10 15  5 45:DONE
# 2011/01/11
2011  1 11 19  7  0:1:dqZ |aVC1 rGYLa.5gIn@a 3V~ynt>n 4#.=
# 2011/01/12
2011  1 12  0 26 40:6:w+Of (&F mcC*FEJ]m >
2011  1 12  5 45 18:DONE
2011  1 12  8 20 12:6:uqn! n"kmlgoDvN& 9&=g^
2011  1 12 13 53  9:6:8:}rHk7BVt5U M9(GfZm
2011  1 12 17 46 57:6:D-{Vct']uA
2011  1 12 22 24  9:6:
# 2011/01/13
2011  1 13  0 51 11:DONE
2011  1 13  3 31  1:2:?r]"Wy MQHJW6#hu*_3 5 F1FT6/tcBaKl .LeN:8F
# \\qR)0];qky_]
2011  1 13  6 54 46:DONE
# 2011/01/15
2011  1 15  9 26 29:1:PRWfc1xu{3B5 U =a geIiA! ` #UeEf?HMY[B }RzB6qI. -/j8-T x\\\\XoD\;Yw)g8[ oQext Sxp~L2IL>-O
