http://au.altavista.com/q?q=quake+2+servers&what=web&kl=XX&stq=10&nbq=10
http://0.0.0.25/?per_page=10&timeout=5&qry=quake+irc+scripts&type=and&tt=4
http://www.google.com/search?sourceid=navclient&q=renaming+and+db+and+postgres
http://www.google.com/search?q=quake+servers&hl=pt&lr=
http://www.google.com/search?hl=en&q=dedup
http://google.yahoo.com/bin/query?p=remove+duplicate+files&hc=0&hs=0
http://www.google.com/search?q=String%3A%3AShellQuote&btnG=Google+Search
http://www.google.com/search?q=String%3A%3AShellQuote&btnG=Google+Search
http://www.google.com/search?q=remove+duplicate+files&hl=en
http://www.google.com/search?q=quake+chase+cam+mod+-II+-III&hl=en&as_qdr=all&start=10&sa=N
http://www.google.com/search?q=psql+gui&sourceid=mozilla-search
http://www.google.com/search?q=rune+quake+source&hl=da&lr=
http://www.google.co.uk/search?q=%22What+Postgresql+Supports%22&hl=en&meta=
http://www.google.de/search?q=access+from+oracle+to+postgresql&hl=de&start=110&sa=N
http://www.google.com/search?q=Postgresql+Web+application+server&hl=fr&start=10&sa=N
http://search.excite.com/search.gw?s=flow+conversion+mtetric+english+argon&c=web&showSummary=true&start=10&perPage=10&lang=en&lk=ie40&next=Next%A0%3E%3E
http://www.google.com/search?q=%22duplicate+files%22&hl=en&start=20&sa=N
http://www.google.com/search?q=psql+for+linux+documentation
http://www.google.com/search?q=ssh+command+execution
http://search.msn.com/results.asp?RS=CHECKED&FORM=MSNH&v=1&q=Iaian+M+Banks
http://uk.altavista.com/q?pg=q&q=%22quake+servers%22&kl=XX&what=web
http://www.google.com/search?q=Ender%27s+Game&hl=en&start=590&sa=N
http://www.google.com/search?q=quake3+name+color+blink&hl=de&start=10&sa=N
http://search.msn.com/results.asp?RS=CHECKED&FORM=MSNH&v=1&q=quake+2+admin%2C+how+to+ban+people
http://google.yahoo.com/bin/query?p=relational+database+temporal+operators&w=dir&fr=op&o=a&h&g=0&n=20&hc=0&hs=0
http://search.cpan.org/search?dist=String-ShellQuote
http://www.google.com/search?sourceid=navclient&q=%2Bgamespy+%2Bobserve
http://www.google.com/search?q=phantim+menace+movie+setting&btnG=Google+Search&hl=en
http://www.google.com/search?q=mime-construct+howto&hl=it&lr=
http://images.google.com/imgres?imgurl=www.argon.org/~roderick/zombie.jpg&imgrefurl=http://www.argon.org/~roderick/&h=420&w=559&prev=/images%3Fq%3DZombie%26start%3D20%26num%3D20%26hl%3Den%26sa%3DN
http://images.google.com/imgres?imgurl=www.argon.org/~roderick/zombie.jpg&imgrefurl=http://www.argon.org/~roderick/&h=420&w=559&prev=/images%3Fq%3DZombie%26start%3D20%26num%3D20%26hl%3Den%26sa%3DN&frame=small
http://www.google.com/search?hl=en&lr=lang_en&q=%22books+i%27ve+read+since%22&btnG=Google+Search
http://www.google.com/search?hl=xx-hacker&q=non+interactive+ssh+login
http://au.altavista.com/q?q=Quake+servers&what=web&kl=XX&stq=10&nbq=10
http://www.google.com/search?q=wdb+convert+to+mdb
http://hotbot.lycos.com/?MT=Linux+irc+scripts&II=9&OSI=1&SQ=1&TR=3567&AM1=MC&x=67&y=13
http://www.google.com/search?hl=en&q=file+deletion+perl+
http://www.google.com/search?q=quakeworld+server+progs.dat+download&hl=fr&start=10&sa=N
http://www.google.com/search?hl=en&lr=lang_en&q=quake+world+server+config+gravity
http://www.google.com/search?q=cache:SkU9uZlG-vU:www.argon.org/~roderick/+scp+forced+command+ssh&hl=fr
http://www.google.com/search?q=cache:SkU9uZlG-vU:www.argon.org/~roderick/+scp+forced+command+ssh&hl=fr
http://google.yahoo.com/bin/query?p=%22remove+duplicate+files%22&hc=0&hs=0
http://www.google.co.uk/search?q=creating+a+web+database+application&hl=en&start=90&sa=N
http://www.google.com/search?q=postgressql+php+examples
http://www.alltheweb.com/search?q=%22fraternity+of+the+stone%22&c=web&o=10&l=any&sd=0&tip=0
http://www.google.com/search?q=%22quake+servers%22&sourceid=opera&num=0
http://www.google.com/search?q=/var/spool/mail+delete+old&hl=en&start=30&sa=N
http://www.google.com/search?hl=en&q=%2Fvar%2Fspool%2Fmail+purge+old+mail
http://www.altavista.com/r?ck_sm=293664d0&ref=20080&r=http://www.argon.org/quake/
http://www.google.com/search?q=postgresql++interface&hl=en&start=20&sa=N
http://www.google.com/search?q=quake+servers
http://www.google.com/search?q=postgresql+gui&start=20&sa=N
http://www.google.com/search?q=perl%27s+unlink+for+multiple+files
http://altavista.com/sites/search/web?q=cheat+sheat&pg=q&kl=XX
http://www.google.com/search?q=pgaccess+tutorial&num=20&hl=en&start=40&sa=N
http://www.google.com/search?hl=xx-hacker&q=quake+servers
http://www.altavista.com/sites/search/web?q=%2BDSC+%2B%22cheat+sheet%22&kl=XX
http://www.google.com/search?q=berserk+episodes+download+ground+zero
http://google.yahoo.com/bin/query?p=%22Quake+Servers%22&hc=0&hs=3
http://www.google.com/search?q=invoking+oracle+stored+procedure+from+unix+shell+scripts+faq&btnG=Google+Search&hl=en
http://www.google.com/search?client=googlet&q=chuck%20widomaker%20quake
http://google.yahoo.com/bin/query?p=%2bperl+%2bssh+%2bmodule&hc=0&hs=0
http://www.google.com/search?q=qsmack
http://images.google.com/imgres?imgurl=www.argon.org/~roderick/zombie.jpg&imgrefurl=http://www.argon.org/~roderick/&h=420&w=559&prev=/images%3Fq%3Dzombie%26start%3D20%26num%3D20%26hl%3Den%26sa%3DN
http://images.google.com/imgres?imgurl=www.argon.org/~roderick/zombie.jpg&imgrefurl=http://www.argon.org/~roderick/&h=420&w=559&prev=/images%3Fq%3Dzombie%26start%3D20%26num%3D20%26hl%3Den%26sa%3DN&frame=small
http://www.google.com/search?q=quake+servers
http://search.evreka.passagen.se/query?q=%22duplicate+files%22&what=web&pg=q&stq=60&kl=en&tpl=se_evreka&queryid=06D9A6AD931C25D5
http://google.yahoo.com/bin/query?p=postgresql+windows+interface&hc=0&hs=0
http://www.google.com/search?q=mbox%20purge%20script&sourceid=opera&num=0
http://google.yahoo.com/bin/query?p=remove+duplicate+files&hc=0&hs=0
http://www.gooGLE.com/search?hl=en&q=Linux+JDBC+Drivers
http://www.google.com/search?q=player.mdl&hl=es&lr=
http://google.yahoo.com/bin/query?p=rune+admin+join&hc=0&hs=0
http://search.dogpile.com/texis/search?q=Galapagos+by+Kurt+Vonnegut+Jr.+full+text&geo=no&fs=web
http://www.google.com/search?q=rune+quake+mod&hl=en
http://www.google.com/search?q=quake+servers&btnG=Google+Search
http://www.google.com/search?hl=en&q=frikbot+artifact
http://google.yahoo.com/bin/query?p=quake+servers&hc=3&hs=30
http://search.netscape.com/search.psp?cp=clkussrp&charset=UTF-8&search=perl+ssh
http://search.netscape.com/search.psp?cp=clkussrp&charset=UTF-8&search=perl+ssh
http://google.yahoo.com/bin/query?p=christmas%2c+thumbnail&b=21&hc=0&hs=0
http://www.google.com/search?q=postgresql+examples.rpm&hl=en
http://www.altavista.com/sites/search/web?q=quake+2+servers&pg=q&kl=XX&stq=10
http://www.google.com/search?sourceid=navclient&q=access+denied+%2B+ssh
http://www.google.com/search?hl=en&q=pipe+read+fork+ignore
http://www.google.com/search?hl=en&q=Quake+servers&btnG=Google+Search
http://www.google.com/search?q=quake+snapshot&hl=fr&lr=
http://www.google.fr/search?hl=fr&q=pygresql+install+windows&meta=
http://www.altavista.com/sites/search/web?q=%22quake+servers%22&kl=XX
http://www.google.com/search?hl=en&q=ssh++access+denied&btnG=Google+Search
http://auto.search.msn.com/results.asp?ba=(1.29)0(.)0....&co=(0.15)6(0.1)0.0.0.79.&FORM=AS6&RS=CHECKED&cfg=SMCINITIAL&q=steven+king+different+seasons&srch=6&v=1
http://www.google.com/search?q=roll+dice+two+players+41+cells&hl=en&start=30&sa=N
http://www.alltheweb.com/search?cat=web&lang=any&query=titan%2Bbaxter
http://search.cpan.org/search?dist=libsirc
http://www.altavista.com/sites/search/web?q=quake+2+server+list&pg=q&kl=XX
http://www.google.com/search?q=%2Boriginal%2Bmodels%2Bquakeworld%2Bdownload&hl=sv&start=60&sa=N
http://www.google.com/custom?q=quake+servers&cof=T%3Ablack%3BLW%3A357%3BALC%3Ared%3BL%3Ahttp%3A%2F%2Fwww.sunbeach.net%2Fimages%2Fsunbeachlogo.gif%3BLC%3Ablue%3BLH%3A150%3BBGC%3Awhite%3BAH%3Acenter%3BVLC%3Anavy%3BAWFID%3A9aff2f55f2e0be09%3B
http://www.google.com/search?as_q=remove+duplicate+files&num=10&btnG=Google+Search&as_epq=&as_oq=&as_eq=&lr=&as_qdr=all&as_occt=any&as_dt=i&as_sitesearch=&safe=off
http://www.google.com/search?q=quake+servers
http://www.google.com/search?hl=en&q=postgresql+security
http://www.altavista.com/sites/search/web?q=%2Bquake+%2Bserver+%2Blist&kl=XX
http://www.google.com/search?q=teamplay+cvar
http://www.google.de/search?hl=de&q=quake+automatic+change+weapon+impulse&btnG=Google-Suche&meta=
http://www.google.com/search?q=ANSI+-92+-98+SQL&hl=sv&as_qdr=all&start=10&sa=N
http://google.yahoo.com/bin/query?p=example+createdb+postgres&b=21&hc=0&hs=0
http://www.google.com/search?q=Quake+%2Bservers&hl=da
http://www.google.com/search?hl=fr&q=postgresql+script+pgaccess+example&lr=
http://www.google.com/search?q=appgen+odbc+create&hl=en&start=10&sa=N
http://google.yahoo.com/bin/query?p=delete+old+messages+mbox+format&hc=0&hs=0
http://www.google.com/search?q=tools%20for%20postgresql&sourceid=opera&num=0
http://www.altavista.com/sites/search/web?q=quake+server&pg=q&kl=XX&stq=60
http://www.google.com/search?q=download+player.mdl
http://www.google.com/search?q=Postgres+SQL+Pg+Perl+Apache&hl=en&start=10&sa=N
http://search.dogpile.com/texis/search?q=junefest&geo=no&fs=web
http://search.dogpile.com/texis/search?q=junefest&geo=no&fs=web
http://www.google.com/search?q=postgresql+frontend&hl=de&start=10&sa=N
http://search.netscape.com/search.psp?cp=clkussrp&charset=UTF-8&search=backticks+in+perl
http://search.netscape.com/search.psp?cp=clkussrp&charset=UTF-8&search=backticks+in+perl
http://www.google.com/search?q=perl+writing+fixed+number+of+lines+to+files&hl=en&start=10&sa=N
http://www.altavista.com/sites/search/web?q=vote&kl=XX&prevq=%2Bquake3+%2Bbug
http://www.google.com/search?hl=en&q=%22String%3A%3AShellQuote%22
http://www.google.com/search?hl=en&q=automatic+weapons.alt
http://fr.altavista.com/q?pg=q&q=%22quake+servers%22&kl=XX&what=web&mm=1
http://images.google.com/imgres?imgurl=www.argon.org/~roderick/zombie.jpg&imgrefurl=http://www.argon.org/~roderick/&h=420&w=559&prev=/images%3Fq%3Dzombie%26start%3D20%26num%3D20%26hl%3Den%26sa%3DN
http://images.google.com/imgres?imgurl=www.argon.org/~roderick/zombie.jpg&imgrefurl=http://www.argon.org/~roderick/&h=420&w=559&prev=/images%3Fq%3Dzombie%26start%3D20%26num%3D20%26hl%3Den%26sa%3DN&frame=small
http://www.google.com/search?q=Gravity+Shoot+Download+Game+Orbit&hl=en&start=20&sa=N
http://www.google.com/search?q=Gravity+Shoot+Download+Game+Orbit&hl=en&start=20&sa=N
http://www.google.com/search?q=inn+mail2news&hl=en&sa=N&tab=gw
http://0.0.1.130/sites/search/res_text?pg=q&text=yes&q=quake+server+list
http://www.google.com/search?q=quake+server&hl=en&start=70&sa=N
http://search.msn.com/spbasic.htm?MT=isa%20server%20quake
http://www.google.com/search?hl=en&q=remove+duplicate+files
http://www.google.com/search?q=quake+servers&hl=sv&lr=
http://www.google.com/search?hl=en&q=quake+servers
http://search.excite.com/search.gw?c=web&search=Bluecherry+Artifact+Quake+&onload=
http://google.yahoo.com/bin/query?p=postgresql+install+verification&hc=0&hs=0
http://google.yahoo.com/bin/query?p=desi+and+arnas&hc=0&hs=0
http://www.google.com/search?q=The+proteus+Operation+by+Paul+Hogan&hl=en&start=30&sa=N
http://www.google.com/search?sourceid=navclient&q=postgresql+%22bitwise+and%22
http://www.google.com/search?hl=en&q=linux+quick+keys
http://www.altavista.com/sites/search/web?q=%22quake+servers%22&kl=XX
http://www.google.com/search?q=quake%2Bhell%27s%2Batrium%2Byou%27re%2Bmissing%2Bsomething%2Bimportant&hl=en
http://www.google.com/search?sourceid=navclient&q=removes+duplicate+files
http://www.google.com/search?q=kick+people+off+quake+servers