[
   {
      "class" : "Mojo::Transaction::HTTP",
      "request" : {
         "body" : "GET /v1/metrics/2019MNRAS.487.3523C HTTP/1.1\r\nAccept-Encoding: gzip\r\nAuthorization: Bearer TOKEN_REMOVED\r\nHost: api.adsabs.harvard.edu\r\nUser-Agent: Mojolicious (Perl)\r\n\r\n",
         "class" : "Mojo::Message::Request",
         "url" : {
            "host" : "api.adsabs.harvard.edu",
            "path" : "/v1/metrics/2019MNRAS.487.3523C",
            "query" : "",
            "scheme" : "https"
         }
      },
      "response" : {
         "body" : "HTTP/1.1 200 OK\r\nAccess-Control-Allow-Credentials: true\r\nAccess-Control-Allow-Origin: http://0.0.0.0:8000\r\nConnection: keep-alive\r\nContent-Length: 4531\r\nContent-Security-Policy: default-src 'self'; object-src 'none'\r\nContent-Type: application/json\r\nDate: Wed, 15 Oct 2025 14:31:45 GMT\r\nPermissions-Policy: browsing-topics=()\r\nReferrer-Policy: strict-origin-when-cross-origin\r\nRetry-After: 24001\r\nSet-Cookie: session=eyJfcGVybWFuZW50Ijp0cnVlfQ.aO-wUQ.oOz2lNXGj6yz9B17egDTwbEk5ho; Expires=Thu, 15 Oct 2026 20:31:45 GMT; Secure; HttpOnly; Path=/; SameSite=Lax\r\nStrict-Transport-Security: max-age=31556926; includeSubDomains\r\nVary: Origin, Cookie\r\nX-Content-Type-Options: nosniff\r\nX-Frame-Options: SAMEORIGIN\r\nX-RateLimit-Limit: 1000\r\nX-RateLimit-Remaining: 987\r\nX-RateLimit-Reset: 1760562707\r\n\r\n{\"skipped bibcodes\": [], \"basic stats\": {\"number of papers\": 1, \"normalized paper count\": 0.02564102564102564, \"total number of reads\": 849, \"average number of reads\": 849.0, \"median number of reads\": 849.0, \"recent number of reads\": 36, \"total number of downloads\": 401, \"average number of downloads\": 401.0, \"median number of downloads\": 401.0, \"recent number of downloads\": 17}, \"basic stats refereed\": {\"number of papers\": 1, \"normalized paper count\": 0.02564102564102564, \"total number of reads\": 849, \"average number of reads\": 849.0, \"median number of reads\": 849.0, \"recent number of reads\": 36, \"total number of downloads\": 401, \"average number of downloads\": 401.0, \"median number of downloads\": 401.0, \"recent number of downloads\": 17}, \"citation stats\": {\"number of citing papers\": 63, \"number of self-citations\": 0, \"self-citations\": [], \"total number of citations\": 63, \"average number of citations\": 63.0, \"median number of citations\": 63.0, \"normalized number of citations\": 1.6153846153846154, \"total number of refereed citations\": 51, \"average number of refereed citations\": 51.0, \"median number of refereed citations\": 51.0, \"normalized number of refereed citations\": 1.3076923076923077}, \"citation stats refereed\": {\"number of citing papers\": 63, \"number of self-citations\": 0, \"total number of citations\": 63, \"average number of citations\": 63.0, \"median number of citations\": 63.0, \"normalized number of citations\": 1.6153846153846154, \"total number of refereed citations\": 51, \"average number of refereed citations\": 51.0, \"median number of refereed citations\": 51.0, \"normalized number of refereed citations\": 1.3076923076923077}, \"histograms\": {\"reads\": {\"all reads\": {\"1996\": 0, \"1997\": 0, \"1998\": 0, \"1999\": 0, \"2000\": 0, \"2001\": 0, \"2002\": 0, \"2003\": 0, \"2004\": 0, \"2005\": 0, \"2006\": 0, \"2007\": 0, \"2008\": 0, \"2009\": 0, \"2010\": 0, \"2011\": 0, \"2012\": 0, \"2013\": 0, \"2014\": 0, \"2015\": 0, \"2016\": 0, \"2017\": 0, \"2018\": 0, \"2019\": 182, \"2020\": 245, \"2021\": 152, \"2022\": 72, \"2023\": 84, \"2024\": 78, \"2025\": 36}, \"all reads normalized\": {\"1996\": 0.0, \"1997\": 0.0, \"1998\": 0.0, \"1999\": 0.0, \"2000\": 0.0, \"2001\": 0.0, \"2002\": 0.0, \"2003\": 0.0, \"2004\": 0.0, \"2005\": 0.0, \"2006\": 0.0, \"2007\": 0.0, \"2008\": 0.0, \"2009\": 0.0, \"2010\": 0.0, \"2011\": 0.0, \"2012\": 0.0, \"2013\": 0.0, \"2014\": 0.0, \"2015\": 0.0, \"2016\": 0.0, \"2017\": 0.0, \"2018\": 0.0, \"2019\": 4.666666666666667, \"2020\": 6.282051282051282, \"2021\": 3.8974358974358974, \"2022\": 1.8461538461538463, \"2023\": 2.1538461538461537, \"2024\": 2.0, \"2025\": 0.9230769230769231}, \"refereed reads\": {\"1996\": 0, \"1997\": 0, \"1998\": 0, \"1999\": 0, \"2000\": 0, \"2001\": 0, \"2002\": 0, \"2003\": 0, \"2004\": 0, \"2005\": 0, \"2006\": 0, \"2007\": 0, \"2008\": 0, \"2009\": 0, \"2010\": 0, \"2011\": 0, \"2012\": 0, \"2013\": 0, \"2014\": 0, \"2015\": 0, \"2016\": 0, \"2017\": 0, \"2018\": 0, \"2019\": 182, \"2020\": 245, \"2021\": 152, \"2022\": 72, \"2023\": 84, \"2024\": 78, \"2025\": 36}, \"refereed reads normalized\": {\"1996\": 0.0, \"1997\": 0.0, \"1998\": 0.0, \"1999\": 0.0, \"2000\": 0.0, \"2001\": 0.0, \"2002\": 0.0, \"2003\": 0.0, \"2004\": 0.0, \"2005\": 0.0, \"2006\": 0.0, \"2007\": 0.0, \"2008\": 0.0, \"2009\": 0.0, \"2010\": 0.0, \"2011\": 0.0, \"2012\": 0.0, \"2013\": 0.0, \"2014\": 0.0, \"2015\": 0.0, \"2016\": 0.0, \"2017\": 0.0, \"2018\": 0.0, \"2019\": 4.666666666666667, \"2020\": 6.282051282051282, \"2021\": 3.8974358974358974, \"2022\": 1.8461538461538463, \"2023\": 2.1538461538461537, \"2024\": 2.0, \"2025\": 0.9230769230769231}}, \"citations\": {\"refereed to refereed\": {\"2019\": 4, \"2020\": 12, \"2021\": 9, \"2022\": 7, \"2023\": 5, \"2024\": 10, \"2025\": 4}, \"refereed to nonrefereed\": {\"2019\": 0, \"2020\": 0, \"2021\": 0, \"2022\": 0, \"2023\": 0, \"2024\": 0, \"2025\": 0}, \"nonrefereed to refereed\": {\"2019\": 0, \"2020\": 5, \"2021\": 4, \"2022\": 1, \"2023\": 1, \"2024\": 1, \"2025\": 0}, \"nonrefereed to nonrefereed\": {\"2019\": 0, \"2020\": 0, \"2021\": 0, \"2022\": 0, \"2023\": 0, \"2024\": 0, \"2025\": 0}, \"refereed to refereed normalized\": {\"2019\": 0.10256410256410256, \"2020\": 0.3076923076923077, \"2021\": 0.23076923076923073, \"2022\": 0.17948717948717946, \"2023\": 0.1282051282051282, \"2024\": 0.2564102564102564, \"2025\": 0.10256410256410256}, \"refereed to nonrefereed normalized\": {\"2019\": 0, \"2020\": 0, \"2021\": 0, \"2022\": 0, \"2023\": 0, \"2024\": 0, \"2025\": 0}, \"nonrefereed to refereed normalized\": {\"2019\": 0, \"2020\": 0.1282051282051282, \"2021\": 0.10256410256410256, \"2022\": 0.02564102564102564, \"2023\": 0.02564102564102564, \"2024\": 0.02564102564102564, \"2025\": 0}, \"nonrefereed to nonrefereed normalized\": {\"2019\": 0, \"2020\": 0, \"2021\": 0, \"2022\": 0, \"2023\": 0, \"2024\": 0, \"2025\": 0}}}}\n",
         "class" : "Mojo::Message::Response"
      },
      "txn_num" : 0
   },
   {
      "class" : "Mojo::Transaction::HTTP",
      "request" : {
         "body" : "POST /v1/metrics HTTP/1.1\r\nAccept-Encoding: gzip\r\nAuthorization: Bearer TOKEN_REMOVED\r\nContent-Length: 76\r\nContent-Type: application/json\r\nHost: api.adsabs.harvard.edu\r\nUser-Agent: Mojolicious (Perl)\r\n\r\n{\"bibcodes\":[\"2003ApJS..148..175S\",\"2007ApJS..170..377S\"],\"types\":[\"basic\"]}",
         "class" : "Mojo::Message::Request",
         "url" : {
            "host" : "api.adsabs.harvard.edu",
            "path" : "/v1/metrics",
            "query" : "",
            "scheme" : "https"
         }
      },
      "response" : {
         "body" : "HTTP/1.1 200 OK\r\nAccess-Control-Allow-Credentials: true\r\nAccess-Control-Allow-Origin: http://0.0.0.0:8000\r\nConnection: keep-alive\r\nContent-Length: 772\r\nContent-Security-Policy: default-src 'self'; object-src 'none'\r\nContent-Type: application/json\r\nDate: Wed, 15 Oct 2025 14:31:45 GMT\r\nPermissions-Policy: browsing-topics=()\r\nReferrer-Policy: strict-origin-when-cross-origin\r\nRetry-After: 24001\r\nSet-Cookie: session=eyJfcGVybWFuZW50Ijp0cnVlfQ.aO-wUQ.oOz2lNXGj6yz9B17egDTwbEk5ho; Expires=Thu, 15 Oct 2026 20:31:45 GMT; Secure; HttpOnly; Path=/; SameSite=Lax\r\nStrict-Transport-Security: max-age=31556926; includeSubDomains\r\nVary: Origin, Cookie\r\nX-Content-Type-Options: nosniff\r\nX-Frame-Options: SAMEORIGIN\r\nX-RateLimit-Limit: 1000\r\nX-RateLimit-Remaining: 990\r\nX-RateLimit-Reset: 1760562707\r\n\r\n{\"skipped bibcodes\": [], \"basic stats\": {\"number of papers\": 2, \"normalized paper count\": 0.10427807486631016, \"total number of reads\": 44276, \"average number of reads\": 22138.0, \"median number of reads\": 22138.0, \"recent number of reads\": 618, \"total number of downloads\": 17651, \"average number of downloads\": 8825.5, \"median number of downloads\": 8825.5, \"recent number of downloads\": 213}, \"basic stats refereed\": {\"number of papers\": 2, \"normalized paper count\": 0.10427807486631016, \"total number of reads\": 44276, \"average number of reads\": 22138.0, \"median number of reads\": 22138.0, \"recent number of reads\": 618, \"total number of downloads\": 17651, \"average number of downloads\": 8825.5, \"median number of downloads\": 8825.5, \"recent number of downloads\": 213}}\n",
         "class" : "Mojo::Message::Response"
      },
      "txn_num" : 1
   },
   {
      "class" : "Mojo::Transaction::HTTP",
      "request" : {
         "body" : "POST /v1/metrics HTTP/1.1\r\nAccept-Encoding: gzip\r\nAuthorization: Bearer TOKEN_REMOVED\r\nContent-Length: 108\r\nContent-Type: application/json\r\nHost: api.adsabs.harvard.edu\r\nUser-Agent: Mojolicious (Perl)\r\n\r\n{\"bibcodes\":[\"2003ApJS..148..175S\",\"2007ApJS..170..377S\"],\"histograms\":[\"citations\"],\"types\":[\"histograms\"]}",
         "class" : "Mojo::Message::Request",
         "url" : {
            "host" : "api.adsabs.harvard.edu",
            "path" : "/v1/metrics",
            "query" : "",
            "scheme" : "https"
         }
      },
      "response" : {
         "body" : "HTTP/1.1 200 OK\r\nAccess-Control-Allow-Credentials: true\r\nAccess-Control-Allow-Origin: http://0.0.0.0:8000\r\nConnection: keep-alive\r\nContent-Length: 3797\r\nContent-Security-Policy: default-src 'self'; object-src 'none'\r\nContent-Type: application/json\r\nDate: Wed, 15 Oct 2025 14:31:45 GMT\r\nPermissions-Policy: browsing-topics=()\r\nReferrer-Policy: strict-origin-when-cross-origin\r\nRetry-After: 24000\r\nSet-Cookie: session=eyJfcGVybWFuZW50Ijp0cnVlfQ.aO-wUQ.oOz2lNXGj6yz9B17egDTwbEk5ho; Expires=Thu, 15 Oct 2026 20:31:45 GMT; Secure; HttpOnly; Path=/; SameSite=Lax\r\nStrict-Transport-Security: max-age=31556926; includeSubDomains\r\nVary: Origin, Cookie\r\nX-Content-Type-Options: nosniff\r\nX-Frame-Options: SAMEORIGIN\r\nX-RateLimit-Limit: 1000\r\nX-RateLimit-Remaining: 989\r\nX-RateLimit-Reset: 1760562706\r\n\r\n{\"skipped bibcodes\": [], \"histograms\": {\"citations\": {\"refereed to refereed\": {\"1998\": 0, \"1999\": 0, \"2000\": 0, \"2001\": 2, \"2002\": 0, \"2003\": 394, \"2004\": 992, \"2005\": 1003, \"2006\": 1450, \"2007\": 1740, \"2008\": 1676, \"2009\": 1110, \"2010\": 923, \"2011\": 774, \"2012\": 654, \"2013\": 595, \"2014\": 493, \"2015\": 428, \"2016\": 353, \"2017\": 333, \"2018\": 317, \"2019\": 326, \"2020\": 294, \"2021\": 326, \"2022\": 306, \"2023\": 322, \"2024\": 383, \"2025\": 325, \"2026\": 3}, \"refereed to nonrefereed\": {\"1998\": 0, \"1999\": 0, \"2000\": 0, \"2001\": 0, \"2002\": 0, \"2003\": 0, \"2004\": 0, \"2005\": 0, \"2006\": 0, \"2007\": 0, \"2008\": 0, \"2009\": 0, \"2010\": 0, \"2011\": 0, \"2012\": 0, \"2013\": 0, \"2014\": 0, \"2015\": 0, \"2016\": 0, \"2017\": 0, \"2018\": 0, \"2019\": 0, \"2020\": 0, \"2021\": 0, \"2022\": 0, \"2023\": 0, \"2024\": 0, \"2025\": 0, \"2026\": 0}, \"nonrefereed to refereed\": {\"1998\": 1, \"1999\": 0, \"2000\": 0, \"2001\": 0, \"2002\": 2, \"2003\": 98, \"2004\": 167, \"2005\": 273, \"2006\": 274, \"2007\": 346, \"2008\": 257, \"2009\": 209, \"2010\": 123, \"2011\": 88, \"2012\": 84, \"2013\": 66, \"2014\": 53, \"2015\": 52, \"2016\": 66, \"2017\": 54, \"2018\": 47, \"2019\": 43, \"2020\": 42, \"2021\": 25, \"2022\": 21, \"2023\": 42, \"2024\": 38, \"2025\": 104, \"2026\": 0}, \"nonrefereed to nonrefereed\": {\"1998\": 0, \"1999\": 0, \"2000\": 0, \"2001\": 0, \"2002\": 0, \"2003\": 0, \"2004\": 0, \"2005\": 0, \"2006\": 0, \"2007\": 0, \"2008\": 0, \"2009\": 0, \"2010\": 0, \"2011\": 0, \"2012\": 0, \"2013\": 0, \"2014\": 0, \"2015\": 0, \"2016\": 0, \"2017\": 0, \"2018\": 0, \"2019\": 0, \"2020\": 0, \"2021\": 0, \"2022\": 0, \"2023\": 0, \"2024\": 0, \"2025\": 0, \"2026\": 0}, \"refereed to refereed normalized\": {\"1998\": 0, \"1999\": 0, \"2000\": 0, \"2001\": 0.11764705882352941, \"2002\": 0, \"2003\": 23.17647058823522, \"2004\": 58.35294117647198, \"2005\": 59.00000000000143, \"2006\": 79.27807486631215, \"2007\": 87.90106951871824, \"2008\": 83.33422459893184, \"2009\": 56.577540106952625, \"2010\": 47.395721925134275, \"2011\": 40.00802139037479, \"2012\": 34.29946524064205, \"2013\": 31.27005347593613, \"2014\": 26.23262032085583, \"2015\": 22.836898395722063, \"2016\": 18.879679144385033, \"2017\": 17.72994652406414, \"2018\": 16.86898395721919, \"2019\": 17.34491978609621, \"2020\": 15.83689839572184, \"2021\": 17.49197860962563, \"2022\": 16.516042780748595, \"2023\": 17.403743315507985, \"2024\": 20.737967914438578, \"2025\": 17.847593582887686, \"2026\": 0.16310160427807485}, \"refereed to nonrefereed normalized\": {\"1998\": 0, \"1999\": 0, \"2000\": 0, \"2001\": 0, \"2002\": 0, \"2003\": 0, \"2004\": 0, \"2005\": 0, \"2006\": 0, \"2007\": 0, \"2008\": 0, \"2009\": 0, \"2010\": 0, \"2011\": 0, \"2012\": 0, \"2013\": 0, \"2014\": 0, \"2015\": 0, \"2016\": 0, \"2017\": 0, \"2018\": 0, \"2019\": 0, \"2020\": 0, \"2021\": 0, \"2022\": 0, \"2023\": 0, \"2024\": 0, \"2025\": 0, \"2026\": 0}, \"nonrefereed to refereed normalized\": {\"1998\": 0.058823529411764705, \"1999\": 0, \"2000\": 0, \"2001\": 0, \"2002\": 0.11764705882352941, \"2003\": 5.764705882352928, \"2004\": 9.823529411764678, \"2005\": 16.045454545454497, \"2006\": 14.499999999999917, \"2007\": 17.304812834224542, \"2008\": 12.711229946524035, \"2009\": 10.542780748663096, \"2010\": 6.339572192513384, \"2011\": 4.481283422459895, \"2012\": 4.446524064171123, \"2013\": 3.4812834224598914, \"2014\": 2.7967914438502666, \"2015\": 2.8048128342245984, \"2016\": 3.548128342245987, \"2017\": 2.8155080213903734, \"2018\": 2.5374331550802136, \"2019\": 2.3422459893048124, \"2020\": 2.2299465240641707, \"2021\": 1.296791443850267, \"2022\": 1.141711229946524, \"2023\": 2.2299465240641707, \"2024\": 2.0882352941176467, \"2025\": 5.689839572192518, \"2026\": 0}, \"nonrefereed to nonrefereed normalized\": {\"1998\": 0, \"1999\": 0, \"2000\": 0, \"2001\": 0, \"2002\": 0, \"2003\": 0, \"2004\": 0, \"2005\": 0, \"2006\": 0, \"2007\": 0, \"2008\": 0, \"2009\": 0, \"2010\": 0, \"2011\": 0, \"2012\": 0, \"2013\": 0, \"2014\": 0, \"2015\": 0, \"2016\": 0, \"2017\": 0, \"2018\": 0, \"2019\": 0, \"2020\": 0, \"2021\": 0, \"2022\": 0, \"2023\": 0, \"2024\": 0, \"2025\": 0, \"2026\": 0}}}}\n",
         "class" : "Mojo::Message::Response"
      },
      "txn_num" : 2
   },
   {
      "class" : "Mojo::Transaction::HTTP",
      "request" : {
         "body" : "POST /v1/metrics/detail HTTP/1.1\r\nAccept-Encoding: gzip\r\nAuthorization: Bearer TOKEN_REMOVED\r\nContent-Length: 58\r\nContent-Type: application/json\r\nHost: api.adsabs.harvard.edu\r\nUser-Agent: Mojolicious (Perl)\r\n\r\n{\"bibcodes\":[\"2003ApJS..148..175S\",\"2007ApJS..170..377S\"]}",
         "class" : "Mojo::Message::Request",
         "url" : {
            "host" : "api.adsabs.harvard.edu",
            "path" : "/v1/metrics/detail",
            "query" : "",
            "scheme" : "https"
         }
      },
      "response" : {
         "body" : "HTTP/1.1 200 OK\r\nAccess-Control-Allow-Credentials: true\r\nAccess-Control-Allow-Origin: http://0.0.0.0:8000\r\nConnection: keep-alive\r\nContent-Length: 2607\r\nContent-Security-Policy: default-src 'self'; object-src 'none'\r\nContent-Type: application/json\r\nDate: Wed, 15 Oct 2025 14:31:46 GMT\r\nPermissions-Policy: browsing-topics=()\r\nReferrer-Policy: strict-origin-when-cross-origin\r\nRetry-After: 24000\r\nSet-Cookie: session=eyJfcGVybWFuZW50Ijp0cnVlfQ.aO-wUg.slUvkoIrLbKbfURcaDS-pC_7r9U; Expires=Thu, 15 Oct 2026 20:31:46 GMT; Secure; HttpOnly; Path=/; SameSite=Lax\r\nStrict-Transport-Security: max-age=31556926; includeSubDomains\r\nVary: Origin, Cookie\r\nX-Content-Type-Options: nosniff\r\nX-Frame-Options: SAMEORIGIN\r\nX-RateLimit-Limit: 1000\r\nX-RateLimit-Remaining: 986\r\nX-RateLimit-Reset: 1760562707\r\n\r\n{\"skipped bibcodes\": [], \"2003ApJS..148..175S\": {\"citations\": {\"1998\": 1, \"1999\": 0, \"2000\": 0, \"2001\": 2, \"2002\": 2, \"2003\": 492, \"2004\": 1159, \"2005\": 1275, \"2006\": 1153, \"2007\": 777, \"2008\": 612, \"2009\": 536, \"2010\": 463, \"2011\": 397, \"2012\": 389, \"2013\": 352, \"2014\": 315, \"2015\": 286, \"2016\": 253, \"2017\": 221, \"2018\": 214, \"2019\": 218, \"2020\": 209, \"2021\": 212, \"2022\": 209, \"2023\": 231, \"2024\": 276, \"2025\": 302, \"2026\": 2}, \"ref_citations\": {\"1998\": 0, \"1999\": 0, \"2000\": 0, \"2001\": 2, \"2002\": 0, \"2003\": 394, \"2004\": 992, \"2005\": 1003, \"2006\": 1000, \"2007\": 659, \"2008\": 535, \"2009\": 458, \"2010\": 407, \"2011\": 361, \"2012\": 342, \"2013\": 316, \"2014\": 286, \"2015\": 253, \"2016\": 212, \"2017\": 194, \"2018\": 184, \"2019\": 189, \"2020\": 185, \"2021\": 200, \"2022\": 195, \"2023\": 207, \"2024\": 249, \"2025\": 230, \"2026\": 2}, \"reads\": {\"2003\": 839, \"2004\": 1999, \"2005\": 1838, \"2006\": 1909, \"2007\": 1719, \"2008\": 1405, \"2009\": 1243, \"2010\": 1355, \"2011\": 1368, \"2012\": 1348, \"2013\": 929, \"2014\": 919, \"2015\": 743, \"2016\": 797, \"2017\": 787, \"2018\": 884, \"2019\": 929, \"2020\": 727, \"2021\": 474, \"2022\": 560, \"2023\": 595, \"2024\": 636, \"2025\": 392}, \"downloads\": {\"2003\": 469, \"2004\": 1159, \"2005\": 1083, \"2006\": 910, \"2007\": 651, \"2008\": 539, \"2009\": 483, \"2010\": 502, \"2011\": 420, \"2012\": 390, \"2013\": 343, \"2014\": 268, \"2015\": 244, \"2016\": 272, \"2017\": 257, \"2018\": 251, \"2019\": 217, \"2020\": 207, \"2021\": 191, \"2022\": 223, \"2023\": 232, \"2024\": 228, \"2025\": 143}}, \"2007ApJS..170..377S\": {\"citations\": {\"2005\": 1, \"2006\": 571, \"2007\": 1309, \"2008\": 1321, \"2009\": 783, \"2010\": 583, \"2011\": 465, \"2012\": 349, \"2013\": 309, \"2014\": 231, \"2015\": 194, \"2016\": 166, \"2017\": 166, \"2018\": 150, \"2019\": 151, \"2020\": 127, \"2021\": 139, \"2022\": 118, \"2023\": 133, \"2024\": 145, \"2025\": 127, \"2026\": 1}, \"ref_citations\": {\"2005\": 0, \"2006\": 450, \"2007\": 1081, \"2008\": 1141, \"2009\": 652, \"2010\": 516, \"2011\": 413, \"2012\": 312, \"2013\": 279, \"2014\": 207, \"2015\": 175, \"2016\": 141, \"2017\": 139, \"2018\": 133, \"2019\": 137, \"2020\": 109, \"2021\": 126, \"2022\": 111, \"2023\": 115, \"2024\": 134, \"2025\": 95, \"2026\": 1}, \"reads\": {\"2007\": 3471, \"2008\": 2263, \"2009\": 1707, \"2010\": 1563, \"2011\": 1571, \"2012\": 1311, \"2013\": 811, \"2014\": 814, \"2015\": 627, \"2016\": 561, \"2017\": 533, \"2018\": 643, \"2019\": 617, \"2020\": 514, \"2021\": 358, \"2022\": 396, \"2023\": 357, \"2024\": 356, \"2025\": 226}, \"downloads\": {\"2007\": 1752, \"2008\": 1092, \"2009\": 742, \"2010\": 628, \"2011\": 558, \"2012\": 431, \"2013\": 295, \"2014\": 278, \"2015\": 221, \"2016\": 203, \"2017\": 185, \"2018\": 167, \"2019\": 161, \"2020\": 124, \"2021\": 142, \"2022\": 160, \"2023\": 137, \"2024\": 128, \"2025\": 70}}}\n",
         "class" : "Mojo::Message::Response"
      },
      "txn_num" : 3
   }
]
