[
   {
      "class" : "Mojo::Transaction::HTTP",
      "request" : {
         "body" : "GET /v1/search/query?fl=bibcode&q=star HTTP/1.1\r\nAccept-Encoding: gzip\r\nAuthorization: Bearer TOKEN_REMOVED\r\nHost: api.adsabs.harvard.edu\r\nUser-Agent: Mojolicious (Perl)\r\n\r\n",
         "class" : "Mojo::Message::Request",
         "url" : {
            "host" : "api.adsabs.harvard.edu",
            "path" : "/v1/search/query",
            "query" : "fl=bibcode&q=star",
            "scheme" : "https"
         }
      },
      "response" : {
         "body" : "HTTP/1.1 200 OK\r\nAccess-Control-Allow-Credentials: true\r\nAccess-Control-Allow-Origin: http://0.0.0.0:8000\r\nConnection: keep-alive\r\nContent-Length: 839\r\nContent-Security-Policy: default-src 'self'; object-src 'none'\r\nContent-Type: application/json\r\nDate: Wed, 12 Nov 2025 12:20:10 GMT\r\nPermissions-Policy: browsing-topics=()\r\nReferrer-Policy: strict-origin-when-cross-origin\r\nRetry-After: 18265\r\nSet-Cookie: session=eyJfcGVybWFuZW50Ijp0cnVlfQ.aRR7eg.rk_SEGCOC6GgjM8ShkTGWdEVaZc; Expires=Thu, 12 Nov 2026 18:20:10 GMT; Secure; HttpOnly; Path=/; SameSite=Lax\r\nStrict-Transport-Security: max-age=31556926; includeSubDomains\r\nVary: Origin, Cookie\r\nX-Content-Type-Options: nosniff\r\nX-Frame-Options: SAMEORIGIN\r\nX-RateLimit-Limit: 5000\r\nX-RateLimit-Remaining: 4968\r\nX-RateLimit-Reset: 1762968276\r\n\r\n{\n  \"responseHeader\":{\n    \"status\":0,\n    \"QTime\":623,\n    \"params\":{\n      \"q\":\"star\",\n      \"fl\":\"bibcode\",\n      \"start\":\"0\",\n      \"internal_logging_params\":\"X-Amzn-Trace-Id=Root=1-69147b7a-0f5ad1ad3cec32561cd41288\",\n      \"rows\":\"10\",\n      \"wt\":\"json\"}},\n  \"response\":{\"numFound\":688846,\"start\":0,\"numFoundExact\":true,\"docs\":[\n      {\n        \"bibcode\":\"2003NanoL...3..459S\"},\n      {\n        \"bibcode\":\"2011Natur.477..207S\"},\n      {\n        \"bibcode\":\"2006PNAS..103..921S\"},\n      {\n        \"bibcode\":\"2011NIMPA.659..106A\"},\n      {\n        \"bibcode\":\"2004NanoL...4.1587S\"},\n      {\n        \"bibcode\":\"2003MaMol..36..553S\"},\n      {\n        \"bibcode\":\"2004AdM....16.2049S\"},\n      {\n        \"bibcode\":\"2003NanoL...3.1421S\"},\n      {\n        \"bibcode\":\"2006nucl.ex...1042S\"},\n      {\n        \"bibcode\":\"2014ApJ...784...44L\"}]\n  }}\n",
         "class" : "Mojo::Message::Response"
      },
      "txn_num" : 0
   },
   {
      "class" : "Mojo::Transaction::HTTP",
      "request" : {
         "body" : "GET /v1/search/query?fl=bibcode&q=dark+energy HTTP/1.1\r\nAccept-Encoding: gzip\r\nAuthorization: Bearer TOKEN_REMOVED\r\nHost: api.adsabs.harvard.edu\r\nUser-Agent: Mojolicious (Perl)\r\n\r\n",
         "class" : "Mojo::Message::Request",
         "url" : {
            "host" : "api.adsabs.harvard.edu",
            "path" : "/v1/search/query",
            "query" : "fl=bibcode&q=dark+energy",
            "scheme" : "https"
         }
      },
      "response" : {
         "body" : "HTTP/1.1 200 OK\r\nAccess-Control-Allow-Credentials: true\r\nAccess-Control-Allow-Origin: http://0.0.0.0:8000\r\nConnection: keep-alive\r\nContent-Length: 846\r\nContent-Security-Policy: default-src 'self'; object-src 'none'\r\nContent-Type: application/json\r\nDate: Wed, 12 Nov 2025 12:20:12 GMT\r\nPermissions-Policy: browsing-topics=()\r\nReferrer-Policy: strict-origin-when-cross-origin\r\nRetry-After: 18263\r\nSet-Cookie: session=eyJfcGVybWFuZW50Ijp0cnVlfQ.aRR7fA.k9Kr4iMgL1MSTnxZYQWXhFoBwyM; Expires=Thu, 12 Nov 2026 18:20:12 GMT; Secure; HttpOnly; Path=/; SameSite=Lax\r\nStrict-Transport-Security: max-age=31556926; includeSubDomains\r\nVary: Origin, Cookie\r\nX-Content-Type-Options: nosniff\r\nX-Frame-Options: SAMEORIGIN\r\nX-RateLimit-Limit: 5000\r\nX-RateLimit-Remaining: 4967\r\nX-RateLimit-Reset: 1762968276\r\n\r\n{\n  \"responseHeader\":{\n    \"status\":0,\n    \"QTime\":1433,\n    \"params\":{\n      \"q\":\"dark energy\",\n      \"fl\":\"bibcode\",\n      \"start\":\"0\",\n      \"internal_logging_params\":\"X-Amzn-Trace-Id=Root=1-69147b7a-335bf8741b36acbd56d09ee6\",\n      \"rows\":\"10\",\n      \"wt\":\"json\"}},\n  \"response\":{\"numFound\":83185,\"start\":0,\"numFoundExact\":true,\"docs\":[\n      {\n        \"bibcode\":\"2006IJMPD..15.1753C\"},\n      {\n        \"bibcode\":\"2003RvMP...75..559P\"},\n      {\n        \"bibcode\":\"2016MNRAS.460.1270D\"},\n      {\n        \"bibcode\":\"2010LRR....13....3D\"},\n      {\n        \"bibcode\":\"2024AJ....168...58D\"},\n      {\n        \"bibcode\":\"2025arXiv250314745D\"},\n      {\n        \"bibcode\":\"2015AJ....150..150F\"},\n      {\n        \"bibcode\":\"2025JCAP...02..021A\"},\n      {\n        \"bibcode\":\"2005astro.ph.10346T\"},\n      {\n        \"bibcode\":\"2004PhLB..603....1L\"}]\n  }}\n",
         "class" : "Mojo::Message::Response"
      },
      "txn_num" : 1
   },
   {
      "class" : "Mojo::Transaction::HTTP",
      "request" : {
         "body" : "GET /v1/search/query?fl=bibcode&q=star+neutron HTTP/1.1\r\nAccept-Encoding: gzip\r\nAuthorization: Bearer TOKEN_REMOVED\r\nHost: api.adsabs.harvard.edu\r\nUser-Agent: Mojolicious (Perl)\r\n\r\n",
         "class" : "Mojo::Message::Request",
         "url" : {
            "host" : "api.adsabs.harvard.edu",
            "path" : "/v1/search/query",
            "query" : "fl=bibcode&q=star+neutron",
            "scheme" : "https"
         }
      },
      "response" : {
         "body" : "HTTP/1.1 200 OK\r\nAccess-Control-Allow-Credentials: true\r\nAccess-Control-Allow-Origin: http://0.0.0.0:8000\r\nConnection: keep-alive\r\nContent-Length: 847\r\nContent-Security-Policy: default-src 'self'; object-src 'none'\r\nContent-Type: application/json\r\nDate: Wed, 12 Nov 2025 12:20:13 GMT\r\nPermissions-Policy: browsing-topics=()\r\nReferrer-Policy: strict-origin-when-cross-origin\r\nRetry-After: 18262\r\nSet-Cookie: session=eyJfcGVybWFuZW50Ijp0cnVlfQ.aRR7fQ.MrhelOzf15dK6r9HzUytgCS49uY; Expires=Thu, 12 Nov 2026 18:20:13 GMT; Secure; HttpOnly; Path=/; SameSite=Lax\r\nStrict-Transport-Security: max-age=31556926; includeSubDomains\r\nVary: Origin, Cookie\r\nX-Content-Type-Options: nosniff\r\nX-Frame-Options: SAMEORIGIN\r\nX-RateLimit-Limit: 5000\r\nX-RateLimit-Remaining: 4966\r\nX-RateLimit-Reset: 1762968276\r\n\r\n{\n  \"responseHeader\":{\n    \"status\":0,\n    \"QTime\":1273,\n    \"params\":{\n      \"q\":\"star neutron\",\n      \"fl\":\"bibcode\",\n      \"start\":\"0\",\n      \"internal_logging_params\":\"X-Amzn-Trace-Id=Root=1-69147b7c-53ec0775775abfed78c32494\",\n      \"rows\":\"10\",\n      \"wt\":\"json\"}},\n  \"response\":{\"numFound\":64810,\"start\":0,\"numFoundExact\":true,\"docs\":[\n      {\n        \"bibcode\":\"2019ApJ...887L..21R\"},\n      {\n        \"bibcode\":\"2017ApJ...848L..12A\"},\n      {\n        \"bibcode\":\"1979ApJ...232..259G\"},\n      {\n        \"bibcode\":\"2003ApJ...591..288H\"},\n      {\n        \"bibcode\":\"2016ApJ...821...38S\"},\n      {\n        \"bibcode\":\"2025MNRAS.541.4011G\"},\n      {\n        \"bibcode\":\"1998PhRvC..58.1804A\"},\n      {\n        \"bibcode\":\"2001ApJ...550..426L\"},\n      {\n        \"bibcode\":\"2019ApJ...887L..24M\"},\n      {\n        \"bibcode\":\"2002A&A...387..993P\"}]\n  }}\n",
         "class" : "Mojo::Message::Response"
      },
      "txn_num" : 2
   },
   {
      "class" : "Mojo::Transaction::HTTP",
      "request" : {
         "body" : "GET /v1/search/qtree?fl=bibcode&q=star HTTP/1.1\r\nAccept-Encoding: gzip\r\nAuthorization: Bearer TOKEN_REMOVED\r\nHost: api.adsabs.harvard.edu\r\nUser-Agent: Mojolicious (Perl)\r\n\r\n",
         "class" : "Mojo::Message::Request",
         "url" : {
            "host" : "api.adsabs.harvard.edu",
            "path" : "/v1/search/qtree",
            "query" : "fl=bibcode&q=star",
            "scheme" : "https"
         }
      },
      "response" : {
         "body" : "HTTP/1.1 200 OK\r\nAccess-Control-Allow-Credentials: true\r\nAccess-Control-Allow-Origin: http://0.0.0.0:8000\r\nConnection: keep-alive\r\nContent-Length: 577\r\nContent-Security-Policy: default-src 'self'; object-src 'none'\r\nContent-Type: application/json\r\nDate: Wed, 12 Nov 2025 12:20:14 GMT\r\nPermissions-Policy: browsing-topics=()\r\nReferrer-Policy: strict-origin-when-cross-origin\r\nRetry-After: 67580\r\nSet-Cookie: session=eyJfcGVybWFuZW50Ijp0cnVlfQ.aRR7fg.QeGpr1P_-rFEstkG5_ouWc8CnxA; Expires=Thu, 12 Nov 2026 18:20:14 GMT; Secure; HttpOnly; Path=/; SameSite=Lax\r\nStrict-Transport-Security: max-age=31556926; includeSubDomains\r\nVary: Origin, Cookie\r\nX-Content-Type-Options: nosniff\r\nX-Frame-Options: SAMEORIGIN\r\nX-RateLimit-Limit: 500\r\nX-RateLimit-Remaining: 494\r\nX-RateLimit-Reset: 1763017595\r\n\r\n{\n  \"responseHeader\":{\n    \"status\":0,\n    \"QTime\":0},\n  \"qtree\":\"\\n{\\\"name\\\":\\\"OPERATOR\\\", \\\"label\\\":\\\"DEFOP\\\", \\\"children\\\": [\\n    {\\\"name\\\":\\\"MODIFIER\\\", \\\"label\\\":\\\"MODIFIER\\\", \\\"children\\\": [\\n        {\\\"name\\\":\\\"TMODIFIER\\\", \\\"label\\\":\\\"TMODIFIER\\\", \\\"children\\\": [\\n            {\\\"name\\\":\\\"FIELD\\\", \\\"label\\\":\\\"FIELD\\\", \\\"children\\\": [\\n                {\\\"name\\\":\\\"QNORMAL\\\", \\\"label\\\":\\\"QNORMAL\\\", \\\"children\\\": [\\n                    {\\\"name\\\":\\\"TERM_NORMAL\\\", \\\"input\\\":\\\"star\\\", \\\"start\\\":0, \\\"end\\\":3}]\\n                }]\\n            }]\\n        }]\\n    }]\\n}\"}\n",
         "class" : "Mojo::Message::Response"
      },
      "txn_num" : 3
   },
   {
      "class" : "Mojo::Transaction::HTTP",
      "request" : {
         "body" : "POST /v1/search/bigquery?fl=bibcode&q=*%3A* HTTP/1.1\r\nAccept-Encoding: gzip\r\nAuthorization: Bearer TOKEN_REMOVED\r\nContent-Length: 207\r\nHost: api.adsabs.harvard.edu\r\nUser-Agent: Mojolicious (Perl)\r\n\r\nbibcode\n2003NanoL...3..459S\n2011Natur.477..207S\n2006PNAS..103..921S\n2011NIMPA.659..106A\n2004NanoL...4.1587S\n2003MaMol..36..553S\n2004AdM....16.2049S\n2003NanoL...3.1421S\n2006nucl.ex...1042S\n2014ApJ...784...44L",
         "class" : "Mojo::Message::Request",
         "url" : {
            "host" : "api.adsabs.harvard.edu",
            "path" : "/v1/search/bigquery",
            "query" : "fl=bibcode&q=*%3A*",
            "scheme" : "https"
         }
      },
      "response" : {
         "body" : "HTTP/1.1 200 OK\r\nAccess-Control-Allow-Credentials: true\r\nAccess-Control-Allow-Origin: http://0.0.0.0:8000\r\nConnection: keep-alive\r\nContent-Length: 857\r\nContent-Security-Policy: default-src 'self'; object-src 'none'\r\nContent-Type: application/json\r\nDate: Wed, 12 Nov 2025 12:20:14 GMT\r\nPermissions-Policy: browsing-topics=()\r\nReferrer-Policy: strict-origin-when-cross-origin\r\nRetry-After: 18262\r\nSet-Cookie: session=eyJfcGVybWFuZW50Ijp0cnVlfQ.aRR7fg.QeGpr1P_-rFEstkG5_ouWc8CnxA; Expires=Thu, 12 Nov 2026 18:20:14 GMT; Secure; HttpOnly; Path=/; SameSite=Lax\r\nStrict-Transport-Security: max-age=31556926; includeSubDomains\r\nVary: Origin, Cookie\r\nX-Content-Type-Options: nosniff\r\nX-Frame-Options: SAMEORIGIN\r\nX-RateLimit-Limit: 100\r\nX-RateLimit-Remaining: 83\r\nX-RateLimit-Reset: 1762968277\r\n\r\n{\n  \"responseHeader\":{\n    \"status\":0,\n    \"QTime\":21,\n    \"params\":{\n      \"q\":\"*:*\",\n      \"fl\":\"bibcode\",\n      \"start\":\"0\",\n      \"internal_logging_params\":\"X-Amzn-Trace-Id=Root=1-69147b7e-3ccefd1f0126c540226b16ce\",\n      \"fq\":\"{!bitset}\",\n      \"rows\":\"10\",\n      \"wt\":\"json\"}},\n  \"response\":{\"numFound\":10,\"start\":0,\"numFoundExact\":true,\"docs\":[\n      {\n        \"bibcode\":\"2011NIMPA.659..106A\"},\n      {\n        \"bibcode\":\"2003NanoL...3..459S\"},\n      {\n        \"bibcode\":\"2014ApJ...784...44L\"},\n      {\n        \"bibcode\":\"2011Natur.477..207S\"},\n      {\n        \"bibcode\":\"2006PNAS..103..921S\"},\n      {\n        \"bibcode\":\"2004NanoL...4.1587S\"},\n      {\n        \"bibcode\":\"2003MaMol..36..553S\"},\n      {\n        \"bibcode\":\"2004AdM....16.2049S\"},\n      {\n        \"bibcode\":\"2003NanoL...3.1421S\"},\n      {\n        \"bibcode\":\"2006nucl.ex...1042S\"}]\n  }}\n",
         "class" : "Mojo::Message::Response"
      },
      "txn_num" : 4
   }
]
