# hmmscan :: search sequence(s) against a profile database
# HMMER i1.1rc3 (June 2013); http://hmmer.org/
# Copyright (C) 2013 Howard Hughes Medical Institute.
# Freely distributed under the GNU General Public License (GPLv3).
# - - - - - - - - - - - - - - - - - - - - - - - - - - - - - - - - - - - -
# query sequence file:             /tmp/YCMOqrwDoY/10.seq
# target HMM database:             /lustre/scratch118/infgen/pathogen/pathpipe/prokka/hmm/CLUSTERS.hmm
# output directed to file:         /tmp/YCMOqrwDoY/10.seq.out
# prefer accessions over names:    yes
# show alignments in output:       no
# max ASCII text line length:      unlimited
# profile reporting threshold:     E-value <= 1e-06
# number of worker threads:        2
# - - - - - - - - - - - - - - - - - - - - - - - - - - - - - - - - - - - -

Query:       10  [L=199]
Scores for complete sequence (score includes all domains):
   --- full sequence ---   --- best 1 domain ---    -#dom-
    E-value  score  bias    E-value  score  bias    exp  N  Model    Description
    ------- ------ -----    ------- ------ -----   ---- --  -------- -----------

   [No hits detected that satisfy reporting thresholds]


Domain annotation for each model:

   [No targets detected that satisfy reporting thresholds]


Internal pipeline statistics summary:
-------------------------------------
Query sequence(s):                         1  (199 residues searched)
Target model(s):                        7783  (2606136 nodes)
Passed MSV filter:                       150  (0.0192728); expected 155.7 (0.02)
Passed bias filter:                      136  (0.017474); expected 155.7 (0.02)
Passed Vit filter:                         8  (0.00102788); expected 7.8 (0.001)
Passed Fwd filter:                         0  (0); expected 0.1 (1e-05)
Initial search space (Z):               7783  [actual number of targets]
Domain search space  (domZ):               0  [number of targets reported over threshold]
# CPU time: 0.26u 0.54s 00:00:00.80 Elapsed: 00:00:02.41
# Mc/sec: 215.20
//
[ok]