Name "FindBin::Bin" used only once: possible typo at z.pl line 8.
$VAR1 = {
          'PaymentMethod' => 'Other',
          'LastUpdateDate' => '2017-01-05T20:47:42Z',
          'SellerOrderId' => '112-5414207-2009805',
          'ShipmentServiceLevelCategory' => 'Standard',
          'IsPrime' => 'false',
          'EarliestShipDate' => '2017-01-05T20:45:55Z',
          'OrderType' => 'StandardOrder',
          'LatestShipDate' => '2017-01-05T20:45:55Z',
          'IsPremiumOrder' => 'false',
          'NumberOfItemsUnshipped' => '0',
          'NumberOfItemsShipped' => '1',
          'MarketplaceId' => 'ATVPDKIKX0DER',
          'PurchaseDate' => '2017-01-05T07:18:47Z',
          'IsBusinessOrder' => 'false',
          'ShipServiceLevel' => 'Standard',
          'SalesChannel' => 'Amazon.com',
          'FulfillmentChannel' => 'AFN',
          'OrderStatus' => 'Shipped',
          'OrderTotal' => {
                          'Amount' => '18.99',
                          'CurrencyCode' => 'USD'
                        },
          'BuyerName' => 'Karen N. Fleischer',
          'ShippingAddress' => {
                               'PostalCode' => '66866-1247',
                               'AddressLine1' => '602 N WALNUT ST',
                               'StateOrRegion' => 'KS',
                               'City' => 'PEABODY',
                               'Name' => 'Karen Fleischer',
                               'CountryCode' => 'US'
                             },
          'BuyerEmail' => '1wxwbbmphthl0lh@marketplace.amazon.com',
          'AmazonOrderId' => '112-5414207-2009805'
        };
$VAR1 = {
          'd_zip' => '66866',
          'd_last' => 'Fleischer',
          'd_first' => 'Karen',
          'd_city' => 'PEABODY',
          'd_state' => 'KS',
          'd_fulladdr' => '602 N WALNUT ST'
        };
$VAR1 = {
          'datafinder' => {
                            'input-query' => {
                                               'FirstName' => 'Karen',
                                               'PostalCode' => '66866',
                                               'Street' => 'N WALNUT ST',
                                               'Address' => '602 N WALNUT ST',
                                               'City' => 'PEABODY',
                                               'State' => 'KS',
                                               'HouseNum' => '602',
                                               'LastName' => 'Fleischer'
                                             },
                            'version' => '2.0',
                            'query-id' => '8fd52331d6ed8475c09b01f424872488',
                            'query-time' => '0.377',
                            'num-results' => 0
                          }
        };
$VAR1 = {
          'PaymentMethod' => 'Other',
          'LastUpdateDate' => '2017-01-06T04:32:19Z',
          'SellerOrderId' => '107-5748358-0977037',
          'ShipmentServiceLevelCategory' => 'SecondDay',
          'IsPrime' => 'false',
          'EarliestShipDate' => '2017-01-06T04:23:12Z',
          'OrderType' => 'StandardOrder',
          'LatestShipDate' => '2017-01-06T04:23:12Z',
          'IsPremiumOrder' => 'false',
          'NumberOfItemsUnshipped' => '0',
          'NumberOfItemsShipped' => '1',
          'MarketplaceId' => 'ATVPDKIKX0DER',
          'PurchaseDate' => '2017-01-05T07:21:13Z',
          'IsBusinessOrder' => 'false',
          'ShipServiceLevel' => 'SecondDay',
          'SalesChannel' => 'Amazon.com',
          'FulfillmentChannel' => 'AFN',
          'OrderStatus' => 'Shipped',
          'OrderTotal' => {
                          'Amount' => '14.99',
                          'CurrencyCode' => 'USD'
                        },
          'BuyerName' => 'Judith Mader',
          'ShippingAddress' => {
                               'PostalCode' => '94501-2712',
                               'AddressLine1' => '2023 LINCOLN AVE UNIT A',
                               'StateOrRegion' => 'CA',
                               'City' => 'ALAMEDA',
                               'Name' => 'Judith Mader',
                               'CountryCode' => 'US'
                             },
          'BuyerEmail' => 'fzy7jqlkt8n0xqw@marketplace.amazon.com',
          'AmazonOrderId' => '107-5748358-0977037'
        };
$VAR1 = {
          'd_zip' => '94501',
          'd_last' => 'Mader',
          'd_first' => 'Judith',
          'd_city' => 'ALAMEDA',
          'd_state' => 'CA',
          'd_fulladdr' => '2023 LINCOLN AVE UNIT A'
        };
$VAR1 = {
          'datafinder' => {
                            'input-query' => {
                                               'FirstName' => 'Judith',
                                               'PostalCode' => '94501',
                                               'Street' => 'LINCOLN AVE',
                                               'Address' => '2023 LINCOLN AVE # A',
                                               'City' => 'ALAMEDA',
                                               'State' => 'CA',
                                               'HouseNum' => '2023',
                                               'LastName' => 'Mader',
                                               'Unit' => '# A'
                                             },
                            'version' => '2.0',
                            'query-id' => 'c0a26aac405664b2f29ee1bd6d14dd3a',
                            'query-time' => '0.500',
                            'num-results' => 1,
                            'results' => [
                                           {
                                             'FirstName' => 'JUDITH',
                                             'Address' => '359 RAVELLO LN',
                                             'City' => 'COSTA MESA',
                                             'State' => 'CA',
                                             'Zip4' => '1425',
                                             'Zip' => '92627',
                                             'LastName' => 'MADER',
                                             'MiddleName' => 'M',
                                             'EmailAddr' => 'JOEMADER@AOL.COM',
                                             '#RawScore' => '22.7',
                                             'EmailAddrUsable' => 'YES',
                                             '#RawMatchCodes' => 'F0,L0,S0,LF0,-0F,PINDIV3,R1',
                                             '#WeightedScore' => '82.214',
                                             'URLSource' => 'BLIZZARDWHITE.COM',
                                             'Country' => 'US',
                                             'IP' => '107.185.86.49'
                                           }
                                         ]
                          }
        };
$VAR1 = {
          'PaymentMethod' => 'Other',
          'LastUpdateDate' => '2017-01-08T18:01:41Z',
          'SellerOrderId' => '113-1689655-6657013',
          'ShipmentServiceLevelCategory' => 'Standard',
          'IsPrime' => 'false',
          'EarliestShipDate' => '2017-01-08T17:54:44Z',
          'OrderType' => 'StandardOrder',
          'LatestShipDate' => '2017-01-08T17:54:44Z',
          'IsPremiumOrder' => 'false',
          'NumberOfItemsUnshipped' => '0',
          'NumberOfItemsShipped' => '1',
          'MarketplaceId' => 'ATVPDKIKX0DER',
          'PurchaseDate' => '2017-01-05T07:26:54Z',
          'IsBusinessOrder' => 'false',
          'ShipServiceLevel' => 'Standard',
          'SalesChannel' => 'Amazon.com',
          'FulfillmentChannel' => 'AFN',
          'OrderStatus' => 'Shipped',
          'OrderTotal' => {
                          'Amount' => '9.60',
                          'CurrencyCode' => 'USD'
                        },
          'BuyerName' => 'Glenda L Close',
          'ShippingAddress' => {
                               'PostalCode' => '79081',
                               'AddressLine1' => 'c/o Hansford County Hospital District',
                               'StateOrRegion' => 'TX',
                               'AddressLine2' => '707 Roland Street',
                               'City' => 'Spearman',
                               'Name' => 'Glenda Close',
                               'CountryCode' => 'US'
                             },
          'BuyerEmail' => 'tvhbxl047hxv7r4@marketplace.amazon.com',
          'AmazonOrderId' => '113-1689655-6657013'
        };
$VAR1 = {
          'd_zip' => '79081',
          'd_last' => 'Close',
          'd_first' => 'Glenda',
          'd_city' => 'Spearman',
          'd_state' => 'TX',
          'd_fulladdr' => 'c/o Hansford County Hospital District 707 Roland Street'
        };
$VAR1 = {
          'datafinder' => {
                            'input-query' => {
                                               'FirstName' => 'Glenda',
                                               'PostalCode' => '79081',
                                               'Street' => 'C/O HANSFORD COUNTY HOSPITAL DISTRICT 707 ROLAND ST',
                                               'Address' => 'C/O HANSFORD COUNTY HOSPITAL DISTRICT 707 ROLAND ST',
                                               'LastName' => 'Close',
                                               'City' => 'Spearman',
                                               'State' => 'TX'
                                             },
                            'version' => '2.0',
                            'query-id' => 'f58bf8a0c6ac4a83adc09191353c819d',
                            'query-time' => '0.882',
                            'num-results' => 0
                          }
        };
$VAR1 = {
          'PaymentMethod' => 'Other',
          'LastUpdateDate' => '2017-01-10T08:38:09Z',
          'SellerOrderId' => '105-9533044-4332206',
          'ShipmentServiceLevelCategory' => 'Standard',
          'IsPrime' => 'false',
          'EarliestShipDate' => '2017-01-10T08:35:35Z',
          'OrderType' => 'StandardOrder',
          'LatestShipDate' => '2017-01-10T08:35:35Z',
          'IsPremiumOrder' => 'false',
          'NumberOfItemsUnshipped' => '0',
          'NumberOfItemsShipped' => '1',
          'MarketplaceId' => 'ATVPDKIKX0DER',
          'PurchaseDate' => '2017-01-05T07:30:15Z',
          'IsBusinessOrder' => 'false',
          'ShipServiceLevel' => 'Standard',
          'SalesChannel' => 'Amazon.com',
          'FulfillmentChannel' => 'AFN',
          'OrderStatus' => 'Shipped',
          'OrderTotal' => {
                          'Amount' => '13.75',
                          'CurrencyCode' => 'USD'
                        },
          'BuyerName' => 'Reana Contreras',
          'ShippingAddress' => {
                               'PostalCode' => '85251-6420',
                               'AddressLine1' => '7331 E OSBORN DR STE 208',
                               'StateOrRegion' => 'ARIZONA',
                               'City' => 'SCOTTSDALE',
                               'Name' => 'Reana Contreras (ONLY)',
                               'CountryCode' => 'US'
                             },
          'BuyerEmail' => 'y12r4v2k3z4446k@marketplace.amazon.com',
          'AmazonOrderId' => '105-9533044-4332206'
        };
$VAR1 = {
          'd_zip' => '85251',
          'd_last' => 'Contreras',
          'd_first' => 'Reana',
          'd_city' => 'SCOTTSDALE',
          'd_state' => 'ARIZONA',
          'd_fulladdr' => '7331 E OSBORN DR STE 208'
        };
$VAR1 = {
          'datafinder' => {
                            'input-query' => {
                                               'FirstName' => 'Reana',
                                               'PostalCode' => '85251',
                                               'Street' => 'E OSBORN DR',
                                               'Address' => '7331 E OSBORN DR STE 208',
                                               'City' => 'SCOTTSDALE',
                                               'State' => 'AZ',
                                               'HouseNum' => '7331',
                                               'LastName' => 'Contreras',
                                               'Unit' => 'STE 208'
                                             },
                            'version' => '2.0',
                            'query-id' => 'c234be2c58d548b482e497d61a4bb3f5',
                            'query-time' => '0.650',
                            'num-results' => 1,
                            'results' => [
                                           {
                                             '#RawMatchCodes' => 'C0,S0,Z0,AHN0,AS0,AU0,A0,ACSZ,-0CS,R1',
                                             'TimeStamp' => '20130921',
                                             'FirstName' => 'ARI SCHAFER',
                                             'Address' => '7331 E OSBORN DR STE 208',
                                             '#WeightedScore' => '182.0525',
                                             'City' => 'scottsdale',
                                             'State' => 'AZ',
                                             'Zip' => '85251',
                                             'LastName' => 'GEORGE',
                                             'MiddleName' => 'BRIE',
                                             'EmailAddr' => 'brie.george@me.com',
                                             '#RawScore' => '27.05',
                                             'EmailAddrUsable' => 'YES'
                                           }
                                         ]
                          }
        };
$VAR1 = {
          'PaymentMethod' => 'Other',
          'LastUpdateDate' => '2017-01-07T05:49:00Z',
          'SellerOrderId' => '114-5008629-9888202',
          'ShipmentServiceLevelCategory' => 'Standard',
          'IsPrime' => 'false',
          'EarliestShipDate' => '2017-01-07T05:37:03Z',
          'OrderType' => 'StandardOrder',
          'LatestShipDate' => '2017-01-07T05:37:03Z',
          'IsPremiumOrder' => 'false',
          'NumberOfItemsUnshipped' => '0',
          'NumberOfItemsShipped' => '1',
          'MarketplaceId' => 'ATVPDKIKX0DER',
          'PurchaseDate' => '2017-01-05T07:30:44Z',
          'IsBusinessOrder' => 'false',
          'ShipServiceLevel' => 'Standard',
          'SalesChannel' => 'Amazon.com',
          'FulfillmentChannel' => 'AFN',
          'OrderStatus' => 'Shipped',
          'OrderTotal' => {
                          'Amount' => '30.19',
                          'CurrencyCode' => 'USD'
                        },
          'BuyerName' => 'Ely Fuchs',
          'ShippingAddress' => {
                               'PostalCode' => '42930',
                               'AddressLine1' => '7 Simtat Hasahlv',
                               'City' => 'Ganot Hadar',
                               'Name' => 'Fuchs Eli',
                               'CountryCode' => 'IL'
                             },
          'BuyerEmail' => 'y39g8vc2c55wzz1@marketplace.amazon.com',
          'AmazonOrderId' => '114-5008629-9888202'
        };
$VAR1 = {
          'd_zip' => '42930',
          'd_last' => 'Fuchs',
          'd_first' => 'Ely',
          'd_city' => 'Ganot Hadar',
          'd_fulladdr' => '7 Simtat Hasahlv'
        };
$VAR1 = {
          'datafinder' => {
                            'input-query' => {
                                               'FirstName' => 'Ely',
                                               'PostalCode' => '42930',
                                               'HouseNum' => '7',
                                               'Street' => 'SIMTAT HASAHLV',
                                               'Address' => '7 SIMTAT HASAHLV',
                                               'LastName' => 'Fuchs',
                                               'City' => 'Ganot Hadar'
                                             },
                            'version' => '2.0',
                            'query-id' => 'abf3795b05f987cbd0edba7f866703c8',
                            'query-time' => '0.192',
                            'num-results' => 0
                          }
        };
$VAR1 = {
          'PaymentMethod' => 'Other',
          'LastUpdateDate' => '2017-01-06T00:47:30Z',
          'SellerOrderId' => '102-2690786-1003416',
          'ShipmentServiceLevelCategory' => 'SecondDay',
          'IsPrime' => 'false',
          'EarliestShipDate' => '2017-01-06T00:40:03Z',
          'OrderType' => 'StandardOrder',
          'LatestShipDate' => '2017-01-06T00:40:03Z',
          'IsPremiumOrder' => 'false',
          'NumberOfItemsUnshipped' => '0',
          'NumberOfItemsShipped' => '1',
          'MarketplaceId' => 'ATVPDKIKX0DER',
          'PurchaseDate' => '2017-01-05T07:34:15Z',
          'IsBusinessOrder' => 'false',
          'ShipServiceLevel' => 'SecondDay',
          'SalesChannel' => 'Amazon.com',
          'FulfillmentChannel' => 'AFN',
          'OrderStatus' => 'Shipped',
          'OrderTotal' => {
                          'Amount' => '14.99',
                          'CurrencyCode' => 'USD'
                        },
          'BuyerName' => 'Edward C. Cooper IV',
          'ShippingAddress' => {
                               'PostalCode' => '83706-4061',
                               'AddressLine1' => '1651 S RIVERSTONE LN APT 103',
                               'StateOrRegion' => 'ID',
                               'City' => 'BOISE',
                               'Name' => 'Mitra Mehta-Cooper',
                               'CountryCode' => 'US'
                             },
          'BuyerEmail' => '3h988vj809lqvfv@marketplace.amazon.com',
          'AmazonOrderId' => '102-2690786-1003416'
        };
$VAR1 = {
          'd_zip' => '83706',
          'd_last' => 'IV',
          'd_first' => 'Edward',
          'd_city' => 'BOISE',
          'd_state' => 'ID',
          'd_fulladdr' => '1651 S RIVERSTONE LN APT 103'
        };
$VAR1 = {
          'datafinder' => {
                            'input-query' => {
                                               'FirstName' => 'Edward',
                                               'PostalCode' => '83706',
                                               'Street' => 'S RIVERSTONE LN',
                                               'Address' => '1651 S RIVERSTONE LN APT 103',
                                               'City' => 'BOISE',
                                               'State' => 'ID',
                                               'HouseNum' => '1651',
                                               'LastName' => 'IV',
                                               'Unit' => 'APT 103'
                                             },
                            'version' => '2.0',
                            'query-id' => '5b4ab8f538949aa6f45f443593e0d9ad',
                            'query-time' => '0.309',
                            'num-results' => 1,
                            'results' => [
                                           {
                                             '#RawMatchCodes' => 'C0,S0,Z0,AHN0,AS0,AU15,A0,ACSZ,R1',
                                             'TimeStamp' => '20140901',
                                             'FirstName' => 'LAURIE',
                                             'Address' => '1651 S RIVERSTONE LN APT 203',
                                             '#WeightedScore' => '180.285',
                                             'City' => 'BOISE',
                                             'State' => 'ID',
                                             'Zip' => '83706',
                                             'LastName' => 'BLAIR',
                                             'IP' => '213.200.117.74',
                                             'EmailAddr' => 'O3BLAIRS@YAHOO.COM',
                                             '#RawScore' => '26.8',
                                             'EmailAddrUsable' => 'YES'
                                           }
                                         ]
                          }
        };
$VAR1 = {
          'PaymentMethod' => 'Other',
          'LastUpdateDate' => '2017-01-05T18:57:45Z',
          'SellerOrderId' => '112-0678997-1103411',
          'ShipmentServiceLevelCategory' => 'SecondDay',
          'IsPrime' => 'false',
          'EarliestShipDate' => '2017-01-05T18:53:52Z',
          'OrderType' => 'StandardOrder',
          'LatestShipDate' => '2017-01-05T18:53:52Z',
          'IsPremiumOrder' => 'false',
          'NumberOfItemsUnshipped' => '0',
          'NumberOfItemsShipped' => '1',
          'MarketplaceId' => 'ATVPDKIKX0DER',
          'PurchaseDate' => '2017-01-05T07:41:11Z',
          'IsBusinessOrder' => 'false',
          'ShipServiceLevel' => 'SecondDay',
          'SalesChannel' => 'Amazon.com',
          'FulfillmentChannel' => 'AFN',
          'OrderStatus' => 'Shipped',
          'OrderTotal' => {
                          'Amount' => '14.99',
                          'CurrencyCode' => 'USD'
                        },
          'BuyerName' => 'Paul D Perez',
          'ShippingAddress' => {
                               'PostalCode' => '79911-3050',
                               'AddressLine1' => '6613 PARQUE DEL SOL',
                               'StateOrRegion' => 'TX',
                               'City' => 'EL PASO',
                               'Name' => 'Paul David Perez',
                               'CountryCode' => 'US'
                             },
          'BuyerEmail' => 'fwzg6zxymt8yxcz@marketplace.amazon.com',
          'AmazonOrderId' => '112-0678997-1103411'
        };
$VAR1 = {
          'd_zip' => '79911',
          'd_last' => 'Perez',
          'd_first' => 'Paul',
          'd_city' => 'EL PASO',
          'd_state' => 'TX',
          'd_fulladdr' => '6613 PARQUE DEL SOL'
        };
$VAR1 = {
          'datafinder' => {
                            'input-query' => {
                                               'FirstName' => 'Paul',
                                               'PostalCode' => '79911',
                                               'Street' => 'PARQUE DEL SOL',
                                               'Address' => '6613 PARQUE DEL SOL',
                                               'City' => 'EL PASO',
                                               'State' => 'TX',
                                               'HouseNum' => '6613',
                                               'LastName' => 'Perez'
                                             },
                            'version' => '2.0',
                            'query-id' => '7932d006facb30975401b8a371921c0f',
                            'query-time' => '0.802',
                            'num-results' => 0
                          }
        };
$VAR1 = {
          'PaymentMethod' => 'Other',
          'LastUpdateDate' => '2017-01-07T03:18:51Z',
          'SellerOrderId' => '105-0467334-5364255',
          'ShipmentServiceLevelCategory' => 'SecondDay',
          'IsPrime' => 'false',
          'EarliestShipDate' => '2017-01-07T03:16:20Z',
          'OrderType' => 'StandardOrder',
          'LatestShipDate' => '2017-01-07T03:16:20Z',
          'IsPremiumOrder' => 'false',
          'NumberOfItemsUnshipped' => '0',
          'NumberOfItemsShipped' => '1',
          'MarketplaceId' => 'ATVPDKIKX0DER',
          'PurchaseDate' => '2017-01-05T07:43:00Z',
          'IsBusinessOrder' => 'false',
          'ShipServiceLevel' => 'SecondDay',
          'SalesChannel' => 'Amazon.com',
          'FulfillmentChannel' => 'AFN',
          'OrderStatus' => 'Shipped',
          'OrderTotal' => {
                          'Amount' => '13.75',
                          'CurrencyCode' => 'USD'
                        },
          'BuyerName' => 'TJ WRIGHT',
          'ShippingAddress' => {
                               'PostalCode' => '75052-4488',
                               'AddressLine1' => '2720 BUXTON DR',
                               'StateOrRegion' => 'TX',
                               'City' => 'GRAND PRAIRIE',
                               'Name' => 'TJ Wright',
                               'CountryCode' => 'US'
                             },
          'BuyerEmail' => '2dyk2x3xxn8p68q@marketplace.amazon.com',
          'AmazonOrderId' => '105-0467334-5364255'
        };
$VAR1 = {
          'd_zip' => '75052',
          'd_last' => 'WRIGHT',
          'd_first' => 'TJ',
          'd_city' => 'GRAND PRAIRIE',
          'd_state' => 'TX',
          'd_fulladdr' => '2720 BUXTON DR'
        };
$VAR1 = {
          'datafinder' => {
                            'input-query' => {
                                               'FirstName' => 'TJ',
                                               'PostalCode' => '75052',
                                               'Street' => 'BUXTON DR',
                                               'Address' => '2720 BUXTON DR',
                                               'City' => 'GRAND PRAIRIE',
                                               'State' => 'TX',
                                               'HouseNum' => '2720',
                                               'LastName' => 'WRIGHT'
                                             },
                            'version' => '2.0',
                            'query-id' => 'e820660eb58a285834ab5dab5dc18822',
                            'query-time' => '1.168',
                            'num-results' => 1,
                            'results' => [
                                           {
                                             '#RawMatchCodes' => 'C0,S0,Z0,AHN0,AS0,A0,ACSZ,R1',
                                             'TimeStamp' => '20140901',
                                             'FirstName' => 'LASHAWN',
                                             'Address' => '2720 BUXTON DR',
                                             '#WeightedScore' => '151.5',
                                             'City' => 'GRAND PRAIRIE',
                                             'State' => 'TX',
                                             'Zip' => '75052',
                                             'LastName' => 'DRUILHET',
                                             'IP' => '159.53.110.143',
                                             'EmailAddr' => 'LDRUILHET@YAHOO.COM',
                                             '#RawScore' => '26.3',
                                             'EmailAddrUsable' => 'YES'
                                           }
                                         ]
                          }
        };
$VAR1 = {
          'PaymentMethod' => 'Other',
          'LastUpdateDate' => '2017-01-08T09:21:40Z',
          'SellerOrderId' => '104-5927592-4746645',
          'ShipmentServiceLevelCategory' => 'SecondDay',
          'IsPrime' => 'false',
          'EarliestShipDate' => '2017-01-08T09:17:28Z',
          'OrderType' => 'StandardOrder',
          'LatestShipDate' => '2017-01-08T09:17:28Z',
          'IsPremiumOrder' => 'false',
          'NumberOfItemsUnshipped' => '0',
          'NumberOfItemsShipped' => '1',
          'MarketplaceId' => 'ATVPDKIKX0DER',
          'PurchaseDate' => '2017-01-05T07:47:30Z',
          'IsBusinessOrder' => 'false',
          'ShipServiceLevel' => 'SecondDay',
          'SalesChannel' => 'Amazon.com',
          'FulfillmentChannel' => 'AFN',
          'OrderStatus' => 'Shipped',
          'OrderTotal' => {
                          'Amount' => '19.99',
                          'CurrencyCode' => 'USD'
                        },
          'BuyerName' => 'Praseetha Subbarayan',
          'ShippingAddress' => {
                               'PostalCode' => '36117',
                               'AddressLine1' => '8462 Eastchase Parkway',
                               'StateOrRegion' => 'AL',
                               'AddressLine2' => 'Apt# 12204',
                               'City' => 'Montgomery',
                               'Name' => 'Suresh Devanathan',
                               'CountryCode' => 'US'
                             },
          'BuyerEmail' => '123gjk2zt7rrsgl@marketplace.amazon.com',
          'AmazonOrderId' => '104-5927592-4746645'
        };
$VAR1 = {
          'd_zip' => '36117',
          'd_last' => 'Subbarayan',
          'd_first' => 'Praseetha',
          'd_city' => 'Montgomery',
          'd_state' => 'AL',
          'd_fulladdr' => '8462 Eastchase Parkway Apt# 12204'
        };
$VAR1 = {
          'datafinder' => {
                            'input-query' => {
                                               'FirstName' => 'Praseetha',
                                               'PostalCode' => '36117',
                                               'Street' => 'EASTCHASE PKWY',
                                               'Address' => '8462 EASTCHASE PKWY APT 12204',
                                               'City' => 'Montgomery',
                                               'State' => 'AL',
                                               'HouseNum' => '8462',
                                               'LastName' => 'Subbarayan',
                                               'Unit' => 'APT 12204'
                                             },
                            'version' => '2.0',
                            'query-id' => '41e6a40b202ecb1bfb354c762ad9db24',
                            'query-time' => '0.480',
                            'num-results' => 1,
                            'results' => [
                                           {
                                             '#RawMatchCodes' => 'C0,S0,Z0,AHN0,AS0,A0,ACSZ,R1',
                                             'TimeStamp' => '20131011',
                                             'FirstName' => 'JAFORA',
                                             'Address' => '8462 EASTCHASE PKWY # 4208',
                                             '#WeightedScore' => '151.5',
                                             'City' => 'Montgomery',
                                             'State' => 'AL',
                                             'Zip' => '36117',
                                             'LastName' => 'WRIGHT',
                                             'EmailAddr' => 'arofajconsulting@aol.com',
                                             '#RawScore' => '26.3',
                                             'EmailAddrUsable' => 'YES'
                                           }
                                         ]
                          }
        };
$VAR1 = {
          'PaymentMethod' => 'Other',
          'LastUpdateDate' => '2017-01-06T18:51:51Z',
          'SellerOrderId' => '106-3004366-8522634',
          'ShipmentServiceLevelCategory' => 'SecondDay',
          'IsPrime' => 'false',
          'EarliestShipDate' => '2017-01-06T18:47:59Z',
          'OrderType' => 'StandardOrder',
          'LatestShipDate' => '2017-01-06T18:47:59Z',
          'IsPremiumOrder' => 'false',
          'NumberOfItemsUnshipped' => '0',
          'NumberOfItemsShipped' => '1',
          'MarketplaceId' => 'ATVPDKIKX0DER',
          'PurchaseDate' => '2017-01-05T07:55:30Z',
          'IsBusinessOrder' => 'false',
          'ShipServiceLevel' => 'SecondDay',
          'SalesChannel' => 'Amazon.com',
          'FulfillmentChannel' => 'AFN',
          'OrderStatus' => 'Shipped',
          'OrderTotal' => {
                          'Amount' => '18.99',
                          'CurrencyCode' => 'USD'
                        },
          'BuyerName' => 'Sandra',
          'ShippingAddress' => {
                               'PostalCode' => '94583-2012',
                               'AddressLine1' => '3701 ANDALUCIA CT',
                               'StateOrRegion' => 'CALIFORNIA',
                               'City' => 'SAN RAMON',
                               'Name' => 'Sandra Slye-Hittle',
                               'CountryCode' => 'US'
                             },
          'BuyerEmail' => '71yvp8jdclq806t@marketplace.amazon.com',
          'AmazonOrderId' => '106-3004366-8522634'
        };
$VAR1 = {
          'd_zip' => '94583',
          'd_last' => 'Sandra',
          'd_first' => 'Sandra',
          'd_city' => 'SAN RAMON',
          'd_state' => 'CALIFORNIA',
          'd_fulladdr' => '3701 ANDALUCIA CT'
        };
$VAR1 = {
          'datafinder' => {
                            'input-query' => {
                                               'FirstName' => 'Sandra',
                                               'PostalCode' => '94583',
                                               'Street' => 'ANDALUCIA CT',
                                               'Address' => '3701 ANDALUCIA CT',
                                               'City' => 'SAN RAMON',
                                               'State' => 'CA',
                                               'HouseNum' => '3701',
                                               'LastName' => 'Sandra'
                                             },
                            'version' => '2.0',
                            'query-id' => 'd9f5e5241c3f5585e2ee474a5140f060',
                            'query-time' => '0.759',
                            'num-results' => 1,
                            'results' => [
                                           {
                                             'FirstName' => 'HUBBARD',
                                             'Address' => '3701 ANDALUCIA CT',
                                             'City' => 'SAN RAMON',
                                             'State' => 'CA',
                                             'Zip4' => '2012',
                                             'Zip' => '94583',
                                             'LastName' => 'MARVIN',
                                             'EmailAddr' => 'MARVINHUBBARD@YAHOO.COM',
                                             '#RawScore' => '26.3',
                                             'EmailAddrUsable' => 'YES',
                                             '#RawMatchCodes' => 'C0,S0,Z0,AHN0,AS0,A0,ACSZ,R1',
                                             'TimeStamp' => '20121104',
                                             '#WeightedScore' => '151.5',
                                             'URLSource' => 'WSJ.COM',
                                             'Country' => 'US',
                                             'IP' => '192.105.58.160'
                                           }
                                         ]
                          }
        };
$VAR1 = {
          'PaymentMethod' => 'Other',
          'LastUpdateDate' => '2017-01-09T03:32:58Z',
          'SellerOrderId' => '110-1372212-6955402',
          'ShipmentServiceLevelCategory' => 'SecondDay',
          'IsPrime' => 'false',
          'EarliestShipDate' => '2017-01-09T03:29:57Z',
          'OrderType' => 'StandardOrder',
          'LatestShipDate' => '2017-01-09T03:29:57Z',
          'IsPremiumOrder' => 'false',
          'NumberOfItemsUnshipped' => '0',
          'NumberOfItemsShipped' => '1',
          'MarketplaceId' => 'ATVPDKIKX0DER',
          'PurchaseDate' => '2017-01-05T07:58:45Z',
          'IsBusinessOrder' => 'false',
          'ShipServiceLevel' => 'SecondDay',
          'SalesChannel' => 'Amazon.com',
          'FulfillmentChannel' => 'AFN',
          'OrderStatus' => 'Shipped',
          'OrderTotal' => {
                          'Amount' => '15.99',
                          'CurrencyCode' => 'USD'
                        },
          'BuyerName' => 'Tiffany Sica',
          'ShippingAddress' => {
                               'PostalCode' => '08752-1433',
                               'AddressLine1' => '1101 N OCEAN AVE',
                               'StateOrRegion' => 'NJ',
                               'City' => 'SEASIDE PARK',
                               'Name' => 'Tiffany Sica',
                               'CountryCode' => 'US'
                             },
          'BuyerEmail' => 'hjk6fxz345gsctr@marketplace.amazon.com',
          'AmazonOrderId' => '110-1372212-6955402'
        };
$VAR1 = {
          'd_zip' => '08752',
          'd_last' => 'Sica',
          'd_first' => 'Tiffany',
          'd_city' => 'SEASIDE PARK',
          'd_state' => 'NJ',
          'd_fulladdr' => '1101 N OCEAN AVE'
        };
$VAR1 = {
          'datafinder' => {
                            'input-query' => {
                                               'FirstName' => 'Tiffany',
                                               'PostalCode' => '08752',
                                               'Street' => 'N OCEAN AVE',
                                               'Address' => '1101 N OCEAN AVE',
                                               'City' => 'SEASIDE PARK',
                                               'State' => 'NJ',
                                               'HouseNum' => '1101',
                                               'LastName' => 'Sica'
                                             },
                            'version' => '2.0',
                            'query-id' => 'c6171f9f0a71dd4f1ddae95aabc201fb',
                            'query-time' => '0.542',
                            'num-results' => 0,
                            'results' => []
                          }
        };
$VAR1 = {
          'PaymentMethod' => 'Other',
          'LastUpdateDate' => '2017-01-06T03:27:27Z',
          'SellerOrderId' => '114-7685142-4264213',
          'ShipmentServiceLevelCategory' => 'SecondDay',
          'IsPrime' => 'false',
          'EarliestShipDate' => '2017-01-06T03:23:45Z',
          'OrderType' => 'StandardOrder',
          'LatestShipDate' => '2017-01-06T03:23:45Z',
          'IsPremiumOrder' => 'false',
          'NumberOfItemsUnshipped' => '0',
          'NumberOfItemsShipped' => '1',
          'MarketplaceId' => 'ATVPDKIKX0DER',
          'PurchaseDate' => '2017-01-05T07:59:45Z',
          'IsBusinessOrder' => 'false',
          'ShipServiceLevel' => 'SecondDay',
          'SalesChannel' => 'Amazon.com',
          'FulfillmentChannel' => 'AFN',
          'OrderStatus' => 'Shipped',
          'OrderTotal' => {
                          'Amount' => '16.99',
                          'CurrencyCode' => 'USD'
                        },
          'BuyerName' => 'Jennifer Craven',
          'ShippingAddress' => {
                               'PostalCode' => '80108',
                               'AddressLine1' => '7531 blue water ln',
                               'StateOrRegion' => 'CO',
                               'City' => 'Castle rock',
                               'Name' => 'jennifer craven',
                               'CountryCode' => 'US'
                             },
          'BuyerEmail' => 'df0c8zg7w8ghn64@marketplace.amazon.com',
          'AmazonOrderId' => '114-7685142-4264213'
        };
$VAR1 = {
          'd_zip' => '80108',
          'd_last' => 'Craven',
          'd_first' => 'Jennifer',
          'd_city' => 'Castle rock',
          'd_state' => 'CO',
          'd_fulladdr' => '7531 blue water ln'
        };
$VAR1 = {
          'datafinder' => {
                            'input-query' => {
                                               'FirstName' => 'Jennifer',
                                               'PostalCode' => '80108',
                                               'Street' => 'BLUE WATER LN',
                                               'Address' => '7531 BLUE WATER LN',
                                               'City' => 'Castle rock',
                                               'State' => 'CO',
                                               'HouseNum' => '7531',
                                               'LastName' => 'Craven'
                                             },
                            'version' => '2.0',
                            'query-id' => '2e2f7997ddb835ce56b1e0bc8270beef',
                            'query-time' => '0.498',
                            'num-results' => 1,
                            'results' => [
                                           {
                                             '#RawMatchCodes' => 'F0,L0,C0,S0,Z3,LF0,CS,-0F,PINDIV4,PINDIV3,R1',
                                             'FirstName' => 'JENNIFER',
                                             '#WeightedScore' => '189.88',
                                             'City' => 'CASTLE ROCK',
                                             'URLSource' => 'HEALTHQUOTEEXPERT.COM',
                                             'State' => 'CO',
                                             'Country' => 'US',
                                             'LastName' => 'CRAVEN',
                                             'Zip' => '80104',
                                             'IP' => '76.25.38.246',
                                             'EmailAddr' => 'JENNIFER_HAN7@HOTMAIL.COM',
                                             '#RawScore' => '30.3',
                                             'EmailAddrUsable' => 'YES'
                                           }
                                         ]
                          }
        };
$VAR1 = {
          'PaymentMethod' => 'Other',
          'LastUpdateDate' => '2017-01-06T21:59:59Z',
          'SellerOrderId' => '108-0002486-3811434',
          'ShipmentServiceLevelCategory' => 'SecondDay',
          'IsPrime' => 'false',
          'EarliestShipDate' => '2017-01-06T21:58:51Z',
          'OrderType' => 'StandardOrder',
          'LatestShipDate' => '2017-01-06T21:58:51Z',
          'IsPremiumOrder' => 'false',
          'NumberOfItemsUnshipped' => '0',
          'NumberOfItemsShipped' => '1',
          'MarketplaceId' => 'ATVPDKIKX0DER',
          'PurchaseDate' => '2017-01-05T08:01:35Z',
          'IsBusinessOrder' => 'false',
          'ShipServiceLevel' => 'SecondDay',
          'SalesChannel' => 'Amazon.com',
          'FulfillmentChannel' => 'AFN',
          'OrderStatus' => 'Shipped',
          'OrderTotal' => {
                          'Amount' => '14.99',
                          'CurrencyCode' => 'USD'
                        },
          'BuyerName' => 'Da Hyun Kim',
          'ShippingAddress' => {
                               'PostalCode' => '90010-1242',
                               'AddressLine1' => '3185 WILSHIRE BLVD UNIT 372',
                               'StateOrRegion' => 'CA',
                               'City' => 'LOS ANGELES',
                               'Name' => 'Da Hyun Kim',
                               'CountryCode' => 'US'
                             },
          'BuyerEmail' => 'n9w8lbg5t0cl6y1@marketplace.amazon.com',
          'AmazonOrderId' => '108-0002486-3811434'
        };
$VAR1 = {
          'd_zip' => '90010',
          'd_last' => 'Kim',
          'd_first' => 'Da',
          'd_city' => 'LOS ANGELES',
          'd_state' => 'CA',
          'd_fulladdr' => '3185 WILSHIRE BLVD UNIT 372'
        };
$VAR1 = {
          'datafinder' => {
                            'input-query' => {
                                               'FirstName' => 'Da',
                                               'PostalCode' => '90010',
                                               'Street' => 'WILSHIRE BLVD',
                                               'Address' => '3185 WILSHIRE BLVD # 372',
                                               'City' => 'LOS ANGELES',
                                               'State' => 'CA',
                                               'HouseNum' => '3185',
                                               'LastName' => 'Kim',
                                               'Unit' => '# 372'
                                             },
                            'version' => '2.0',
                            'query-id' => 'e3f926b695cb20dc2eaedb78420bd479',
                            'query-time' => '0.686',
                            'num-results' => 0,
                            'results' => []
                          }
        };
$VAR1 = {
          'PaymentMethod' => 'Other',
          'LastUpdateDate' => '2017-01-06T12:25:48Z',
          'SellerOrderId' => '002-9749718-9289850',
          'ShipmentServiceLevelCategory' => 'SecondDay',
          'IsPrime' => 'false',
          'EarliestShipDate' => '2017-01-06T12:23:58Z',
          'OrderType' => 'StandardOrder',
          'LatestShipDate' => '2017-01-06T12:23:58Z',
          'IsPremiumOrder' => 'false',
          'NumberOfItemsUnshipped' => '0',
          'NumberOfItemsShipped' => '1',
          'MarketplaceId' => 'ATVPDKIKX0DER',
          'PurchaseDate' => '2017-01-05T08:18:31Z',
          'IsBusinessOrder' => 'false',
          'ShipServiceLevel' => 'SecondDay',
          'SalesChannel' => 'Amazon.com',
          'FulfillmentChannel' => 'AFN',
          'OrderStatus' => 'Shipped',
          'OrderTotal' => {
                          'Amount' => '16.79',
                          'CurrencyCode' => 'USD'
                        },
          'BuyerName' => 'Alex Leshnick',
          'ShippingAddress' => {
                               'PostalCode' => '90019-3714',
                               'AddressLine1' => '5801 W PICO BLVD',
                               'StateOrRegion' => 'CA',
                               'City' => 'LOS ANGELES',
                               'Name' => 'Niki A. Gabbay',
                               'CountryCode' => 'US'
                             },
          'BuyerEmail' => 'zhw96kjs6jy9xdg@marketplace.amazon.com',
          'AmazonOrderId' => '002-9749718-9289850'
        };
$VAR1 = {
          'd_zip' => '90019',
          'd_last' => 'Leshnick',
          'd_first' => 'Alex',
          'd_city' => 'LOS ANGELES',
          'd_state' => 'CA',
          'd_fulladdr' => '5801 W PICO BLVD'
        };
$VAR1 = {
          'datafinder' => {
                            'input-query' => {
                                               'FirstName' => 'Alex',
                                               'PostalCode' => '90019',
                                               'Street' => 'W PICO BLVD',
                                               'Address' => '5801 W PICO BLVD',
                                               'City' => 'LOS ANGELES',
                                               'State' => 'CA',
                                               'HouseNum' => '5801',
                                               'LastName' => 'Leshnick'
                                             },
                            'version' => '2.0',
                            'query-id' => '9b9ac15e1e89b3a3facd52ff98706414',
                            'query-time' => '0.566',
                            'num-results' => 1,
                            'results' => [
                                           {
                                             '#RawMatchCodes' => 'F3,L0,S0,LF0',
                                             'TimeStamp' => '20100329',
                                             'FirstName' => 'ALEXANDER',
                                             'Address' => '3741 MALIBU VISTA DR',
                                             '#WeightedScore' => '76',
                                             'City' => 'MALIBU',
                                             'URLSource' => 'REWARDSPARADE.COM',
                                             'State' => 'CA',
                                             'Zip4' => '5606',
                                             'Country' => 'US',
                                             'Zip' => '90265',
                                             'LastName' => 'LESHNICK',
                                             'EmailAddr' => 'ALESHNICK@YAHOO.COM',
                                             '#RawScore' => '19',
                                             'EmailAddrUsable' => 'YES'
                                           }
                                         ]
                          }
        };
$VAR1 = {
          'PaymentMethod' => 'Other',
          'LastUpdateDate' => '2017-01-11T15:05:17Z',
          'SellerOrderId' => '109-9764024-4462661',
          'ShipmentServiceLevelCategory' => 'Standard',
          'IsPrime' => 'false',
          'EarliestShipDate' => '2017-01-11T14:54:10Z',
          'OrderType' => 'StandardOrder',
          'LatestShipDate' => '2017-01-11T14:54:10Z',
          'IsPremiumOrder' => 'false',
          'NumberOfItemsUnshipped' => '0',
          'NumberOfItemsShipped' => '1',
          'MarketplaceId' => 'ATVPDKIKX0DER',
          'PurchaseDate' => '2017-01-05T08:24:33Z',
          'IsBusinessOrder' => 'false',
          'ShipServiceLevel' => 'Standard',
          'SalesChannel' => 'Amazon.com',
          'FulfillmentChannel' => 'AFN',
          'OrderStatus' => 'Shipped',
          'OrderTotal' => {
                          'Amount' => '19.99',
                          'CurrencyCode' => 'USD'
                        },
          'BuyerName' => 'Irma Contreras',
          'ShippingAddress' => {
                               'PostalCode' => '60585-1788',
                               'AddressLine1' => '12924 MEADOW LN',
                               'StateOrRegion' => 'IL',
                               'City' => 'PLAINFIELD',
                               'Name' => 'Irma Contreras',
                               'CountryCode' => 'US'
                             },
          'BuyerEmail' => 'h8g2mdw7tpvrrj3@marketplace.amazon.com',
          'AmazonOrderId' => '109-9764024-4462661'
        };
$VAR1 = {
          'd_zip' => '60585',
          'd_last' => 'Contreras',
          'd_first' => 'Irma',
          'd_city' => 'PLAINFIELD',
          'd_state' => 'IL',
          'd_fulladdr' => '12924 MEADOW LN'
        };
$VAR1 = {
          'datafinder' => {
                            'input-query' => {
                                               'FirstName' => 'Irma',
                                               'PostalCode' => '60585',
                                               'Street' => 'MEADOW LN',
                                               'Address' => '12924 MEADOW LN',
                                               'City' => 'PLAINFIELD',
                                               'State' => 'IL',
                                               'HouseNum' => '12924',
                                               'LastName' => 'Contreras'
                                             },
                            'version' => '2.0',
                            'query-id' => 'bf9fb96aba5bde8ea95a20e2c0ae6507',
                            'query-time' => '0.711',
                            'num-results' => 1,
                            'results' => [
                                           {
                                             'FirstName' => 'IRMA',
                                             'Address' => '12924 MEADOW LN',
                                             'City' => 'PLAINFIELD',
                                             'State' => 'IL',
                                             'Zip4' => '1788',
                                             'Zip' => '60585',
                                             'LastName' => 'CONTRERAS',
                                             'EmailAddr' => 'CONTRERASI@HOTMAIL.COM',
                                             '#RawScore' => '100.43',
                                             'EmailAddrUsable' => 'YES',
                                             '#RawMatchCodes' => 'F0,L0,C0,S0,Z0,AHN0,AS0,A0,LF0,ACSZ,-0L,PINDIV4,INDIV,HHLD,R1',
                                             'TimeStamp' => '20140923',
                                             '#WeightedScore' => '880.6493',
                                             'URLSource' => 'QUEPASA.COM',
                                             'Country' => 'US',
                                             'IP' => '72.32.102.99'
                                           }
                                         ]
                          }
        };
$VAR1 = {
          'PaymentMethod' => 'Other',
          'LastUpdateDate' => '2017-01-05T21:33:56Z',
          'SellerOrderId' => '108-4497958-7199454',
          'ShipmentServiceLevelCategory' => 'SecondDay',
          'IsPrime' => 'false',
          'EarliestShipDate' => '2017-01-05T21:26:21Z',
          'OrderType' => 'StandardOrder',
          'LatestShipDate' => '2017-01-05T21:26:21Z',
          'IsPremiumOrder' => 'false',
          'NumberOfItemsUnshipped' => '0',
          'NumberOfItemsShipped' => '1',
          'MarketplaceId' => 'ATVPDKIKX0DER',
          'PurchaseDate' => '2017-01-05T08:27:25Z',
          'IsBusinessOrder' => 'false',
          'ShipServiceLevel' => 'SecondDay',
          'SalesChannel' => 'Amazon.com',
          'FulfillmentChannel' => 'AFN',
          'OrderStatus' => 'Shipped',
          'OrderTotal' => {
                          'Amount' => '15.99',
                          'CurrencyCode' => 'USD'
                        },
          'BuyerName' => 'treasure her',
          'ShippingAddress' => {
                               'PostalCode' => '93703-3250',
                               'AddressLine1' => '3348 MAYFAIR BLVD',
                               'StateOrRegion' => 'CA',
                               'City' => 'FRESNO',
                               'Name' => 'Treasure Her',
                               'CountryCode' => 'US'
                             },
          'BuyerEmail' => '02pv4886y7hdps9@marketplace.amazon.com',
          'AmazonOrderId' => '108-4497958-7199454'
        };
$VAR1 = {
          'd_zip' => '93703',
          'd_last' => 'her',
          'd_first' => 'treasure',
          'd_city' => 'FRESNO',
          'd_state' => 'CA',
          'd_fulladdr' => '3348 MAYFAIR BLVD'
        };
$VAR1 = {
          'datafinder' => {
                            'input-query' => {
                                               'FirstName' => 'treasure',
                                               'PostalCode' => '93703',
                                               'Street' => 'MAYFAIR BLVD',
                                               'Address' => '3348 MAYFAIR BLVD',
                                               'City' => 'FRESNO',
                                               'State' => 'CA',
                                               'HouseNum' => '3348',
                                               'LastName' => 'her'
                                             },
                            'version' => '2.0',
                            'query-id' => 'f9fa1785ecc6d96fe524fae070c38d55',
                            'query-time' => '0.390',
                            'num-results' => 1,
                            'results' => [
                                           {
                                             '#RawMatchCodes' => 'F0,L0,C0,S0,Z4,LF0,CS,-0CS,PINDIV4,PINDIV3,PINDIV2,PINDIV1,PINDIV0,R1',
                                             'FirstName' => 'TREASURE',
                                             '#WeightedScore' => '209.8275',
                                             'City' => 'FRESNO',
                                             'URLSource' => 'DIRECTEDUCATIONCENTER.COM',
                                             'State' => 'CA',
                                             'Country' => 'US',
                                             'LastName' => 'HER',
                                             'Zip' => '93727',
                                             'IP' => '108.80.244.110',
                                             'EmailAddr' => 'HERTREASURE97@GMAIL.COM',
                                             '#RawScore' => '48.55',
                                             'EmailAddrUsable' => 'YES'
                                           }
                                         ]
                          }
        };
$VAR1 = {
          'PaymentMethod' => 'Other',
          'LastUpdateDate' => '2017-01-06T02:22:52Z',
          'SellerOrderId' => '103-7072101-6596266',
          'ShipmentServiceLevelCategory' => 'SecondDay',
          'IsPrime' => 'false',
          'EarliestShipDate' => '2017-01-06T02:20:15Z',
          'OrderType' => 'StandardOrder',
          'LatestShipDate' => '2017-01-06T02:20:15Z',
          'IsPremiumOrder' => 'false',
          'NumberOfItemsUnshipped' => '0',
          'NumberOfItemsShipped' => '1',
          'MarketplaceId' => 'ATVPDKIKX0DER',
          'PurchaseDate' => '2017-01-05T09:10:36Z',
          'IsBusinessOrder' => 'false',
          'ShipServiceLevel' => 'SecondDay',
          'SalesChannel' => 'Amazon.com',
          'FulfillmentChannel' => 'AFN',
          'OrderStatus' => 'Shipped',
          'OrderTotal' => {
                          'Amount' => '18.99',
                          'CurrencyCode' => 'USD'
                        },
          'BuyerName' => 'JOhn a savoie',
          'ShippingAddress' => {
                               'PostalCode' => '02128-2125',
                               'AddressLine1' => '156 PORTER ST # 146',
                               'StateOrRegion' => 'MA',
                               'City' => 'BOSTON',
                               'Name' => 'John Aaron Savoie',
                               'CountryCode' => 'US'
                             },
          'BuyerEmail' => 'r94sykdx26lgf53@marketplace.amazon.com',
          'AmazonOrderId' => '103-7072101-6596266'
        };
$VAR1 = {
          'd_zip' => '02128',
          'd_last' => 'savoie',
          'd_first' => 'JOhn',
          'd_city' => 'BOSTON',
          'd_state' => 'MA',
          'd_fulladdr' => '156 PORTER ST # 146'
        };
$VAR1 = {
          'datafinder' => {
                            'input-query' => {
                                               'FirstName' => 'JOhn',
                                               'PostalCode' => '02128',
                                               'Street' => 'PORTER ST',
                                               'Address' => '156 PORTER ST # 146',
                                               'City' => 'BOSTON',
                                               'State' => 'MA',
                                               'HouseNum' => '156',
                                               'LastName' => 'savoie',
                                               'Unit' => '# 146'
                                             },
                            'version' => '2.0',
                            'query-id' => 'd65a3462b0a5433e0b50bae84f0c2170',
                            'query-time' => '0.617',
                            'num-results' => 1,
                            'results' => [
                                           {
                                             '#RawMatchCodes' => 'C0,S0,Z0,AHN0,AS0,A0,ACSZ,R1',
                                             'TimeStamp' => '20111011',
                                             'FirstName' => 'JUAN',
                                             'Address' => '156 PORTER ST',
                                             '#WeightedScore' => '151.5',
                                             'City' => 'BOSTON',
                                             'State' => 'MA',
                                             'Zip' => '02128',
                                             'LastName' => 'CAMACHO',
                                             'IP' => '66.201.85.192',
                                             'EmailAddr' => 'G4SKYWALKER@YAHOO.COM',
                                             '#RawScore' => '26.3',
                                             'EmailAddrUsable' => 'YES'
                                           }
                                         ]
                          }
        };
$VAR1 = {
          'PaymentMethod' => 'Other',
          'LastUpdateDate' => '2017-01-05T23:38:59Z',
          'SellerOrderId' => '002-3428521-3496259',
          'ShipmentServiceLevelCategory' => 'Standard',
          'IsPrime' => 'false',
          'EarliestShipDate' => '2017-01-05T23:17:45Z',
          'OrderType' => 'StandardOrder',
          'LatestShipDate' => '2017-01-05T23:17:45Z',
          'IsPremiumOrder' => 'false',
          'NumberOfItemsUnshipped' => '0',
          'NumberOfItemsShipped' => '1',
          'MarketplaceId' => 'ATVPDKIKX0DER',
          'PurchaseDate' => '2017-01-05T09:12:46Z',
          'IsBusinessOrder' => 'false',
          'ShipServiceLevel' => 'Standard',
          'SalesChannel' => 'Amazon.com',
          'FulfillmentChannel' => 'AFN',
          'OrderStatus' => 'Shipped',
          'OrderTotal' => {
                          'Amount' => '19.99',
                          'CurrencyCode' => 'USD'
                        },
          'BuyerName' => 'KATHY JONES',
          'ShippingAddress' => {
                               'PostalCode' => '09177-0003',
                               'AddressLine1' => 'CMR 463 BOX 233',
                               'StateOrRegion' => 'AE',
                               'City' => 'APO',
                               'Name' => 'Kathy L. Jones',
                               'CountryCode' => 'US'
                             },
          'BuyerEmail' => '44hg7vk7dn0mgv8@marketplace.amazon.com',
          'AmazonOrderId' => '002-3428521-3496259'
        };
$VAR1 = {
          'd_zip' => '09177',
          'd_last' => 'JONES',
          'd_first' => 'KATHY',
          'd_city' => 'APO',
          'd_state' => 'AE',
          'd_fulladdr' => 'CMR 463 BOX 233'
        };
$VAR1 = {
          'datafinder' => {
                            'input-query' => {
                                               'FirstName' => 'KATHY',
                                               'PostalCode' => '09177',
                                               'Street' => 'CMR 463',
                                               'Address' => 'CMR 463 BOX 233',
                                               'City' => 'APO',
                                               'State' => 'AE',
                                               'LastName' => 'JONES',
                                               'Unit' => 'BOX 233'
                                             },
                            'version' => '2.0',
                            'query-id' => '5cd1db4d433ca7b89849b007d3e4a819',
                            'query-time' => '0.511',
                            'num-results' => 1,
                            'results' => [
                                           {
                                             '#RawMatchCodes' => 'C0,S0,Z0,AS0,A3,ACSZ,R1',
                                             'TimeStamp' => '20150908',
                                             'FirstName' => 'SARAH',
                                             'Address' => 'CMR 463 BOX 104',
                                             '#WeightedScore' => '101',
                                             'City' => 'APO',
                                             'URLSource' => 'TAGGED',
                                             'State' => 'AE',
                                             'Country' => 'US',
                                             'Zip' => '09177',
                                             'LastName' => 'TACKLING',
                                             'IP' => '204.97.98.248',
                                             'EmailAddr' => 'NALA2001@HOTMAIL.COM',
                                             '#RawScore' => '21.3',
                                             'EmailAddrUsable' => 'YES'
                                           }
                                         ]
                          }
        };
$VAR1 = {
          'PaymentMethod' => 'Other',
          'LastUpdateDate' => '2017-01-06T02:33:42Z',
          'SellerOrderId' => '108-2254231-8399400',
          'ShipmentServiceLevelCategory' => 'SecondDay',
          'IsPrime' => 'false',
          'EarliestShipDate' => '2017-01-06T02:31:59Z',
          'OrderType' => 'StandardOrder',
          'LatestShipDate' => '2017-01-06T02:31:59Z',
          'IsPremiumOrder' => 'false',
          'NumberOfItemsUnshipped' => '0',
          'NumberOfItemsShipped' => '1',
          'MarketplaceId' => 'ATVPDKIKX0DER',
          'PurchaseDate' => '2017-01-05T09:17:47Z',
          'IsBusinessOrder' => 'false',
          'ShipServiceLevel' => 'SecondDay',
          'SalesChannel' => 'Amazon.com',
          'FulfillmentChannel' => 'AFN',
          'OrderStatus' => 'Shipped',
          'OrderTotal' => {
                          'Amount' => '7.49',
                          'CurrencyCode' => 'USD'
                        },
          'BuyerName' => 'RACHAEL S GAINER',
          'ShippingAddress' => {
                               'PostalCode' => '35205-1848',
                               'AddressLine1' => '1211 28TH ST S STE 202',
                               'StateOrRegion' => 'AL',
                               'City' => 'BIRMINGHAM',
                               'Name' => 'Dollins Law',
                               'CountryCode' => 'US'
                             },
          'BuyerEmail' => '0z1pgl3fjygnrpg@marketplace.amazon.com',
          'AmazonOrderId' => '108-2254231-8399400'
        };
$VAR1 = {
          'd_zip' => '35205',
          'd_last' => 'GAINER',
          'd_first' => 'RACHAEL',
          'd_city' => 'BIRMINGHAM',
          'd_state' => 'AL',
          'd_fulladdr' => '1211 28TH ST S STE 202'
        };
$VAR1 = {
          'datafinder' => {
                            'input-query' => {
                                               'FirstName' => 'RACHAEL',
                                               'PostalCode' => '35205',
                                               'Street' => '28TH ST S',
                                               'Address' => '1211 28TH ST S STE 202',
                                               'City' => 'BIRMINGHAM',
                                               'State' => 'AL',
                                               'HouseNum' => '1211',
                                               'LastName' => 'GAINER',
                                               'Unit' => 'STE 202'
                                             },
                            'version' => '2.0',
                            'query-id' => '75225ac5a08ad5dfc5c84e53733b35b5',
                            'query-time' => '3.878',
                            'num-results' => 0
                          }
        };
$VAR1 = {
          'PaymentMethod' => 'Other',
          'LastUpdateDate' => '2017-01-05T22:29:20Z',
          'SellerOrderId' => '109-4953468-7396237',
          'ShipmentServiceLevelCategory' => 'SecondDay',
          'IsPrime' => 'false',
          'EarliestShipDate' => '2017-01-05T22:24:09Z',
          'OrderType' => 'StandardOrder',
          'LatestShipDate' => '2017-01-05T22:24:09Z',
          'IsPremiumOrder' => 'false',
          'NumberOfItemsUnshipped' => '0',
          'NumberOfItemsShipped' => '1',
          'MarketplaceId' => 'ATVPDKIKX0DER',
          'PurchaseDate' => '2017-01-05T09:25:35Z',
          'IsBusinessOrder' => 'false',
          'ShipServiceLevel' => 'SecondDay',
          'SalesChannel' => 'Amazon.com',
          'FulfillmentChannel' => 'AFN',
          'OrderStatus' => 'Shipped',
          'OrderTotal' => {
                          'Amount' => '13.75',
                          'CurrencyCode' => 'USD'
                        },
          'BuyerName' => 'Freida Kendrick',
          'ShippingAddress' => {
                               'PostalCode' => '73141-2603',
                               'AddressLine1' => '9409 NE 27th St',
                               'StateOrRegion' => 'OK',
                               'City' => 'Oklahoma City',
                               'Name' => 'Freida K Kendrick',
                               'CountryCode' => 'US'
                             },
          'BuyerEmail' => 'z45xwl036mkr5z1@marketplace.amazon.com',
          'AmazonOrderId' => '109-4953468-7396237'
        };
$VAR1 = {
          'd_zip' => '73141',
          'd_last' => 'Kendrick',
          'd_first' => 'Freida',
          'd_city' => 'Oklahoma City',
          'd_state' => 'OK',
          'd_fulladdr' => '9409 NE 27th St'
        };
$VAR1 = {
          'datafinder' => {
                            'input-query' => {
                                               'FirstName' => 'Freida',
                                               'PostalCode' => '73141',
                                               'Street' => 'NE 27TH ST',
                                               'Address' => '9409 NE 27TH ST',
                                               'City' => 'Oklahoma City',
                                               'State' => 'OK',
                                               'HouseNum' => '9409',
                                               'LastName' => 'Kendrick'
                                             },
                            'version' => '2.0',
                            'query-id' => '83fc238565f50c1a8f291873c69720d5',
                            'query-time' => '0.642',
                            'num-results' => 0
                          }
        };
$VAR1 = {
          'PaymentMethod' => 'Other',
          'LastUpdateDate' => '2017-01-06T02:33:02Z',
          'SellerOrderId' => '110-8216991-5875408',
          'ShipmentServiceLevelCategory' => 'SecondDay',
          'IsPrime' => 'false',
          'EarliestShipDate' => '2017-01-06T02:10:51Z',
          'OrderType' => 'StandardOrder',
          'LatestShipDate' => '2017-01-06T02:10:51Z',
          'IsPremiumOrder' => 'false',
          'NumberOfItemsUnshipped' => '0',
          'NumberOfItemsShipped' => '1',
          'MarketplaceId' => 'ATVPDKIKX0DER',
          'PurchaseDate' => '2017-01-05T09:38:57Z',
          'IsBusinessOrder' => 'false',
          'ShipServiceLevel' => 'SecondDay',
          'SalesChannel' => 'Amazon.com',
          'FulfillmentChannel' => 'AFN',
          'OrderStatus' => 'Shipped',
          'OrderTotal' => {
                          'Amount' => '8.99',
                          'CurrencyCode' => 'USD'
                        },
          'BuyerName' => 'Amanda Bettencourt',
          'ShippingAddress' => {
                               'PostalCode' => '95324',
                               'AddressLine1' => 'p.o. bOX 36',
                               'StateOrRegion' => 'Ca',
                               'City' => 'Hilmar',
                               'Name' => 'Amanda Bettencourt',
                               'CountryCode' => 'US'
                             },
          'BuyerEmail' => '13r78lnqwf9xjdf@marketplace.amazon.com',
          'AmazonOrderId' => '110-8216991-5875408'
        };
$VAR1 = {
          'd_zip' => '95324',
          'd_last' => 'Bettencourt',
          'd_first' => 'Amanda',
          'd_city' => 'Hilmar',
          'd_state' => 'Ca',
          'd_fulladdr' => 'p.o. bOX 36'
        };
$VAR1 = {
          'datafinder' => {
                            'input-query' => {
                                               'FirstName' => 'Amanda',
                                               'PostalCode' => '95324',
                                               'Address' => 'BOX 36',
                                               'LastName' => 'Bettencourt',
                                               'City' => 'Hilmar',
                                               'Unit' => 'BOX 36',
                                               'State' => 'CA'
                                             },
                            'version' => '2.0',
                            'query-id' => '68b76b47eab55e6d706f78d45a6c2341',
                            'query-time' => '0.738',
                            'num-results' => 1,
                            'results' => [
                                           {
                                             '#RawMatchCodes' => 'L0,C0,S0,Z0,CS',
                                             'TimeStamp' => '20140901',
                                             'FirstName' => 'MANUEL',
                                             'Address' => '20460 PALM CT',
                                             '#WeightedScore' => '100',
                                             'City' => 'HILMAR',
                                             'State' => 'CA',
                                             'Zip' => '95324',
                                             'LastName' => 'BETTENCOURT',
                                             'IP' => '139.64.229.130',
                                             'EmailAddr' => 'MBETTENCOURT92@GMAIL.COM',
                                             '#RawScore' => '20',
                                             'EmailAddrUsable' => 'YES'
                                           }
                                         ]
                          }
        };
$VAR1 = {
          'PaymentMethod' => 'Other',
          'LastUpdateDate' => '2017-01-05T20:55:37Z',
          'SellerOrderId' => '114-3252796-1139442',
          'ShipmentServiceLevelCategory' => 'SecondDay',
          'IsPrime' => 'false',
          'EarliestShipDate' => '2017-01-05T20:54:05Z',
          'OrderType' => 'StandardOrder',
          'LatestShipDate' => '2017-01-05T20:54:05Z',
          'IsPremiumOrder' => 'false',
          'NumberOfItemsUnshipped' => '0',
          'NumberOfItemsShipped' => '1',
          'MarketplaceId' => 'ATVPDKIKX0DER',
          'PurchaseDate' => '2017-01-05T09:40:57Z',
          'IsBusinessOrder' => 'false',
          'ShipServiceLevel' => 'SecondDay',
          'SalesChannel' => 'Amazon.com',
          'FulfillmentChannel' => 'AFN',
          'OrderStatus' => 'Shipped',
          'OrderTotal' => {
                          'Amount' => '5.99',
                          'CurrencyCode' => 'USD'
                        },
          'BuyerName' => 'ALVIN R. SAN DIEGO',
          'ShippingAddress' => {
                               'PostalCode' => '91784-1344',
                               'AddressLine1' => '2206 N LAUREL WAY',
                               'StateOrRegion' => 'CA',
                               'City' => 'UPLAND',
                               'Name' => 'ALVIN R. SAN DIEGO',
                               'CountryCode' => 'US'
                             },
          'BuyerEmail' => 'cfd257wmrv80tfh@marketplace.amazon.com',
          'AmazonOrderId' => '114-3252796-1139442'
        };
$VAR1 = {
          'd_zip' => '91784',
          'd_last' => 'DIEGO',
          'd_first' => 'ALVIN',
          'd_city' => 'UPLAND',
          'd_state' => 'CA',
          'd_fulladdr' => '2206 N LAUREL WAY'
        };
$VAR1 = {
          'datafinder' => {
                            'input-query' => {
                                               'FirstName' => 'ALVIN',
                                               'PostalCode' => '91784',
                                               'Street' => 'N LAUREL WAY',
                                               'Address' => '2206 N LAUREL WAY',
                                               'City' => 'UPLAND',
                                               'State' => 'CA',
                                               'HouseNum' => '2206',
                                               'LastName' => 'DIEGO'
                                             },
                            'version' => '2.0',
                            'query-id' => '6316a450c2ae59a8a64ffafcf4f2caf3',
                            'query-time' => '0.824',
                            'num-results' => 0
                          }
        };
$VAR1 = {
          'PaymentMethod' => 'Other',
          'LastUpdateDate' => '2017-01-08T05:52:19Z',
          'SellerOrderId' => '110-5512842-5594662',
          'ShipmentServiceLevelCategory' => 'SecondDay',
          'IsPrime' => 'false',
          'EarliestShipDate' => '2017-01-08T05:26:35Z',
          'OrderType' => 'StandardOrder',
          'LatestShipDate' => '2017-01-08T05:26:35Z',
          'IsPremiumOrder' => 'false',
          'NumberOfItemsUnshipped' => '0',
          'NumberOfItemsShipped' => '1',
          'MarketplaceId' => 'ATVPDKIKX0DER',
          'PurchaseDate' => '2017-01-05T09:47:52Z',
          'IsBusinessOrder' => 'false',
          'ShipServiceLevel' => 'SecondDay',
          'SalesChannel' => 'Amazon.com',
          'FulfillmentChannel' => 'AFN',
          'OrderStatus' => 'Shipped',
          'OrderTotal' => {
                          'Amount' => '5.99',
                          'CurrencyCode' => 'USD'
                        },
          'BuyerName' => 'James Harger',
          'ShippingAddress' => {
                               'PostalCode' => '97128',
                               'AddressLine1' => '369 SE College Ave',
                               'StateOrRegion' => 'OR',
                               'City' => 'McMinnville',
                               'Name' => 'Jim Harger',
                               'CountryCode' => 'US'
                             },
          'BuyerEmail' => 'ch6w3xfj9wh174d@marketplace.amazon.com',
          'AmazonOrderId' => '110-5512842-5594662'
        };
$VAR1 = {
          'd_zip' => '97128',
          'd_last' => 'Harger',
          'd_first' => 'James',
          'd_city' => 'McMinnville',
          'd_state' => 'OR',
          'd_fulladdr' => '369 SE College Ave'
        };
$VAR1 = {
          'datafinder' => {
                            'input-query' => {
                                               'FirstName' => 'James',
                                               'PostalCode' => '97128',
                                               'Street' => 'SE COLLEGE AVE',
                                               'Address' => '369 SE COLLEGE AVE',
                                               'City' => 'McMinnville',
                                               'State' => 'OR',
                                               'HouseNum' => '369',
                                               'LastName' => 'Harger'
                                             },
                            'version' => '2.0',
                            'query-id' => 'c230ae30f7b7790f5937041a4e3b6e50',
                            'query-time' => '0.412',
                            'num-results' => 0
                          }
        };
$VAR1 = {
          'PaymentMethod' => 'Other',
          'LastUpdateDate' => '2017-01-06T16:22:38Z',
          'SellerOrderId' => '102-1093112-1442609',
          'ShipmentServiceLevelCategory' => 'SecondDay',
          'IsPrime' => 'false',
          'EarliestShipDate' => '2017-01-06T16:20:23Z',
          'OrderType' => 'StandardOrder',
          'LatestShipDate' => '2017-01-06T16:20:23Z',
          'IsPremiumOrder' => 'false',
          'NumberOfItemsUnshipped' => '0',
          'NumberOfItemsShipped' => '1',
          'MarketplaceId' => 'ATVPDKIKX0DER',
          'PurchaseDate' => '2017-01-05T09:48:20Z',
          'IsBusinessOrder' => 'false',
          'ShipServiceLevel' => 'SecondDay',
          'SalesChannel' => 'Amazon.com',
          'FulfillmentChannel' => 'AFN',
          'OrderStatus' => 'Shipped',
          'OrderTotal' => {
                          'Amount' => '5.99',
                          'CurrencyCode' => 'USD'
                        },
          'BuyerName' => 'Mr. Gregory C Lucas',
          'ShippingAddress' => {
                               'PostalCode' => '20175-8972',
                               'AddressLine1' => '601 Patrice Drive SE',
                               'StateOrRegion' => 'VA',
                               'City' => 'Leesburg',
                               'Name' => 'Gregory C Lucas',
                               'CountryCode' => 'US'
                             },
          'BuyerEmail' => 'y2nzqbqfgz0px6z@marketplace.amazon.com',
          'AmazonOrderId' => '102-1093112-1442609'
        };
$VAR1 = {
          'd_zip' => '20175',
          'd_last' => 'Lucas',
          'd_first' => 'Mr.',
          'd_city' => 'Leesburg',
          'd_state' => 'VA',
          'd_fulladdr' => '601 Patrice Drive SE'
        };
$VAR1 = {
          'datafinder' => {
                            'input-query' => {
                                               'FirstName' => 'Mr',
                                               'PostalCode' => '20175',
                                               'Street' => 'PATRICE DRIVE SE',
                                               'Address' => '601 PATRICE DRIVE SE',
                                               'City' => 'Leesburg',
                                               'St