Name "FindBin::Bin" used only once: possible typo at z.pl line 8.
$VAR1 = {
          'PaymentMethod' => 'Other',
          'LastUpdateDate' => '2017-01-06T11:18:52Z',
          'SellerOrderId' => '111-0216622-0011423',
          'ShipmentServiceLevelCategory' => 'SecondDay',
          'IsPrime' => 'false',
          'EarliestShipDate' => '2017-01-06T11:07:22Z',
          'OrderType' => 'StandardOrder',
          'LatestShipDate' => '2017-01-06T11:07:22Z',
          'IsPremiumOrder' => 'false',
          'NumberOfItemsUnshipped' => '0',
          'NumberOfItemsShipped' => '1',
          'MarketplaceId' => 'ATVPDKIKX0DER',
          'PurchaseDate' => '2017-01-05T12:03:59Z',
          'IsBusinessOrder' => 'false',
          'ShipServiceLevel' => 'SecondDay',
          'SalesChannel' => 'Amazon.com',
          'FulfillmentChannel' => 'AFN',
          'OrderStatus' => 'Shipped',
          'OrderTotal' => {
                          'Amount' => '5.99',
                          'CurrencyCode' => 'USD'
                        },
          'BuyerName' => 'Brandis Wood',
          'ShippingAddress' => {
                               'PostalCode' => '99301-3168',
                               'AddressLine1' => '3417 EMERALD DOWNS LN',
                               'StateOrRegion' => 'WA',
                               'City' => 'PASCO',
                               'Name' => 'BRANDIS J WOOD',
                               'CountryCode' => 'US'
                             },
          'BuyerEmail' => '9pp58mhz8wjjr8w@marketplace.amazon.com',
          'AmazonOrderId' => '111-0216622-0011423'
        };
$VAR1 = {
          'd_zip' => '99301',
          'd_last' => 'Wood',
          'd_first' => 'Brandis',
          'd_city' => 'PASCO',
          'd_state' => 'WA',
          'd_fulladdr' => '3417 EMERALD DOWNS LN'
        };
$VAR1 = {
          'input-query' => {
                             'FirstName' => 'Brandis',
                             'PostalCode' => '99301',
                             'Street' => 'EMERALD DOWNS LN',
                             'Address' => '3417 EMERALD DOWNS LN',
                             'City' => 'PASCO',
                             'State' => 'WA',
                             'HouseNum' => '3417',
                             'LastName' => 'Wood'
                           },
          'version' => '2.0',
          'query-id' => '6944fb67231bf207f9a9ce69f2ec5646',
          'query-time' => '2.346',
          'num-results' => 0
        };
$VAR1 = {
          'PaymentMethod' => 'Other',
          'LastUpdateDate' => '2017-01-06T01:36:48Z',
          'SellerOrderId' => '102-9801165-8165004',
          'ShipmentServiceLevelCategory' => 'SecondDay',
          'IsPrime' => 'false',
          'EarliestShipDate' => '2017-01-06T01:33:13Z',
          'OrderType' => 'StandardOrder',
          'LatestShipDate' => '2017-01-06T01:33:13Z',
          'IsPremiumOrder' => 'false',
          'NumberOfItemsUnshipped' => '0',
          'NumberOfItemsShipped' => '1',
          'MarketplaceId' => 'ATVPDKIKX0DER',
          'PurchaseDate' => '2017-01-05T12:04:08Z',
          'IsBusinessOrder' => 'false',
          'ShipServiceLevel' => 'SecondDay',
          'SalesChannel' => 'Amazon.com',
          'FulfillmentChannel' => 'AFN',
          'OrderStatus' => 'Shipped',
          'OrderTotal' => {
                          'Amount' => '5.99',
                          'CurrencyCode' => 'USD'
                        },
          'BuyerName' => 'Thanjh Ferguson',
          'ShippingAddress' => {
                               'PostalCode' => '93551-1582',
                               'AddressLine1' => '2763 TRUDEAU LN',
                               'StateOrRegion' => 'CA',
                               'City' => 'PALMDALE',
                               'Name' => 'Thanh Ferguson',
                               'CountryCode' => 'US'
                             },
          'BuyerEmail' => 'yhcw8p73gbf5lfy@marketplace.amazon.com',
          'AmazonOrderId' => '102-9801165-8165004'
        };
$VAR1 = {
          'd_zip' => '93551',
          'd_last' => 'Ferguson',
          'd_first' => 'Thanjh',
          'd_city' => 'PALMDALE',
          'd_state' => 'CA',
          'd_fulladdr' => '2763 TRUDEAU LN'
        };
$VAR1 = {
          'input-query' => {
                             'FirstName' => 'Thanjh',
                             'PostalCode' => '93551',
                             'Street' => 'TRUDEAU LN',
                             'Address' => '2763 TRUDEAU LN',
                             'City' => 'PALMDALE',
                             'State' => 'CA',
                             'HouseNum' => '2763',
                             'LastName' => 'Ferguson'
                           },
          'version' => '2.0',
          'query-id' => '265fc1d7f742b8407ce09251fc2fc6f1',
          'query-time' => '0.597',
          'num-results' => 0,
          'results' => []
        };
$VAR1 = {
          'PaymentMethod' => 'Other',
          'LastUpdateDate' => '2017-01-05T19:29:45Z',
          'SellerOrderId' => '105-9325396-3477846',
          'ShipmentServiceLevelCategory' => 'SecondDay',
          'IsPrime' => 'false',
          'EarliestShipDate' => '2017-01-05T19:27:38Z',
          'OrderType' => 'StandardOrder',
          'LatestShipDate' => '2017-01-05T19:27:38Z',
          'IsPremiumOrder' => 'false',
          'NumberOfItemsUnshipped' => '0',
          'NumberOfItemsShipped' => '1',
          'MarketplaceId' => 'ATVPDKIKX0DER',
          'PurchaseDate' => '2017-01-05T12:05:43Z',
          'IsBusinessOrder' => 'false',
          'ShipServiceLevel' => 'SecondDay',
          'SalesChannel' => 'Amazon.com',
          'FulfillmentChannel' => 'AFN',
          'OrderStatus' => 'Shipped',
          'OrderTotal' => {
                          'Amount' => '13.75',
                          'CurrencyCode' => 'USD'
                        },
          'BuyerName' => 'William Fox',
          'ShippingAddress' => {
                               'PostalCode' => '38128',
                               'AddressLine1' => '3027 Bluefield',
                               'StateOrRegion' => 'TN',
                               'City' => 'memphis',
                               'Name' => 'William C Fox Jr',
                               'CountryCode' => 'US'
                             },
          'BuyerEmail' => 'l33jyd3bq3wsfdl@marketplace.amazon.com',
          'AmazonOrderId' => '105-9325396-3477846'
        };
$VAR1 = {
          'd_zip' => '38128',
          'd_last' => 'Fox',
          'd_first' => 'William',
          'd_city' => 'memphis',
          'd_state' => 'TN',
          'd_fulladdr' => '3027 Bluefield'
        };
$VAR1 = {
          'input-query' => {
                             'FirstName' => 'William',
                             'PostalCode' => '38128',
                             'Street' => 'BLUEFIELD',
                             'Address' => '3027 BLUEFIELD',
                             'City' => 'memphis',
                             'State' => 'TN',
                             'HouseNum' => '3027',
                             'LastName' => 'Fox'
                           },
          'version' => '2.0',
          'query-id' => 'bd06718f5908944c546d8ee5829be01a',
          'query-time' => '0.681',
          'num-results' => 0
        };
$VAR1 = {
          'PaymentMethod' => 'Other',
          'LastUpdateDate' => '2017-01-05T23:38:42Z',
          'SellerOrderId' => '002-4017431-1828244',
          'ShipmentServiceLevelCategory' => 'SecondDay',
          'IsPrime' => 'false',
          'EarliestShipDate' => '2017-01-05T23:26:08Z',
          'OrderType' => 'StandardOrder',
          'LatestShipDate' => '2017-01-05T23:26:08Z',
          'IsPremiumOrder' => 'false',
          'NumberOfItemsUnshipped' => '0',
          'NumberOfItemsShipped' => '1',
          'MarketplaceId' => 'ATVPDKIKX0DER',
          'PurchaseDate' => '2017-01-05T12:06:33Z',
          'IsBusinessOrder' => 'false',
          'ShipServiceLevel' => 'SecondDay',
          'SalesChannel' => 'Amazon.com',
          'FulfillmentChannel' => 'AFN',
          'OrderStatus' => 'Shipped',
          'OrderTotal' => {
                          'Amount' => '5.99',
                          'CurrencyCode' => 'USD'
                        },
          'BuyerName' => 'Kay Gardner',
          'ShippingAddress' => {
                               'PostalCode' => '37918-2820',
                               'AddressLine1' => '1807 HOWARD DR',
                               'StateOrRegion' => 'TN',
                               'City' => 'KNOXVILLE',
                               'Name' => 'Kay Gardner',
                               'CountryCode' => 'US'
                             },
          'BuyerEmail' => 's082prsfl182896@marketplace.amazon.com',
          'AmazonOrderId' => '002-4017431-1828244'
        };
$VAR1 = {
          'd_zip' => '37918',
          'd_last' => 'Gardner',
          'd_first' => 'Kay',
          'd_city' => 'KNOXVILLE',
          'd_state' => 'TN',
          'd_fulladdr' => '1807 HOWARD DR'
        };
$VAR1 = {
          'input-query' => {
                             'FirstName' => 'Kay',
                             'PostalCode' => '37918',
                             'Street' => 'HOWARD DR',
                             'Address' => '1807 HOWARD DR',
                             'City' => 'KNOXVILLE',
                             'State' => 'TN',
                             'HouseNum' => '1807',
                             'LastName' => 'Gardner'
                           },
          'version' => '2.0',
          'query-id' => '5e0bfa1abaaa0934c9d35a701204feba',
          'query-time' => '0.758',
          'num-results' => 0,
          'results' => []
        };
$VAR1 = {
          'PaymentMethod' => 'Other',
          'LastUpdateDate' => '2017-01-06T08:13:46Z',
          'SellerOrderId' => '002-2404319-2001842',
          'ShipmentServiceLevelCategory' => 'SecondDay',
          'IsPrime' => 'false',
          'EarliestShipDate' => '2017-01-06T07:58:39Z',
          'OrderType' => 'StandardOrder',
          'LatestShipDate' => '2017-01-06T07:58:39Z',
          'IsPremiumOrder' => 'false',
          'NumberOfItemsUnshipped' => '0',
          'NumberOfItemsShipped' => '1',
          'MarketplaceId' => 'ATVPDKIKX0DER',
          'PurchaseDate' => '2017-01-05T12:08:55Z',
          'IsBusinessOrder' => 'false',
          'ShipServiceLevel' => 'SecondDay',
          'SalesChannel' => 'Amazon.com',
          'FulfillmentChannel' => 'AFN',
          'OrderStatus' => 'Shipped',
          'OrderTotal' => {
                          'Amount' => '13.75',
                          'CurrencyCode' => 'USD'
                        },
          'BuyerName' => 'Helene Karlsson',
          'ShippingAddress' => {
                               'PostalCode' => '06032-3568',
                               'AddressLine1' => '5 TALCOTT FOREST RD APT F',
                               'StateOrRegion' => 'CT',
                               'City' => 'FARMINGTON',
                               'Name' => 'Helene Karlsson',
                               'CountryCode' => 'US'
                             },
          'BuyerEmail' => 'q8t205grbwg9tm0@marketplace.amazon.com',
          'AmazonOrderId' => '002-2404319-2001842'
        };
$VAR1 = {
          'd_zip' => '06032',
          'd_last' => 'Karlsson',
          'd_first' => 'Helene',
          'd_city' => 'FARMINGTON',
          'd_state' => 'CT',
          'd_fulladdr' => '5 TALCOTT FOREST RD APT F'
        };
$VAR1 = {
          'input-query' => {
                             'FirstName' => 'Helene',
                             'PostalCode' => '06032',
                             'Street' => 'TALCOTT FOREST RD',
                             'Address' => '5 TALCOTT FOREST RD APT F',
                             'City' => 'FARMINGTON',
                             'State' => 'CT',
                             'HouseNum' => '5',
                             'LastName' => 'Karlsson',
                             'Unit' => 'APT F'
                           },
          'version' => '2.0',
          'query-id' => '3d62ad0d93c05dd39499135e17347755',
          'query-time' => '0.439',
          'num-results' => 0
        };
$VAR1 = {
          'PaymentMethod' => 'Other',
          'LastUpdateDate' => '2017-01-06T04:07:33Z',
          'SellerOrderId' => '107-9191007-4034650',
          'ShipmentServiceLevelCategory' => 'SecondDay',
          'IsPrime' => 'false',
          'EarliestShipDate' => '2017-01-06T04:06:24Z',
          'OrderType' => 'StandardOrder',
          'LatestShipDate' => '2017-01-06T04:06:24Z',
          'IsPremiumOrder' => 'false',
          'NumberOfItemsUnshipped' => '0',
          'NumberOfItemsShipped' => '1',
          'MarketplaceId' => 'ATVPDKIKX0DER',
          'PurchaseDate' => '2017-01-05T12:09:40Z',
          'IsBusinessOrder' => 'false',
          'ShipServiceLevel' => 'SecondDay',
          'SalesChannel' => 'Amazon.com',
          'FulfillmentChannel' => 'AFN',
          'OrderStatus' => 'Shipped',
          'OrderTotal' => {
                          'Amount' => '18.99',
                          'CurrencyCode' => 'USD'
                        },
          'BuyerName' => 'David Brannon',
          'ShippingAddress' => {
                               'PostalCode' => '22181-5916',
                               'AddressLine1' => '2900 GRETNA PL',
                               'StateOrRegion' => 'VA',
                               'City' => 'VIENNA',
                               'Name' => 'David Brannon',
                               'CountryCode' => 'US'
                             },
          'BuyerEmail' => 'dhn3qjtbb35qh92@marketplace.amazon.com',
          'AmazonOrderId' => '107-9191007-4034650'
        };
$VAR1 = {
          'd_zip' => '22181',
          'd_last' => 'Brannon',
          'd_first' => 'David',
          'd_city' => 'VIENNA',
          'd_state' => 'VA',
          'd_fulladdr' => '2900 GRETNA PL'
        };
$VAR1 = {
          'input-query' => {
                             'FirstName' => 'David',
                             'PostalCode' => '22181',
                             'Street' => 'GRETNA PL',
                             'Address' => '2900 GRETNA PL',
                             'City' => 'VIENNA',
                             'State' => 'VA',
                             'HouseNum' => '2900',
                             'LastName' => 'Brannon'
                           },
          'version' => '2.0',
          'query-id' => '2e06509719a7ffacd9e3827580e0a806',
          'query-time' => '0.841',
          'num-results' => 1,
          'results' => [
                         {
                           'FirstName' => 'DAVID',
                           'Address' => '2900 GRETNA PL',
                           'City' => 'VIENNA',
                           'State' => 'VA',
                           'Zip4' => '5916',
                           'Zip' => '22181',
                           'LastName' => 'BRANNON',
                           'EmailAddr' => 'DAVID.BRANNON@LMCO.COM',
                           '#RawScore' => '102.73',
                           'EmailAddrUsable' => 'YES',
                           '#RawMatchCodes' => 'F0,L0,C0,S0,Z0,AHN0,AS0,A0,LF0,ACSZ,-0F,PINDIV4,INDIV,HHLD,R1',
                           'TimeStamp' => '20110708',
                           '#WeightedScore' => '901.5563',
                           'URLSource' => 'BOOKINGBUDDY.COM',
                           'Country' => 'US',
                           'IP' => '64.240.50.191'
                         }
                       ]
        };
$VAR1 = {
          'PaymentMethod' => 'Other',
          'LastUpdateDate' => '2017-01-06T10:19:56Z',
          'SellerOrderId' => '106-0888353-6895422',
          'ShipmentServiceLevelCategory' => 'SecondDay',
          'IsPrime' => 'false',
          'EarliestShipDate' => '2017-01-06T10:08:04Z',
          'OrderType' => 'StandardOrder',
          'LatestShipDate' => '2017-01-06T10:08:04Z',
          'IsPremiumOrder' => 'false',
          'NumberOfItemsUnshipped' => '0',
          'NumberOfItemsShipped' => '2',
          'MarketplaceId' => 'ATVPDKIKX0DER',
          'PurchaseDate' => '2017-01-05T12:09:56Z',
          'IsBusinessOrder' => 'false',
          'ShipServiceLevel' => 'SecondDay',
          'SalesChannel' => 'Amazon.com',
          'FulfillmentChannel' => 'AFN',
          'OrderStatus' => 'Shipped',
          'OrderTotal' => {
                          'Amount' => '32.27',
                          'CurrencyCode' => 'USD'
                        },
          'BuyerName' => 'deborah k serbentas',
          'ShippingAddress' => {
                               'PostalCode' => '28314-5877',
                               'AddressLine1' => '9720 GOODEN DR',
                               'StateOrRegion' => 'NC',
                               'City' => 'FAYETTEVILLE',
                               'Name' => 'Rika Serbentas',
                               'CountryCode' => 'US'
                             },
          'BuyerEmail' => 'qvpnb016jn5rthj@marketplace.amazon.com',
          'AmazonOrderId' => '106-0888353-6895422'
        };
$VAR1 = {
          'd_zip' => '28314',
          'd_last' => 'serbentas',
          'd_first' => 'deborah',
          'd_city' => 'FAYETTEVILLE',
          'd_state' => 'NC',
          'd_fulladdr' => '9720 GOODEN DR'
        };
$VAR1 = {
          'input-query' => {
                             'FirstName' => 'deborah',
                             'PostalCode' => '28314',
                             'Street' => 'GOODEN DR',
                             'Address' => '9720 GOODEN DR',
                             'City' => 'FAYETTEVILLE',
                             'State' => 'NC',
                             'HouseNum' => '9720',
                             'LastName' => 'serbentas'
                           },
          'version' => '2.0',
          'query-id' => 'acd147c5fb1b43a9b22a9634b490ee9c',
          'query-time' => '0.152',
          'num-results' => 0
        };
$VAR1 = {
          'PaymentMethod' => 'Other',
          'LastUpdateDate' => '2017-01-06T14:23:30Z',
          'SellerOrderId' => '110-0353683-2417055',
          'ShipmentServiceLevelCategory' => 'Standard',
          'IsPrime' => 'false',
          'EarliestShipDate' => '2017-01-06T14:22:38Z',
          'OrderType' => 'StandardOrder',
          'LatestShipDate' => '2017-01-06T14:22:38Z',
          'IsPremiumOrder' => 'false',
          'NumberOfItemsUnshipped' => '0',
          'NumberOfItemsShipped' => '2',
          'MarketplaceId' => 'ATVPDKIKX0DER',
          'PurchaseDate' => '2017-01-05T12:10:58Z',
          'IsBusinessOrder' => 'false',
          'ShipServiceLevel' => 'Standard',
          'SalesChannel' => 'Amazon.com',
          'FulfillmentChannel' => 'AFN',
          'OrderStatus' => 'Shipped',
          'OrderTotal' => {
                          'Amount' => '11.98',
                          'CurrencyCode' => 'USD'
                        },
          'BuyerName' => 'arnold perel',
          'ShippingAddress' => {
                               'PostalCode' => '63130-3630',
                               'AddressLine1' => '821 Saxony Ct',
                               'StateOrRegion' => 'MO',
                               'City' => 'University City',
                               'Name' => 'ARNOLD T PEREL',
                               'CountryCode' => 'US'
                             },
          'BuyerEmail' => '1nh9wm8wyt36b6h@marketplace.amazon.com',
          'AmazonOrderId' => '110-0353683-2417055'
        };
$VAR1 = {
          'd_zip' => '63130',
          'd_last' => 'perel',
          'd_first' => 'arnold',
          'd_city' => 'University City',
          'd_state' => 'MO',
          'd_fulladdr' => '821 Saxony Ct'
        };
$VAR1 = {
          'input-query' => {
                             'FirstName' => 'arnold',
                             'PostalCode' => '63130',
                             'Street' => 'SAXONY CT',
                             'Address' => '821 SAXONY CT',
                             'City' => 'University City',
                             'State' => 'MO',
                             'HouseNum' => '821',
                             'LastName' => 'perel'
                           },
          'errors' => [
                        'No credit are associated with this key.'
                      ],
          'version' => '2.0',
          'query-id' => 'b412a5fabe720583108c46c930584f57',
          'query-time' => '0.371',
          'num-results' => 0,
          'results' => []
        };
$VAR1 = {
          'PaymentMethod' => 'Other',
          'LastUpdateDate' => '2017-01-06T08:31:27Z',
          'SellerOrderId' => '113-8978088-6182608',
          'ShipmentServiceLevelCategory' => 'SecondDay',
          'IsPrime' => 'false',
          'EarliestShipDate' => '2017-01-06T08:29:19Z',
          'OrderType' => 'StandardOrder',
          'LatestShipDate' => '2017-01-06T08:29:19Z',
          'IsPremiumOrder' => 'false',
          'NumberOfItemsUnshipped' => '0',
          'NumberOfItemsShipped' => '1',
          'MarketplaceId' => 'ATVPDKIKX0DER',
          'PurchaseDate' => '2017-01-05T12:11:40Z',
          'IsBusinessOrder' => 'false',
          'ShipServiceLevel' => 'SecondDay',
          'SalesChannel' => 'Amazon.com',
          'FulfillmentChannel' => 'AFN',
          'OrderStatus' => 'Shipped',
          'OrderTotal' => {
                          'Amount' => '16.79',
                          'CurrencyCode' => 'USD'
                        },
          'BuyerName' => 'Paula Grogan',
          'ShippingAddress' => {
                               'PostalCode' => '37167-6200',
                               'AddressLine1' => '478 PLEASANT RUN RD',
                               'StateOrRegion' => 'TN',
                               'City' => 'SMYRNA',
                               'Name' => 'Paula Grogan',
                               'CountryCode' => 'US'
                             },
          'BuyerEmail' => '56s3c3kfsyc57f1@marketplace.amazon.com',
          'AmazonOrderId' => '113-8978088-6182608'
        };
$VAR1 = {
          'd_zip' => '37167',
          'd_last' => 'Grogan',
          'd_first' => 'Paula',
          'd_city' => 'SMYRNA',
          'd_state' => 'TN',
          'd_fulladdr' => '478 PLEASANT RUN RD'
        };
$VAR1 = {
          'input-query' => {
                             'FirstName' => 'Paula',
                             'PostalCode' => '37167',
                             'Street' => 'PLEASANT RUN RD',
                             'Address' => '478 PLEASANT RUN RD',
                             'City' => 'SMYRNA',
                             'State' => 'TN',
                             'HouseNum' => '478',
                             'LastName' => 'Grogan'
                           },
          'errors' => [
                        'No credit are associated with this key.'
                      ],
          'version' => '2.0',
          'query-id' => 'a1591fa74600d4bff53cb562e8dcb97f',
          'query-time' => '0.473',
          'num-results' => 0,
          'results' => []
        };
$VAR1 = {
          'PaymentMethod' => 'Other',
          'LastUpdateDate' => '2017-01-06T13:22:52Z',
          'SellerOrderId' => '113-2184956-4893815',
          'ShipmentServiceLevelCategory' => 'SecondDay',
          'IsPrime' => 'false',
          'EarliestShipDate' => '2017-01-06T13:08:42Z',
          'OrderType' => 'StandardOrder',
          'LatestShipDate' => '2017-01-06T13:08:42Z',
          'IsPremiumOrder' => 'false',
          'NumberOfItemsUnshipped' => '0',
          'NumberOfItemsShipped' => '1',
          'MarketplaceId' => 'ATVPDKIKX0DER',
          'PurchaseDate' => '2017-01-05T12:13:19Z',
          'IsBusinessOrder' => 'false',
          'ShipServiceLevel' => 'SecondDay',
          'SalesChannel' => 'Amazon.com',
          'FulfillmentChannel' => 'AFN',
          'OrderStatus' => 'Shipped',
          'OrderTotal' => {
                          'Amount' => '5.99',
                          'CurrencyCode' => 'USD'
                        },
          'BuyerName' => 'Marietta99',
          'ShippingAddress' => {
                               'PostalCode' => '30062',
                               'AddressLine1' => '1481 Brookcliff Drive',
                               'StateOrRegion' => 'Ga',
                               'City' => 'Marietta',
                               'Name' => 'Linda Deakins',
                               'CountryCode' => 'US'
                             },
          'BuyerEmail' => '1z51vwgmx93vftz@marketplace.amazon.com',
          'AmazonOrderId' => '113-2184956-4893815'
        };
$VAR1 = {
          'd_zip' => '30062',
          'd_last' => 'Marietta99',
          'd_first' => 'Marietta99',
          'd_city' => 'Marietta',
          'd_state' => 'Ga',
          'd_fulladdr' => '1481 Brookcliff Drive'
        };
$VAR1 = {
          'input-query' => {
                             'FirstName' => 'Marietta',
                             'PostalCode' => '30062',
                             'Street' => 'BROOKCLIFF DR',
                             'Address' => '1481 BROOKCLIFF DR',
                             'City' => 'Marietta',
                             'State' => 'GA',
                             'HouseNum' => '1481',
                             'LastName' => 'Marietta'
                           },
          'errors' => [
                        'No credit are associated with this key.'
                      ],
          'version' => '2.0',
          'query-id' => '4bd9f5303b05fb918f0cc04678f6b4d3',
          'query-time' => '0.532',
          'num-results' => 0,
          'results' => []
        };
$VAR1 = {
          'PaymentMethod' => 'Other',
          'LastUpdateDate' => '2017-01-06T01:45:37Z',
          'SellerOrderId' => '002-8080686-0493062',
          'ShipmentServiceLevelCategory' => 'SecondDay',
          'IsPrime' => 'false',
          'EarliestShipDate' => '2017-01-06T01:43:32Z',
          'OrderType' => 'StandardOrder',
          'LatestShipDate' => '2017-01-06T01:43:32Z',
          'IsPremiumOrder' => 'false',
          'NumberOfItemsUnshipped' => '0',
          'NumberOfItemsShipped' => '1',
          'MarketplaceId' => 'ATVPDKIKX0DER',
          'PurchaseDate' => '2017-01-05T12:17:05Z',
          'IsBusinessOrder' => 'false',
          'ShipServiceLevel' => 'SecondDay',
          'SalesChannel' => 'Amazon.com',
          'FulfillmentChannel' => 'AFN',
          'OrderStatus' => 'Shipped',
          'OrderTotal' => {
                          'Amount' => '5.99',
                          'CurrencyCode' => 'USD'
                        },
          'BuyerName' => 'Theresa',
          'ShippingAddress' => {
                               'PostalCode' => '02151-1159',
                               'AddressLine1' => '11 OVERLOOK RIDGE DR APT 328',
                               'StateOrRegion' => 'MA',
                               'City' => 'REVERE',
                               'Name' => 'Theresa Guillaume',
                               'CountryCode' => 'US'
                             },
          'BuyerEmail' => 'g5ksv5298f13fps@marketplace.amazon.com',
          'AmazonOrderId' => '002-8080686-0493062'
        };
$VAR1 = {
          'd_zip' => '02151',
          'd_last' => 'Theresa',
          'd_first' => 'Theresa',
          'd_city' => 'REVERE',
          'd_state' => 'MA',
          'd_fulladdr' => '11 OVERLOOK RIDGE DR APT 328'
        };
$VAR1 = {
          'input-query' => {
                             'FirstName' => 'Theresa',
                             'PostalCode' => '02151',
                             'Street' => 'OVERLOOK RIDGE DR',
                             'Address' => '11 OVERLOOK RIDGE DR APT 328',
                             'City' => 'REVERE',
                             'State' => 'MA',
                             'HouseNum' => '11',
                             'LastName' => 'Theresa',
                             'Unit' => 'APT 328'
                           },
          'errors' => [
                        'No credit are associated with this key.'
                      ],
          'version' => '2.0',
          'query-id' => '31b7ae9d70e45c6331e56d1a8b6b15ea',
          'query-time' => '0.497',
          'num-results' => 0
        };
$VAR1 = {
          'PaymentMethod' => 'Other',
          'LastUpdateDate' => '2017-01-05T21:32:59Z',
          'SellerOrderId' => '114-6423732-3671441',
          'ShipmentServiceLevelCategory' => 'SecondDay',
          'IsPrime' => 'false',
          'EarliestShipDate' => '2017-01-05T21:29:47Z',
          'OrderType' => 'StandardOrder',
          'LatestShipDate' => '2017-01-05T21:29:47Z',
          'IsPremiumOrder' => 'false',
          'NumberOfItemsUnshipped' => '0',
          'NumberOfItemsShipped' => '1',
          'MarketplaceId' => 'ATVPDKIKX0DER',
          'PurchaseDate' => '2017-01-05T12:20:06Z',
          'IsBusinessOrder' => 'false',
          'ShipServiceLevel' => 'SecondDay',
          'SalesChannel' => 'Amazon.com',
          'FulfillmentChannel' => 'AFN',
          'OrderStatus' => 'Shipped',
          'OrderTotal' => {
                          'Amount' => '5.99',
                          'CurrencyCode' => 'USD'
                        },
          'BuyerName' => 'SHER ALTENHOFF',
          'ShippingAddress' => {
                               'PostalCode' => '92008-3411',
                               'AddressLine1' => '3880 ADAIR WAY',
                               'StateOrRegion' => 'CA',
                               'City' => 'CARLSBAD',
                               'Name' => 'Sher Altenhoff',
                               'CountryCode' => 'US'
                             },
          'BuyerEmail' => 'v3b35qbyy21b3db@marketplace.amazon.com',
          'AmazonOrderId' => '114-6423732-3671441'
        };
$VAR1 = {
          'd_zip' => '92008',
          'd_last' => 'ALTENHOFF',
          'd_first' => 'SHER',
          'd_city' => 'CARLSBAD',
          'd_state' => 'CA',
          'd_fulladdr' => '3880 ADAIR WAY'
        };
$VAR1 = {
          'input-query' => {
                             'FirstName' => 'SHER',
                             'PostalCode' => '92008',
                             'Street' => 'ADAIR WAY',
                             'Address' => '3880 ADAIR WAY',
                             'City' => 'CARLSBAD',
                             'State' => 'CA',
                             'HouseNum' => '3880',
                             'LastName' => 'ALTENHOFF'
                           },
          'errors' => [
                        'No credit are associated with this key.'
                      ],
          'version' => '2.0',
          'query-id' => '8d5325f72aa1dc1caaa64d55974a249b',
          'query-time' => '0.329',
          'num-results' => 0
        };
$VAR1 = {
          'PaymentMethod' => 'Other',
          'LastUpdateDate' => '2017-01-06T03:33:06Z',
          'SellerOrderId' => '107-1660663-8844244',
          'ShipmentServiceLevelCategory' => 'SecondDay',
          'IsPrime' => 'false',
          'EarliestShipDate' => '2017-01-06T03:31:21Z',
          'OrderType' => 'StandardOrder',
          'LatestShipDate' => '2017-01-06T03:31:21Z',
          'IsPremiumOrder' => 'false',
          'NumberOfItemsUnshipped' => '0',
          'NumberOfItemsShipped' => '1',
          'MarketplaceId' => 'ATVPDKIKX0DER',
          'PurchaseDate' => '2017-01-05T12:22:07Z',
          'IsBusinessOrder' => 'false',
          'ShipServiceLevel' => 'SecondDay',
          'SalesChannel' => 'Amazon.com',
          'FulfillmentChannel' => 'AFN',
          'OrderStatus' => 'Shipped',
          'OrderTotal' => {
                          'Amount' => '5.99',
                          'CurrencyCode' => 'USD'
                        },
          'BuyerName' => 'Pamela Cavole',
          'ShippingAddress' => {
                               'PostalCode' => '11520-5204',
                               'AddressLine1' => '212 WESTEND AVE APT 7D',
                               'StateOrRegion' => 'NY',
                               'City' => 'FREEPORT',
                               'Name' => 'Pamela M Cavole',
                               'CountryCode' => 'US'
                             },
          'BuyerEmail' => 'pggd3ldzm9g5l89@marketplace.amazon.com',
          'AmazonOrderId' => '107-1660663-8844244'
        };
$VAR1 = {
          'd_zip' => '11520',
          'd_last' => 'Cavole',
          'd_first' => 'Pamela',
          'd_city' => 'FREEPORT',
          'd_state' => 'NY',
          'd_fulladdr' => '212 WESTEND AVE APT 7D'
        };
$VAR1 = {
          'input-query' => {
                             'FirstName' => 'Pamela',
                             'PostalCode' => '11520',
                             'Street' => 'WESTEND AVE',
                             'Address' => '212 WESTEND AVE APT 7D',
                             'City' => 'FREEPORT',
                             'State' => 'NY',
                             'HouseNum' => '212',
                             'LastName' => 'Cavole',
                             'Unit' => 'APT 7D'
                           },
          'errors' => [
                        'No credit are associated with this key.'
                      ],
          'version' => '2.0',
          'query-id' => '14f295cb708409acafe2b7f2e0748ce8',
          'query-time' => '1.026',
          'num-results' => 0
        };
$VAR1 = {
          'PaymentMethod' => 'Other',
          'LastUpdateDate' => '2017-01-06T02:17:50Z',
          'SellerOrderId' => '106-4846452-9681032',
          'ShipmentServiceLevelCategory' => 'SecondDay',
          'IsPrime' => 'false',
          'EarliestShipDate' => '2017-01-06T02:14:48Z',
          'OrderType' => 'StandardOrder',
          'LatestShipDate' => '2017-01-06T02:14:48Z',
          'IsPremiumOrder' => 'false',
          'NumberOfItemsUnshipped' => '0',
          'NumberOfItemsShipped' => '1',
          'MarketplaceId' => 'ATVPDKIKX0DER',
          'PurchaseDate' => '2017-01-05T12:24:44Z',
          'IsBusinessOrder' => 'false',
          'ShipServiceLevel' => 'SecondDay',
          'SalesChannel' => 'Amazon.com',
          'FulfillmentChannel' => 'AFN',
          'OrderStatus' => 'Shipped',
          'OrderTotal' => {
                          'Amount' => '5.99',
                          'CurrencyCode' => 'USD'
                        },
          'BuyerName' => 'Claudia  Quittner',
          'ShippingAddress' => {
                               'PostalCode' => '75230',
                               'AddressLine1' => '12119   Marbrook  Drive',
                               'StateOrRegion' => 'Texas',
                               'City' => 'Dallas',
                               'Name' => 'Claudia  Quittner',
                               'CountryCode' => 'US'
                             },
          'BuyerEmail' => 'tkkqqwrs8wtlvc4@marketplace.amazon.com',
          'AmazonOrderId' => '106-4846452-9681032'
        };
$VAR1 = {
          'd_zip' => '75230',
          'd_last' => 'Quittner',
          'd_first' => 'Claudia',
          'd_city' => 'Dallas',
          'd_state' => 'Texas',
          'd_fulladdr' => '12119   Marbrook  Drive'
        };
$VAR1 = {
          'input-query' => {
                             'FirstName' => 'Claudia',
                             'PostalCode' => '75230',
                             'Street' => 'MARBROOK DR',
                             'Address' => '12119 MARBROOK DR',
                             'City' => 'Dallas',
                             'State' => 'TX',
                             'HouseNum' => '12119',
                             'LastName' => 'Quittner'
                           },
          'errors' => [
                        'No credit are associated with this key.'
                      ],
          'version' => '2.0',
          'query-id' => '428482937db71c3a84ab319100045d52',
          'query-time' => '0.359',
          'num-results' => 0
        };
$VAR1 = {
          'PaymentMethod' => 'Other',
          'LastUpdateDate' => '2017-01-05T20:54:26Z',
          'SellerOrderId' => '106-6450114-9197056',
          'ShipmentServiceLevelCategory' => 'SecondDay',
          'IsPrime' => 'false',
          'EarliestShipDate' => '2017-01-05T20:52:23Z',
          'OrderType' => 'StandardOrder',
          'LatestShipDate' => '2017-01-05T20:52:23Z',
          'IsPremiumOrder' => 'false',
          'NumberOfItemsUnshipped' => '0',
          'NumberOfItemsShipped' => '1',
          'MarketplaceId' => 'ATVPDKIKX0DER',
          'PurchaseDate' => '2017-01-05T12:25:31Z',
          'IsBusinessOrder' => 'false',
          'ShipServiceLevel' => 'SecondDay',
          'SalesChannel' => 'Amazon.com',
          'FulfillmentChannel' => 'AFN',
          'OrderStatus' => 'Shipped',
          'OrderTotal' => {
                          'Amount' => '5.99',
                          'CurrencyCode' => 'USD'
                        },
          'BuyerName' => 'Wendy Himmel',
          'ShippingAddress' => {
                               'PostalCode' => '61114',
                               'AddressLine1' => '2653 Point O Woods Drive',
                               'StateOrRegion' => 'IL',
                               'City' => 'Rockford',
                               'Name' => 'Wendy Himmel',
                               'CountryCode' => 'US'
                             },
          'BuyerEmail' => 'nyzwxp38ldn87d9@marketplace.amazon.com',
          'AmazonOrderId' => '106-6450114-9197056'
        };
$VAR1 = {
          'd_zip' => '61114',
          'd_last' => 'Himmel',
          'd_first' => 'Wendy',
          'd_city' => 'Rockford',
          'd_state' => 'IL',
          'd_fulladdr' => '2653 Point O Woods Drive'
        };
$VAR1 = {
          'input-query' => {
                             'FirstName' => 'Wendy',
                             'PostalCode' => '61114',
                             'Street' => 'POINT O WOODS DR',
                             'Address' => '2653 POINT O WOODS DR',
                             'City' => 'Rockford',
                             'State' => 'IL',
                             'HouseNum' => '2653',
                             'LastName' => 'Himmel'
                           },
          'errors' => [
                        'No credit are associated with this key.'
                      ],
          'version' => '2.0',
          'query-id' => '263c39e6852cc3943870137d26ad636a',
          'query-time' => '0.411',
          'num-results' => 0,
          'results' => []
        };
