AAA	0.398576512455516
AAC	1
AAG	1
AAT	0.604477611940298
ACA	0.469767441860465
ACC	1
ACG	0.744186046511628
ACT	0.288372093023256
AGA	0.243243243243243
AGC	1
AGG	0.310810810810811
AGT	0.450184501845018
ATA	0.284518828451883
ATC	1
ATT	0.414225941422594
CAA	0.380352644836272
CAC	1
CAG	1
CAT	0.537688442211055
CCA	0.587301587301587
CCC	1
CCG	0.878306878306878
CCT	0.407407407407407
CGA	0.364864864864865
CGC	1
CGG	0.540540540540541
CGT	0.371621621621622
CTA	0.190348525469169
CTC	0.386058981233244
CTG	1
CTT	0.142091152815013
GAA	0.394927536231884
GAC	1
GAG	1
GAT	0.892857142857143
GCA	0.274336283185841
GCC	1
GCG	0.47787610619469
GCT	0.309734513274336
GGA	0.537671232876712
GGC	1
GGG	0.174657534246575
GGT	0.335616438356164
GTA	0.194570135746606
GTC	0.565610859728507
GTG	1
GTT	0.330316742081448
TAC	1
TAT	0.537634408602151
TCA	0.254612546125461
TCC	0.845018450184502
TCG	0.712177121771218
TCT	0.191881918819188
TGC	1
TGT	0.23
TTA	0.0857908847184987
TTC	1
TTG	0.329758713136729
TTT	0.450261780104712
