This file contains any messages produced by compilers while
running configure, to aid debugging if configure makes a mistake.

It was created by msgpack configure 1.4.2, which was
generated by GNU Autoconf 2.69.  Invocation command line was

  $ ./configure --disable-shared --with-pic

## --------- ##
## Platform. ##
## --------- ##

hostname = waap
uname -m = x86_64
uname -r = 4.4.0-36-generic
uname -s = Linux
uname -v = #55-Ubuntu SMP Thu Aug 11 18:01:55 UTC 2016

/usr/bin/uname -p = unknown
/bin/uname -X     = unknown

/bin/arch              = unknown
/usr/bin/arch -k       = unknown
/usr/convex/getsysinfo = unknown
/usr/bin/hostinfo      = unknown
/bin/machine           = unknown
/usr/bin/oslevel       = unknown
/bin/universe          = unknown

PATH: /home/syohei/.plenv/versions/5.22.1/bin
PATH: /home/syohei/.plenv/libexec
PATH: /home/syohei/.plenv/plugins/perl-build/bin
PATH: /home/syohei/.plenv/plugins/plenv-contrib/bin
PATH: /home/syohei/bin
PATH: /home/syohei/local/google-cloud-sdk/bin
PATH: /usr/local/heroku/bin
PATH: /home/syohei/.cargo/bin
PATH: /home/syohei/go/bin
PATH: /opt/go/bin
PATH: /home/syohei/.cask/bin
PATH: /home/syohei/.virtualenv/bin
PATH: /home/syohei/.nvm/versions/node/v6.2.0/bin
PATH: /home/syohei/.rbenv/shims
PATH: /home/syohei/.rbenv/bin
PATH: /home/syohei/.plenv/shims
PATH: /home/syohei/.plenv/bin
PATH: /usr/local/sbin
PATH: /usr/local/bin
PATH: /usr/sbin
PATH: /usr/bin
PATH: /sbin
PATH: /bin


## ----------- ##
## Core tests. ##
## ----------- ##

configure:2318: checking for a BSD-compatible install
configure:2386: result: /usr/bin/install -c
configure:2397: checking whether build environment is sane
configure:2452: result: yes
configure:2603: checking for a thread-safe mkdir -p
configure:2642: result: /bin/mkdir -p
configure:2649: checking for gawk
configure:2665: found /usr/bin/gawk
configure:2676: result: gawk
configure:2687: checking whether make sets $(MAKE)
configure:2709: result: yes
configure:2738: checking whether make supports nested variables
configure:2755: result: yes
configure:2938: checking for gcc
configure:2954: found /usr/bin/gcc
configure:2965: result: gcc
configure:3194: checking for C compiler version
configure:3203: gcc --version >&5
gcc (Ubuntu 5.4.0-6ubuntu1~16.04.2) 5.4.0 20160609
Copyright (C) 2015 Free Software Foundation, Inc.
This is free software; see the source for copying conditions.  There is NO
warranty; not even for MERCHANTABILITY or FITNESS FOR A PARTICULAR PURPOSE.

configure:3214: $? = 0
configure:3203: gcc -v >&5
Using built-in specs.
COLLECT_GCC=gcc
COLLECT_LTO_WRAPPER=/usr/lib/gcc/x86_64-linux-gnu/5/lto-wrapper
Target: x86_64-linux-gnu
Configured with: ../src/configure -v --with-pkgversion='Ubuntu 5.4.0-6ubuntu1~16.04.2' --with-bugurl=file:///usr/share/doc/gcc-5/README.Bugs --enable-languages=c,ada,c++,java,go,d,fortran,objc,obj-c++ --prefix=/usr --program-suffix=-5 --enable-shared --enable-linker-build-id --libexecdir=/usr/lib --without-included-gettext --enable-threads=posix --libdir=/usr/lib --enable-nls --with-sysroot=/ --enable-clocale=gnu --enable-libstdcxx-debug --enable-libstdcxx-time=yes --with-default-libstdcxx-abi=new --enable-gnu-unique-object --disable-vtable-verify --enable-libmpx --enable-plugin --with-system-zlib --disable-browser-plugin --enable-java-awt=gtk --enable-gtk-cairo --with-java-home=/usr/lib/jvm/java-1.5.0-gcj-5-amd64/jre --enable-java-home --with-jvm-root-dir=/usr/lib/jvm/java-1.5.0-gcj-5-amd64 --with-jvm-jar-dir=/usr/lib/jvm-exports/java-1.5.0-gcj-5-amd64 --with-arch-directory=amd64 --with-ecj-jar=/usr/share/java/eclipse-ecj.jar --enable-objc-gc --enable-multiarch --disable-werror --with-arch-32=i686 --with-abi=m64 --with-multilib-list=m32,m64,mx32 --enable-multilib --with-tune=generic --enable-checking=release --build=x86_64-linux-gnu --host=x86_64-linux-gnu --target=x86_64-linux-gnu
Thread model: posix
gcc version 5.4.0 20160609 (Ubuntu 5.4.0-6ubuntu1~16.04.2) 
configure:3214: $? = 0
configure:3203: gcc -V >&5
gcc: error: unrecognized command line option '-V'
gcc: fatal error: no input files
compilation terminated.
configure:3214: $? = 1
configure:3203: gcc -qversion >&5
gcc: error: unrecognized command line option '-qversion'
gcc: fatal error: no input files
compilation terminated.
configure:3214: $? = 1
configure:3234: checking whether the C compiler works
configure:3256: gcc -O3 -Wall -Wextra -Werror    conftest.c  >&5
configure:3260: $? = 0
configure:3308: result: yes
configure:3311: checking for C compiler default output file name
configure:3313: result: a.out
configure:3319: checking for suffix of executables
configure:3326: gcc -o conftest -O3 -Wall -Wextra -Werror    conftest.c  >&5
configure:3330: $? = 0
configure:3352: result: 
configure:3374: checking whether we are cross compiling
configure:3382: gcc -o conftest -O3 -Wall -Wextra -Werror    conftest.c  >&5
configure:3386: $? = 0
configure:3393: ./conftest
configure:3397: $? = 0
configure:3412: result: no
configure:3417: checking for suffix of object files
configure:3439: gcc -c -O3 -Wall -Wextra -Werror   conftest.c >&5
configure:3443: $? = 0
configure:3464: result: o
configure:3468: checking whether we are using the GNU C compiler
configure:3487: gcc -c -O3 -Wall -Wextra -Werror   conftest.c >&5
configure:3487: $? = 0
configure:3496: result: yes
configure:3505: checking whether gcc accepts -g
configure:3525: gcc -c -g  conftest.c >&5
configure:3525: $? = 0
configure:3566: result: yes
configure:3583: checking for gcc option to accept ISO C89
configure:3646: gcc  -c -O3 -Wall -Wextra -Werror   conftest.c >&5
configure:3646: $? = 0
configure:3659: result: none needed
configure:3684: checking whether gcc understands -c and -o together
configure:3706: gcc -c conftest.c -o conftest2.o
configure:3709: $? = 0
configure:3706: gcc -c conftest.c -o conftest2.o
configure:3709: $? = 0
configure:3721: result: yes
configure:3749: checking for style of include used by make
configure:3777: result: GNU
configure:3803: checking dependency style of gcc
configure:3914: result: gcc3
configure:3931: checking if C++ API is enabled
configure:3938: result: 
configure:3999: checking for g++
configure:4015: found /usr/bin/g++
configure:4026: result: g++
configure:4053: checking for C++ compiler version
configure:4062: g++ --version >&5
g++ (Ubuntu 5.4.0-6ubuntu1~16.04.2) 5.4.0 20160609
Copyright (C) 2015 Free Software Foundation, Inc.
This is free software; see the source for copying conditions.  There is NO
warranty; not even for MERCHANTABILITY or FITNESS FOR A PARTICULAR PURPOSE.

configure:4073: $? = 0
configure:4062: g++ -v >&5
Using built-in specs.
COLLECT_GCC=g++
COLLECT_LTO_WRAPPER=/usr/lib/gcc/x86_64-linux-gnu/5/lto-wrapper
Target: x86_64-linux-gnu
Configured with: ../src/configure -v --with-pkgversion='Ubuntu 5.4.0-6ubuntu1~16.04.2' --with-bugurl=file:///usr/share/doc/gcc-5/README.Bugs --enable-languages=c,ada,c++,java,go,d,fortran,objc,obj-c++ --prefix=/usr --program-suffix=-5 --enable-shared --enable-linker-build-id --libexecdir=/usr/lib --without-included-gettext --enable-threads=posix --libdir=/usr/lib --enable-nls --with-sysroot=/ --enable-clocale=gnu --enable-libstdcxx-debug --enable-libstdcxx-time=yes --with-default-libstdcxx-abi=new --enable-gnu-unique-object --disable-vtable-verify --enable-libmpx --enable-plugin --with-system-zlib --disable-browser-plugin --enable-java-awt=gtk --enable-gtk-cairo --with-java-home=/usr/lib/jvm/java-1.5.0-gcj-5-amd64/jre --enable-java-home --with-jvm-root-dir=/usr/lib/jvm/java-1.5.0-gcj-5-amd64 --with-jvm-jar-dir=/usr/lib/jvm-exports/java-1.5.0-gcj-5-amd64 --with-arch-directory=amd64 --with-ecj-jar=/usr/share/java/eclipse-ecj.jar --enable-objc-gc --enable-multiarch --disable-werror --with-arch-32=i686 --with-abi=m64 --with-multilib-list=m32,m64,mx32 --enable-multilib --with-tune=generic --enable-checking=release --build=x86_64-linux-gnu --host=x86_64-linux-gnu --target=x86_64-linux-gnu
Thread model: posix
gcc version 5.4.0 20160609 (Ubuntu 5.4.0-6ubuntu1~16.04.2) 
configure:4073: $? = 0
configure:4062: g++ -V >&5
g++: error: unrecognized command line option '-V'
g++: fatal error: no input files
compilation terminated.
configure:4073: $? = 1
configure:4062: g++ -qversion >&5
g++: error: unrecognized command line option '-qversion'
g++: fatal error: no input files
compilation terminated.
configure:4073: $? = 1
configure:4077: checking whether we are using the GNU C++ compiler
configure:4096: g++ -c -O3 -Wall -Wextra -Wno-mismatched-tags -Werror   conftest.cpp >&5
configure:4096: $? = 0
configure:4105: result: yes
configure:4114: checking whether g++ accepts -g
configure:4134: g++ -c -g  conftest.cpp >&5
configure:4134: $? = 0
configure:4175: result: yes
configure:4200: checking dependency style of g++
configure:4311: result: gcc3
configure:4367: checking build system type
configure:4381: result: x86_64-unknown-linux-gnu
configure:4401: checking host system type
configure:4414: result: x86_64-unknown-linux-gnu
configure:4455: checking how to print strings
configure:4482: result: printf
configure:4503: checking for a sed that does not truncate output
configure:4567: result: /bin/sed
configure:4585: checking for grep that handles long lines and -e
configure:4643: result: /bin/grep
configure:4648: checking for egrep
configure:4710: result: /bin/grep -E
configure:4715: checking for fgrep
configure:4777: result: /bin/grep -F
configure:4812: checking for ld used by gcc
configure:4879: result: /usr/bin/ld
configure:4886: checking if the linker (/usr/bin/ld) is GNU ld
configure:4901: result: yes
configure:4913: checking for BSD- or MS-compatible name lister (nm)
configure:4967: result: /usr/bin/nm -B
configure:5097: checking the name lister (/usr/bin/nm -B) interface
configure:5104: gcc -c -O3 -Wall -Wextra -Werror   conftest.c >&5
configure:5107: /usr/bin/nm -B "conftest.o"
configure:5110: output
0000000000000000 B some_variable
configure:5117: result: BSD nm
configure:5120: checking whether ln -s works
configure:5124: result: yes
configure:5132: checking the maximum length of command line arguments
configure:5263: result: 1572864
configure:5311: checking how to convert x86_64-unknown-linux-gnu file names to x86_64-unknown-linux-gnu format
configure:5351: result: func_convert_file_noop
configure:5358: checking how to convert x86_64-unknown-linux-gnu file names to toolchain format
configure:5378: result: func_convert_file_noop
configure:5385: checking for /usr/bin/ld option to reload object files
configure:5392: result: -r
configure:5466: checking for objdump
configure:5482: found /usr/bin/objdump
configure:5493: result: objdump
configure:5525: checking how to recognize dependent libraries
configure:5725: result: pass_all
configure:5810: checking for dlltool
configure:5840: result: no
configure:5870: checking how to associate runtime and link libraries
configure:5897: result: printf %s\n
configure:5958: checking for ar
configure:5974: found /usr/bin/ar
configure:5985: result: ar
configure:6022: checking for archiver @FILE support
configure:6039: gcc -c -O3 -Wall -Wextra -Werror   conftest.c >&5
configure:6039: $? = 0
configure:6042: ar cru libconftest.a @conftest.lst >&5
ar: `u' modifier ignored since `D' is the default (see `U')
configure:6045: $? = 0
configure:6050: ar cru libconftest.a @conftest.lst >&5
ar: `u' modifier ignored since `D' is the default (see `U')
ar: conftest.o: No such file or directory
configure:6053: $? = 1
configure:6065: result: @
configure:6123: checking for strip
configure:6139: found /usr/bin/strip
configure:6150: result: strip
configure:6222: checking for ranlib
configure:6238: found /usr/bin/ranlib
configure:6249: result: ranlib
configure:6351: checking command to parse /usr/bin/nm -B output from gcc object
configure:6504: gcc -c -O3 -Wall -Wextra -Werror   conftest.c >&5
configure:6507: $? = 0
configure:6511: /usr/bin/nm -B conftest.o \| sed -n -e 's/^.*[ ]\([ABCDGIRSTW][ABCDGIRSTW]*\)[ ][ ]*\([_A-Za-z][_A-Za-z0-9]*\)$/\1 \2 \2/p' | sed '/ __gnu_lto/d' \> conftest.nm
configure:6514: $? = 0
configure:6580: gcc -o conftest -O3 -Wall -Wextra -Werror    conftest.c conftstm.o >&5
configure:6583: $? = 0
configure:6621: result: ok
configure:6668: checking for sysroot
configure:6698: result: no
configure:6705: checking for a working dd
configure:6743: result: /bin/dd
configure:6747: checking how to truncate binary pipes
configure:6762: result: /bin/dd bs=4096 count=1
configure:6898: gcc -c -O3 -Wall -Wextra -Werror   conftest.c >&5
configure:6901: $? = 0
configure:7091: checking for mt
configure:7107: found /bin/mt
configure:7118: result: mt
configure:7141: checking if mt is a manifest tool
configure:7147: mt '-?'
configure:7155: result: no
configure:7832: checking how to run the C preprocessor
configure:7863: gcc -E  conftest.c
configure:7863: $? = 0
configure:7877: gcc -E  conftest.c
conftest.c:11:28: fatal error: ac_nonexistent.h: No such file or directory
compilation terminated.
configure:7877: $? = 1
configure: failed program was:
| /* confdefs.h */
| #define PACKAGE_NAME "msgpack"
| #define PACKAGE_TARNAME "msgpack"
| #define PACKAGE_VERSION "1.4.2"
| #define PACKAGE_STRING "msgpack 1.4.2"
| #define PACKAGE_BUGREPORT ""
| #define PACKAGE_URL ""
| #define PACKAGE "msgpack"
| #define VERSION "1.4.2"
| /* end confdefs.h.  */
| #include <ac_nonexistent.h>
configure:7902: result: gcc -E
configure:7922: gcc -E  conftest.c
configure:7922: $? = 0
configure:7936: gcc -E  conftest.c
conftest.c:11:28: fatal error: ac_nonexistent.h: No such file or directory
compilation terminated.
configure:7936: $? = 1
configure: failed program was:
| /* confdefs.h */
| #define PACKAGE_NAME "msgpack"
| #define PACKAGE_TARNAME "msgpack"
| #define PACKAGE_VERSION "1.4.2"
| #define PACKAGE_STRING "msgpack 1.4.2"
| #define PACKAGE_BUGREPORT ""
| #define PACKAGE_URL ""
| #define PACKAGE "msgpack"
| #define VERSION "1.4.2"
| /* end confdefs.h.  */
| #include <ac_nonexistent.h>
configure:7965: checking for ANSI C header files
configure:7985: gcc -c -O3 -Wall -Wextra -Werror   conftest.c >&5
configure:7985: $? = 0
configure:8058: gcc -o conftest -O3 -Wall -Wextra -Werror    conftest.c  >&5
configure:8058: $? = 0
configure:8058: ./conftest
configure:8058: $? = 0
configure:8069: result: yes
configure:8082: checking for sys/types.h
configure:8082: gcc -c -O3 -Wall -Wextra -Werror   conftest.c >&5
configure:8082: $? = 0
configure:8082: result: yes
configure:8082: checking for sys/stat.h
configure:8082: gcc -c -O3 -Wall -Wextra -Werror   conftest.c >&5
configure:8082: $? = 0
configure:8082: result: yes
configure:8082: checking for stdlib.h
configure:8082: gcc -c -O3 -Wall -Wextra -Werror   conftest.c >&5
configure:8082: $? = 0
configure:8082: result: yes
configure:8082: checking for string.h
configure:8082: gcc -c -O3 -Wall -Wextra -Werror   conftest.c >&5
configure:8082: $? = 0
configure:8082: result: yes
configure:8082: checking for memory.h
configure:8082: gcc -c -O3 -Wall -Wextra -Werror   conftest.c >&5
configure:8082: $? = 0
configure:8082: result: yes
configure:8082: checking for strings.h
configure:8082: gcc -c -O3 -Wall -Wextra -Werror   conftest.c >&5
configure:8082: $? = 0
configure:8082: result: yes
configure:8082: checking for inttypes.h
configure:8082: gcc -c -O3 -Wall -Wextra -Werror   conftest.c >&5
configure:8082: $? = 0
configure:8082: result: yes
configure:8082: checking for stdint.h
configure:8082: gcc -c -O3 -Wall -Wextra -Werror   conftest.c >&5
configure:8082: $? = 0
configure:8082: result: yes
configure:8082: checking for unistd.h
configure:8082: gcc -c -O3 -Wall -Wextra -Werror   conftest.c >&5
configure:8082: $? = 0
configure:8082: result: yes
configure:8096: checking for dlfcn.h
configure:8096: gcc -c -O3 -Wall -Wextra -Werror   conftest.c >&5
configure:8096: $? = 0
configure:8096: result: yes
configure:8363: checking for objdir
configure:8378: result: .libs
configure:8638: checking if gcc supports -fno-rtti -fno-exceptions
configure:8656: gcc -c -O3 -Wall -Wextra -Werror   -fno-rtti -fno-exceptions conftest.c >&5
cc1: error: command line option '-fno-rtti' is valid for C++/ObjC++ but not for C [-Werror]
cc1: all warnings being treated as errors
configure:8660: $? = 1
configure:8673: result: no
configure:9031: checking for gcc option to produce PIC
configure:9038: result: -fPIC -DPIC
configure:9046: checking if gcc PIC flag -fPIC -DPIC works
configure:9064: gcc -c -O3 -Wall -Wextra -Werror   -fPIC -DPIC -DPIC conftest.c >&5
configure:9068: $? = 0
configure:9081: result: yes
configure:9110: checking if gcc static flag -static works
configure:9138: result: yes
configure:9153: checking if gcc supports -c -o file.o
configure:9174: gcc -c -O3 -Wall -Wextra -Werror   -o out/conftest2.o conftest.c >&5
configure:9178: $? = 0
configure:9200: result: yes
configure:9208: checking if gcc supports -c -o file.o
configure:9255: result: yes
configure:9288: checking whether the gcc linker (/usr/bin/ld -m elf_x86_64) supports shared libraries
configure:10547: result: yes
configure:10787: checking dynamic linker characteristics
configure:11368: gcc -o conftest -O3 -Wall -Wextra -Werror    -Wl,-rpath -Wl,/foo conftest.c  >&5
configure:11368: $? = 0
configure:11605: result: GNU/Linux ld.so
configure:11727: checking how to hardcode library paths into programs
configure:11752: result: immediate
configure:12300: checking whether stripping libraries is possible
configure:12305: result: yes
configure:12340: checking if libtool supports shared libraries
configure:12342: result: yes
configure:12345: checking whether to build shared libraries
configure:12370: result: no
configure:12373: checking whether to build static libraries
configure:12377: result: yes
configure:12400: checking how to run the C++ preprocessor
configure:12427: g++ -E  conftest.cpp
configure:12427: $? = 0
configure:12441: g++ -E  conftest.cpp
conftest.cpp:23:28: fatal error: ac_nonexistent.h: No such file or directory
compilation terminated.
configure:12441: $? = 1
configure: failed program was:
| /* confdefs.h */
| #define PACKAGE_NAME "msgpack"
| #define PACKAGE_TARNAME "msgpack"
| #define PACKAGE_VERSION "1.4.2"
| #define PACKAGE_STRING "msgpack 1.4.2"
| #define PACKAGE_BUGREPORT ""
| #define PACKAGE_URL ""
| #define PACKAGE "msgpack"
| #define VERSION "1.4.2"
| #define STDC_HEADERS 1
| #define HAVE_SYS_TYPES_H 1
| #define HAVE_SYS_STAT_H 1
| #define HAVE_STDLIB_H 1
| #define HAVE_STRING_H 1
| #define HAVE_MEMORY_H 1
| #define HAVE_STRINGS_H 1
| #define HAVE_INTTYPES_H 1
| #define HAVE_STDINT_H 1
| #define HAVE_UNISTD_H 1
| #define HAVE_DLFCN_H 1
| #define LT_OBJDIR ".libs/"
| /* end confdefs.h.  */
| #include <ac_nonexistent.h>
configure:12466: result: g++ -E
configure:12486: g++ -E  conftest.cpp
configure:12486: $? = 0
configure:12500: g++ -E  conftest.cpp
conftest.cpp:23:28: fatal error: ac_nonexistent.h: No such file or directory
compilation terminated.
configure:12500: $? = 1
configure: failed program was:
| /* confdefs.h */
| #define PACKAGE_NAME "msgpack"
| #define PACKAGE_TARNAME "msgpack"
| #define PACKAGE_VERSION "1.4.2"
| #define PACKAGE_STRING "msgpack 1.4.2"
| #define PACKAGE_BUGREPORT ""
| #define PACKAGE_URL ""
| #define PACKAGE "msgpack"
| #define VERSION "1.4.2"
| #define STDC_HEADERS 1
| #define HAVE_SYS_TYPES_H 1
| #define HAVE_SYS_STAT_H 1
| #define HAVE_STDLIB_H 1
| #define HAVE_STRING_H 1
| #define HAVE_MEMORY_H 1
| #define HAVE_STRINGS_H 1
| #define HAVE_INTTYPES_H 1
| #define HAVE_STDINT_H 1
| #define HAVE_UNISTD_H 1
| #define HAVE_DLFCN_H 1
| #define LT_OBJDIR ".libs/"
| /* end confdefs.h.  */
| #include <ac_nonexistent.h>
configure:12662: checking for ld used by g++
configure:12729: result: /usr/bin/ld -m elf_x86_64
configure:12736: checking if the linker (/usr/bin/ld -m elf_x86_64) is GNU ld
configure:12751: result: yes
configure:12806: checking whether the g++ linker (/usr/bin/ld -m elf_x86_64) supports shared libraries
configure:13879: result: yes
configure:13915: g++ -c -O3 -Wall -Wextra -Wno-mismatched-tags -Werror   conftest.cpp >&5
configure:13918: $? = 0
configure:14399: checking for g++ option to produce PIC
configure:14406: result: -fPIC -DPIC
configure:14414: checking if g++ PIC flag -fPIC -DPIC works
configure:14432: g++ -c -O3 -Wall -Wextra -Wno-mismatched-tags -Werror   -fPIC -DPIC -DPIC conftest.cpp >&5
configure:14436: $? = 0
configure:14449: result: yes
configure:14472: checking if g++ static flag -static works
configure:14500: result: yes
configure:14512: checking if g++ supports -c -o file.o
configure:14533: g++ -c -O3 -Wall -Wextra -Wno-mismatched-tags -Werror   -o out/conftest2.o conftest.cpp >&5
configure:14537: $? = 0
configure:14559: result: yes
configure:14564: checking if g++ supports -c -o file.o
configure:14611: result: yes
configure:14641: checking whether the g++ linker (/usr/bin/ld -m elf_x86_64) supports shared libraries
configure:14681: result: yes
configure:14822: checking dynamic linker characteristics
configure:15567: result: GNU/Linux ld.so
configure:15632: checking how to hardcode library paths into programs
configure:15657: result: immediate
configure:15727: checking dependency style of gcc
configure:15836: result: gcc3
configure:15853: checking if debug option is enabled
configure:15860: result: 
configure:15871: checking for __sync_* atomic operations
configure:15891: gcc -o conftest -O3 -Wall -Wextra -Werror  -g   conftest.c  >&5
configure:15891: $? = 0
configure:15898: result: yes
configure:16098: checking that generated files are newer than configure
configure:16104: result: done
configure:16143: creating ./config.status

## ---------------------- ##
## Running config.status. ##
## ---------------------- ##

This file was extended by msgpack config.status 1.4.2, which was
generated by GNU Autoconf 2.69.  Invocation command line was

  CONFIG_FILES    = 
  CONFIG_HEADERS  = 
  CONFIG_LINKS    = 
  CONFIG_COMMANDS = 
  $ ./config.status 

on waap

config.status:1161: creating Makefile
config.status:1161: creating msgpack.pc
config.status:1161: creating src/Makefile
config.status:1161: creating test/Makefile
config.status:1161: creating config.h
config.status:1342: config.h is unchanged
config.status:1390: executing depfiles commands
config.status:1390: executing libtool commands

## ---------------- ##
## Cache variables. ##
## ---------------- ##

ac_cv_build=x86_64-unknown-linux-gnu
ac_cv_c_compiler_gnu=yes
ac_cv_cxx_compiler_gnu=yes
ac_cv_env_CCASFLAGS_set=
ac_cv_env_CCASFLAGS_value=
ac_cv_env_CCAS_set=
ac_cv_env_CCAS_value=
ac_cv_env_CCC_set=
ac_cv_env_CCC_value=
ac_cv_env_CC_set=
ac_cv_env_CC_value=
ac_cv_env_CFLAGS_set=
ac_cv_env_CFLAGS_value=
ac_cv_env_CPPFLAGS_set=
ac_cv_env_CPPFLAGS_value=
ac_cv_env_CPP_set=
ac_cv_env_CPP_value=
ac_cv_env_CXXCPP_set=
ac_cv_env_CXXCPP_value=
ac_cv_env_CXXFLAGS_set=
ac_cv_env_CXXFLAGS_value=
ac_cv_env_CXX_set=
ac_cv_env_CXX_value=
ac_cv_env_LDFLAGS_set=
ac_cv_env_LDFLAGS_value=
ac_cv_env_LIBS_set=
ac_cv_env_LIBS_value=
ac_cv_env_LT_SYS_LIBRARY_PATH_set=
ac_cv_env_LT_SYS_LIBRARY_PATH_value=
ac_cv_env_build_alias_set=
ac_cv_env_build_alias_value=
ac_cv_env_host_alias_set=
ac_cv_env_host_alias_value=
ac_cv_env_target_alias_set=
ac_cv_env_target_alias_value=
ac_cv_header_dlfcn_h=yes
ac_cv_header_inttypes_h=yes
ac_cv_header_memory_h=yes
ac_cv_header_stdc=yes
ac_cv_header_stdint_h=yes
ac_cv_header_stdlib_h=yes
ac_cv_header_string_h=yes
ac_cv_header_strings_h=yes
ac_cv_header_sys_stat_h=yes
ac_cv_header_sys_types_h=yes
ac_cv_header_unistd_h=yes
ac_cv_host=x86_64-unknown-linux-gnu
ac_cv_objext=o
ac_cv_path_EGREP='/bin/grep -E'
ac_cv_path_FGREP='/bin/grep -F'
ac_cv_path_GREP=/bin/grep
ac_cv_path_SED=/bin/sed
ac_cv_path_install='/usr/bin/install -c'
ac_cv_path_lt_DD=/bin/dd
ac_cv_path_mkdir=/bin/mkdir
ac_cv_prog_AWK=gawk
ac_cv_prog_CPP='gcc -E'
ac_cv_prog_CXXCPP='g++ -E'
ac_cv_prog_ac_ct_AR=ar
ac_cv_prog_ac_ct_CC=gcc
ac_cv_prog_ac_ct_CXX=g++
ac_cv_prog_ac_ct_MANIFEST_TOOL=mt
ac_cv_prog_ac_ct_OBJDUMP=objdump
ac_cv_prog_ac_ct_RANLIB=ranlib
ac_cv_prog_ac_ct_STRIP=strip
ac_cv_prog_cc_c89=
ac_cv_prog_cc_g=yes
ac_cv_prog_cxx_g=yes
ac_cv_prog_make_make_set=yes
am_cv_CCAS_dependencies_compiler_type=gcc3
am_cv_CC_dependencies_compiler_type=gcc3
am_cv_CXX_dependencies_compiler_type=gcc3
am_cv_make_support_nested_variables=yes
am_cv_prog_cc_c_o=yes
lt_cv_ar_at_file=@
lt_cv_deplibs_check_method=pass_all
lt_cv_file_magic_cmd='$MAGIC_CMD'
lt_cv_file_magic_test_file=
lt_cv_ld_reload_flag=-r
lt_cv_nm_interface='BSD nm'
lt_cv_objdir=.libs
lt_cv_path_LD=/usr/bin/ld
lt_cv_path_LDCXX='/usr/bin/ld -m elf_x86_64'
lt_cv_path_NM='/usr/bin/nm -B'
lt_cv_path_mainfest_tool=no
lt_cv_prog_compiler_c_o=yes
lt_cv_prog_compiler_c_o_CXX=yes
lt_cv_prog_compiler_pic='-fPIC -DPIC'
lt_cv_prog_compiler_pic_CXX='-fPIC -DPIC'
lt_cv_prog_compiler_pic_works=yes
lt_cv_prog_compiler_pic_works_CXX=yes
lt_cv_prog_compiler_rtti_exceptions=no
lt_cv_prog_compiler_static_works=yes
lt_cv_prog_compiler_static_works_CXX=yes
lt_cv_prog_gnu_ld=yes
lt_cv_prog_gnu_ldcxx=yes
lt_cv_sharedlib_from_linklib_cmd='printf %s\n'
lt_cv_shlibpath_overrides_runpath=no
lt_cv_sys_global_symbol_pipe='sed -n -e '\''s/^.*[	 ]\([ABCDGIRSTW][ABCDGIRSTW]*\)[	 ][	 ]*\([_A-Za-z][_A-Za-z0-9]*\)$/\1 \2 \2/p'\'' | sed '\''/ __gnu_lto/d'\'''
lt_cv_sys_global_symbol_to_c_name_address='sed -n -e '\''s/^: \(.*\) .*$/  {"\1", (void *) 0},/p'\'' -e '\''s/^[ABCDGIRSTW][ABCDGIRSTW]* .* \(.*\)$/  {"\1", (void *) \&\1},/p'\'''
lt_cv_sys_global_symbol_to_c_name_address_lib_prefix='sed -n -e '\''s/^: \(.*\) .*$/  {"\1", (void *) 0},/p'\'' -e '\''s/^[ABCDGIRSTW][ABCDGIRSTW]* .* \(lib.*\)$/  {"\1", (void *) \&\1},/p'\'' -e '\''s/^[ABCDGIRSTW][ABCDGIRSTW]* .* \(.*\)$/  {"lib\1", (void *) \&\1},/p'\'''
lt_cv_sys_global_symbol_to_cdecl='sed -n -e '\''s/^T .* \(.*\)$/extern int \1();/p'\'' -e '\''s/^[ABCDGIRSTW][ABCDGIRSTW]* .* \(.*\)$/extern char \1;/p'\'''
lt_cv_sys_global_symbol_to_import=
lt_cv_sys_max_cmd_len=1572864
lt_cv_to_host_file_cmd=func_convert_file_noop
lt_cv_to_tool_file_cmd=func_convert_file_noop
lt_cv_truncate_bin='/bin/dd bs=4096 count=1'
msgpack_cv_atomic_ops=yes

## ----------------- ##
## Output variables. ##
## ----------------- ##

ACLOCAL='${SHELL} /home/syohei/program/perl/Data-MessagePack-Stream/Data-MessagePack-Stream-1.01/msgpack-1.4.2/ac/missing aclocal-1.15'
AMDEPBACKSLASH='\'
AMDEP_FALSE='#'
AMDEP_TRUE=''
AMTAR='$${TAR-tar}'
AM_BACKSLASH='\'
AM_DEFAULT_V='$(AM_DEFAULT_VERBOSITY)'
AM_DEFAULT_VERBOSITY='1'
AM_V='$(V)'
AR='ar'
AUTOCONF='${SHELL} /home/syohei/program/perl/Data-MessagePack-Stream/Data-MessagePack-Stream-1.01/msgpack-1.4.2/ac/missing autoconf'
AUTOHEADER='${SHELL} /home/syohei/program/perl/Data-MessagePack-Stream/Data-MessagePack-Stream-1.01/msgpack-1.4.2/ac/missing autoheader'
AUTOMAKE='${SHELL} /home/syohei/program/perl/Data-MessagePack-Stream/Data-MessagePack-Stream-1.01/msgpack-1.4.2/ac/missing automake-1.15'
AWK='gawk'
CC='gcc'
CCAS='gcc'
CCASDEPMODE='depmode=gcc3'
CCASFLAGS='-O3 -Wall -Wextra -Werror '
CCDEPMODE='depmode=gcc3'
CFLAGS='-O3 -Wall -Wextra -Werror  -g'
CPP='gcc -E'
CPPFLAGS=''
CXX='g++'
CXXCPP='g++ -E'
CXXDEPMODE='depmode=gcc3'
CXXFLAGS='-O3 -Wall -Wextra -Wno-mismatched-tags -Werror  -g'
CYGPATH_W='echo'
DEFS='-DHAVE_CONFIG_H'
DEPDIR='.deps'
DLLTOOL='false'
DSYMUTIL=''
DUMPBIN=''
ECHO_C=''
ECHO_N='-n'
ECHO_T=''
EGREP='/bin/grep -E'
ENABLE_CXX_FALSE='#'
ENABLE_CXX_TRUE=''
ENABLE_GCC_CXX_ATOMIC_FALSE=''
ENABLE_GCC_CXX_ATOMIC_TRUE='#'
EXEEXT=''
FGREP='/bin/grep -F'
GREP='/bin/grep'
INSTALL_DATA='${INSTALL} -m 644'
INSTALL_PROGRAM='${INSTALL}'
INSTALL_SCRIPT='${INSTALL}'
INSTALL_STRIP_PROGRAM='$(install_sh) -c -s'
LD='/usr/bin/ld -m elf_x86_64'
LDFLAGS=''
LIBOBJS=''
LIBS=''
LIBTOOL='$(SHELL) $(top_builddir)/libtool'
LIPO=''
LN_S='ln -s'
LTLIBOBJS=''
LT_SYS_LIBRARY_PATH=''
MAKEINFO='${SHELL} /home/syohei/program/perl/Data-MessagePack-Stream/Data-MessagePack-Stream-1.01/msgpack-1.4.2/ac/missing makeinfo'
MANIFEST_TOOL=':'
MKDIR_P='/bin/mkdir -p'
NM='/usr/bin/nm -B'
NMEDIT=''
OBJDUMP='objdump'
OBJEXT='o'
OTOOL64=''
OTOOL=''
PACKAGE='msgpack'
PACKAGE_BUGREPORT=''
PACKAGE_NAME='msgpack'
PACKAGE_STRING='msgpack 1.4.2'
PACKAGE_TARNAME='msgpack'
PACKAGE_URL=''
PACKAGE_VERSION='1.4.2'
PATH_SEPARATOR=':'
RANLIB='ranlib'
SED='/bin/sed'
SET_MAKE=''
SHELL='/bin/bash'
STRIP='strip'
VERSION='1.4.2'
VERSION_MAJOR='1'
VERSION_MINOR='4'
VERSION_REVISION='2'
ac_ct_AR='ar'
ac_ct_CC='gcc'
ac_ct_CXX='g++'
ac_ct_DUMPBIN=''
am__EXEEXT_FALSE=''
am__EXEEXT_TRUE='#'
am__fastdepCCAS_FALSE='#'
am__fastdepCCAS_TRUE=''
am__fastdepCC_FALSE='#'
am__fastdepCC_TRUE=''
am__fastdepCXX_FALSE='#'
am__fastdepCXX_TRUE=''
am__include='include'
am__isrc=''
am__leading_dot='.'
am__nodep='_no'
am__quote=''
am__tar='$${TAR-tar} chof - "$$tardir"'
am__untar='$${TAR-tar} xf -'
bindir='${exec_prefix}/bin'
build='x86_64-unknown-linux-gnu'
build_alias=''
build_cpu='x86_64'
build_os='linux-gnu'
build_vendor='unknown'
datadir='${datarootdir}'
datarootdir='${prefix}/share'
docdir='${datarootdir}/doc/${PACKAGE_TARNAME}'
dvidir='${docdir}'
exec_prefix='${prefix}'
host='x86_64-unknown-linux-gnu'
host_alias=''
host_cpu='x86_64'
host_os='linux-gnu'
host_vendor='unknown'
htmldir='${docdir}'
includedir='${prefix}/include'
infodir='${datarootdir}/info'
install_sh='${SHELL} /home/syohei/program/perl/Data-MessagePack-Stream/Data-MessagePack-Stream-1.01/msgpack-1.4.2/ac/install-sh'
libdir='${exec_prefix}/lib'
libexecdir='${exec_prefix}/libexec'
localedir='${datarootdir}/locale'
localstatedir='${prefix}/var'
mandir='${datarootdir}/man'
mkdir_p='$(MKDIR_P)'
oldincludedir='/usr/include'
pdfdir='${docdir}'
prefix='/usr/local'
program_transform_name='s,x,x,'
psdir='${docdir}'
sbindir='${exec_prefix}/sbin'
sharedstatedir='${prefix}/com'
sysconfdir='${prefix}/etc'
target_alias=''

## ----------- ##
## confdefs.h. ##
## ----------- ##

/* confdefs.h */
#define PACKAGE_NAME "msgpack"
#define PACKAGE_TARNAME "msgpack"
#define PACKAGE_VERSION "1.4.2"
#define PACKAGE_STRING "msgpack 1.4.2"
#define PACKAGE_BUGREPORT ""
#define PACKAGE_URL ""
#define PACKAGE "msgpack"
#define VERSION "1.4.2"
#define STDC_HEADERS 1
#define HAVE_SYS_TYPES_H 1
#define HAVE_SYS_STAT_H 1
#define HAVE_STDLIB_H 1
#define HAVE_STRING_H 1
#define HAVE_MEMORY_H 1
#define HAVE_STRINGS_H 1
#define HAVE_INTTYPES_H 1
#define HAVE_STDINT_H 1
#define HAVE_UNISTD_H 1
#define HAVE_DLFCN_H 1
#define LT_OBJDIR ".libs/"

configure: exit 0
