number: 1
line: 1
offset: 0
bytes: 22612
From upi at papat.org  Wed Feb  1 19:06:04 2006
From: upi at papat.org (Pasi Pirhonen)
Date: Wed Feb  1 19:06:09 2006
Subject: [XXXXXX-XXXXXXXX] XXXX-XXXX:XXXX XXXXXXXX XXXXXX X XXXX XX -
	security update
Message-ID: <20060201190604.GA4423@core.upi.iki.fi>

XXXXXX XXXXXX XXX XXXXXXXX XXXXXXXX XXXX:XXXX

XXXXX://XXX.XXXXXX.XXX/XXXXXX/XXXX-XXXX-XXXX.XXXX

XXX XXXXXXXXX XXXXXXX XXXXX XXXX XXXX XXXXXXXX XXX XXX XXXXXXXXX
XXXXXXX XX XXX XXXXXXX:

XXXXX:
XXXXXXX/XXXX/XXXX/XX-X.X.XX-X.XX.X.XXXX.XXX
XXXXXXX/XXXX/XXXX/XX-XXXXX-X.X.XX-X.XX.X.XXXX.XXX
XXXXXXX/XXXX/XXXX/XX-XXXXX-X.X.XX-X.XX.X.XXXX.XXX


-- 
XXXX XXXXXXXX - XXX@XXX.XX - XXXX://XXX.XX/XXX/
-------------- XXXX XXXX --------------
X XXX-XXXX XXXXXXXXXX XXX XXXXXXXX...
XXXX: XXX XXXXXXXXX
XXXX: XXXXXXXXXXX/XXX-XXXXXXXXX
XXXX: XXX XXXXX
XXXX: XXX XXXXXXXXX
XXX : XXXX://XXXXX.XXXXXX.XXX/XXXXXXXXX/XXXXXX-XXXXXXXX/XXXXXXXXXXX/XXXXXXXX/XXXXXXXX/XXXXXXXXXX.XXX
From upi at papat.org  Wed Feb  1 19:07:19 2006
From: upi at papat.org (Pasi Pirhonen)
Date: Wed Feb  1 19:07:21 2006
Subject: [XXXXXX-XXXXXXXX] XXXX-XXXX:XXXX XXXXXXXX XXXXXX X XXX XX -
	security update
Message-ID: <20060201190719.GA4576@core.upi.iki.fi>


XXXXXX XXXXXX XXX XXXXXXXX XXXXXXXX XXXX:XXXX

XXXXX://XXX.XXXXXX.XXX/XXXXXX/XXXX-XXXX-XXXX.XXXX

XXX XXXXXXXXX XXXXXXX XXXXX XXXX XXXX XXXXXXXX XXX XXX XXXXXXXXX
XXXXXXX XX XXX XXXXXXX:

XXXXX:
XXXXXXX/XXXXX/XXXX/XX-X.X.XX-X.XX.X.XXXXX.XXX
XXXXXXX/XXXXX/XXXX/XX-XXXXX-X.X.XX-X.XX.X.XXXXX.XXX
XXXXXXX/XXXXX/XXXX/XX-XXXXX-X.X.XX-X.XX.X.XXXXX.XXX


-- 
XXXX XXXXXXXX - XXX@XXX.XX - XXXX://XXX.XX/XXX/
-------------- XXXX XXXX --------------
X XXX-XXXX XXXXXXXXXX XXX XXXXXXXX...
XXXX: XXX XXXXXXXXX
XXXX: XXXXXXXXXXX/XXX-XXXXXXXXX
XXXX: XXX XXXXX
XXXX: XXX XXXXXXXXX
XXX : XXXX://XXXXX.XXXXXX.XXX/XXXXXXXXX/XXXXXX-XXXXXXXX/XXXXXXXXXXX/XXXXXXXX/XXXXXXXX/XXXXXXXXXX.XXX
From upi at papat.org  Wed Feb  1 19:08:13 2006
From: upi at papat.org (Pasi Pirhonen)
Date: Wed Feb  1 19:08:15 2006
Subject: [XXXXXX-XXXXXXXX] XXXX-XXXX:XXXX XXXXXXXX XXXXXX X XXXX(X) XX -
	security update
Message-ID: <20060201190813.GB4576@core.upi.iki.fi>

XXXXXX XXXXXX XXX XXXXXXXX XXXXXXXX XXXX:XXXX

XXXXX://XXX.XXXXXX.XXX/XXXXXX/XXXX-XXXX-XXXX.XXXX

XXX XXXXXXXXX XXXXXXX XXXXX XXXX XXXX XXXXXXXX XXX XXX XXXXXXXXX
XXXXXXX XX XXX XXXXXXX:

XXXX:
XXXXXXX/XXXX/XXXX/XX-X.X.XX-X.XX.X.XXXX.XXX
XXXXXXX/XXXX/XXXX/XX-XXXXX-X.X.XX-X.XX.X.XXXX.XXX
XXXXXXX/XXXX/XXXX/XX-XXXXX-X.X.XX-X.XX.X.XXXX.XXX

XXXXX:
XXXXXXX/XXXXX/XXXX/XX-X.X.XX-X.XX.X.XXXXX.XXX
XXXXXXX/XXXXX/XXXX/XX-XXXXX-X.X.XX-X.XX.X.XXXXX.XXX
XXXXXXX/XXXXX/XXXX/XX-XXXXX-X.X.XX-X.XX.X.XXXXX.XXX


-- 
XXXX XXXXXXXX - XXX@XXX.XX - XXXX://XXX.XX/XXX/
-------------- XXXX XXXX --------------
X XXX-XXXX XXXXXXXXXX XXX XXXXXXXX...
XXXX: XXX XXXXXXXXX
XXXX: XXXXXXXXXXX/XXX-XXXXXXXXX
XXXX: XXX XXXXX
XXXX: XXX XXXXXXXXX
XXX : XXXX://XXXXX.XXXXXX.XXX/XXXXXXXXX/XXXXXX-XXXXXXXX/XXXXXXXXXXX/XXXXXXXX/XXXXXXXX/XXXXXXXXXX.XXX
From johnny at centos.org  Wed Feb  1 22:53:55 2006
From: johnny at centos.org (Johnny Hughes)
Date: Wed Feb  1 22:53:57 2006
Subject: [XXXXXX-XXXXXXXX] XXXX-XXXX:XXXX XXXXXXXX XXXXXX X XXXX XX -
	security update
Message-ID: <1138834435.3712.96.camel@myth.home.local>

XXXXXX XXXXXX XXX XXXXXXXX XXXXXXXX XXXX:XXXX

XXXXX://XXX.XXXXXX.XXX/XXXXXX/XXXX-XXXX-XXXX.XXXX

XXX XXXXXXXXX XXXXXXX XXXXX XXXX XXXX XXXXXXXX XXX XXX XXXXXXXXX
XXXXXXX XX XXX XXXXXXX:

XXXX:
XX-X.X.XX-X.XX.X.XXXX.XXX
XX-XXXXX-X.X.XX-X.XX.X.XXXX.XXX
XX-XXXXX-X.X.XX-X.XX.X.XXXX.XXX

XXX:
XX-X.X.XX-X.XX.X.XXX.XXX
-------------- XXXX XXXX --------------
X XXX-XXXX XXXXXXXXXX XXX XXXXXXXX...
XXXX: XXX XXXXXXXXX
XXXX: XXXXXXXXXXX/XXX-XXXXXXXXX
XXXX: XXX XXXXX
XXXX: XXXX XX X XXXXXXXXX XXXXXX XXXXXXX XXXX
XXX : XXXX://XXXXX.XXXXXX.XXX/XXXXXXXXX/XXXXXX-XXXXXXXX/XXXXXXXXXXX/XXXXXXXX/XXXXXXXX/XXXXXXXXXX.XXX
From johnny at centos.org  Wed Feb  1 22:54:05 2006
From: johnny at centos.org (Johnny Hughes)
Date: Wed Feb  1 22:54:07 2006
Subject: [XXXXXX-XXXXXXXX] XXXX-XXXX:XXXX XXXXXXXX XXXXXX X XXXXXX XX -
	security update
Message-ID: <1138834445.3712.98.camel@myth.home.local>

XXXXXX XXXXXX XXX XXXXXXXX XXXXXXXX XXXX:XXXX

XXXXX://XXX.XXXXXX.XXX/XXXXXX/XXXX-XXXX-XXXX.XXXX

XXX XXXXXXXXX XXXXXXX XXXXX XXXX XXXX XXXXXXXX XXX XXX XXXXXXXXX
XXXXXXX XX XXX XXXXXXX:

XXXXXX:
XX-X.X.XX-X.XX.X.XXXXXX.XXX
XX-X.X.XX-X.XX.X.XXXX.XXX
XX-XXXXX-X.X.XX-X.XX.X.XXXXXX.XXX
XX-XXXXX-X.X.XX-X.XX.X.XXXXXX.XXX

XXX:
XX-X.X.XX-X.XX.X.XXX.XXX
-------------- XXXX XXXX --------------
X XXX-XXXX XXXXXXXXXX XXX XXXXXXXX...
XXXX: XXX XXXXXXXXX
XXXX: XXXXXXXXXXX/XXX-XXXXXXXXX
XXXX: XXX XXXXX
XXXX: XXXX XX X XXXXXXXXX XXXXXX XXXXXXX XXXX
XXX : XXXX://XXXXX.XXXXXX.XXX/XXXXXXXXX/XXXXXX-XXXXXXXX/XXXXXXXXXXX/XXXXXXXX/XXXXXXXX/XXXXXXXXXX.XXX
From johnny at centos.org  Wed Feb  1 23:07:42 2006
From: johnny at centos.org (Johnny Hughes)
Date: Wed Feb  1 23:07:44 2006
Subject: [XXXXXX-XXXXXXXX] XXXX:XXXX-XXXX-X XXXXXX X XXXXXX XXXXXXX XXXXX /
	Global File System update (csgfs repo only)
Message-ID: <1138835262.3712.115.camel@myth.home.local>

XXXXXX XXXXXX XXX XXXXXXXX XXXXXXXX XXXX-XXXX-X

XXXXXX X XXXXXX XXXXXXX XXXXX / XXXXXX XXXX XXXXXX XXXXXX

XXX XXXX XX XX XXXXXX XX XXX XXXXX XXXXXXXXXX XXXX XXX XXX XXX XXXX
XXXXXX-X XXXXXXXXXX.

XXXX XXXX XX XXXXXX XX XXXXXXX XXXXXXX XXXXX X XXX XXXXXX XXXX XXXXXX
X.X XX XXX XXX X.X.X-XX.X.X.XX XXXXXX-X XXXXXX.  XX XXXXXXX XX XXX
XX/XXX XXXXXXXX XX XXX XXXXXX XXXXXXXX.

XXX XXXXXXXXX XXXXX XXX XXXXXXXX XXX XXXXXXX XX XXX XXXXXXX:

XXXXXX:
XXXX-X.X.X-X.XXXXXX.XXX
XXXX-XXXXX-X.X.X-X.XXXXXX.XXX
XXXX-XXXXXX-X.X.X-XX.X.X.XXXXXXX.XXXXXX.XXX
XXXX-XXXXXX-X.X.X-XX.X.XXXXXXX.XXXXXX.XXX
XXXX-XXXXXX-XXX-X.X.X-XX.X.X.XXXXXXX.XXXXXX.XXX
XXXX-XXXXXX-XXX-X.X.X-XX.X.XXXXXXX.XXXXXX.XXX
XXXX-XXXXXXXXXXX-X.X.X-XX.X.X.XXXXXXX.XXXXXX.XXX
XXXX-XXXXXXXXXXX-X.X.X-XX.X.XXXXXXX.XXXXXX.XXX
XXX-XXXXXX-X.X.X-XX.X.X.XXXXXXX.XXXXXX.XXX
XXX-XXXXXX-X.X.X-XX.X.XXXXXXX.XXXXXX.XXX
XXX-XXXXXX-XXX-X.X.X-XX.X.X.XXXXXXX.XXXXXX.XXX
XXX-XXXXXX-XXX-X.X.X-XX.X.XXXXXXX.XXXXXX.XXX
XXX-XXXXXXXXXXX-X.X.X-XX.X.X.XXXXXXX.XXXXXX.XXX
XXX-XXXXXXXXXXX-X.X.X-XX.X.XXXXXXX.XXXXXX.XXX
XXXXX-X.XX.XX-X.XXXXXX.XXX
XXX-X.X.X-X.XXXXXX.XXX
XXX-XXXXXX-X.X.X-XX.X.X.XXXXXXX.XXXXXX.XXX
XXX-XXXXXX-X.X.X-XX.X.XXXXXXX.XXXXXX.XXX
XXX-XXXXXX-XXX-X.X.X-XX.X.X.XXXXXXX.XXXXXX.XXX
XXX-XXXXXX-XXX-X.X.X-XX.X.XXXXXXX.XXXXXX.XXX
XXX-XXXXXXXXXXX-X.X.X-XX.X.X.XXXXXXX.XXXXXX.XXX
XXX-XXXXXXXXXXX-X.X.X-XX.X.XXXXXXX.XXXXXX.XXX
XXXX-X.X.X-X.XXXXXX.XXX
XXXX-XXXXXX-X.X.X-X.XX.X.XXXXXXX.XXXXXX.XXX
XXXX-XXXXXX-X.X.X-X.XX.XXXXXXX.XXXXXX.XXX
XXXX-XXXXXX-XXX-X.X.X-X.XX.X.XXXXXXX.XXXXXX.XXX
XXXX-XXXXXX-XXX-X.X.X-X.XX.XXXXXXX.XXXXXX.XXX
XXXX-XXXXXXXXXXX-X.X.X-X.XX.X.XXXXXXX.XXXXXX.XXX
XXXX-XXXXXXXXXXX-X.X.X-X.XX.XXXXXXX.XXXXXX.XXX
XXXXX-X.X.X-X.XXXXXX.XXX
XXXXX-XXXXX-X.X.X-X.XXXXXX.XXX
XXXXX-XXXXXXX-X.X.X-X.XXXXXX.XXX
XXXXXXXXX-X.X.XX-X.XXXXXX.XXX

XXX:
XXXX-X.X.X-X.XXX.XXX
XXXX-XXXXXX-X.X.X-XX.X.X.XXXXXXX.XXX.XXX
XXXX-XXXXXX-X.X.X-XX.X.XXXXXXX.XXX.XXX
XXX-XXXXXX-X.X.X-XX.X.X.XXXXXXX.XXX.XXX
XXX-XXXXXX-X.X.X-XX.X.XXXXXXX.XXX.XXX
XXXXX-X.XX.XX-X.XXX.XXX
XXX-X.X.X-X.XXX.XXX
XXX-XXXXXX-X.X.X-XX.X.X.XXXXXXX.XXX.XXX
XXX-XXXXXX-X.X.X-XX.X.XXXXXXX.XXX.XXX
XXXX-X.X.X-X.XXX.XXX
XXXX-XXXXXX-X.X.X-X.XX.X.XXXXXXX.XXX.XXX
XXXX-XXXXXX-X.X.X-X.XX.XXXXXXX.XXX.XXX
XXXXX-X.X.X-X.XXX.XXX
XXXXX-XXXXXXX-X.X.X-X.XXX.XXX
XXXXXXXXX-X.X.XX-X.XXX.XXX

-------------- XXXX XXXX --------------
X XXX-XXXX XXXXXXXXXX XXX XXXXXXXX...
XXXX: XXX XXXXXXXXX
XXXX: XXXXXXXXXXX/XXX-XXXXXXXXX
XXXX: XXX XXXXX
XXXX: XXXX XX X XXXXXXXXX XXXXXX XXXXXXX XXXX
XXX : XXXX://XXXXX.XXXXXX.XXX/XXXXXXXXX/XXXXXX-XXXXXXXX/XXXXXXXXXXX/XXXXXXXX/XXXXXXXX/XXXXXXXXXX.XXX
From johnny at centos.org  Wed Feb  1 23:07:44 2006
From: johnny at centos.org (Johnny Hughes)
Date: Wed Feb  1 23:07:46 2006
Subject: [XXXXXX-XXXXXXXX] XXXX:XXXX-XXXX-X XXXXXX X XXXX XXXXXXX XXXXX /
	Global File System update (csgfs repo only)
Message-ID: <1138835264.3712.117.camel@myth.home.local>

XXXXXX XXXXXX XXX XXXXXXXX XXXXXXXX XXXX-XXXX-X

XXXXXX X XXXX XXXXXXX XXXXX / XXXXXX XXXX XXXXXX XXXXXX

XXX XXXX XX XX XXXXXX XX XXX XXXXX XXXXXXXXXX XXXX XXX XXX XXX XXXX
XXXXXX-X XXXXXXXXXX.

XXXX XXXX XX XXXXXX XX XXXXXXX XXXXXXX XXXXX X XXX XXXXXX XXXX XXXXXX
X.X XX XXX XXX X.X.X-XX.X.X.XX XXXXXX-X XXXXXX.  XX XXXXXXX XX XXX
XX/XXX XXXXXXXX XX XXX XXXXXX XXXXXXXX.

XXX XXXXXXXXX XXXXX XXX XXXXXXXX XXX XXXXXXX XX XXX XXXXXXX:

XXXX:
XXXX-X.X.X-X.XXXX.XXX
XXXX-XXXXX-X.X.X-X.XXXX.XXX
XXXX-XXXXXX-X.X.X-XX.X.X.XXXXXXX.XXXX.XXX
XXXX-XXXXXX-X.X.X-XX.X.XXXXXXX.XXXX.XXX
XXXX-XXXXXX-XXXXXXX-X.X.X-XX.X.X.XXXXXXX.XXXX.XXX
XXXX-XXXXXX-XXXXXXX-X.X.X-XX.X.XXXXXXX.XXXX.XXX
XXXX-XXXXXX-XXX-X.X.X-XX.X.X.XXXXXXX.XXXX.XXX
XXXX-XXXXXX-XXX-X.X.X-XX.X.XXXXXXX.XXXX.XXX
XXXX-XXXXXXXXXXX-X.X.X-XX.X.X.XXXXXXX.XXXX.XXX
XXXX-XXXXXXXXXXX-X.X.X-XX.X.XXXXXXX.XXXX.XXX
XXX-XXXXXX-X.X.X-XX.X.X.XXXXXXX.XXXX.XXX
XXX-XXXXXX-X.X.X-XX.X.XXXXXXX.XXXX.XXX
XXX-XXXXXX-XXXXXXX-X.X.X-XX.X.X.XXXXXXX.XXXX.XXX
XXX-XXXXXX-XXXXXXX-X.X.X-XX.X.XXXXXXX.XXXX.XXX
XXX-XXXXXX-XXX-X.X.X-XX.X.X.XXXXXXX.XXXX.XXX
XXX-XXXXXX-XXX-X.X.X-XX.X.XXXXXXX.XXXX.XXX
XXX-XXXXXXXXXXX-X.X.X-XX.X.X.XXXXXXX.XXXX.XXX
XXX-XXXXXXXXXXX-X.X.X-XX.X.XXXXXXX.XXXX.XXX
XXXXX-X.XX.XX-X.XXXX.XXX
XXX-X.X.X-X.XXXX.XXX
XXX-XXXXXX-X.X.X-XX.X.X.XXXXXXX.XXXX.XXX
XXX-XXXXXX-X.X.X-XX.X.XXXXXXX.XXXX.XXX
XXX-XXXXXX-XXXXXXX-X.X.X-XX.X.X.XXXXXXX.XXXX.XXX
XXX-XXXXXX-XXXXXXX-X.X.X-XX.X.XXXXXXX.XXXX.XXX
XXX-XXXXXX-XXX-X.X.X-XX.X.X.XXXXXXX.XXXX.XXX
XXX-XXXXXX-XXX-X.X.X-XX.X.XXXXXXX.XXXX.XXX
XXX-XXXXXXXXXXX-X.X.X-XX.X.X.XXXXXXX.XXXX.XXX
XXX-XXXXXXXXXXX-X.X.X-XX.X.XXXXXXX.XXXX.XXX
XXXX-X.X.X-X.XXXX.XXX
XXXX-XXXXXX-X.X.X-X.XX.X.XXXXXXX.XXXX.XXX
XXXX-XXXXXX-X.X.X-X.XX.XXXXXXX.XXXX.XXX
XXXX-XXXXXX-XXXXXXX-X.X.X-X.XX.X.XXXXXXX.XXXX.XXX
XXXX-XXXXXX-XXXXXXX-X.X.X-X.XX.XXXXXXX.XXXX.XXX
XXXX-XXXXXX-XXX-X.X.X-X.XX.X.XXXXXXX.XXXX.XXX
XXXX-XXXXXX-XXX-X.X.X-X.XX.XXXXXXX.XXXX.XXX
XXXX-XXXXXXXXXXX-X.X.X-X.XX.X.XXXXXXX.XXXX.XXX
XXXX-XXXXXXXXXXX-X.X.X-X.XX.XXXXXXX.XXXX.XXX
XXXXX-X.X.X-X.XXXX.XXX
XXXXX-XXXXX-X.X.X-X.XXXX.XXX
XXXXX-XXXXXXX-X.X.X-X.XXXX.XXX
XXXXXXXXX-X.X.XX-X.XXXX.XXX

XXX:
XXXX-X.X.X-X.XXX.XXX
XXXX-XXXXXX-X.X.X-XX.X.X.XXXXXXX.XXX.XXX
XXXX-XXXXXX-X.X.X-XX.X.XXXXXXX.XXX.XXX
XXX-XXXXXX-X.X.X-XX.X.X.XXXXXXX.XXX.XXX
XXX-XXXXXX-X.X.X-XX.X.XXXXXXX.XXX.XXX
XXXXX-X.XX.XX-X.XXX.XXX
XXX-X.X.X-X.XXX.XXX
XXX-XXXXXX-X.X.X-XX.X.X.XXXXXXX.XXX.XXX
XXX-XXXXXX-X.X.X-XX.X.XXXXXXX.XXX.XXX
XXXX-X.X.X-X.XXX.XXX
XXXX-XXXXXX-X.X.X-X.XX.X.XXXXXXX.XXX.XXX
XXXX-XXXXXX-X.X.X-X.XX.XXXXXXX.XXX.XXX
XXXXX-X.X.X-X.XXX.XXX
XXXXX-XXXXXXX-X.X.X-X.XXX.XXX
XXXXXXXXX-X.X.XX-X.XXX.XXX

-------------- XXXX XXXX --------------
X XXX-XXXX XXXXXXXXXX XXX XXXXXXXX...
XXXX: XXX XXXXXXXXX
XXXX: XXXXXXXXXXX/XXX-XXXXXXXXX
XXXX: XXX XXXXX
XXXX: XXXX XX X XXXXXXXXX XXXXXX XXXXXXX XXXX
XXX : XXXX://XXXXX.XXXXXX.XXX/XXXXXXXXX/XXXXXX-XXXXXXXX/XXXXXXXXXXX/XXXXXXXX/XXXXXXXX/XXXXXXXXXX.XXX
From upi at papat.org  Thu Feb  2 18:17:59 2006
From: upi at papat.org (Pasi Pirhonen)
Date: Thu Feb  2 18:18:07 2006
Subject: [XXXXXX-XXXXXXXX] XXXX-XXXX:XXXX XXXXXXXX XXXXXX X XXXX XXXXXXX -
	security update
Message-ID: <20060202181758.GC4576@core.upi.iki.fi>

XXXXXX XXXXXX XXX XXXXXXXX XXXXXXXX XXXX:XXXX

XXXXX://XXX.XXXXXX.XXX/XXXXXX/XXXX-XXXX-XXXX.XXXX

XXX XXXXXXXXX XXXXXXX XXXXX XXXX XXXX XXXXXXXX XXX XXX XXXXXXXXX
XXXXXXX XX XXX XXXXXXX:

XXXXX:
XXXXXXX/XXXX/XXXX/XXXXXXX-X.X.XX-X.X.X.X.XXXXXXX.XXXX.XXX
XXXXXXX/XXXX/XXXX/XXXXXXX-XXXX-X.X.XX-X.X.X.X.XXXXXXX.XXXX.XXX
XXXXXXX/XXXX/XXXX/XXXXXXX-XXXXX-X.X.XX-X.X.X.X.XXXXXXX.XXXX.XXX
XXXXXXX/XXXX/XXXX/XXXXXXX-XXX-XXXXXXXXX-X.X.XX-X.X.X.X.XXXXXXX.XXXX.XXX
XXXXXXX/XXXX/XXXX/XXXXXXX-XX-XXXXXXXX-X.X.XX-X.X.X.X.XXXXXXX.XXXX.XXX
XXXXXXX/XXXX/XXXX/XXXXXXX-XXXX-X.X.XX-X.X.X.X.XXXXXXX.XXXX.XXX
XXXXXXX/XXXX/XXXX/XXXXXXX-XXXX-X.X.XX-X.X.X.X.XXXXXXX.XXXX.XXX
XXXXXXX/XXXX/XXXX/XXXXXXX-XXXX-XXXXX-X.X.XX-X.X.X.X.XXXXXXX.XXXX.XXX
XXXXXXX/XXXX/XXXX/XXXXXXX-XXX-X.X.XX-X.X.X.X.XXXXXXX.XXXX.XXX
XXXXXXX/XXXX/XXXX/XXXXXXX-XXX-XXXXX-X.X.XX-X.X.X.X.XXXXXXX.XXXX.XXX


-- 
XXXX XXXXXXXX - XXX@XXX.XX - XXXX://XXX.XX/XXX/
-------------- XXXX XXXX --------------
X XXX-XXXX XXXXXXXXXX XXX XXXXXXXX...
XXXX: XXX XXXXXXXXX
XXXX: XXXXXXXXXXX/XXX-XXXXXXXXX
XXXX: XXX XXXXX
XXXX: XXX XXXXXXXXX
XXX : XXXX://XXXXX.XXXXXX.XXX/XXXXXXXXX/XXXXXX-XXXXXXXX/XXXXXXXXXXX/XXXXXXXX/XXXXXXXX/XXXXXXXXXX.XXX
From upi at papat.org  Thu Feb  2 18:23:47 2006
From: upi at papat.org (Pasi Pirhonen)
Date: Thu Feb  2 18:23:51 2006
Subject: [XXXXXX-XXXXXXXX] XXXX-XXXX:XXXX XXXXXXXX XXXXXX X XXXX XXXXXXX -
	security update
Message-ID: <20060202182347.GD4576@core.upi.iki.fi>

XXXXXX XXXXXX XXX XXXXXXXX XXXXXXXX XXXX:XXXX

XXXXX://XXX.XXXXXX.XXX/XXXXXX/XXXX-XXXX-XXXX.XXXX

XXX XXXXXXXXX XXXXXXX XXXXX XXXX XXXX XXXXXXXX XXX XXX XXXXXXXXX
XXXXXXX XX XXX XXXXXXX:

XXXXX:
XXXXXXX/XXXX/XXXX/XXXXXXX-X.X.XX-X.X.X.XXXXXXX.XXXX.XXX
XXXXXXX/XXXX/XXXX/XXXXXXX-XXXX-X.X.XX-X.X.X.XXXXXXX.XXXX.XXX
XXXXXXX/XXXX/XXXX/XXXXXXX-XXXXX-X.X.XX-X.X.X.XXXXXXX.XXXX.XXX
XXXXXXX/XXXX/XXXX/XXXXXXX-XXX-XXXXXXXXX-X.X.XX-X.X.X.XXXXXXX.XXXX.XXX
XXXXXXX/XXXX/XXXX/XXXXXXX-XX-XXXXXXXX-X.X.XX-X.X.X.XXXXXXX.XXXX.XXX
XXXXXXX/XXXX/XXXX/XXXXXXX-XXXX-X.X.XX-X.X.X.XXXXXXX.XXXX.XXX
XXXXXXX/XXXX/XXXX/XXXXXXX-XXXX-X.X.XX-X.X.X.XXXXXXX.XXXX.XXX
XXXXXXX/XXXX/XXXX/XXXXXXX-XXXX-XXXXX-X.X.XX-X.X.X.XXXXXXX.XXXX.XXX
XXXXXXX/XXXX/XXXX/XXXXXXX-XXX-X.X.XX-X.X.X.XXXXXXX.XXXX.XXX
XXXXXXX/XXXX/XXXX/XXXXXXX-XXX-XXXXX-X.X.XX-X.X.X.XXXXXXX.XXXX.XXX


-- 
XXXX XXXXXXXX - XXX@XXX.XX - XXXX://XXX.XX/XXX/
-------------- XXXX XXXX --------------
X XXX-XXXX XXXXXXXXXX XXX XXXXXXXX...
XXXX: XXX XXXXXXXXX
XXXX: XXXXXXXXXXX/XXX-XXXXXXXXX
XXXX: XXX XXXXX
XXXX: XXX XXXXXXXXX
XXX : XXXX://XXXXX.XXXXXX.XXX/XXXXXXXXX/XXXXXX-XXXXXXXX/XXXXXXXXXXX/XXXXXXXX/XXXXXXXX/XXXXXXXXXX.XXX
From upi at papat.org  Thu Feb  2 19:37:08 2006
From: upi at papat.org (Pasi Pirhonen)
Date: Thu Feb  2 19:37:17 2006
Subject: [XXXXXX-XXXXXXXX] XXXX-XXXX:XXXX XXXXXXXX XXXXXX X XXXX XXXXXXX -
	security update
Message-ID: <20060202193707.GE4576@core.upi.iki.fi>

XXXXXX XXXXXX XXX XXXXXXXX XXXXXXXX XXXX:XXXX

XXXXX://XXX.XXXXXX.XXX/XXXXXX/XXXX-XXXX-XXXX.XXXX

XXX XXXXXXXXX XXXXXXX XXXXX XXXX XXXX XXXXXXXX XXX XXX XXXXXXXXX
XXXXXXX XX XXX XXXXXXX:

XXXXX:
XXXXXXX/XXXX/XXXX/XXXXXXX-X.X.X-X.X.X.XXXXXXX.XXXX.XXX


-- 
XXXX XXXXXXXX - XXX@XXX.XX - XXXX://XXX.XX/XXX/
-------------- XXXX XXXX --------------
X XXX-XXXX XXXXXXXXXX XXX XXXXXXXX...
XXXX: XXX XXXXXXXXX
XXXX: XXXXXXXXXXX/XXX-XXXXXXXXX
XXXX: XXX XXXXX
XXXX: XXX XXXXXXXXX
XXX : XXXX://XXXXX.XXXXXX.XXX/XXXXXXXXX/XXXXXX-XXXXXXXX/XXXXXXXXXXX/XXXXXXXX/XXXXXXXX/XXXXXXXXXX.XXX
From upi at papat.org  Thu Feb  2 19:39:05 2006
From: upi at papat.org (Pasi Pirhonen)
Date: Thu Feb  2 19:39:09 2006
Subject: [XXXXXX-XXXXXXXX] XXXXXXXXXX XXXX-XXXX:XXXX XXXXXXXX XXXXXX X XXXX
	firefox - security update
Message-ID: <20060202193905.GF4576@core.upi.iki.fi>

XXXXXX XXXXXX XXX XXXXXXXX XXXXXXXX XXXX:XXXX

XXXXX://XXX.XXXXXX.XXX/XXXXXX/XXXX-XXXX-XXXX.XXXX

XXX XXXXXXXXX XXXXXXX XXXXX XXXX XXXX XXXXXXXX XXX XXX XXXXXXXXX
XXXXXXX XX XXX XXXXXXX:

XXXXX:
XXXXXXXXXX/XXXX/XXXX/XXXXXXX-X.X.X-X.X.X.XXXXXXX.XXXX.XXX

XXXXXX:
XXXXXXXXXX/XXXXX/XXXXXXX-X.X.X-X.X.X.XXXXXXX.XXX.XXX


-- 
XXXX XXXXXXXX - XXX@XXX.XX - XXXX://XXX.XX/XXX/
-------------- XXXX XXXX --------------
X XXX-XXXX XXXXXXXXXX XXX XXXXXXXX...
XXXX: XXX XXXXXXXXX
XXXX: XXXXXXXXXXX/XXX-XXXXXXXXX
XXXX: XXX XXXXX
XXXX: XXX XXXXXXXXX
XXX : XXXX://XXXXX.XXXXXX.XXX/XXXXXXXXX/XXXXXX-XXXXXXXX/XXXXXXXXXXX/XXXXXXXX/XXXXXXXX/XXXXXXXXXX.XXX
From tru at centos.org  Thu Feb  2 21:23:57 2006
From: tru at centos.org (Tru Huynh)
Date: Thu Feb  2 21:24:01 2006
Subject: [XXXXXX-XXXXXXXX] XXXX-XXXX:XXXX XXXXXXXX XXXXXX X XXXX XXXXXXX -
	security update
Message-ID: <20060202212357.GA15169@sillage.bis.pasteur.fr>

XXXX-XXXX:XXXX XXXXXXXX XXXXXX X XXXX XXXXXXX - XXXXXXXX XXXXXX

XXXXXX XXXXXX XXX XXXXXXXX XXXXXXXX XXXX-XXXX:XXXX

XXXXXXX XXXXXXXX XXXXXX XXX XXXXXX X XXXX:
XXXXX://XXX.XXXXXX.XXX/XXXXXX/XXXX-XXXX-XXXX.XXXX

XXX XXXXXXXXX XXXXXXX XXXX XXX XXXX XXXXXXXX XXX XX XXXXXXXXX XXXXXXX XX
XXX XXXXXXX:

XXXX:
XXXXXXX/XXXX/XXXX/XXXXXXX-X.X.XX-X.X.X.X.XXXXXXX.XXXX.XXX
XXXXXXX/XXXX/XXXX/XXXXXXX-XXXX-X.X.XX-X.X.X.X.XXXXXXX.XXXX.XXX
XXXXXXX/XXXX/XXXX/XXXXXXX-XXXXX-X.X.XX-X.X.X.X.XXXXXXX.XXXX.XXX
XXXXXXX/XXXX/XXXX/XXXXXXX-XXX-XXXXXXXXX-X.X.XX-X.X.X.X.XXXXXXX.XXXX.XXX
XXXXXXX/XXXX/XXXX/XXXXXXX-XX-XXXXXXXX-X.X.XX-X.X.X.X.XXXXXXX.XXXX.XXX
XXXXXXX/XXXX/XXXX/XXXXXXX-XXXX-X.X.XX-X.X.X.X.XXXXXXX.XXXX.XXX
XXXXXXX/XXXX/XXXX/XXXXXXX-XXXX-X.X.XX-X.X.X.X.XXXXXXX.XXXX.XXX
XXXXXXX/XXXX/XXXX/XXXXXXX-XXXX-XXXXX-X.X.XX-X.X.X.X.XXXXXXX.XXXX.XXX
XXXXXXX/XXXX/XXXX/XXXXXXX-XXX-X.X.XX-X.X.X.X.XXXXXXX.XXXX.XXX
XXXXXXX/XXXX/XXXX/XXXXXXX-XXX-XXXXX-X.X.XX-X.X.X.X.XXXXXXX.XXXX.XXX

XXXXXX:
XXXXXXX/XXXXX/XXXXXXX-X.X.XX-X.X.X.X.XXXXXXX.XXX.XXX

XXX XXX XXXXXX XXXX XXXXXX-X XXXX XXXXXXXXXXXXX XX XXXXXXX XXX XXXXXXX:

        XXX XXXXXX XXXXXXX\*

XXX
-- 
XXX XXXXX (XXXXXX-X XXXX/XXXXXX XXXXXXX XXXXXXXXXXX)
XXXX://XXX.XXX.XXX:XXXXX/XXX/XXXXXX?XX=XXX&XXXXXX=XXXXXXXXXX
-------------- XXXX XXXX --------------
X XXX-XXXX XXXXXXXXXX XXX XXXXXXXX...
XXXX: XXX XXXXXXXXX
XXXX: XXXXXXXXXXX/XXX-XXXXXXXXX
XXXX: XXX XXXXX
XXXX: XXX XXXXXXXXX
XXX : XXXX://XXXXX.XXXXXX.XXX/XXXXXXXXX/XXXXXX-XXXXXXXX/XXXXXXXXXXX/XXXXXXXX/XXXXXXXX/XXXXXXXXXX.XXX
From tru at centos.org  Thu Feb  2 21:27:43 2006
From: tru at centos.org (Tru Huynh)
Date: Thu Feb  2 21:27:46 2006
Subject: [XXXXXX-XXXXXXXX] XXXX-XXXX:XXXX XXXXXXXX XXXXXX X XXXXXX XXXXXXX -
	security update
Message-ID: <20060202212743.GB15169@sillage.bis.pasteur.fr>

XXXXXX XXXXXX XXX XXXXXXXX XXXXXXXX XXXX-XXXX:XXXX

XXXXXXX XXXXXXXX XXXXXX XXX XXXXXX X XXXXXX:
XXXXX://XXX.XXXXXX.XXX/XXXXXX/XXXX-XXXX-XXXX.XXXX

XXX XXXXXXXXX XXXXXXX XXXX XXX XXXX XXXXXXXX XXX XX XXXXXXXXX XXXXXXX XX
XXX XXXXXXX:

XXXXXX:
XXXXXXX/XXXXXX/XXXX/XXXXXXX-X.X.XX-X.X.X.X.XXXXXXX.XXXX.XXX
XXXXXXX/XXXXXX/XXXX/XXXXXXX-X.X.XX-X.X.X.X.XXXXXXX.XXXXXX.XXX
XXXXXXX/XXXXXX/XXXX/XXXXXXX-XXXX-X.X.XX-X.X.X.X.XXXXXXX.XXXXXX.XXX
XXXXXXX/XXXXXX/XXXX/XXXXXXX-XXXXX-X.X.XX-X.X.X.X.XXXXXXX.XXXXXX.XXX
XXXXXXX/XXXXXX/XXXX/XXXXXXX-XXX-XXXXXXXXX-X.X.XX-X.X.X.X.XXXXXXX.XXXXXX.XXX
XXXXXXX/XXXXXX/XXXX/XXXXXXX-XX-XXXXXXXX-X.X.XX-X.X.X.X.XXXXXXX.XXXXXX.XXX
XXXXXXX/XXXXXX/XXXX/XXXXXXX-XXXX-X.X.XX-X.X.X.X.XXXXXXX.XXXXXX.XXX
XXXXXXX/XXXXXX/XXXX/XXXXXXX-XXXX-X.X.XX-X.X.X.X.XXXXXXX.XXXX.XXX
XXXXXXX/XXXXXX/XXXX/XXXXXXX-XXXX-X.X.XX-X.X.X.X.XXXXXXX.XXXXXX.XXX
XXXXXXX/XXXXXX/XXXX/XXXXXXX-XXXX-XXXXX-X.X.XX-X.X.X.X.XXXXXXX.XXXXXX.XXX
XXXXXXX/XXXXXX/XXXX/XXXXXXX-XXX-X.X.XX-X.X.X.X.XXXXXXX.XXXX.XXX
XXXXXXX/XXXXXX/XXXX/XXXXXXX-XXX-X.X.XX-X.X.X.X.XXXXXXX.XXXXXX.XXX
XXXXXXX/XXXXXX/XXXX/XXXXXXX-XXX-XXXXX-X.X.XX-X.X.X.X.XXXXXXX.XXXXXX.XXX

XXXXXX:
XXXXXXX/XXXXX/XXXXXXX-X.X.XX-X.X.X.X.XXXXXXX.XXX.XXX

XXX XXX XXXXXX XXXX XXXXXX-X XXXXXX XXXXXXXXXXXXX XX XXXXXXX XXX XXXXXXX:

        XXX XXXXXX XXXXXXX\*

XXX
-- 
XXX XXXXX (XXXXXX-X XXXX/XXXXXX XXXXXXX XXXXXXXXXXX)
XXXX://XXX.XXX.XXX:XXXXX/XXX/XXXXXX?XX=XXX&XXXXXX=XXXXXXXXXX
-------------- XXXX XXXX --------------
X XXX-XXXX XXXXXXXXXX XXX XXXXXXXX...
XXXX: XXX XXXXXXXXX
XXXX: XXXXXXXXXXX/XXX-XXXXXXXXX
XXXX: XXX XXXXX
XXXX: XXX XXXXXXXXX
XXX : XXXX://XXXXX.XXXXXX.XXX/XXXXXXXXX/XXXXXX-XXXXXXXX/XXXXXXXXXXX/XXXXXXXX/XXXXXXXX/XXXXXXXXXX.XXX
From tru at centos.org  Thu Feb  2 21:37:05 2006
From: tru at centos.org (Tru Huynh)
Date: Thu Feb  2 21:37:07 2006
Subject: [XXXXXX-XXXXXXXX] XXXX-XXXX:XXXX XXXXXXXX XXXXXX X XXXX XXXXXXX -
	security update (CENTOSPLUS only)
Message-ID: <20060202213705.GC15169@sillage.bis.pasteur.fr>

XXXXXX XXXXXX XXX XXXXXXXX XXXXXXXX XXXX-XXXX:XXXX

XXXXXXX (XXXXXXXXXX XXXX) XXXXXXXX XXXXXX XXX XXXXXX X XXXX:
XXXXX://XXX.XXXXXX.XXX/XXXXXX/XXXX-XXXX-XXXX.XXXX

XXX XXXXXXXXX XXXXXXX XXXX XXX XXXX XXXXXXXX XXX XX XXXXXXXXX XXXXXXX XX
XXX XXXXXXX:

XXXX:
XXXXXXXXXX/XXXX/XXXX/XXXXXXX-X.X.X-X.X.X.XXXXXXX.XXXX.XXX

XXXXXX:
XXXXXXXXXX/XXXXX/XXXXXXX-X.X.X-X.X.X.XXXXXXX.XXX.XXX

XXX XXX XXXXXX XXXX XXXXXX-X XXXX XXXXXXXXXXXXX XX XXXXXXX XXX XXXXXXX:

        XXX XXXXXX XXXXXXX

XXX

-- 
XXX XXXXX (XXXXXX-X XXXX/XXXXXX XXXXXXX XXXXXXXXXXX)
XXXX://XXX.XXX.XXX:XXXXX/XXX/XXXXXX?XX=XXX&XXXXXX=XXXXXXXXXX
-------------- XXXX XXXX --------------
X XXX-XXXX XXXXXXXXXX XXX XXXXXXXX...
XXXX: XXX XXXXXXXXX
XXXX: XXXXXXXXXXX/XXX-XXXXXXXXX
XXXX: XXX XXXXX
XXXX: XXX XXXXXXXXX
XXX : XXXX://XXXXX.XXXXXX.XXX/XXXXXXXXX/XXXXXX-XXXXXXXX/XXXXXXXXXXX/XXXXXXXX/XXXXXXXX/XXXXXXXXXX.XXX
From tru at centos.org  Thu Feb  2 21:37:50 2006
From: tru at centos.org (Tru Huynh)
Date: Thu Feb  2 21:37:53 2006
Subject: [XXXXXX-XXXXXXXX] XXXX-XXXX:XXXX XXXXXXXX XXXXXX X XXXXXX XXXXXXX -
	security update (CENTOSPLUS only)
Message-ID: <20060202213750.GD15169@sillage.bis.pasteur.fr>

XXXXXX XXXXXX XXX XXXXXXXX XXXXXXXX XXXX-XXXX:XXXX

XXXXXXX (XXXXXXXXXX XXXX) XXXXXXXX XXXXXX XXX XXXXXX X XXXXXX:
XXXXX://XXX.XXXXXX.XXX/XXXXXX/XXXX-XXXX-XXXX.XXXX

XXX XXXXXXXXX XXXXXXX XXXX XXX XXXX XXXXXXXX XXX XX XXXXXXXXX XXXXXXX XX
XXX XXXXXXX:

XXXXXX:
XXXXXXXXXX/XXXXXX/XXXX/XXXXXXX-X.X.X-X.X.X.XXXXXXX.XXXXXX.XXX

XXXXXX:
XXXXXXXXXX/XXXXX/XXXXXXX-X.X.X-X.X.X.XXXXXXX.XXX.XXX

XXX XXX XXXXXX XXXX XXXXXX-X XXXXXX XXXXXXXXXXXXX XX XXXXXXX XXX XXXXXXX:

        XXX XXXXXX XXXXXXX

XXX
-- 
XXX XXXXX (XXXXXX-X XXXX/XXXXXX XXXXXXX XXXXXXXXXXX)
XXXX://XXX.XXX.XXX:XXXXX/XXX/XXXXXX?XX=XXX&XXXXXX=XXXXXXXXXX
-------------- XXXX XXXX --------------
X XXX-XXXX XXXXXXXXXX XXX XXXXXXXX...
XXXX: XXX XXXXXXXXX
XXXX: XXXXXXXXXXX/XXX-XXXXXXXXX
XXXX: XXX XXXXX
XXXX: XXX XXXXXXXXX
XXX : XXXX://XXXXX.XXXXXX.XXX/XXXXXXXXX/XXXXXX-XXXXXXXX/XXXXXXXXXXX/XXXXXXXX/XXXXXXXX/XXXXXXXXXX.XXX
From jnewbigin at ict.swin.edu.au  Thu Feb  2 22:07:50 2006
From: jnewbigin at ict.swin.edu.au (John Newbigin)
Date: Thu Feb  2 22:07:54 2006
Subject: [XXXXXX-XXXXXXXX] XXXX-XXXX:XXXX-XX: XXXXXXXXX XXXXXX X XXXX XXXXXX
	security update
Message-ID: <43E282B6.3040801@ict.swin.edu.au>

XXX XXXXXXXXX XXXXXX XXX XXXXXX-X XXXX XXXX XXXXX XXX XXXXXXXX XX XXX
XXXXXX XXXXXX:

XXXX-XXXX:XXXX-XX XXXXXXXXX: XXXXXX XXXXXXXX XXXXXX

XXXXX XXXXXXXXX:
XXXXXX-X.X.X-X.XX.XXXXXX.XXX
XXXXXX-X.X.X-X.XX.XXXX.XXX
XXXXXX-XXXX-X.X.X-X.XX.XXXX.XXX
XXXXXX-XXXXX-X.X.X-X.XX.XXXX.XXX
XXXXXX-XXX-X.X.X-X.XX.XXXX.XXX
XXXXXX-XXXXXXXXXX-X.X.X-X.XX.XXXX.XXX
XXXXXX-XXXXXXX-X.X.X-X.XX.XXXX.XXX
XXXXXX-XXX-X.X.X-X.XX.XXXXXX.XXX
XXXXXX-XXX-X.X.X-X.XX.XXXX.XXX
XXXXXX-XXXXXX-X.X.X-X.XX.XXXX.XXX
XXXXXX-XXXXXX-X.X.X-X.XX.XXXX.XXX

XXXX XXXXXXX XXX XXXXXXXXX XXXX XXX XXXXXX XXX XXXX XX
XXXXX://XXX.XXXXXX.XXX/XXXXXX/XXXXXX-XXXXXX.XXXX

XXX XXXX XXX XX XXXX XXXX XXX XXX XX XX XXXX XXXX XXX XXX XXXXXX XXXXXXX
XX XX XXX:
# XXX XXXXXX

-- 
XXXX XXXXXXXX
XXXXXXXX XXXXXXX XXXXXXX
XXXXXXX XX XXXXXXXXXXX XXX XXXXXXXXXXXXX XXXXXXXXXXXX
XXXXXXXXX XXXXXXXXXX XX XXXXXXXXXX
XXXXXXXXX, XXXXXXXXX
XXXX://XXX.XXX.XXXX.XXX.XX/XXXXX/XXXXXXXXX








number: 2
line: 661
offset: 22612
bytes: 3401
From upi at papat.org  Fri Feb  3 00:31:40 2006
From: upi at papat.org (Pasi Pirhonen)
Date: Fri Feb  3 00:31:43 2006
Subject: [XXXXXX-XXXXXXXX] XXXX-XXXX:XXXX XXXXXXXX XXXXXX X XXXX(X) XXXXXXX
	- security update
Message-ID: <20060203003140.GG4576@core.upi.iki.fi>

XXXXXX XXXXXX XXX XXXXXXXX XXXXXXXX XXXX:XXXX

XXXXX://XXX.XXXXXX.XXX/XXXXXX/XXXX-XXXX-XXXX.XXXX

XXX XXXXXXXXX XXXXXXX XXXXX XXXX XXXX XXXXXXXX XXX XXX XXXXXXXXX
XXXXXXX XX XXX XXXXXXX:

XXXX:
XXXXXXX/XXXX/XXXX/XXXXXXX-X.X.XX-X.X.X.X.XXXXXXX.XXXX.XXX
XXXXXXX/XXXX/XXXX/XXXXXXX-XXXX-X.X.XX-X.X.X.X.XXXXXXX.XXXX.XXX
XXXXXXX/XXXX/XXXX/XXXXXXX-XXXXX-X.X.XX-X.X.X.X.XXXXXXX.XXXX.XXX
XXXXXXX/XXXX/XXXX/XXXXXXX-XXX-XXXXXXXXX-X.X.XX-X.X.X.X.XXXXXXX.XXXX.XXX
XXXXXXX/XXXX/XXXX/XXXXXXX-XX-XXXXXXXX-X.X.XX-X.X.X.X.XXXXXXX.XXXX.XXX
XXXXXXX/XXXX/XXXX/XXXXXXX-XXXX-X.X.XX-X.X.X.X.XXXXXXX.XXXX.XXX
XXXXXXX/XXXX/XXXX/XXXXXXX-XXXX-X.X.XX-X.X.X.X.XXXXXXX.XXXX.XXX
XXXXXXX/XXXX/XXXX/XXXXXXX-XXXX-XXXXX-X.X.XX-X.X.X.X.XXXXXXX.XXXX.XXX
XXXXXXX/XXXX/XXXX/XXXXXXX-XXX-X.X.XX-X.X.X.X.XXXXXXX.XXXX.XXX
XXXXXXX/XXXX/XXXX/XXXXXXX-XXX-XXXXX-X.X.XX-X.X.X.X.XXXXXXX.XXXX.XXX

XXXXX:
XXXXXXX/XXXXX/XXXX/XXXXXXX-X.X.XX-X.X.X.X.XXXXXXX.XXXXX.XXX
XXXXXXX/XXXXX/XXXX/XXXXXXX-XXXX-X.X.XX-X.X.X.X.XXXXXXX.XXXXX.XXX
XXXXXXX/XXXXX/XXXX/XXXXXXX-XXXXX-X.X.XX-X.X.X.X.XXXXXXX.XXXXX.XXX
XXXXXXX/XXXXX/XXXX/XXXXXXX-XXX-XXXXXXXXX-X.X.XX-X.X.X.X.XXXXXXX.XXXXX.XXX
XXXXXXX/XXXXX/XXXX/XXXXXXX-XX-XXXXXXXX-X.X.XX-X.X.X.X.XXXXXXX.XXXXX.XXX
XXXXXXX/XXXXX/XXXX/XXXXXXX-XXXX-X.X.XX-X.X.X.X.XXXXXXX.XXXXX.XXX
XXXXXXX/XXXXX/XXXX/XXXXXXX-XXXX-X.X.XX-X.X.X.X.XXXXXXX.XXXXX.XXX
XXXXXXX/XXXXX/XXXX/XXXXXXX-XXXX-XXXXX-X.X.XX-X.X.X.X.XXXXXXX.XXXXX.XXX
XXXXXXX/XXXXX/XXXX/XXXXXXX-XXX-X.X.XX-X.X.X.X.XXXXXXX.XXXXX.XXX
XXXXXXX/XXXXX/XXXX/XXXXXXX-XXX-XXXXX-X.X.XX-X.X.X.X.XXXXXXX.XXXXX.XXX


-- 
XXXX XXXXXXXX - XXX@XXX.XX - XXXX://XXX.XX/XXX/
-------------- XXXX XXXX --------------
X XXX-XXXX XXXXXXXXXX XXX XXXXXXXX...
XXXX: XXX XXXXXXXXX
XXXX: XXXXXXXXXXX/XXX-XXXXXXXXX
XXXX: XXX XXXXX
XXXX: XXX XXXXXXXXX
XXX : XXXX://XXXXX.XXXXXX.XXX/XXXXXXXXX/XXXXXX-XXXXXXXX/XXXXXXXXXXX/XXXXXXXX/XXXXXXXX/XXXXXXXXXX.XXX
From jnewbigin at ict.swin.edu.au  Fri Feb  3 00:37:23 2006
From: jnewbigin at ict.swin.edu.au (John Newbigin)
Date: Fri Feb  3 00:37:29 2006
Subject: [XXXXXX-XXXXXXXX] XXXX-XXXX:XXXX-XX: XXXXXXXX XXXXXX X XXXX XXXXXXX
	security update
Message-ID: <43E2A5C3.10503@ict.swin.edu.au>

XXX XXXXXXXXX XXXXXX XXX XXXXXX-X XXXX XXXX XXXXX XXX XXXXXXXX XX XXX
XXXXXX XXXXXX:

XXXX-XXXX:XXXX-XX XXXXXXXX: XXXXXXX XXXXXXXX XXXXXX

XXXXX XXXXXXXXX:
XXXXXXX-X.X.XX-X.X.X.X.XX.X.XXXX.XXX
XXXXXXX-XXXX-X.X.XX-X.X.X.X.XX.X.XXXX.XXX
XXXXXXX-XXXXX-X.X.XX-X.X.X.X.XX.X.XXXX.XXX
XXXXXXX-XXX-XXXXXXXXX-X.X.XX-X.X.X.X.XX.X.XXXX.XXX
XXXXXXX-XX-XXXXXXXX-X.X.XX-X.X.X.X.XX.X.XXXX.XXX
XXXXXXX-XXXX-X.X.XX-X.X.X.X.XX.X.XXXX.XXX
XXXXXXX-XXXX-X.X.XX-X.X.X.X.XX.X.XXXX.XXX
XXXXXXX-XXXX-XXXXX-X.X.XX-X.X.X.X.XX.X.XXXX.XXX
XXXXXXX-XXX-X.X.XX-X.X.X.X.XX.X.XXXX.XXX
XXXXXXX-XXX-XXXXX-X.X.XX-X.X.X.X.XX.X.XXXX.XXX

XXXX XXXXXXX XXX XXXXXXXXX XXXX XXX XXXXXX XXX XXXX XX
XXXXX://XXX.XXXXXX.XXX/XXXXXX/XXXXXX-XXXXXX.XXXX

XXX XXXX XXX XX XXXX XXXX XXX XXX XX XX XXXX XXXX XXX XXX XXXXXX XXXXXXX
XX XX XXX:
# XXX XXXXXX

-- 
XXXX XXXXXXXX
XXXXXXXX XXXXXXX XXXXXXX
XXXXXXX XX XXXXXXXXXXX XXX XXXXXXXXXXXXX XXXXXXXXXXXX
XXXXXXXXX XXXXXXXXXX XX XXXXXXXXXX
XXXXXXXXX, XXXXXXXXX
XXXX://XXX.XXX.XXXX.XXX.XX/XXXXX/XXXXXXXXX








number: 3
line: 755
offset: 26013
bytes: 34995
From johnny at centos.org  Fri Feb  3 02:54:57 2006
From: johnny at centos.org (Johnny Hughes)
Date: Fri Feb  3 02:54:59 2006
Subject: [XXXXXX-XXXXXXXX] XXXX-XXXX:XXXX XXXXXXXX XXXXXX X XXXX XXXXXXX -
	security update
Message-ID: <1138935297.8942.16.camel@myth.home.local>

XXXXXX XXXXXX XXX XXXXXXXX XXXXXXXX XXXX:XXXX

XXXXX://XXX.XXXXXX.XXX/XXXXXX/XXXX-XXXX-XXXX.XXXX

XXX XXXXXXXXX XXXXXXX XXXXX XXXX XXXX XXXXXXXX XXX XXX XXXXXXXXX
XXXXXXX XX XXX XXXXXXX:

XXXX:
XXXXXXX-X.X.X-X.X.X.XXXXXXX.XXXX.XXX

XXX:
XXXXXXX-X.X.X-X.X.X.XXXXXXX.XXX.XXX
-------------- XXXX XXXX --------------
X XXX-XXXX XXXXXXXXXX XXX XXXXXXXX...
XXXX: XXX XXXXXXXXX
XXXX: XXXXXXXXXXX/XXX-XXXXXXXXX
XXXX: XXX XXXXX
XXXX: XXXX XX X XXXXXXXXX XXXXXX XXXXXXX XXXX
XXX : XXXX://XXXXX.XXXXXX.XXX/XXXXXXXXX/XXXXXX-XXXXXXXX/XXXXXXXXXXX/XXXXXXXX/XXXXXXXX/XXXXXXXXXX.XXX
From johnny at centos.org  Fri Feb  3 02:55:08 2006
From: johnny at centos.org (Johnny Hughes)
Date: Fri Feb  3 02:55:10 2006
Subject: [XXXXXX-XXXXXXXX] XXXX-XXXX:XXXX XXXXXXXX XXXXXX X XXXXXX XXXXXXX -
	security update
Message-ID: <1138935308.8942.17.camel@myth.home.local>

XXXXXX XXXXXX XXX XXXXXXXX XXXXXXXX XXXX:XXXX

XXXXX://XXX.XXXXXX.XXX/XXXXXX/XXXX-XXXX-XXXX.XXXX

XXX XXXXXXXXX XXXXXXX XXXXX XXXX XXXX XXXXXXXX XXX XXX XXXXXXXXX
XXXXXXX XX XXX XXXXXXX:

XXXXXX:
XXXXXXX-X.X.X-X.X.X.XXXXXXX.XXXXXX.XXX

XXX:
XXXXXXX-X.X.X-X.X.X.XXXXXXX.XXX.XXX
-------------- XXXX XXXX --------------
X XXX-XXXX XXXXXXXXXX XXX XXXXXXXX...
XXXX: XXX XXXXXXXXX
XXXX: XXXXXXXXXXX/XXX-XXXXXXXXX
XXXX: XXX XXXXX
XXXX: XXXX XX X XXXXXXXXX XXXXXX XXXXXXX XXXX
XXX : XXXX://XXXXX.XXXXXX.XXX/XXXXXXXXX/XXXXXX-XXXXXXXX/XXXXXXXXXXX/XXXXXXXX/XXXXXXXX/XXXXXXXXXX.XXX
From johnny at centos.org  Fri Feb  3 02:56:01 2006
From: johnny at centos.org (Johnny Hughes)
Date: Fri Feb  3 02:56:03 2006
Subject: [XXXXXX-XXXXXXXX] XXXX-XXXX:XXXX XXXXXXXX XXXXXX X XXXXXX XXXXXXX -
	security update
Message-ID: <1138935361.8942.18.camel@myth.home.local>

XXXXXX XXXXXX XXX XXXXXXXX XXXXXXXX XXXX:XXXX

XXXXX://XXX.XXXXXX.XXX/XXXXXX/XXXX-XXXX-XXXX.XXXX

XXX XXXXXXXXX XXXXXXX XXXXX XXXX XXXX XXXXXXXX XXX XXX XXXXXXXXX
XXXXXXX XX XXX XXXXXXX:

XXXXXX:
XXXXXXX-X.X.XX-X.X.X.XXXXXXX.XXXXXX.XXX
XXXXXXX-XXXX-X.X.XX-X.X.X.XXXXXXX.XXXXXX.XXX
XXXXXXX-XXXXX-X.X.XX-X.X.X.XXXXXXX.XXXXXX.XXX
XXXXXXX-XXX-XXXXXXXXX-X.X.XX-X.X.X.XXXXXXX.XXXXXX.XXX
XXXXXXX-XX-XXXXXXXX-X.X.XX-X.X.X.XXXXXXX.XXXXXX.XXX
XXXXXXX-XXXX-X.X.XX-X.X.X.XXXXXXX.XXXXXX.XXX
XXXXXXX-XXXX-X.X.XX-X.X.X.XXXXXXX.XXXX.XXX
XXXXXXX-XXXX-X.X.XX-X.X.X.XXXXXXX.XXXXXX.XXX
XXXXXXX-XXXX-XXXXX-X.X.XX-X.X.X.XXXXXXX.XXXXXX.XXX
XXXXXXX-XXX-X.X.XX-X.X.X.XXXXXXX.XXXX.XXX
XXXXXXX-XXX-X.X.XX-X.X.X.XXXXXXX.XXXXXX.XXX
XXXXXXX-XXX-XXXXX-X.X.XX-X.X.X.XXXXXXX.XXXXXX.XXX

XXX:
XXXXXXX-X.X.XX-X.X.X.XXXXXXX.XXX.XXX
-------------- XXXX XXXX --------------
X XXX-XXXX XXXXXXXXXX XXX XXXXXXXX...
XXXX: XXX XXXXXXXXX
XXXX: XXXXXXXXXXX/XXX-XXXXXXXXX
XXXX: XXX XXXXX
XXXX: XXXX XX X XXXXXXXXX XXXXXX XXXXXXX XXXX
XXX : XXXX://XXXXX.XXXXXX.XXX/XXXXXXXXX/XXXXXX-XXXXXXXX/XXXXXXXXXXX/XXXXXXXX/XXXXXXXX/XXXXXXXXXX.XXX
From johnny at centos.org  Fri Feb  3 02:56:03 2006
From: johnny at centos.org (Johnny Hughes)
Date: Fri Feb  3 02:56:07 2006
Subject: [XXXXXX-XXXXXXXX] XXXX-XXXX:XXXX XXXXXXXX XXXXXX X XXXX XXXXXXX -
	security update
Message-ID: <1138935363.8942.19.camel@myth.home.local>

XXXXXX XXXXXX XXX XXXXXXXX XXXXXXXX XXXX:XXXX

XXXXX://XXX.XXXXXX.XXX/XXXXXX/XXXX-XXXX-XXXX.XXXX

XXX XXXXXXXXX XXXXXXX XXXXX XXXX XXXX XXXXXXXX XXX XXX XXXXXXXXX
XXXXXXX XX XXX XXXXXXX:

XXXX:
XXXXXXX-X.X.XX-X.X.X.XXXXXXX.XXXX.XXX
XXXXXXX-XXXX-X.X.XX-X.X.X.XXXXXXX.XXXX.XXX
XXXXXXX-XXXXX-X.X.XX-X.X.X.XXXXXXX.XXXX.XXX
XXXXXXX-XXX-XXXXXXXXX-X.X.XX-X.X.X.XXXXXXX.XXXX.XXX
XXXXXXX-XX-XXXXXXXX-X.X.XX-X.X.X.XXXXXXX.XXXX.XXX
XXXXXXX-XXXX-X.X.XX-X.X.X.XXXXXXX.XXXX.XXX
XXXXXXX-XXXX-X.X.XX-X.X.X.XXXXXXX.XXXX.XXX
XXXXXXX-XXXX-XXXXX-X.X.XX-X.X.X.XXXXXXX.XXXX.XXX
XXXXXXX-XXX-X.X.XX-X.X.X.XXXXXXX.XXXX.XXX
XXXXXXX-XXX-XXXXX-X.X.XX-X.X.X.XXXXXXX.XXXX.XXX

XXX:
XXXXXXX-X.X.XX-X.X.X.XXXXXXX.XXX.XXX

-------------- XXXX XXXX --------------
X XXX-XXXX XXXXXXXXXX XXX XXXXXXXX...
XXXX: XXX XXXXXXXXX
XXXX: XXXXXXXXXXX/XXX-XXXXXXXXX
XXXX: XXX XXXXX
XXXX: XXXX XX X XXXXXXXXX XXXXXX XXXXXXX XXXX
XXX : XXXX://XXXXX.XXXXXX.XXX/XXXXXXXXX/XXXXXX-XXXXXXXX/XXXXXXXXXXX/XXXXXXXX/XXXXXXXX/XXXXXXXXXX.XXX
From upi at papat.org  Fri Feb  3 04:48:39 2006
From: upi at papat.org (Pasi Pirhonen)
Date: Fri Feb  3 04:48:52 2006
Subject: [XXXXXX-XXXXXXXX] XXXX-XXXX:XXXX XXXXXXXX XXXXXX X XXX XXXXXXX -
	security update
Message-ID: <20060203044839.GH4576@core.upi.iki.fi>

XXXXXX XXXXXX XXX XXXXXXXX XXXXXXXX XXXX:XXXX

XXXXX://XXX.XXXXXX.XXX/XXXXXX/XXXX-XXXX-XXXX.XXXX

XXX XXXXXXXXX XXXXXXX XXXXX XXXX XXXX XXXXXXXX XXX XXX XXXXXXXXX
XXXXXXX XX XXX XXXXXXX:

XXXXX:
XXXXXXX/XXXXX/XXXX/XXXXXXX-X.X.X-X.X.XXXX.XXXXXXX.XXXXX.XXX

XXXXXX:
XXXXXXX/XXXXX/XXXXX/XXXXXXX-X.X.X-X.X.XXXX.XXXXXXX.XXX.XXX

-- 
XXXX XXXXXXXX - XXX@XXX.XX - XXXX://XXX.XX/XXX/
-------------- XXXX XXXX --------------
X XXX-XXXX XXXXXXXXXX XXX XXXXXXXX...
XXXX: XXX XXXXXXXXX
XXXX: XXXXXXXXXXX/XXX-XXXXXXXXX
XXXX: XXX XXXXX
XXXX: XXX XXXXXXXXX
XXX : XXXX://XXXXX.XXXXXX.XXX/XXXXXXXXX/XXXXXX-XXXXXXXX/XXXXXXXXXXX/XXXXXXXX/XXXXXXXX/XXXXXXXXXX.XXX
From upi at papat.org  Fri Feb  3 04:58:35 2006
From: upi at papat.org (Pasi Pirhonen)
Date: Fri Feb  3 04:58:43 2006
Subject: [XXXXXX-XXXXXXXX] XXXX-XXXX:XXXX XXXXXXXX XXXXXX X XXX XXXXXXX -
	security update
Message-ID: <20060203045835.GI4576@core.upi.iki.fi>

XXXXXX XXXXXX XXX XXXXXXXX XXXXXXXX XXXX:XXXX

XXXXX://XXX.XXXXXX.XXX/XXXXXX/XXXX-XXXX-XXXX.XXXX

XXX XXXXXXXXX XXXXXXX XXXXX XXXX XXXX XXXXXXXX XXX XXX XXXXXXXXX
XXXXXXX XX XXX XXXXXXX:

XXXXX:
XXXXXXX/XXXXX/XXXX/XXXXXXX-X.X.XX-X.X.XXXX.XXXXXXX.XXXXX.XXX
XXXXXXX/XXXXX/XXXX/XXXXXXX-XXXX-X.X.XX-X.X.XXXX.XXXXXXX.XXXXX.XXX
XXXXXXX/XXXXX/XXXX/XXXXXXX-XXXXX-X.X.XX-X.X.XXXX.XXXXXXX.XXXXX.XXX
XXXXXXX/XXXXX/XXXX/XXXXXXX-XXX-XXXXXXXXX-X.X.XX-X.X.XXXX.XXXXXXX.XXXXX.XXX
XXXXXXX/XXXXX/XXXX/XXXXXXX-XX-XXXXXXXX-X.X.XX-X.X.XXXX.XXXXXXX.XXXXX.XXX
XXXXXXX/XXXXX/XXXX/XXXXXXX-XXXX-X.X.XX-X.X.XXXX.XXXXXXX.XXXXX.XXX
XXXXXXX/XXXXX/XXXX/XXXXXXX-XXXX-X.X.XX-X.X.XXXX.XXXXXXX.XXXXX.XXX
XXXXXXX/XXXXX/XXXX/XXXXXXX-XXXX-XXXXX-X.X.XX-X.X.XXXX.XXXXXXX.XXXXX.XXX
XXXXXXX/XXXXX/XXXX/XXXXXXX-XXX-X.X.XX-X.X.XXXX.XXXXXXX.XXXXX.XXX
XXXXXXX/XXXXX/XXXX/XXXXXXX-XXX-XXXXX-X.X.XX-X.X.XXXX.XXXXXXX.XXXXX.XXX

XXXXXX:
XXXXXXX/XXXXX/XXXXX/XXXXXXX-X.X.XX-X.X.XXXX.XXXXXXX.XXX.XXX

-- 
XXXX XXXXXXXX - XXX@XXX.XX - XXXX://XXX.XX/XXX/
-------------- XXXX XXXX --------------
X XXX-XXXX XXXXXXXXXX XXX XXXXXXXX...
XXXX: XXX XXXXXXXXX
XXXX: XXXXXXXXXXX/XXX-XXXXXXXXX
XXXX: XXX XXXXX
XXXX: XXX XXXXXXXXX
XXX : XXXX://XXXXX.XXXXXX.XXX/XXXXXXXXX/XXXXXX-XXXXXXXX/XXXXXXXXXXX/XXXXXXXX/XXXXXXXX/XXXXXXXXXX.XXX
From upi at papat.org  Fri Feb  3 14:50:00 2006
From: upi at papat.org (Pasi Pirhonen)
Date: Fri Feb  3 14:50:10 2006
Subject: [XXXXXX-XXXXXXXX] XXXX-XXXX:XXXX XXXXXXXX XXXXXX X XXXX(X) XXXXXXX
	- security update
Message-ID: <20060203145000.GJ4576@core.upi.iki.fi>

XXXXXX XXXXXX XXX XXXXXXXX XXXXXXXX XXXX:XXXX

XXXXX://XXX.XXXXXX.XXX/XXXXXX/XXXX-XXXX-XXXX.XXXX

XXX XXXXXXXXX XXXXXXX XXXXX XXXX XXXX XXXXXXXX XXX XXX XXXXXXXXX
XXXXXXX XX XXX XXXXXXX:

XXXX:
XXXXXXX/XXXX/XXXX/XXXXXXX-X.X.X-X.X.X.XXXXXXX.XXXX.XXX

XXXXX:
XXXXXXX/XXXXX/XXXX/XXXXXXX-X.X.X-X.X.X.XXXXXXX.XXXXX.XXX


-- 
XXXX XXXXXXXX - XXX@XXX.XX - XXXX://XXX.XX/XXX/
-------------- XXXX XXXX --------------
X XXX-XXXX XXXXXXXXXX XXX XXXXXXXX...
XXXX: XXX XXXXXXXXX
XXXX: XXXXXXXXXXX/XXX-XXXXXXXXX
XXXX: XXX XXXXX
XXXX: XXX XXXXXXXXX
XXX : XXXX://XXXXX.XXXXXX.XXX/XXXXXXXXX/XXXXXX-XXXXXXXX/XXXXXXXXXXX/XXXXXXXX/XXXXXXXX/XXXXXXXXXX.XXX
From upi at papat.org  Fri Feb  3 14:57:25 2006
From: upi at papat.org (Pasi Pirhonen)
Date: Fri Feb  3 14:57:27 2006
Subject: [XXXXXX-XXXXXXXX] XXXX-XXXX:XXXX XXXXXXXX XXXXXX X XXXX(X) XXXXXXX
	- security update
Message-ID: <20060203145725.GK4576@core.upi.iki.fi>

XXXXXX XXXXXX XXX XXXXXXXX XXXXXXXX XXXX:XXXX

XXXXX://XXX.XXXXXX.XXX/XXXXXX/XXXX-XXXX-XXXX.XXXX

XXX XXXXXXXXX XXXXXXX XXXXX XXXX XXXX XXXXXXXX XXX XXX XXXXXXXXX
XXXXXXX XX XXX XXXXXXX:

XXXX:
XXXXXXX/XXXX/XXXX/XXXXXXX-X.X.XX-X.X.X.XXXXXXX.XXXX.XXX
XXXXXXX/XXXX/XXXX/XXXXXXX-XXXX-X.X.XX-X.X.X.XXXXXXX.XXXX.XXX
XXXXXXX/XXXX/XXXX/XXXXXXX-XXXXX-X.X.XX-X.X.X.XXXXXXX.XXXX.XXX
XXXXXXX/XXXX/XXXX/XXXXXXX-XXX-XXXXXXXXX-X.X.XX-X.X.X.XXXXXXX.XXXX.XXX
XXXXXXX/XXXX/XXXX/XXXXXXX-XX-XXXXXXXX-X.X.XX-X.X.X.XXXXXXX.XXXX.XXX
XXXXXXX/XXXX/XXXX/XXXXXXX-XXXX-X.X.XX-X.X.X.XXXXXXX.XXXX.XXX
XXXXXXX/XXXX/XXXX/XXXXXXX-XXXX-X.X.XX-X.X.X.XXXXXXX.XXXX.XXX
XXXXXXX/XXXX/XXXX/XXXXXXX-XXXX-XXXXX-X.X.XX-X.X.X.XXXXXXX.XXXX.XXX
XXXXXXX/XXXX/XXXX/XXXXXXX-XXX-X.X.XX-X.X.X.XXXXXXX.XXXX.XXX
XXXXXXX/XXXX/XXXX/XXXXXXX-XXX-XXXXX-X.X.XX-X.X.X.XXXXXXX.XXXX.XXX

XXXXX:
XXXXXXX/XXXXX/XXXX/XXXXXXX-X.X.XX-X.X.X.XXXXXXX.XXXXX.XXX
XXXXXXX/XXXXX/XXXX/XXXXXXX-XXXX-X.X.XX-X.X.X.XXXXXXX.XXXXX.XXX
XXXXXXX/XXXXX/XXXX/XXXXXXX-XXXXX-X.X.XX-X.X.X.XXXXXXX.XXXXX.XXX
XXXXXXX/XXXXX/XXXX/XXXXXXX-XXX-XXXXXXXXX-X.X.XX-X.X.X.XXXXXXX.XXXXX.XXX
XXXXXXX/XXXXX/XXXX/XXXXXXX-XX-XXXXXXXX-X.X.XX-X.X.X.XXXXXXX.XXXXX.XXX
XXXXXXX/XXXXX/XXXX/XXXXXXX-XXXX-X.X.XX-X.X.X.XXXXXXX.XXXXX.XXX
XXXXXXX/XXXXX/XXXX/XXXXXXX-XXXX-X.X.XX-X.X.X.XXXXXXX.XXXXX.XXX
XXXXXXX/XXXXX/XXXX/XXXXXXX-XXXX-XXXXX-X.X.XX-X.X.X.XXXXXXX.XXXXX.XXX
XXXXXXX/XXXXX/XXXX/XXXXXXX-XXX-X.X.XX-X.X.X.XXXXXXX.XXXXX.XXX
XXXXXXX/XXXXX/XXXX/XXXXXXX-XXX-XXXXX-X.X.XX-X.X.X.XXXXXXX.XXXXX.XXX


-- 
XXXX XXXXXXXX - XXX@XXX.XX - XXXX://XXX.XX/XXX/
-------------- XXXX XXXX --------------
X XXX-XXXX XXXXXXXXXX XXX XXXXXXXX...
XXXX: XXX XXXXXXXXX
XXXX: XXXXXXXXXXX/XXX-XXXXXXXXX
XXXX: XXX XXXXX
XXXX: XXX XXXXXXXXX
XXX : XXXX://XXXXX.XXXXXX.XXX/XXXXXXXXX/XXXXXX-XXXXXXXX/XXXXXXXXXXX/XXXXXXXX/XXXXXXXX/XXXXXXXXXX.XXX
From upi at papat.org  Fri Feb  3 15:02:13 2006
From: upi at papat.org (Pasi Pirhonen)
Date: Fri Feb  3 15:02:16 2006
Subject: [XXXXXX-XXXXXXXX] XXXXXXXXXX XXXX-XXXX:XXXX XXXXXXXX XXXXXX X
	s390(x) firefox - security update
Message-ID: <20060203150213.GL4576@core.upi.iki.fi>

XXXXXX XXXXXX XXX XXXXXXXX XXXXXXXX XXXX:XXXX

XXXXX://XXX.XXXXXX.XXX/XXXXXX/XXXX-XXXX-XXXX.XXXX

XXX XXXXXXXXX XXXXXXX XXXXX XXXX XXXX XXXXXXXX XXX XXX XXXXXXXXX
XXXXXXX XX XXX XXXXXXX:

XXXX:
XXXXXXXXXX/XXXX/XXXX/XXXXXXX-X.X.X-X.X.X.XXXXXXX.XXXX.XXX

XXXXX:
XXXXXXXXXX/XXXXX/XXXX/XXXXXXX-X.X.X-X.X.X.XXXXXXX.XXXXX.XXX


-- 
XXXX XXXXXXXX - XXX@XXX.XX - XXXX://XXX.XX/XXX/
-------------- XXXX XXXX --------------
X XXX-XXXX XXXXXXXXXX XXX XXXXXXXX...
XXXX: XXX XXXXXXXXX
XXXX: XXXXXXXXXXX/XXX-XXXXXXXXX
XXXX: XXX XXXXX
XXXX: XXX XXXXXXXXX
XXX : XXXX://XXXXX.XXXXXX.XXX/XXXXXXXXX/XXXXXX-XXXXXXXX/XXXXXXXXXXX/XXXXXXXX/XXXXXXXX/XXXXXXXXXX.XXX
From upi at papat.org  Fri Feb 10 22:21:21 2006
From: upi at papat.org (Pasi Pirhonen)
Date: Fri Feb 10 22:21:23 2006
Subject: [XXXXXX-XXXXXXXX] XXXX-XXXX:XXXX XXXXXXXXX XXXXXX X XXXX XXXXXX -
	security update
Message-ID: <20060210222121.GM4576@core.upi.iki.fi>

XXXXXX XXXXXX XXX XXXXXXXX XXXXXXXX XXXX:XXXX

XXXXX://XXX.XXXXXX.XXX/XXXXXX/XXXX-XXXX-XXXX.XXXX

XXX XXXXXXXXX XXXXXXX XXXXX XXXX XXXX XXXXXXXX XXX XXX XXXXXXXXX
XXXXXXX XX XXX XXXXXXX:

XXXXX:
XXXXXXX/XXXX/XXXX/XXXXXX-X.X.XX-X.X.X.XXXX.XXX
XXXXXXX/XXXX/XXXX/XXXXXX-XXXXX-X.X.XX-X.X.X.XXXX.XXX


-- 
XXXX XXXXXXXX - XXX@XXX.XX - XXXX://XXX.XX/XXX/
-------------- XXXX XXXX --------------
X XXX-XXXX XXXXXXXXXX XXX XXXXXXXX...
XXXX: XXX XXXXXXXXX
XXXX: XXXXXXXXXXX/XXX-XXXXXXXXX
XXXX: XXX XXXXX
XXXX: XXX XXXXXXXXX
XXX : XXXX://XXXXX.XXXXXX.XXX/XXXXXXXXX/XXXXXX-XXXXXXXX/XXXXXXXXXXX/XXXXXXXX/XXXXXXXX/XXXXXXXXXX.XXX
From upi at papat.org  Fri Feb 10 22:48:28 2006
From: upi at papat.org (Pasi Pirhonen)
Date: Fri Feb 10 22:48:30 2006
Subject: [XXXXXX-XXXXXXXX] XXXX-XXXX:XXXX XXXXXXXXX XXXXXX X XXX XXXXXX -
	security update
Message-ID: <20060210224828.GN4576@core.upi.iki.fi>

XXXXXX XXXXXX XXX XXXXXXXX XXXXXXXX XXXX:XXXX

XXXXX://XXX.XXXXXX.XXX/XXXXXX/XXXX-XXXX-XXXX.XXXX

XXX XXXXXXXXX XXXXXXX XXXXX XXXX XXXX XXXXXXXX XXX XXX XXXXXXXXX
XXXXXXX XX XXX XXXXXXX:

XXXXX:
XXXXXXX/XXXXX/XXXX/XXXXXX-X.X.XX-X.X.X.XXXXX.XXX
XXXXXXX/XXXXX/XXXX/XXXXXX-XXXXX-X.X.XX-X.X.X.XXXXX.XXX


-- 
XXXX XXXXXXXX - XXX@XXX.XX - XXXX://XXX.XX/XXX/
-------------- XXXX XXXX --------------
X XXX-XXXX XXXXXXXXXX XXX XXXXXXXX...
XXXX: XXX XXXXXXXXX
XXXX: XXXXXXXXXXX/XXX-XXXXXXXXX
XXXX: XXX XXXXX
XXXX: XXX XXXXXXXXX
XXX : XXXX://XXXXX.XXXXXX.XXX/XXXXXXXXX/XXXXXX-XXXXXXXX/XXXXXXXXXXX/XXXXXXXX/XXXXXXXX/XXXXXXXXXX.XXX
From upi at papat.org  Fri Feb 10 22:58:39 2006
From: upi at papat.org (Pasi Pirhonen)
Date: Fri Feb 10 22:58:42 2006
Subject: [XXXXXX-XXXXXXXX] XXXX-XXXX:XXXX XXXXXXXXX XXXXXX X XXXX(X) XXXXXX
	- security update
Message-ID: <20060210225839.GO4576@core.upi.iki.fi>

XXXXXX XXXXXX XXX XXXXXXXX XXXXXXXX XXXX:XXXX

XXXXX://XXX.XXXXXX.XXX/XXXXXX/XXXX-XXXX-XXXX.XXXX

XXX XXXXXXXXX XXXXXXX XXXXX XXXX XXXX XXXXXXXX XXX XXX XXXXXXXXX
XXXXXXX XX XXX XXXXXXX:

XXXX:
XXXXXXX/XXXX/XXXX/XXXXXX-X.X.XX-X.X.X.XXXX.XXX
XXXXXXX/XXXX/XXXX/XXXXXX-XXXXX-X.X.XX-X.X.X.XXXX.XXX


XXXXX:
XXXXXXX/XXXXX/XXXX/XXXXXX-X.X.XX-X.X.X.XXXXX.XXX
XXXXXXX/XXXXX/XXXX/XXXXXX-XXXXX-X.X.XX-X.X.X.XXXXX.XXX


-- 
XXXX XXXXXXXX - XXX@XXX.XX - XXXX://XXX.XX/XXX/
-------------- XXXX XXXX --------------
X XXX-XXXX XXXXXXXXXX XXX XXXXXXXX...
XXXX: XXX XXXXXXXXX
XXXX: XXXXXXXXXXX/XXX-XXXXXXXXX
XXXX: XXX XXXXX
XXXX: XXX XXXXXXXXX
XXX : XXXX://XXXXX.XXXXXX.XXX/XXXXXXXXX/XXXXXX-XXXXXXXX/XXXXXXXXXXX/XXXXXXXX/XXXXXXXX/XXXXXXXXXX.XXX
From johnny at centos.org  Sun Feb 12 01:21:58 2006
From: johnny at centos.org (Johnny Hughes)
Date: Sun Feb 12 01:22:00 2006
Subject: [XXXXXX-XXXXXXXX] XXXX-XXXX:XXXX XXXXXXXXX XXXXXX X XXXXXX XXXXXX -
	security update
Message-ID: <1139707318.21151.76.camel@myth.home.local>

XXXXXX XXXXXX XXX XXXXXXXX XXXXXXXX XXXX:XXXX

XXXXX://XXX.XXXXXX.XXX/XXXXXX/XXXX-XXXX-XXXX.XXXX

XXX XXXXXXXXX XXXXXXX XXXXX XXXX XXXX XXXXXXXX XXX XXX XXXXXXXXX
XXXXXXX XX XXX XXXXXXX:

XXXXXX:
XXXXXX-X.X.XX-X.X.X.XXXX.XXX
XXXXXX-X.X.XX-X.X.X.XXXXXX.XXX
XXXXXX-XXXXX-X.X.XX-X.X.X.XXXXXX.XXX

XXX:
XXXXXX-X.X.XX-X.X.X.XXX.XXX
-------------- XXXX XXXX --------------
X XXX-XXXX XXXXXXXXXX XXX XXXXXXXX...
XXXX: XXX XXXXXXXXX
XXXX: XXXXXXXXXXX/XXX-XXXXXXXXX
XXXX: XXX XXXXX
XXXX: XXXX XX X XXXXXXXXX XXXXXX XXXXXXX XXXX
XXX : XXXX://XXXXX.XXXXXX.XXX/XXXXXXXXX/XXXXXX-XXXXXXXX/XXXXXXXXXXX/XXXXXXXX/XXXXXXXX/XXXXXXXXXX.XXX
From johnny at centos.org  Sun Feb 12 01:22:09 2006
From: johnny at centos.org (Johnny Hughes)
Date: Sun Feb 12 01:22:12 2006
Subject: [XXXXXX-XXXXXXXX] XXXX-XXXX:XXXX XXXXXXXXX XXXXXX X XXXX XXXXXX -
	security update
Message-ID: <1139707329.21151.78.camel@myth.home.local>

XXXXXX XXXXXX XXX XXXXXXXX XXXXXXXX XXXX:XXXX

XXXXX://XXX.XXXXXX.XXX/XXXXXX/XXXX-XXXX-XXXX.XXXX

XXX XXXXXXXXX XXXXXXX XXXXX XXXX XXXX XXXXXXXX XXX XXX XXXXXXXXX
XXXXXXX XX XXX XXXXXXX:

XXXX:
XXXXXX-X.X.XX-X.X.X.XXXX.XXX
XXXXXX-XXXXX-X.X.XX-X.X.X.XXXX.XXX

XXX:
XXXXXX-X.X.XX-X.X.X.XXXX.XXX
-------------- XXXX XXXX --------------
X XXX-XXXX XXXXXXXXXX XXX XXXXXXXX...
XXXX: XXX XXXXXXXXX
XXXX: XXXXXXXXXXX/XXX-XXXXXXXXX
XXXX: XXX XXXXX
XXXX: XXXX XX X XXXXXXXXX XXXXXX XXXXXXX XXXX
XXX : XXXX://XXXXX.XXXXXX.XXX/XXXXXXXXX/XXXXXX-XXXXXXXX/XXXXXXXXXXX/XXXXXXXX/XXXXXXXX/XXXXXXXXXX.XXX
From johnny at centos.org  Mon Feb 13 17:47:20 2006
From: johnny at centos.org (Johnny Hughes)
Date: Mon Feb 13 17:47:22 2006
Subject: [XXXXXX-XXXXXXXX] XXXX-XXXX:XXXX XXXXXXXXX XXXXXX X XXXX XXXX -
	security update
Message-ID: <1139852840.10641.32.camel@myth.home.local>

XXXXXX XXXXXX XXX XXXXXXXX XXXXXXXX XXXX:XXXX

XXXXX://XXX.XXXXXX.XXX/XXXXXX/XXXX-XXXX-XXXX.XXXX

XXX XXXXXXXXX XXXXXXX XXXXX XXXX XXXX XXXXXXXX XXX XXX XXXXXXXXX
XXXXXXX XX XXX XXXXXXX:

XXXXXX:
XXXX-X.XX-XX.XX.XXXXXX.XXX

XXX
XXXX-X.XX-XX.XX.XXX.XXX
-------------- XXXX XXXX --------------
X XXX-XXXX XXXXXXXXXX XXX XXXXXXXX...
XXXX: XXX XXXXXXXXX
XXXX: XXXXXXXXXXX/XXX-XXXXXXXXX
XXXX: XXX XXXXX
XXXX: XXXX XX X XXXXXXXXX XXXXXX XXXXXXX XXXX
XXX : XXXX://XXXXX.XXXXXX.XXX/XXXXXXXXX/XXXXXX-XXXXXXXX/XXXXXXXXXXX/XXXXXXXX/XXXXXXXX/XXXXXXXXXX.XXX
From johnny at centos.org  Mon Feb 13 17:47:32 2006
From: johnny at centos.org (Johnny Hughes)
Date: Mon Feb 13 17:47:34 2006
Subject: [XXXXXX-XXXXXXXX] XXXX-XXXX:XXXX XXXXXXXXX XXXXXX X XXXX XXXX -
	security update
Message-ID: <1139852852.10641.33.camel@myth.home.local>

XXXXXX XXXXXX XXX XXXXXXXX XXXXXXXX XXXX:XXXX

XXXXX://XXX.XXXXXX.XXX/XXXXXX/XXXX-XXXX-XXXX.XXXX

XXX XXXXXXXXX XXXXXXX XXXXX XXXX XXXX XXXXXXXX XXX XXX XXXXXXXXX
XXXXXXX XX XXX XXXXXXX:

XXXX:
XXXX-X.XX-XX.XX.XXXX.XXX

XXX
XXXX-X.XX-XX.XX.XXX.XXX

-------------- XXXX XXXX --------------
X XXX-XXXX XXXXXXXXXX XXX XXXXXXXX...
XXXX: XXX XXXXXXXXX
XXXX: XXXXXXXXXXX/XXX-XXXXXXXXX
XXXX: XXX XXXXX
XXXX: XXXX XX X XXXXXXXXX XXXXXX XXXXXXX XXXX
XXX : XXXX://XXXXX.XXXXXX.XXX/XXXXXXXXX/XXXXXX-XXXXXXXX/XXXXXXXXXXX/XXXXXXXX/XXXXXXXX/XXXXXXXXXX.XXX
From johnny at centos.org  Mon Feb 13 17:50:51 2006
From: johnny at centos.org (Johnny Hughes)
Date: Mon Feb 13 17:50:54 2006
Subject: [XXXXXX-XXXXXXXX] XXXX-XXXX:XXXX XXXXXXXX XXXXXX X XXXX XXXXXX -
	security update
Message-ID: <1139853051.10641.37.camel@myth.home.local>

XXXXXX XXXXXX XXX XXXXXXXX XXXXXXXX XXXX:XXXX

XXXXX://XXX.XXXXXX.XXX/XXXXXX/XXXX-XXXX-XXXX.XXXX

XXX XXXXXXXXX XXXXXXX XXXXX XXXX XXXX XXXXXXXX XXX XXX XXXXXXXXX
XXXXXXX XX XXX XXXXXXX:

XXXX:
XXXXXX-X.X.X-X.XXX.X.XXXX.XXX
XXXXXX-XXXXX-X.X.X-X.XXX.X.XXXX.XXX

XXX:
XXXXXX-X.X.X-X.XXX.X.XXX.XXX
-------------- XXXX XXXX --------------
X XXX-XXXX XXXXXXXXXX XXX XXXXXXXX...
XXXX: XXX XXXXXXXXX
XXXX: XXXXXXXXXXX/XXX-XXXXXXXXX
XXXX: XXX XXXXX
XXXX: XXXX XX X XXXXXXXXX XXXXXX XXXXXXX XXXX
XXX : XXXX://XXXXX.XXXXXX.XXX/XXXXXXXXX/XXXXXX-XXXXXXXX/XXXXXXXXXXX/XXXXXXXX/XXXXXXXX/XXXXXXXXXX.XXX
From johnny at centos.org  Mon Feb 13 17:50:57 2006
From: johnny at centos.org (Johnny Hughes)
Date: Mon Feb 13 17:50:59 2006
Subject: [XXXXXX-XXXXXXXX] XXXX-XXXX:XXXX XXXXXXXX XXXXXX X XXXX XXXXXX -
	security update
Message-ID: <1139853057.10641.38.camel@myth.home.local>

XXXXXX XXXXXX XXX XXXXXXXX XXXXXXXX XXXX:XXXX

XXXXX://XXX.XXXXXX.XXX/XXXXXX/XXXX-XXXX-XXXX.XXXX

XXX XXXXXXXXX XXXXXXX XXXXX XXXX XXXX XXXXXXXX XXX XXX XXXXXXXXX
XXXXXXX XX XXX XXXXXXX:

XXXX:
XXXXXX-X.X.X-X.XXX.X.XXXX.XXX
XXXXXX-X.X.X-X.XXX.X.XXXXXX.XXX
XXXXXX-XXXXX-X.X.X-X.XXX.X.XXXXXXXXXX

XXX:
XXXXXX-X.X.X-X.XXX.X.XXX.XXX
-------------- XXXX XXXX --------------
X XXX-XXXX XXXXXXXXXX XXX XXXXXXXX...
XXXX: XXX XXXXXXXXX
XXXX: XXXXXXXXXXX/XXX-XXXXXXXXX
XXXX: XXX XXXXX
XXXX: XXXX XX X XXXXXXXXX XXXXXX XXXXXXX XXXX
XXX : XXXX://XXXXX.XXXXXX.XXX/XXXXXXXXX/XXXXXX-XXXXXXXX/XXXXXXXXXXX/XXXXXXXX/XXXXXXXX/XXXXXXXXXX.XXX
From johnny at centos.org  Mon Feb 13 17:53:27 2006
From: johnny at centos.org (Johnny Hughes)
Date: Mon Feb 13 17:53:30 2006
Subject: [XXXXXX-XXXXXXXX] XXXX-XXXX:XXXX XXXXXXXXX XXXXXX X XXXX
	kdegraphics - security update
Message-ID: <1139853207.10641.42.camel@myth.home.local>

XXXXXX XXXXXX XXX XXXXXXXX XXXXXXXX XXXX:XXXX

XXXXX://XXX.XXXXXX.XXX/XXXXXX/XXXX-XXXX-XXXX.XXXX

XXX XXXXXXXXX XXXXXXX XXXXX XXXX XXXX XXXXXXXX XXX XXX XXXXXXXXX
XXXXXXX XX XXX XXXXXXX:

XXXX:
XXXXXXXXXXX-X.X.X-X.X.XXXX.XXX
XXXXXXXXXXX-XXXXX-X.X.X-X.X.XXXX.XXX

XXX:
XXXXXXXXXXX-X.X.X-X.X.XXX.XXX


-------------- XXXX XXXX --------------
X XXX-XXXX XXXXXXXXXX XXX XXXXXXXX...
XXXX: XXX XXXXXXXXX
XXXX: XXXXXXXXXXX/XXX-XXXXXXXXX
XXXX: XXX XXXXX
XXXX: XXXX XX X XXXXXXXXX XXXXXX XXXXXXX XXXX
XXX : XXXX://XXXXX.XXXXXX.XXX/XXXXXXXXX/XXXXXX-XXXXXXXX/XXXXXXXXXXX/XXXXXXXX/XXXXXXXX/XXXXXXXXXX.XXX
From johnny at centos.org  Mon Feb 13 17:53:40 2006
From: johnny at centos.org (Johnny Hughes)
Date: Mon Feb 13 17:53:42 2006
Subject: [XXXXXX-XXXXXXXX] XXXX-XXXX:XXXX XXXXXXXXX XXXXXX X XXXXXX
	kdegraphics - security update
Message-ID: <1139853220.10641.43.camel@myth.home.local>

XXXXXX XXXXXX XXX XXXXXXXX XXXXXXXX XXXX:XXXX

XXXXX://XXX.XXXXXX.XXX/XXXXXX/XXXX-XXXX-XXXX.XXXX

XXX XXXXXXXXX XXXXXXX XXXXX XXXX XXXX XXXXXXXX XXX XXX XXXXXXXXX
XXXXXXX XX XXX XXXXXXX:

XXXX:
XXXXXXXXXXX-X.X.X-X.X.XXXXXX.XXX
XXXXXXXXXXX-XXXXX-X.X.X-X.X.XXXXXX.XXX

XXX:
XXXXXXXXXXX-X.X.X-X.X.XXX.XXX
-------------- XXXX XXXX --------------
X XXX-XXXX XXXXXXXXXX XXX XXXXXXXX...
XXXX: XXX XXXXXXXXX
XXXX: XXXXXXXXXXX/XXX-XXXXXXXXX
XXXX: XXX XXXXX
XXXX: XXXX XX X XXXXXXXXX XXXXXX XXXXXXX XXXX
XXX : XXXX://XXXXX.XXXXXX.XXX/XXXXXXXXX/XXXXXX-XXXXXXXX/XXXXXXXXXXX/XXXXXXXX/XXXXXXXX/XXXXXXXXXX.XXX
From johnny at centos.org  Mon Feb 13 17:56:43 2006
From: johnny at centos.org (Johnny Hughes)
Date: Mon Feb 13 17:56:45 2006
Subject: [XXXXXX-XXXXXXXX] XXXX-XXXX:XXX XXX XXXXXX X XXXXXX XXXXX -
	security update
Message-ID: <1139853403.10641.46.camel@myth.home.local>

XXXXXX XXXXXX XXX XXXXXXXX XXXXXXXX XXXX:XXX

XXXX://XXX.XXXXXX.XXX/XXXXXX/XXXX-XXXX-XXX.XXXX

XXX XXXXXXXXX XXXXXXX XXXXX XXXX XXXX XXXXXXXX XXX XXX XXXXXXXXX
XXXXXXX XX XXX XXXXXXX:

XXXXXX:
XXXXX-X.X.X-XX.XXX.X.XXXXXX.XXX
XXXXX-XXXXX-X.X.X-XX.XXX.X.XXXXXX.XXX
XXXXX-XXXX-X.X.X-XX.XXX.X.XXXX.XXX
XXXXX-XXXX-X.X.X-XX.XXX.X.XXXXXX.XXX

XXX:
XXXXX-X.X.X-XX.XXX.X.XXX.XXX
-------------- XXXX XXXX --------------
X XXX-XXXX XXXXXXXXXX XXX XXXXXXXX...
XXXX: XXX XXXXXXXXX
XXXX: XXXXXXXXXXX/XXX-XXXXXXXXX
XXXX: XXX XXXXX
XXXX: XXXX XX X XXXXXXXXX XXXXXX XXXXXXX XXXX
XXX : XXXX://XXXXX.XXXXXX.XXX/XXXXXXXXX/XXXXXX-XXXXXXXX/XXXXXXXXXXX/XXXXXXXX/XXXXXXXX/XXXXXXXXXX.XXX
From johnny at centos.org  Mon Feb 13 17:56:53 2006
From: johnny at centos.org (Johnny Hughes)
Date: Mon Feb 13 17:56:55 2006
Subject: [XXXXXX-XXXXXXXX] XXXX-XXXX:XXX XXX XXXXXX X XXXX XXXXX - XXXXXXXX
	update
Message-ID: <1139853413.10641.48.camel@myth.home.local>

XXXXXX XXXXXX XXX XXXXXXXX XXXXXXXX XXXX:XXX

XXXX://XXX.XXXXXX.XXX/XXXXXX/XXXX-XXXX-XXX.XXXX

XXX XXXXXXXXX XXXXXXX XXXXX XXXX XXXX XXXXXXXX XXX XXX XXXXXXXXX
XXXXXXX XX XXX XXXXXXX:

XXXX:
XXXXX-X.X.X-XX.XXX.X.XXXX.XXX
XXXXX-XXXXX-X.X.X-XX.XXX.X.XXXX.XXX
XXXXX-XXXX-X.X.X-XX.XXX.X.XXXX.XXX

XXX:
XXXXX-X.X.X-XX.XXX.X.XXX.XXX
-------------- XXXX XXXX --------------
X XXX-XXXX XXXXXXXXXX XXX XXXXXXXX...
XXXX: XXX XXXXXXXXX
XXXX: XXXXXXXXXXX/XXX-XXXXXXXXX
XXXX: XXX XXXXX
XXXX: XXXX XX X XXXXXXXXX XXXXXX XXXXXXX XXXX
XXX : XXXX://XXXXX.XXXXXX.XXX/XXXXXXXXX/XXXXXX-XXXXXXXX/XXXXXXXXXXX/XXXXXXXX/XXXXXXXX/XXXXXXXXXX.XXX
From johnny at centos.org  Mon Feb 13 18:00:54 2006
From: johnny at centos.org (Johnny Hughes)
Date: Mon Feb 13 18:00:56 2006
Subject: [XXXXXX-XXXXXXXX] XXXX-XXXX:XXXX XXXXXXXXX XXXXXX X XXXXXX XXXX -
	security update
Message-ID: <1139853654.10641.49.camel@myth.home.local>

XXXXXX XXXXXX XXX XXXXXXXX XXXXXXXX XXXX:XXXX

XXXXX://XXX.XXXXXX.XXX/XXXXXX/XXXX-XXXX-XXXX.XXXX

XXX XXXXXXXXX XXXXXXX XXXXX XXXX XXXX XXXXXXXX XXX XXX XXXXXXXXX
XXXXXXX XX XXX XXXXXXX:

XXXXXX:
XXXX-X.XX-XX.XX.XXXXXX.XXX

XXX
XXXX-X.XX-XX.XX.XXX.XXX

-------------- XXXX XXXX --------------
X XXX-XXXX XXXXXXXXXX XXX XXXXXXXX...
XXXX: XXX XXXXXXXXX
XXXX: XXXXXXXXXXX/XXX-XXXXXXXXX
XXXX: XXX XXXXX
XXXX: XXXX XX X XXXXXXXXX XXXXXX XXXXXXX XXXX
XXX : XXXX://XXXXX.XXXXXX.XXX/XXXXXXXXX/XXXXXX-XXXXXXXX/XXXXXXXXXXX/XXXXXXXX/XXXXXXXX/XXXXXXXXXX.XXX
From johnny at centos.org  Mon Feb 13 18:02:24 2006
From: johnny at centos.org (Johnny Hughes)
Date: Mon Feb 13 18:02:26 2006
Subject: [XXXXXX-XXXXXXXX] XXXX-XXXX:XXXX XXXXXXXX XXXXXX X XXXXXX XXXXXX -
	security update
Message-ID: <1139853744.10641.52.camel@myth.home.local>

XXXXXX XXXXXX XXX XXXXXXXX XXXXXXXX XXXX:XXXX

XXXXX://XXX.XXXXXX.XXX/XXXXXX/XXXX-XXXX-XXXX.XXXX

XXX XXXXXXXXX XXXXXXX XXXXX XXXX XXXX XXXXXXXX XXX XXX XXXXXXXXX
XXXXXXX XX XXX XXXXXXX:

XXXXXX:
XXXXXX-X.X.X-X.XXX.X.XXXX.XXX
XXXXXX-X.X.X-X.XXX.X.XXXXXX.XXX
XXXXXX-XXXXX-X.X.X-X.XXX.X.XXXXXX.XXX

XXX:
XXXXXX-X.X.X-X.XXX.X.XXX.XXX
XXXXXXXXXXXXXXXXXXXXXXXXXXXXXXXXXXXXXXXXXXXXXXX
XXXXXX-XXXXXXXX XXXXXXX XXXX
XXXXXX-XXXXXXXX@XXXXXX.XXX
XXXX://XXXXX.XXXXXX.XXX/XXXXXXX/XXXXXXXX/XXXXXX-XXXXXXXX
-------------- XXXX XXXX --------------
X XXX-XXXX XXXXXXXXXX XXX XXXXXXXX...
XXXX: XXX XXXXXXXXX
XXXX: XXXXXXXXXXX/XXX-XXXXXXXXX
XXXX: XXX XXXXX
XXXX: XXXX XX X XXXXXXXXX XXXXXX XXXXXXX XXXX
XXX : XXXX://XXXXX.XXXXXX.XXX/XXXXXXXXX/XXXXXX-XXXXXXXX/XXXXXXXXXXX/XXXXXXXX/XXXXXXXX/XXXXXXXXXX.XXX
From upi at papat.org  Tue Feb 14 02:35:45 2006
From: upi at papat.org (Pasi Pirhonen)
Date: Tue Feb 14 02:35:51 2006
Subject: [XXXXXX-XXXXXXXX] XXXX-XXXX:XXXX XXXXXXXXX XXXXXX X XXXX XXXX -
	security update
Message-ID: <20060214023545.GP4576@core.upi.iki.fi>

XXXXXX XXXXXX XXX XXXXXXXX XXXXXXXX XXXX:XXXX

XXXXX://XXX.XXXXXX.XXX/XXXXXX/XXXX-XXXX-XXXX.XXXX

XXX XXXXXXXXX XXXXXXX XXXXX XXXX XXXX XXXXXXXX XXX XXX XXXXXXXXX
XXXXXXX XX XXX XXXXXXX:

XXXXX:
XXXXXXX/XXXX/XXXX/XXXX-X.XX-XX.XX.XXXX.XXX


-- 
XXXX XXXXXXXX - XXX@XXX.XX - XXXX://XXX.XX/XXX/
-------------- XXXX XXXX --------------
X XXX-XXXX XXXXXXXXXX XXX XXXXXXXX...
XXXX: XXX XXXXXXXXX
XXXX: XXXXXXXXXXX/XXX-XXXXXXXXX
XXXX: XXX XXXXX
XXXX: XXX XXXXXXXXX
XXX : XXXX://XXXXX.XXXXXX.XXX/XXXXXXXXX/XXXXXX-XXXXXXXX/XXXXXXXXXXX/XXXXXXXX/XXXXXXXX/XXXXXXXXXX.XXX
From upi at papat.org  Tue Feb 14 02:37:22 2006
From: upi at papat.org (Pasi Pirhonen)
Date: Tue Feb 14 02:37:25 2006
Subject: [XXXXXX-XXXXXXXX] XXXX-XXXX:XXXX XXXXXXXXX XXXXXX X XXXX
	kdegraphics - security update
Message-ID: <20060214023722.GQ4576@core.upi.iki.fi>

XXXXXX XXXXXX XXX XXXXXXXX XXXXXXXX XXXX:XXXX

XXXXX://XXX.XXXXXX.XXX/XXXXXX/XXXX-XXXX-XXXX.XXXX

XXX XXXXXXXXX XXXXXXX XXXXX XXXX XXXX XXXXXXXX XXX XXX XXXXXXXXX
XXXXXXX XX XXX XXXXXXX:

XXXXX:
XXXXXXX/XXXX/XXXX/XXXXXXXXXXX-X.X.X-X.X.XXXX.XXX
XXXXXXX/XXXX/XXXX/XXXXXXXXXXX-XXXXX-X.X.X-X.X.XXXX.XXX


-- 
XXXX XXXXXXXX - XXX@XXX.XX - XXXX://XXX.XX/XXX/
-------------- XXXX XXXX --------------
X XXX-XXXX XXXXXXXXXX XXX XXXXXXXX...
XXXX: XXX XXXXXXXXX
XXXX: XXXXXXXXXXX/XXX-XXXXXXXXX
XXXX: XXX XXXXX
XXXX: XXX XXXXXXXXX
XXX : XXXX://XXXXX.XXXXXX.XXX/XXXXXXXXX/XXXXXX-XXXXXXXX/XXXXXXXXXXX/XXXXXXXX/XXXXXXXX/XXXXXXXXXX.XXX
From upi at papat.org  Tue Feb 14 02:38:16 2006
From: upi at papat.org (Pasi Pirhonen)
Date: Tue Feb 14 02:38:19 2006
Subject: [XXXXXX-XXXXXXXX] XXXX-XXXX:XXXX XXXXXXXX XXXXXX X XXXX XXXXXX -
	security update
Message-ID: <20060214023816.GR4576@core.upi.iki.fi>

XXXXXX XXXXXX XXX XXXXXXXX XXXXXXXX XXXX:XXXX

XXXXX://XXX.XXXXXX.XXX/XXXXXX/XXXX-XXXX-XXXX.XXXX

XXX XXXXXXXXX XXXXXXX XXXXX XXXX XXXX XXXXXXXX XXX XXX XXXXXXXXX
XXXXXXX XX XXX XXXXXXX:

XXXXX:
XXXXXXX/XXXX/XXXX/XXXXXX-X.X.X-X.XXX.X.XXXX.XXX
XXXXXXX/XXXX/XXXX/XXXXXX-XXXXX-X.X.X-X.XXX.X.XXXX.XXX


-- 
XXXX XXXXXXXX - XXX@XXX.XX - XXXX://XXX.XX/XXX/
-------------- XXXX XXXX --------------
X XXX-XXXX XXXXXXXXXX XXX XXXXXXXX...
XXXX: XXX XXXXXXXXX
XXXX: XXXXXXXXXXX/XXX-XXXXXXXXX
XXXX: XXX XXXXX
XXXX: XXX XXXXXXXXX
XXX : XXXX://XXXXX.XXXXXX.XXX/XXXXXXXXX/XXXXXX-XXXXXXXX/XXXXXXXXXXX/XXXXXXXX/XXXXXXXX/XXXXXXXXXX.XXX
From upi at papat.org  Tue Feb 14 02:40:00 2006
From: upi at papat.org (Pasi Pirhonen)
Date: Tue Feb 14 02:40:03 2006
Subject: [XXXXXX-XXXXXXXX] XXXX-XXXX:XXX XXX XXXXXX X XXXX XXXXX - XXXXXXXX
	update
Message-ID: <20060214024000.GS4576@core.upi.iki.fi>

XXXXXX XXXXXX XXX XXXXXXXX XXXXXXXX XXXX:XXX

XXXXX://XXX.XXXXXX.XXX/XXXXXX/XXXX-XXXX-XXX.XXXX

XXX XXXXXXXXX XXXXXXX XXXXX XXXX XXXX XXXXXXXX XXX XXX XXXXXXXXX
XXXXXXX XX XXX XXXXXXX:

XXXXX:
XXXXXXX/XXXX/XXXX/XXXXX-X.X.X-XX.XXX.X.XXXX.XXX
XXXXXXX/XXXX/XXXX/XXXXX-XXXXX-X.X.X-XX.XXX.X.XXXX.XXX
XXXXXXX/XXXX/XXXX/XXXXX-XXXX-X.X.X-XX.XXX.X.XXXX.XXX


-- 
XXXX XXXXXXXX - XXX@XXX.XX - XXXX://XXX.XX/XXX/
-------------- XXXX XXXX --------------
X XXX-XXXX XXXXXXXXXX XXX XXXXXXXX...
XXXX: XXX XXXXXXXXX
XXXX: XXXXXXXXXXX/XXX-XXXXXXXXX
XXXX: XXX XXXXX
XXXX: XXX XXXXXXXXX
XXX : XXXX://XXXXX.XXXXXX.XXX/XXXXXXXXX/XXXXXX-XXXXXXXX/XXXXXXXXXXX/XXXXXXXX/XXXXXXXX/XXXXXXXXXX.XXX
From upi at papat.org  Tue Feb 14 02:40:36 2006
From: upi at papat.org (Pasi Pirhonen)
Date: Tue Feb 14 02:40:38 2006
Subject: [XXXXXX-XXXXXXXX] XXXX-XXXX:XXXX XXXXXXXXX XXXXXX X XXX XXXX -
	security update
Message-ID: <20060214024036.GT4576@core.upi.iki.fi>

XXXXXX XXXXXX XXX XXXXXXXX XXXXXXXX XXXX:XXXX

XXXXX://XXX.XXXXXX.XXX/XXXXXX/XXXX-XXXX-XXXX.XXXX

XXX XXXXXXXXX XXXXXXX XXXXX XXXX XXXX XXXXXXXX XXX XXX XXXXXXXXX
XXXXXXX XX XXX XXXXXXX:

XXXXX:
XXXXXXX/XXXXX/XXXX/XXXX-X.XX-XX.XX.XXXXX.XXX

-- 
XXXX XXXXXXXX - XXX@XXX.XX - XXXX://XXX.XX/XXX/
-------------- XXXX XXXX --------------
X XXX-XXXX XXXXXXXXXX XXX XXXXXXXX...
XXXX: XXX XXXXXXXXX
XXXX: XXXXXXXXXXX/XXX-XXXXXXXXX
XXXX: XXX XXXXX
XXXX: XXX XXXXXXXXX
XXX : XXXX://XXXXX.XXXXXX.XXX/XXXXXXXXX/XXXXXX-XXXXXXXX/XXXXXXXXXXX/XXXXXXXX/XXXXXXXX/XXXXXXXXXX.XXX
From upi at papat.org  Tue Feb 14 02:41:28 2006
From: upi at papat.org (Pasi Pirhonen)
Date: Tue Feb 14 02:41:30 2006
Subject: [XXXXXX-XXXXXXXX] XXXX-XXXX:XXXX XXXXXXXXX XXXXXX X XXX XXXXXXXXXXX
	- security update
Message-ID: <20060214024128.GU4576@core.upi.iki.fi>

XXXXXX XXXXXX XXX XXXXXXXX XXXXXXXX XXXX:XXXX

XXXXX://XXX.XXXXXX.XXX/XXXXXX/XXXX-XXXX-XXXX.XXXX

XXX XXXXXXXXX XXXXXXX XXXXX XXXX XXXX XXXXXXXX XXX XXX XXXXXXXXX
XXXXXXX XX XXX XXXXXXX:

XXXXX:
XXXXXXX/XXXXX/XXXX/XXXXXXXXXXX-X.X.X-X.X.XXXXX.XXX
XXXXXXX/XXXXX/XXXX/XXXXXXXXXXX-XXXXX-X.X.X-X.X.XXXXX.XXX


-- 
XXXX XXXXXXXX - XXX@XXX.XX - XXXX://XXX.XX/XXX/
-------------- XXXX XXXX --------------
X XXX-XXXX XXXXXXXXXX XXX XXXXXXXX...
XXXX: XXX XXXXXXXXX
XXXX: XXXXXXXXXXX/XXX-XXXXXXXXX
XXXX: XXX XXXXX
XXXX: XXX XXXXXXXXX
XXX : XXXX://XXXXX.XXXXXX.XXX/XXXXXXXXX/XXXXXX-XXXXXXXX/XXXXXXXXXXX/XXXXXXXX/XXXXXXXX/XXXXXXXXXX.XXX
From upi at papat.org  Tue Feb 14 02:42:22 2006
From: upi at papat.org (Pasi Pirhonen)
Date: Tue Feb 14 02:42:24 2006
Subject: [XXXXXX-XXXXXXXX] XXXX-XXXX:XXXX XXXXXXXX XXXXXX X XXX XXXXXX -
	security update
Message-ID: <20060214024222.GV4576@core.upi.iki.fi>

XXXXXX XXXXXX XXX XXXXXXXX XXXXXXXX XXXX:XXXX

XXXXX://XXX.XXXXXX.XXX/XXXXXX/XXXX-XXXX-XXXX.XXXX

XXX XXXXXXXXX XXXXXXX XXXXX XXXX XXXX XXXXXXXX XXX XXX XXXXXXXXX
XXXXXXX XX XXX XXXXXXX:

XXXXX:
XXXXXXX/XXXXX/XXXX/XXXXXX-X.X.X-X.XXX.X.XXXXX.XXX
XXXXXXX/XXXXX/XXXX/XXXXXX-XXXXX-X.X.X-X.XXX.X.XXXXX.XXX


-- 
XXXX XXXXXXXX - XXX@XXX.XX - XXXX://XXX.XX/XXX/
-------------- XXXX XXXX --------------
X XXX-XXXX XXXXXXXXXX XXX XXXXXXXX...
XXXX: XXX XXXXXXXXX
XXXX: XXXXXXXXXXX/XXX-XXXXXXXXX
XXXX: XXX XXXXX
XXXX: XXX XXXXXXXXX
XXX : XXXX://XXXXX.XXXXXX.XXX/XXXXXXXXX/XXXXXX-XXXXXXXX/XXXXXXXXXXX/XXXXXXXX/XXXXXXXX/XXXXXXXXXX.XXX
From upi at papat.org  Tue Feb 14 02:43:15 2006
From: upi at papat.org (Pasi Pirhonen)
Date: Tue Feb 14 02:43:18 2006
Subject: [XXXXXX-XXXXXXXX] XXXX-XXXX:XXX XXX XXXXXX X XXX XXXXX - XXXXXXXX
	update
Message-ID: <20060214024315.GW4576@core.upi.iki.fi>

XXXXXX XXXXXX XXX XXXXXXXX XXXXXXXX XXXX:XXX

XXXXX://XXX.XXXXXX.XXX/XXXXXX/XXXX-XXXX-XXX.XXXX

XXX XXXXXXXXX XXXXXXX XXXXX XXXX XXXX XXXXXXXX XXX XXX XXXXXXXXX
XXXXXXX XX XXX XXXXXXX:

XXXXX:
XXXXXXX/XXXXX/XXXX/XXXXX-X.X.X-XX.XXX.X.XXXXX.XXX
XXXXXXX/XXXXX/XXXX/XXXXX-XXXXX-X.X.X-XX.XXX.X.XXXXX.XXX
XXXXXXX/XXXXX/XXXX/XXXXX-XXXX-X.X.X-XX.XXX.X.XXXXX.XXX


-- 
XXXX XXXXXXXX - XXX@XXX.XX - XXXX://XXX.XX/XXX/
-------------- XXXX XXXX --------------
X XXX-XXXX XXXXXXXXXX XXX XXXXXXXX...
XXXX: XXX XXXXXXXXX
XXXX: XXXXXXXXXXX/XXX-XXXXXXXXX
XXXX: XXX XXXXX
XXXX: XXX XXXXXXXXX
XXX : XXXX://XXXXX.XXXXXX.XXX/XXXXXXXXX/XXXXXX-XXXXXXXX/XXXXXXXXXXX/XXXXXXXX/XXXXXXXX/XXXXXXXXXX.XXX
From upi at papat.org  Tue Feb 14 02:44:28 2006
From: upi at papat.org (Pasi Pirhonen)
Date: Tue Feb 14 02:44:32 2006
Subject: [XXXXXX-XXXXXXXX] XXXX-XXXX:XXXX XXXXXXXXX XXXXXX X XXXX(X) XXXX -
	security update
Message-ID: <20060214024428.GX4576@core.upi.iki.fi>

XXXXXX XXXXXX XXX XXXXXXXX XXXXXXXX XXXX:XXXX

XXXXX://XXX.XXXXXX.XXX/XXXXXX/XXXX-XXXX-XXXX.XXXX

XXX XXXXXXXXX XXXXXXX XXXXX XXXX XXXX XXXXXXXX XXX XXX XXXXXXXXX
XXXXXXX XX XXX XXXXXXX:

XXXX:
XXXXXXX/XXXX/XXXX/XXXX-X.XX-XX.XX.XXXX.XXX

XXXXX:
XXXXXXX/XXXXX/XXXX/XXXX-X.XX-XX.XX.XXXXX.XXX


-- 
XXXX XXXXXXXX - XXX@XXX.XX - XXXX://XXX.XX/XXX/
-------------- XXXX XXXX --------------
X XXX-XXXX XXXXXXXXXX XXX XXXXXXXX...
XXXX: XXX XXXXXXXXX
XXXX: XXXXXXXXXXX/XXX-XXXXXXXXX
XXXX: XXX XXXXX
XXXX: XXX XXXXXXXXX
XXX : XXXX://XXXXX.XXXXXX.XXX/XXXXXXXXX/XXXXXX-XXXXXXXX/XXXXXXXXXXX/XXXXXXXX/XXXXXXXX/XXXXXXXXXX.XXX
From upi at papat.org  Tue Feb 14 02:45:13 2006
From: upi at papat.org (Pasi Pirhonen)
Date: Tue Feb 14 02:45:17 2006
Subject: [XXXXXX-XXXXXXXX] XXXX-XXXX:XXXX XXXXXXXXX XXXXXX X XXXX(X)
	kdegraphics - security update
Message-ID: <20060214024513.GY4576@core.upi.iki.fi>

XXXXXX XXXXXX XXX XXXXXXXX XXXXXXXX XXXX:XXXX

XXXXX://XXX.XXXXXX.XXX/XXXXXX/XXXX-XXXX-XXXX.XXXX

XXX XXXXXXXXX XXXXXXX XXXXX XXXX XXXX XXXXXXXX XXX XXX XXXXXXXXX
XXXXXXX XX XXX XXXXXXX:

XXXX:
XXXXXXX/XXXX/XXXX/XXXXXXXXXXX-X.X.X-X.X.XXXX.XXX
XXXXXXX/XXXX/XXXX/XXXXXXXXXXX-XXXXX-X.X.X-X.X.XXXX.XXX

XXXXX:
XXXXXXX/XXXXX/XXXX/XXXXXXXXXXX-X.X.X-X.X.XXXXX.XXX
XXXXXXX/XXXXX/XXXX/XXXXXXXXXXX-XXXXX-X.X.X-X.X.XXXXX.XXX


-- 
XXXX XXXXXXXX - XXX@XXX.XX - XXXX://XXX.XX/XXX/
-------------- XXXX XXXX --------------
X XXX-XXXX XXXXXXXXXX XXX XXXXXXXX...
XXXX: XXX XXXXXXXXX
XXXX: XXXXXXXXXXX/XXX-XXXXXXXXX
XXXX: XXX XXXXX
XXXX: XXX XXXXXXXXX
XXX : XXXX://XXXXX.XXXXXX.XXX/XXXXXXXXX/XXXXXX-XXXXXXXX/XXXXXXXXXXX/XXXXXXXX/XXXXXXXX/XXXXXXXXXX.XXX
From upi at papat.org  Tue Feb 14 02:46:08 2006
From: upi at papat.org (Pasi Pirhonen)
Date: Tue Feb 14 02:46:11 2006
Subject: [XXXXXX-XXXXXXXX] XXXX-XXXX:XXXX XXXXXXXX XXXXXX X XXXX(X) XXXXXX -
	security update
Message-ID: <20060214024608.GZ4576@core.upi.iki.fi>

XXXXXX XXXXXX XXX XXXXXXXX XXXXXXXX XXXX:XXXX

XXXXX://XXX.XXXXXX.XXX/XXXXXX/XXXX-XXXX-XXXX.XXXX

XXX XXXXXXXXX XXXXXXX XXXXX XXXX XXXX XXXXXXXX XXX XXX XXXXXXXXX
XXXXXXX XX XXX XXXXXXX:

XXXX:
XXXXXXX/XXXX/XXXX/XXXXXX-X.X.X-X.XXX.X.XXXX.XXX
XXXXXXX/XXXX/XXXX/XXXXXX-XXXXX-X.X.X-X.XXX.X.XXXX.XXX

XXXXX:
XXXXXXX/XXXXX/XXXX/XXXXXX-X.X.X-X.XXX.X.XXXXX.XXX
XXXXXXX/XXXXX/XXXX/XXXXXX-XXXXX-X.X.X-X.XXX.X.XXXXX.XXX


-- 
XXXX XXXXXXXX - XXX@XXX.XX - XXXX://XXX.XX/XXX/
-------------- XXXX XXXX --------------
X XXX-XXXX XXXXXXXXXX XXX XXXXXXXX...
XXXX: XXX XXXXXXXXX
XXXX: XXXXXXXXXXX/XXX-XXXXXXXXX
XXXX: XXX XXXXX
XXXX: XXX XXXXXXXXX
XXX : XXXX://XXXXX.XXXXXX.XXX/XXXXXXXXX/XXXXXX-XXXXXXXX/XXXXXXXXXXX/XXXXXXXX/XXXXXXXX/XXXXXXXXXX.XXX
From upi at papat.org  Tue Feb 14 02:46:56 2006
From: upi at papat.org (Pasi Pirhonen)
Date: Tue Feb 14 02:46:59 2006
Subject: [XXXXXX-XXXXXXXX] XXXX-XXXX:XXX XXX XXXXXX X XXXX(X) XXXXX -
	security update
Message-ID: <20060214024656.GA4576@core.upi.iki.fi>

XXXXXX XXXXXX XXX XXXXXXXX XXXXXXXX XXXX:XXX

XXXXX://XXX.XXXXXX.XXX/XXXXXX/XXXX-XXXX-XXX.XXXX

XXX XXXXXXXXX XXXXXXX XXXXX XXXX XXXX XXXXXXXX XXX XXX XXXXXXXXX
XXXXXXX XX XXX XXXXXXX:

XXXX:
XXXXXXX/XXXX/XXXX/XXXXX-X.X.X-XX.XXX.X.XXXX.XXX
XXXXXXX/XXXX/XXXX/XXXXX-XXXXX-X.X.X-XX.XXX.X.XXXX.XXX
XXXXXXX/XXXX/XXXX/XXXXX-XXXX-X.X.X-XX.XXX.X.XXXX.XXX

XXXXX:
XXXXXXX/XXXXX/XXXX/XXXXX-X.X.X-XX.XXX.X.XXXXX.XXX
XXXXXXX/XXXXX/XXXX/XXXXX-XXXXX-X.X.X-XX.XXX.X.XXXXX.XXX
XXXXXXX/XXXXX/XXXX/XXXXX-XXXX-X.X.X-XX.XXX.X.XXXXX.XXX


-- 
XXXX XXXXXXXX - XXX@XXX.XX - XXXX://XXX.XX/XXX/
-------------- XXXX XXXX --------------
X XXX-XXXX XXXXXXXXXX XXX XXXXXXXX...
XXXX: XXX XXXXXXXXX
XXXX: XXXXXXXXXXX/XXX-XXXXXXXXX
XXXX: XXX XXXXX
XXXX: XXX XXXXXXXXX
XXX : XXXX://XXXXX.XXXXXX.XXX/XXXXXXXXX/XXXXXX-XXXXXXXX/XXXXXXXXXXX/XXXXXXXX/XXXXXXXX/XXXXXXXXXX.XXX
