number: 1
line: 1
offset: 0
bytes: 637
From VM Mon Mar  1 17:26:34 2004
Message-ID: <403B2ED7.8050407@none.fr>
MIME-Version: 1.0
Content-Type: multipart/mixed;
 boundary="------------040300050603040500030007"
From: Dr. No <no@none.fr>
To: bug@bug.debian
Subject: bug report
Date: Tue, 24 Feb 2004 12:00:39 +0100

This is a multi-part message in MIME format.
--------------040300050603040500030007
Content-Type: text/plain; charset=ISO-8859-1; format=flowed
Content-Transfer-Encoding: 8bit

Bien cordialement à tous.

Dr. No

--------------040300050603040500030007
Content-Type: text/plain; charset=us-ascii

[Deleted Word document]

--------------040300050603040500030007--


