landon curt noll disclaims all warranties with regard to this software 
including all implied warranties of merchantability and fitness in no 
event shall landon curt noll be liable for any special indirect or 
consequential damages or any damages whatsoever resulting from loss of 
use data or profits whether in an action of contract negligence or 
other tortious action arising out of or in connection with the use or 
performance of this software 

copyright 1990 rsa data security inc all rights reserved 

license to copy and use this software is granted provided that it is 
identified as the rsa data security inc md5 message-digest algorithm 
in all material mentioning or referencing this software or this 
function 

license is also granted to make and use derivative works provided that 
such works are identified as derived from the rsa data security 
inc md5 message-digest algorithm in all material mentioning or 
referencing the derived work 

rsa data security inc makes no representations concerning either the 
merchantability of this software or the suitability of this software for 
any particular purpose it is provided as is without express or 
implied warranty of any kind 

these notices must be retained in any copies of any part of this 
documentation and or software 
