[20010401.100842] [12345] [user]   user message
[20010401.100842] [12345] [info]   info message
[20010401.100842] [12345] [warn]   warn message
[20010401.100842] [12345] [error] error message
[20010401.100842] [12345] [fatal] fatal message
[20010401.100842] [12345] [user]   user message
[20010401.100842] [12345] [info]   info message
[20010401.100842] [12345] [warn]   warn message
[20010401.100842] [12345] [error] error message
[20010401.100842] [12345] [fatal] fatal message
[20010401.100842] [12345] [user]   user message
[20010401.100842] [12345] [info]   info message
[20010401.100842] [12345] [warn]   warn message
[20010401.100842] [12345] [error] error message
[20010401.100842] [12345] [fatal] fatal message
[20010401.100842] [12345] [user]   user message
[20010401.100842] [12345] [info]   info message
[20010401.100842] [12345] [warn]   warn message
[20010401.100842] [12345] [error] error message
[20010401.100842] [12345] [fatal] fatal message
[20010401.100842] [12345] [warn]   warn message
[20010401.100842] [12345] [error] error message
[20010401.100842] [12345] [fatal] fatal message
[20010401.100842] [12345] [warn]   warn message
[20010401.100842] [12345] [error] error message
[20010401.100842] [12345] [fatal] fatal message
[20010401.100842] [12345] [warn]   warn message
[20010401.100842] [12345] [error] error message
[20010401.100842] [12345] [fatal] fatal message
[20010401.100842] [12345] [warn]   warn message
[20010401.100842] [12345] [error] error message
[20010401.100842] [12345] [fatal] fatal message
[20010401.100842] [12345] [warn]   warn message
[20010401.100842] [12345] [error] error message
[20010401.100842] [12345] [fatal] fatal message
[20010401.100842] [12345] [warn]   warn message
[20010401.100842] [12345] [error] error message
[20010401.100842] [12345] [fatal] fatal message
