$VAR1 = {
  'data' => {
    'DATATYPE' => [
      ' INFRARED SPECTRUM'
    ],
    'FIRSTX' => [
      ' 450. '
    ],
    'FIRSTY' => [
      ' 0.058 '
    ],
    'JCAMPDX' => [
      ' 4.24'
    ],
    'LASTX' => [
      ' 4000. '
    ],
    'NPOINTS' => [
      ' 1776'
    ],
    'ORIGIN' => [
      ' Sadtler Research Laboratories '
    ],
    'OWNER' => [
      ' EPA/Public Domain '
    ],
    'XFACTOR' => [
      ' 1.0 '
    ],
    'XUNITS' => [
      ' 1/CM '
    ],
    'XYDATA' => {
      'X' => [
        450,
        '686.533333333333',
        '923.066666666667',
        '1159.6',
        '1396.13333333333',
        '1632.66666666667',
        '1869.2',
        '2105.73333333333',
        '2342.26666666667',
        '2578.8',
        '2815.33333333333',
        '3051.86666666667',
        '3288.4',
        '3524.93333333333',
        '3761.46666666667',
        3998,
        '4234.53333333333',
        '4471.06666666667'
      ],
      'Y' => [
        58,
        44,
        34,
        39,
        26,
        24,
        22,
        21,
        21,
        19,
        16,
        15,
        15,
        17,
        16,
        16,
        15,
        14
      ],
      'variable_list' => '(X++(Y..Y))'
    },
    'YFACTOR' => [
      ' 0.001 '
    ],
    'YUNITS' => [
      ' ABSORBANCE '
    ]
  },
  'labels' => [
    'JCAMPDX',
    'DATATYPE',
    'ORIGIN',
    'OWNER',
    'XUNITS',
    'YUNITS',
    'XFACTOR',
    'YFACTOR',
    'FIRSTX',
    'LASTX',
    'NPOINTS',
    'FIRSTY',
    'XYDATA'
  ],
  'title' => ' Epichlorohydrin vapor
'
};
