$VAR1 = bless( {
  'blocks' => [],
  'data' => {
    'BP' => bless( {
      'label' => 'BP',
      'value' => '232'
    }, 'JCAMP::DX::LabelDataRecord' ),
    'CASREGISTRYNO' => bless( {
      'label' => 'CASREGISTRYNO',
      'value' => '106-47-8'
    }, 'JCAMP::DX::LabelDataRecord' ),
    'DATAPROCESSING' => bless( {
      'label' => 'DATA PROCESSING',
      'value' => ''
    }, 'JCAMP::DX::LabelDataRecord' ),
    'DATATYPE' => bless( {
      'label' => 'DATA TYPE',
      'value' => 'INFRARED SPECTRUM'
    }, 'JCAMP::DX::LabelDataRecord' ),
    'DATE' => bless( {
      'label' => 'DATE',
      'value' => '00/06/08'
    }, 'JCAMP::DX::LabelDataRecord' ),
    'DELTAX' => bless( {
      'label' => 'DELTAX',
      'value' => '-2.000002'
    }, 'JCAMP::DX::LabelDataRecord' ),
    'FIRSTX' => bless( {
      'label' => 'FIRSTX',
      'value' => '4000.003'
    }, 'JCAMP::DX::LabelDataRecord' ),
    'FIRSTY' => bless( {
      'label' => 'FIRSTY',
      'value' => '.6509407'
    }, 'JCAMP::DX::LabelDataRecord' ),
    'INSTRUMENTPARAMETERS' => bless( {
      'label' => 'INSTRUMENT PARAMETERS',
      'value' => 'X: 4000.00,400.00 cm-1; 16 scans; mode ratio; resol 2.00 cm-1; apod strong'
    }, 'JCAMP::DX::LabelDataRecord' ),
    'JCAMPDX' => bless( {
      'label' => 'JCAMP-DX',
      'value' => '4.24'
    }, 'JCAMP::DX::LabelDataRecord' ),
    'LASTX' => bless( {
      'label' => 'LASTX',
      'value' => '400.0000'
    }, 'JCAMP::DX::LabelDataRecord' ),
    'MAXY' => bless( {
      'label' => 'MAXY',
      'value' => '.6945919'
    }, 'JCAMP::DX::LabelDataRecord' ),
    'MINY' => bless( {
      'label' => 'MINY',
      'value' => '.3822455'
    }, 'JCAMP::DX::LabelDataRecord' ),
    'MOLFORM' => bless( {
      'label' => 'MOLFORM',
      'value' => 'C6H6ClN'
    }, 'JCAMP::DX::LabelDataRecord' ),
    'MP' => bless( {
      'label' => 'MP',
      'value' => '67'
    }, 'JCAMP::DX::LabelDataRecord' ),
    'MW' => bless( {
      'label' => 'MW',
      'value' => '127.57'
    }, 'JCAMP::DX::LabelDataRecord' ),
    'NPOINTS' => bless( {
      'label' => 'NPOINTS',
      'value' => '1801'
    }, 'JCAMP::DX::LabelDataRecord' ),
    'ORIGIN' => bless( {
      'label' => 'ORIGIN',
      'value' => 'Chem. Dep\'t, UWI, JAMAICA'
    }, 'JCAMP::DX::LabelDataRecord' ),
    'OWNER' => bless( {
      'label' => 'OWNER',
      'value' => 'public domain'
    }, 'JCAMP::DX::LabelDataRecord' ),
    'RESOLUTION' => bless( {
      'label' => 'RESOLUTION',
      'value' => '2.000000'
    }, 'JCAMP::DX::LabelDataRecord' ),
    'SPECTROMETERDATASYSTEM' => bless( {
      'label' => 'SPECTROMETER/DATA SYSTEM',
      'value' => 'PERKIN-ELMER 1000 FT-IR'
    }, 'JCAMP::DX::LabelDataRecord' ),
    'STATE' => bless( {
      'label' => 'STATE',
      'value' => 'solid'
    }, 'JCAMP::DX::LabelDataRecord' ),
    'TIME' => bless( {
      'label' => 'TIME',
      'value' => '14:33:00'
    }, 'JCAMP::DX::LabelDataRecord' ),
    'TITLE' => bless( {
      'label' => 'title',
      'value' => 'para-chloroaniline'
    }, 'JCAMP::DX::LabelDataRecord' ),
    'XFACTOR' => bless( {
      'label' => 'XFACTOR',
      'value' => '.1220741'
    }, 'JCAMP::DX::LabelDataRecord' ),
    'XUNITS' => bless( {
      'label' => 'XUNITS',
      'value' => '1/CM'
    }, 'JCAMP::DX::LabelDataRecord' ),
    'XYDATA' => bless( {
      'X' => [
        32767,
        '32750.2325581395',
        '32733.4651162791',
        '32716.6976744186',
        '32699.9302325581',
        '32683.1627906977',
        '32666.3953488372',
        '32649.6279069767',
        '32632.8604651163',
        '32616.0930232558',
        '32599.3255813953',
        '32582.5581395349',
        '32565.7906976744',
        '32549.023255814',
        '32532.2558139535',
        '32515.488372093',
        '32498.7209302326',
        '32481.9534883721',
        '32465.1860465116',
        '32448.4186046512',
        '32431.6511627907',
        '32414.8837209302',
        '32398.1162790698',
        '32381.3488372093',
        '32364.5813953488',
        '32347.8139534884',
        '32331.0465116279',
        '32314.2790697674',
        '32297.511627907',
        '32280.7441860465',
        '32263.976744186',
        '32247.2093023256',
        '32230.4418604651',
        '32213.6744186047',
        '32196.9069767442',
        '32180.1395348837',
        '32163.3720930233',
        '32146.6046511628',
        '32129.8372093023',
        '32113.0697674419',
        '32096.3023255814',
        '32079.5348837209',
        '32062.7674418605',
        32046,
        '32030.0882352941',
        '32014.1764705882',
        '31998.2647058824',
        '31982.3529411765',
        '31966.4411764706',
        '31950.5294117647',
        '31934.6176470588',
        '31918.7058823529',
        '31902.7941176471',
        '31886.8823529412',
        '31870.9705882353',
        '31855.0588235294',
        '31839.1470588235',
        '31823.2352941176',
        '31807.3235294118',
        '31791.4117647059',
        '31775.5',
        '31759.5882352941',
        '31743.6764705882',
        '31727.7647058824',
        '31711.8529411765',
        '31695.9411764706',
        '31680.0294117647',
        '31664.1176470588',
        '31648.2058823529',
        '31632.2941176471',
        '31616.3823529412',
        '31600.4705882353',
        '31584.5588235294',
        '31568.6470588235',
        '31552.7352941176',
        '31536.8235294118',
        '31520.9117647059',
        31505,
        '31488.6388888889',
        '31472.2777777778',
        '31455.9166666667',
        '31439.5555555556',
        '31423.1944444444',
        '31406.8333333333',
        '31390.4722222222',
        '31374.1111111111',
        '31357.75',
        '31341.3888888889',
        '31325.0277777778',
        '31308.6666666667',
        '31292.3055555556',
        '31275.9444444444',
        '31259.5833333333',
        '31243.2222222222',
        '31226.8611111111',
        '31210.5',
        '31194.1388888889',
        '31177.7777777778',
        '31161.4166666667',
        '31145.0555555556',
        '31128.6944444444',
        '31112.3333333333',
        '31095.9722222222',
        '31079.6111111111',
        '31063.25',
        '31046.8888888889',
        '31030.5277777778',
        '31014.1666666667',
        '30997.8055555556',
        '30981.4444444444',
        '30965.0833333333',
        '30948.7222222222',
        '30932.3611111111',
        30916,
        '30899.6111111111',
        '30883.2222222222',
        '30866.8333333333',
        '30850.4444444444',
        '30834.0555555556',
        '30817.6666666667',
        '30801.2777777778',
        '30784.8888888889',
        '30768.5',
        '30752.1111111111',
        '30735.7222222222',
        '30719.3333333333',
        '30702.9444444444',
        '30686.5555555556',
        '30670.1666666667',
        '30653.7777777778',
        '30637.3888888889',
        30621,
        '30604.6111111111',
        '30588.2222222222',
        '30571.8333333333',
        '30555.4444444444',
        '30539.0555555556',
        '30522.6666666667',
        '30506.2777777778',
        '30489.8888888889',
        '30473.5',
        '30457.1111111111',
        '30440.7222222222',
        '30424.3333333333',
        '30407.9444444444',
        '30391.5555555556',
        '30375.1666666667',
        '30358.7777777778',
        '30342.3888888889',
        30326,
        '30310.0540540541',
        '30294.1081081081',
        '30278.1621621622',
        '30262.2162162162',
        '30246.2702702703',
        '30230.3243243243',
        '30214.3783783784',
        '30198.4324324324',
        '30182.4864864865',
        '30166.5405405405',
        '30150.5945945946',
        '30134.6486486487',
        '30118.7027027027',
        '30102.7567567568',
        '30086.8108108108',
        '30070.8648648649',
        '30054.9189189189',
        '30038.972972973',
        '30023.027027027',
        '30007.0810810811',
        '29991.1351351351',
        '29975.1891891892',
        '29959.2432432432',
        '29943.2972972973',
        '29927.3513513513',
        '29911.4054054054',
        '29895.4594594595',
        '29879.5135135135',
        '29863.5675675676',
        '29847.6216216216',
        '29831.6756756757',
        '29815.7297297297',
        '29799.7837837838',
        '29783.8378378378',
        '29767.8918918919',
        '29751.9459459459',
        29736,
        '29720.0833333333',
        '29704.1666666667',
        '29688.25',
        '29672.3333333333',
        '29656.4166666667',
        '29640.5',
        '29624.5833333333',
        '29608.6666666667',
        '29592.75',
        '29576.8333333333',
        '29560.9166666667',
        29545,
        '29529.0833333333',
        '29513.1666666667',
        '29497.25',
        '29481.3333333333',
        '29465.4166666667',
        '29449.5',
        '29433.5833333333',
        '29417.6666666667',
        '29401.75',
        '29385.8333333333',
        '29369.9166666667',
        29354,
        '29338.0833333333',
        '29322.1666666667',
        '29306.25',
        '29290.3333333333',
        '29274.4166666667',
        '29258.5',
        '29242.5833333333',
        '29226.6666666667',
        '29210.75',
        '29194.8333333333',
        '29178.9166666667',
        29163,
        '29147.025',
        '29131.05',
        '29115.075',
        '29099.1',
        '29083.125',
        '29067.15',
        '29051.175',
        '29035.2',
        '29019.225',
        '29003.25',
        '28987.275',
        '28971.3',
        '28955.325',
        '28939.35',
        '28923.375',
        '28907.4',
        '28891.425',
        '28875.45',
        '28859.475',
        '28843.5',
        '28827.525',
        '28811.55',
        '28795.575',
        '28779.6',
        '28763.625',
        '28747.65',
        '28731.675',
        '28715.7',
        '28699.725',
        '28683.75',
        '28667.775',
        '28651.8',
        '28635.825',
        '28619.85',
        '28603.875',
        '28587.9',
        '28571.925',
        '28555.95',
        '28539.975',
        28524,
        '28508.2916666667',
        '28492.5833333333',
        '28476.875',
        '28461.1666666667',
        '28445.4583333333',
        '28429.75',
        '28414.0416666667',
        '28398.3333333333',
        '28382.625',
        '28366.9166666667',
        '28351.2083333333',
        '28335.5',
        '28319.7916666667',
        '28304.0833333333',
        '28288.375',
        '28272.6666666667',
        '28256.9583333333',
        '28241.25',
        '28225.5416666667',
        '28209.8333333333',
        '28194.125',
        '28178.4166666667',
        '28162.7083333333',
        28147,
        '28131.1785714286',
        '28115.3571428571',
        '28099.5357142857',
        '28083.7142857143',
        '28067.8928571429',
        '28052.0714285714',
        '28036.25',
        '28020.4285714286',
        '28004.6071428571',
        '27988.7857142857',
        '27972.9642857143',
        '27957.1428571429',
        '27941.3214285714',
        '27925.5',
        '27909.6785714286',
        '27893.8571428571',
        '27878.0357142857',
        '27862.2142857143',
        '27846.3928571429',
        '27830.5714285714',
        '27814.75',
        '27798.9285714286',
        '27783.1071428571',
        '27767.2857142857',
        '27751.4642857143',
        '27735.6428571429',
        '27719.8214285714',
        27704,
        '27687.6538461538',
        '27671.3076923077',
        '27654.9615384615',
        '27638.6153846154',
        '27622.2692307692',
        '27605.9230769231',
        '27589.5769230769',
        '27573.2307692308',
        '27556.8846153846',
        '27540.5384615385',
        '27524.1923076923',
        '27507.8461538462',
        '27491.5',
        '27475.1538461538',
        '27458.8076923077',
        '27442.4615384615',
        '27426.1153846154',
        '27409.7692307692',
        '27393.4230769231',
        '27377.0769230769',
        '27360.7307692308',
        '27344.3846153846',
        '27328.0384615385',
        '27311.6923076923',
        '27295.3461538462',
        27279,
        '27263.025',
        '27247.05',
        '27231.075',
        '27215.1',
        '27199.125',
        '27183.15',
        '27167.175',
        '27151.2',
        '27135.225',
        '27119.25',
        '27103.275',
        '27087.3',
        '27071.325',
        '27055.35',
        '27039.375',
        '27023.4',
        '27007.425',
        '26991.45',
        '26975.475',
        '26959.5',
        '26943.525',
        '26927.55',
        '26911.575',
        '26895.6',
        '26879.625',
        '26863.65',
        '26847.675',
        '26831.7',
        '26815.725',
        '26799.75',
        '26783.775',
        '26767.8',
        '26751.825',
        '26735.85',
        '26719.875',
        '26703.9',
        '26687.925',
        '26671.95',
        '26655.975',
        26640,
        '26623.6097560976',
        '26607.2195121951',
        '26590.8292682927',
        '26574.4390243902',
        '26558.0487804878',
        '26541.6585365854',
        '26525.2682926829',
        '26508.8780487805',
        '26492.487804878',
        '26476.0975609756',
        '26459.7073170732',
        '26443.3170731707',
        '26426.9268292683',
        '26410.5365853659',
        '26394.1463414634',
        '26377.756097561',
        '26361.3658536585',
        '26344.9756097561',
        '26328.5853658537',
        '26312.1951219512',
        '26295.8048780488',
        '26279.4146341463',
        '26263.0243902439',
        '26246.6341463415',
        '26230.243902439',
        '26213.8536585366',
        '26197.4634146341',
        '26181.0731707317',
        '26164.6829268293',
        '26148.2926829268',
        '26131.9024390244',
        '26115.512195122',
        '26099.1219512195',
        '26082.7317073171',
        '26066.3414634146',
        '26049.9512195122',
        '26033.5609756098',
        '26017.1707317073',
        '26000.7804878049',
        '25984.3902439024',
        25968,
        '25951.9772727273',
        '25935.9545454545',
        '25919.9318181818',
        '25903.9090909091',
        '25887.8863636364',
        '25871.8636363636',
        '25855.8409090909',
        '25839.8181818182',
        '25823.7954545455',
        '25807.7727272727',
        '25791.75',
        '25775.7272727273',
        '25759.7045454545',
        '25743.6818181818',
        '25727.6590909091',
        '25711.6363636364',
        '25695.6136363636',
        '25679.5909090909',
        '25663.5681818182',
        '25647.5454545455',
        '25631.5227272727',
        '25615.5',
        '25599.4772727273',
        '25583.4545454545',
        '25567.4318181818',
        '25551.4090909091',
        '25535.3863636364',
        '25519.3636363636',
        '25503.3409090909',
        '25487.3181818182',
        '25471.2954545455',
        '25455.2727272727',
        '25439.25',
        '25423.2272727273',
        '25407.2045454545',
        '25391.1818181818',
        '25375.1590909091',
        '25359.1363636364',
        '25343.1136363636',
        '25327.0909090909',
        '25311.0681818182',
        '25295.0454545455',
        '25279.0227272727',
        25263,
        '25247.0238095238',
        '25231.0476190476',
        '25215.0714285714',
        '25199.0952380952',
        '25183.119047619',
        '25167.1428571429',
        '25151.1666666667',
        '25135.1904761905',
        '25119.2142857143',
        '25103.2380952381',
        '25087.2619047619',
        '25071.2857142857',
        '25055.3095238095',
        '25039.3333333333',
        '25023.3571428571',
        '25007.380952381',
        '24991.4047619048',
        '24975.4285714286',
        '24959.4523809524',
        '24943.4761904762',
        '24927.5',
        '24911.5238095238',
        '24895.5476190476',
        '24879.5714285714',
        '24863.5952380952',
        '24847.619047619',
        '24831.6428571429',
        '24815.6666666667',
        '24799.6904761905',
        '24783.7142857143',
        '24767.7380952381',
        '24751.7619047619',
        '24735.7857142857',
        '24719.8095238095',
        '24703.8333333333',
        '24687.8571428571',
        '24671.880952381',
        '24655.9047619048',
        '24639.9285714286',
        '24623.9523809524',
        '24607.9761904762',
        24592,
        24576,
        24560,
        24544,
        24528,
        24512,
        24496,
        24480,
        24464,
        24448,
        24432,
        24416,
        24400,
        24384,
        24368,
        24352,
        24336,
        24320,
        24304,
        24288,
        24272,
        24256,
        24240,
        24224,
        24208,
        24192,
        24176,
        24160,
        24144,
        24128,
        24112,
        24096,
        24080,
        24064,
        24048,
        24032,
        24016,
        24000,
        23984,
        23968,
        23952,
        23936,
        23920,
        '23904.0256410256',
        '23888.0512820513',
        '23872.0769230769',
        '23856.1025641026',
        '23840.1282051282',
        '23824.1538461538',
        '23808.1794871795',
        '23792.2051282051',
        '23776.2307692308',
        '23760.2564102564',
        '23744.2820512821',
        '23728.3076923077',
        '23712.3333333333',
        '23696.358974359',
        '23680.3846153846',
        '23664.4102564103',
        '23648.4358974359',
        '23632.4615384615',
        '23616.4871794872',
        '23600.5128205128',
        '23584.5384615385',
        '23568.5641025641',
        '23552.5897435897',
        '23536.6153846154',
        '23520.641025641',
        '23504.6666666667',
        '23488.6923076923',
        '23472.7179487179',
        '23456.7435897436',
        '23440.7692307692',
        '23424.7948717949',
        '23408.8205128205',
        '23392.8461538462',
        '23376.8717948718',
        '23360.8974358974',
        '23344.9230769231',
        '23328.9487179487',
        '23312.9743589744',
        23297,
        '23280.9777777778',
        '23264.9555555556',
        '23248.9333333333',
        '23232.9111111111',
        '23216.8888888889',
        '23200.8666666667',
        '23184.8444444444',
        '23168.8222222222',
        '23152.8',
        '23136.7777777778',
        '23120.7555555556',
        '23104.7333333333',
        '23088.7111111111',
        '23072.6888888889',
        '23056.6666666667',
        '23040.6444444444',
        '23024.6222222222',
        '23008.6',
        '22992.5777777778',
        '22976.5555555556',
        '22960.5333333333',
        '22944.5111111111',
        '22928.4888888889',
        '22912.4666666667',
        '22896.4444444444',
        '22880.4222222222',
        '22864.4',
        '22848.3777777778',
        '22832.3555555556',
        '22816.3333333333',
        '22800.3111111111',
        '22784.2888888889',
        '22768.2666666667',
        '22752.2444444444',
        '22736.2222222222',
        '22720.2',
        '22704.1777777778',
        '22688.1555555556',
        '22672.1333333333',
        '22656.1111111111',
        '22640.0888888889',
        '22624.0666666667',
        '22608.0444444444',
        '22592.0222222222',
        22576,
        '22559.9787234043',
        '22543.9574468085',
        '22527.9361702128',
        '22511.914893617',
        '22495.8936170213',
        '22479.8723404255',
        '22463.8510638298',
        '22447.829787234',
        '22431.8085106383',
        '22415.7872340426',
        '22399.7659574468',
        '22383.7446808511',
        '22367.7234042553',
        '22351.7021276596',
        '22335.6808510638',
        '22319.6595744681',
        '22303.6382978723',
        '22287.6170212766',
        '22271.5957446808',
        '22255.5744680851',
        '22239.5531914894',
        '22223.5319148936',
        '22207.5106382979',
        '22191.4893617021',
        '22175.4680851064',
        '22159.4468085106',
        '22143.4255319149',
        '22127.4042553192',
        '22111.3829787234',
        '22095.3617021277',
        '22079.3404255319',
        '22063.3191489362',
        '22047.2978723404',
        '22031.2765957447',
        '22015.2553191489',
        '21999.2340425532',
        '21983.2127659574',
        '21967.1914893617',
        '21951.170212766',
        '21935.1489361702',
        '21919.1276595745',
        '21903.1063829787',
        '21887.085106383',
        '21871.0638297872',
        '21855.0425531915',
        '21839.0212765957',
        21823,
        21807,
        21791,
        21775,
        21759,
        21743,
        21727,
        21711,
        21695,
        21679,
        21663,
        21647,
        21631,
        21615,
        21599,
        21583,
        21567,
        21551,
        21535,
        21519,
        21503,
        21487,
        21471,
        21455,
        21439,
        21423,
        21407,
        21391,
        21375,
        21359,
        21343,
        21327,
        21311,
        21295,
        21279,
        21263,
        21247,
        21231,
        21215,
        21199,
        21183,
        21167,
        21151,
        '21134.6222222222',
        '21118.2444444444',
        '21101.8666666667',
        '21085.4888888889',
        '21069.1111111111',
        '21052.7333333333',
        '21036.3555555556',
        '21019.9777777778',
        '21003.6',
        '20987.2222222222',
        '20970.8444444444',
        '20954.4666666667',
        '20938.0888888889',
        '20921.7111111111',
        '20905.3333333333',
        '20888.9555555556',
        '20872.5777777778',
        '20856.2',
        '20839.8222222222',
        '20823.4444444444',
        '20807.0666666667',
        '20790.6888888889',
        '20774.3111111111',
        '20757.9333333333',
        '20741.5555555556',
        '20725.1777777778',
        '20708.8',
        '20692.4222222222',
        '20676.0444444444',
        '20659.6666666667',
        '20643.2888888889',
        '20626.9111111111',
        '20610.5333333333',
        '20594.1555555556',
        '20577.7777777778',
        '20561.4',
        '20545.0222222222',
        '20528.6444444444',
        '20512.2666666667',
        '20495.8888888889',
        '20479.5111111111',
        '20463.1333333333',
        '20446.7555555556',
        '20430.3777777778',
        20414,
        '20397.9583333333',
        '20381.9166666667',
        '20365.875',
        '20349.8333333333',
        '20333.7916666667',
        '20317.75',
        '20301.7083333333',
        '20285.6666666667',
        '20269.625',
        '20253.5833333333',
        '20237.5416666667',
        '20221.5',
        '20205.4583333333',
        '20189.4166666667',
        '20173.375',
        '20157.3333333333',
        '20141.2916666667',
        '20125.25',
        '20109.2083333333',
        '20093.1666666667',
        '20077.125',
        '20061.0833333333',
        '20045.0416666667',
        20029,
        '20012.9583333333',
        '19996.9166666667',
        '19980.875',
        '19964.8333333333',
        '19948.7916666667',
        '19932.75',
        '19916.7083333333',
        '19900.6666666667',
        '19884.625',
        '19868.5833333333',
        '19852.5416666667',
        '19836.5',
        '19820.4583333333',
        '19804.4166666667',
        '19788.375',
        '19772.3333333333',
        '19756.2916666667',
        '19740.25',
        '19724.2083333333',
        '19708.1666666667',
        '19692.125',
        '19676.0833333333',
        '19660.0416666667',
        19644,
        '19627.6216216216',
        '19611.2432432432',
        '19594.8648648649',
        '19578.4864864865',
        '19562.1081081081',
        '19545.7297297297',
        '19529.3513513513',
        '19512.972972973',
        '19496.5945945946',
        '19480.2162162162',
        '19463.8378378378',
        '19447.4594594595',
        '19431.0810810811',
        '19414.7027027027',
        '19398.3243243243',
        '19381.9459459459',
        '19365.5675675676',
        '19349.1891891892',
        '19332.8108108108',
        '19316.4324324324',
        '19300.0540540541',
        '19283.6756756757',
        '19267.2972972973',
        '19250.9189189189',
        '19234.5405405405',
        '19218.1621621622',
        '19201.7837837838',
        '19185.4054054054',
        '19169.027027027',
        '19152.6486486487',
        '19136.2702702703',
        '19119.8918918919',
        '19103.5135135135',
        '19087.1351351351',
        '19070.7567567568',
        '19054.3783783784',
        19038,
        19022,
        19006,
        18990,
        18974,
        18958,
        18942,
        18926,
        18910,
        18894,
        18878,
        18862,
        18846,
        18830,
        18814,
        18798,
        18782,
        18766,
        18750,
        18734,
        18718,
        18702,
        18686,
        18670,
        18654,
        18638,
        18622,
        18606,
        18590,
        18574,
        18558,
        18542,
        18526,
        18510,
        18494,
        18478,
        18462,
        18446,
        18430,
        18414,
        18398,
        18382,
        18366,
        18350,
        '18333.2941176471',
        '18316.5882352941',
        '18299.8823529412',
        '18283.1764705882',
        '18266.4705882353',
        '18249.7647058824',
        '18233.0588235294',
        '18216.3529411765',
        '18199.6470588235',
        '18182.9411764706',
        '18166.2352941176',
        '18149.5294117647',
        '18132.8235294118',
        '18116.1176470588',
        '18099.4117647059',
        '18082.7058823529',
        18066,
        '18049.2941176471',
        '18032.5882352941',
        '18015.8823529412',
        '17999.1764705882',
        '17982.4705882353',
        '17965.7647058824',
        '17949.0588235294',
        '17932.3529411765',
        '17915.6470588235',
        '17898.9411764706',
        '17882.2352941176',
        '17865.5294117647',
        '17848.8235294118',
        '17832.1176470588',
        '17815.4117647059',
        '17798.7058823529',
        17782,
        '17765.2941176471',
        '17748.5882352941',
        '17731.8823529412',
        '17715.1764705882',
        '17698.4705882353',
        '17681.7647058824',
        '17665.0588235294',
        '17648.3529411765',
        '17631.6470588235',
        '17614.9411764706',
        '17598.2352941176',
        '17581.5294117647',
        '17564.8235294118',
        '17548.1176470588',
        '17531.4117647059',
        '17514.7058823529',
        17498,
        '17481.94',
        '17465.88',
        '17449.82',
        '17433.76',
        '17417.7',
        '17401.64',
        '17385.58',
        '17369.52',
        '17353.46',
        '17337.4',
        '17321.34',
        '17305.28',
        '17289.22',
        '17273.16',
        '17257.1',
        '17241.04',
        '17224.98',
        '17208.92',
        '17192.86',
        '17176.8',
        '17160.74',
        '17144.68',
        '17128.62',
        '17112.56',
        '17096.5',
        '17080.44',
        '17064.38',
        '17048.32',
        '17032.26',
        '17016.2',
        '17000.14',
        '16984.08',
        '16968.02',
        '16951.96',
        '16935.9',
        '16919.84',
        '16903.78',
        '16887.72',
        '16871.66',
        '16855.6',
        '16839.54',
        '16823.48',
        '16807.42',
        '16791.36',
        '16775.3',
        '16759.24',
        '16743.18',
        '16727.12',
        '16711.06',
        16695,
        '16678.2553191489',
        '16661.5106382979',
        '16644.7659574468',
        '16628.0212765957',
        '16611.2765957447',
        '16594.5319148936',
        '16577.7872340426',
        '16561.0425531915',
        '16544.2978723404',
        '16527.5531914894',
        '16510.8085106383',
        '16494.0638297872',
        '16477.3191489362',
        '16460.5744680851',
        '16443.829787234',
        '16427.085106383',
        '16410.3404255319',
        '16393.5957446808',
        '16376.8510638298',
        '16360.1063829787',
        '16343.3617021277',
        '16326.6170212766',
        '16309.8723404255',
        '16293.1276595745',
        '16276.3829787234',
        '16259.6382978723',
        '16242.8936170213',
        '16226.1489361702',
        '16209.4042553191',
        '16192.6595744681',
        '16175.914893617',
        '16159.170212766',
        '16142.4255319149',
        '16125.6808510638',
        '16108.9361702128',
        '16092.1914893617',
        '16075.4468085106',
        '16058.7021276596',
        '16041.9574468085',
        '16025.2127659574',
        '16008.4680851064',
        '15991.7234042553',
        '15974.9787234043',
        '15958.2340425532',
        '15941.4893617021',
        '15924.7446808511',
        15908,
        '15892.0833333333',
        '15876.1666666667',
        '15860.25',
        '15844.3333333333',
        '15828.4166666667',
        '15812.5',
        '15796.5833333333',
        '15780.6666666667',
        '15764.75',
        '15748.8333333333',
        '15732.9166666667',
        15717,
        '15701.0833333333',
        '15685.1666666667',
        '15669.25',
        '15653.3333333333',
        '15637.4166666667',
        '15621.5',
        '15605.5833333333',
        '15589.6666666667',
        '15573.75',
        '15557.8333333333',
        '15541.9166666667',
        15526,
        '15510.0833333333',
        '15494.1666666667',
        '15478.25',
        '15462.3333333333',
        '15446.4166666667',
        '15430.5',
        '15414.5833333333',
        '15398.6666666667',
        '15382.75',
        '15366.8333333333',
        '15350.9166666667',
        15335,
        '15318.6046511628',
        '15302.2093023256',
        '15285.8139534884',
        '15269.4186046512',
        '15253.023255814',
        '15236.6279069767',
        '15220.2325581395',
        '15203.8372093023',
        '15187.4418604651',
        '15171.0465116279',
        '15154.6511627907',
        '15138.2558139535',
        '15121.8604651163',
        '15105.4651162791',
        '15089.0697674419',
        '15072.6744186047',
        '15056.2790697674',
        '15039.8837209302',
        '15023.488372093',
        '15007.0930232558',
        '14990.6976744186',
        '14974.3023255814',
        '14957.9069767442',
        '14941.511627907',
        '14925.1162790698',
        '14908.7209302326',
        '14892.3255813953',
        '14875.9302325581',
        '14859.5348837209',
        '14843.1395348837',
        '14826.7441860465',
        '14810.3488372093',
        '14793.9534883721',
        '14777.5581395349',
        '14761.1627906977',
        '14744.7674418605',
        '14728.3720930233',
        '14711.976744186',
        '14695.5813953488',
        '14679.1860465116',
        '14662.7906976744',
        '14646.3953488372',
        14630,
        '14614.0526315789',
        '14598.1052631579',
        '14582.1578947368',
        '14566.2105263158',
        '14550.2631578947',
        '14534.3157894737',
        '14518.3684210526',
        '14502.4210526316',
        '14486.4736842105',
        '14470.5263157895',
        '14454.5789473684',
        '14438.6315789474',
        '14422.6842105263',
        '14406.7368421053',
        '14390.7894736842',
        '14374.8421052632',
        '14358.8947368421',
        '14342.9473684211',
        14327,
        '14311.0526315789',
        '14295.1052631579',
        '14279.1578947368',
        '14263.2105263158',
        '14247.2631578947',
        '14231.3157894737',
        '14215.3684210526',
        '14199.4210526316',
        '14183.4736842105',
        '14167.5263157895',
        '14151.5789473684',
        '14135.6315789474',
        '14119.6842105263',
        '14103.7368421053',
        '14087.7894736842',
        '14071.8421052632',
        '14055.8947368421',
        '14039.9473684211',
        14024,
        '14007.6176470588',
        '13991.2352941176',
        '13974.8529411765',
        '13958.4705882353',
        '13942.0882352941',
        '13925.7058823529',
        '13909.3235294118',
        '13892.9411764706',
        '13876.5588235294',
        '13860.1764705882',
        '13843.7941176471',
        '13827.4117647059',
        '13811.0294117647',
        '13794.6470588235',
        '13778.2647058824',
        '13761.8823529412',
        '13745.5',
        '13729.1176470588',
        '13712.7352941176',
        '13696.3529411765',
        '13679.9705882353',
        '13663.5882352941',
        '13647.2058823529',
        '13630.8235294118',
        '13614.4411764706',
        '13598.0588235294',
        '13581.6764705882',
        '13565.2941176471',
        '13548.9117647059',
        '13532.5294117647',
        '13516.1470588235',
        '13499.7647058824',
        '13483.3823529412',
        13467,
        '13451.4736842105',
        '13435.9473684211',
        '13420.4210526316',
        '13404.8947368421',
        '13389.3684210526',
        '13373.8421052632',
        '13358.3157894737',
        '13342.7894736842',
        '13327.2631578947',
        '13311.7368421053',
        '13296.2105263158',
        '13280.6842105263',
        '13265.1578947368',
        '13249.6315789474',
        '13234.1052631579',
        '13218.5789473684',
        '13203.0526315789',
        '13187.5263157895',
        13172,
        '13156.347826087',
        '13140.6956521739',
        '13125.0434782609',
        '13109.3913043478',
        '13093.7391304348',
        '13078.0869565217',
        '13062.4347826087',
        '13046.7826086957',
        '13031.1304347826',
        '13015.4782608696',
        '12999.8260869565',
        '12984.1739130435',
        '12968.5217391304',
        '12952.8695652174',
        '12937.2173913043',
        '12921.5652173913',
        '12905.9130434783',
        '12890.2608695652',
        '12874.6086956522',
        '12858.9565217391',
        '12843.3043478261',
        '12827.652173913',
        12812,
        '12795.6206896552',
        '12779.2413793103',
        '12762.8620689655',
        '12746.4827586207',
        '12730.1034482759',
        '12713.724137931',
        '12697.3448275862',
        '12680.9655172414',
        '12664.5862068966',
        '12648.2068965517',
        '12631.8275862069',
        '12615.4482758621',
        '12599.0689655172',
        '12582.6896551724',
        '12566.3103448276',
        '12549.9310344828',
        '12533.5517241379',
        '12517.1724137931',
        '12500.7931034483',
        '12484.4137931034',
        '12468.0344827586',
        '12451.6551724138',
        '12435.275862069',
        '12418.8965517241',
        '12402.5172413793',
        '12386.1379310345',
        '12369.7586206897',
        '12353.3793103448',
        12337,
        '12321.4',
        '12305.8',
        '12290.2',
        '12274.6',
        12259,
        '12243.4',
        '12227.8',
        '12212.2',
        '12196.6',
        12181,
        '12165.4',
        '12149.8',
        '12134.2',
        '12118.6',
        12103,
        '12087.4',
        '12071.8',
        '12056.2',
        '12040.6',
        12025,
        '12009.2142857143',
        '11993.4285714286',
        '11977.6428571429',
        '11961.8571428571',
        '11946.0714285714',
        '11930.2857142857',
        '11914.5',
        '11898.7142857143',
        '11882.9285714286',
        '11867.1428571429',
        '11851.3571428571',
        '11835.5714285714',
        '11819.7857142857',
        11804,
        '11788.2142857143',
        '11772.4285714286',
        '11756.6428571429',
        '11740.8571428571',
        '11725.0714285714',
        '11709.2857142857',
        '11693.5',
        '11677.7142857143',
        '11661.9285714286',
        '11646.1428571429',
        '11630.3571428571',
        '11614.5714285714',
        '11598.7857142857',
        11583,
        '11567.0857142857',
        '11551.1714285714',
        '11535.2571428571',
        '11519.3428571429',
        '11503.4285714286',
        '11487.5142857143',
        '11471.6',
        '11455.6857142857',
        '11439.7714285714',
        '11423.8571428571',
        '11407.9428571429',
        '11392.0285714286',
        '11376.1142857143',
        '11360.2',
        '11344.2857142857',
        '11328.3714285714',
        '11312.4571428571',
        '11296.5428571429',
        '11280.6285714286',
        '11264.7142857143',
        '11248.8',
        '11232.8857142857',
        '11216.9714285714',
        '11201.0571428571',
        '11185.1428571429',
        '11169.2285714286',
        '11153.3142857143',
        '11137.4',
        '11121.4857142857',
        '11105.5714285714',
        '11089.6571428571',
        '11073.7428571429',
        '11057.8285714286',
        '11041.9142857143',
        11026,
        '11009.6206896552',
        '10993.2413793103',
        '10976.8620689655',
        '10960.4827586207',
        '10944.1034482759',
        '10927.724137931',
        '10911.3448275862',
        '10894.9655172414',
        '10878.5862068966',
        '10862.2068965517',
        '10845.8275862069',
        '10829.4482758621',
        '10813.0689655172',
        '10796.6896551724',
        '10780.3103448276',
        '10763.9310344828',
        '10747.5517241379',
        '10731.1724137931',
        '10714.7931034483',
        '10698.4137931034',
        '10682.0344827586',
        '10665.6551724138',
        '10649.275862069',
        '10632.8965517241',
        '10616.5172413793',
        '10600.1379310345',
        '10583.7586206897',
        '10567.3793103448',
        10551,
        '10535.3636363636',
        '10519.7272727273',
        '10504.0909090909',
        '10488.4545454545',
        '10472.8181818182',
        '10457.1818181818',
        '10441.5454545455',
        '10425.9090909091',
        '10410.2727272727',
        '10394.6363636364',
        10379,
        '10363.3636363636',
        '10347.7272727273',
        '10332.0909090909',
        '10316.4545454545',
        '10300.8181818182',
        '10285.1818181818',
        '10269.5454545455',
        '10253.9090909091',
        '10238.2727272727',
        '10222.6363636364',
        10207,
        '10191.1290322581',
        '10175.2580645161',
        '10159.3870967742',
        '10143.5161290323',
        '10127.6451612903',
        '10111.7741935484',
        '10095.9032258065',
        '10080.0322580645',
        '10064.1612903226',
        '10048.2903225806',
        '10032.4193548387',
        '10016.5483870968',
        '10000.6774193548',
        '9984.8064516129',
        '9968.93548387097',
        '9953.06451612903',
        '9937.1935483871',
        '9921.32258064516',
        '9905.45161290323',
        '9889.58064516129',
        '9873.70967741935',
        '9857.83870967742',
        '9841.96774193548',
        '9826.09677419355',
        '9810.22580645161',
        '9794.35483870968',
        '9778.48387096774',
        '9762.61290322581',
        '9746.74193548387',
        '9730.87096774194',
        9715,
        '9698.62962962963',
        '9682.25925925926',
        '9665.88888888889',
        '9649.51851851852',
        '9633.14814814815',
        '9616.77777777778',
        '9600.40740740741',
        '9584.03703703704',
        '9567.66666666667',
        '9551.2962962963',
        '9534.92592592593',
        '9518.55555555555',
        '9502.18518518518',
        '9485.81481481482',
        '9469.44444444445',
        '9453.07407407407',
        '9436.7037037037',
        '9420.33333333333',
        '9403.96296296296',
        '9387.59259259259',
        '9371.22222222222',
        '9354.85185185185',
        '9338.48148148148',
        '9322.11111111111',
        '9305.74074074074',
        '9289.37037037037',
        9273,
        '9257.34782608696',
        '9241.69565217391',
        '9226.04347826087',
        '9210.39130434783',
        '9194.73913043478',
        '9179.08695652174',
        '9163.4347826087',
        '9147.78260869565',
        '9132.13043478261',
        '9116.47826086957',
        '9100.82608695652',
        '9085.17391304348',
        '9069.52173913043',
        '9053.86956521739',
        '9038.21739130435',
        '9022.5652173913',
        '9006.91304347826',
        '8991.26086956522',
        '8975.60869565217',
        '8959.95652173913',
        '8944.30434782609',
        '8928.65217391304',
        8913,
        '8897.1724137931',
        '8881.34482758621',
        '8865.51724137931',
        '8849.68965517241',
        '8833.86206896552',
        '8818.03448275862',
        '8802.20689655172',
        '8786.37931034483',
        '8770.55172413793',
        '8754.72413793103',
        '8738.89655172414',
        '8723.06896551724',
        '8707.24137931034',
        '8691.41379310345',
        '8675.58620689655',
        '8659.75862068966',
        '8643.93103448276',
        '8628.10344827586',
        '8612.27586206897',
        '8596.44827586207',
        '8580.62068965517',
        '8564.79310344828',
        '8548.96551724138',
        '8533.13793103448',
        '8517.31034482759',
        '8501.48275862069',
        '8485.65517241379',
        '8469.8275862069',
        8454,
        '8438.12121212121',
        '8422.24242424242',
        '8406.36363636364',
        '8390.48484848485',
        '8374.60606060606',
        '8358.72727272727',
        '8342.84848484848',
        '8326.9696969697',
        '8311.09090909091',
        '8295.21212121212',
        '8279.33333333333',
        '8263.45454545455',
        '8247.57575757576',
        '8231.69696969697',
        '8215.81818181818',
        '8199.93939393939',
        '8184.06060606061',
        '8168.18181818182',
        '8152.30303030303',
        '8136.42424242424',
        '8120.54545454545',
        '8104.66666666667',
        '8088.78787878788',
        '8072.90909090909',
        '8057.0303030303',
        '8041.15151515152',
        '8025.27272727273',
        '8009.39393939394',
        '7993.51515151515',
        '7977.63636363636',
        '7961.75757575758',
        '7945.87878787879',
        7930,
        '7913.6052631579',
        '7897.21052631579',
        '7880.81578947368',
        '7864.42105263158',
        '7848.02631578947',
        '7831.63157894737',
        '7815.23684210526',
        '7798.84210526316',
        '7782.44736842105',
        '7766.05263157895',
        '7749.65789473684',
        '7733.26315789474',
        '7716.86842105263',
        '7700.47368421053',
        '7684.07894736842',
        '7667.68421052632',
        '7651.28947368421',
        '7634.8947368421',
        '7618.5',
        '7602.1052631579',
        '7585.71052631579',
        '7569.31578947368',
        '7552.92105263158',
        '7536.52631578947',
        '7520.13157894737',
        '7503.73684210526',
        '7487.34210526316',
        '7470.94736842105',
        '7454.55263157895',
        '7438.15789473684',
        '7421.76315789474',
        '7405.36842105263',
        '7388.97368421053',
        '7372.57894736842',
        '7356.18421052632',
        '7339.78947368421',
        '7323.3947368421',
        7307,
        '7291.1724137931',
        '7275.34482758621',
        '7259.51724137931',
        '7243.68965517241',
        '7227.86206896552',
        '7212.03448275862',
        '7196.20689655172',
        '7180.37931034483',
        '7164.55172413793',
        '7148.72413793103',
        '7132.89655172414',
        '7117.06896551724',
        '7101.24137931035',
        '7085.41379310345',
        '7069.58620689655',
        '7053.75862068965',
        '7037.93103448276',
        '7022.10344827586',
        '7006.27586206897',
        '6990.44827586207',
        '6974.62068965517',
        '6958.79310344828',
        '6942.96551724138',
        '6927.13793103448',
        '6911.31034482759',
        '6895.48275862069',
        '6879.65517241379',
        '6863.8275862069',
        6848,
        '6832.45',
        '6816.9',
        '6801.35',
        '6785.8',
        '6770.25',
        '6754.7',
        '6739.15',
        '6723.6',
        '6708.05',
        '6692.5',
        '6676.95',
        '6661.4',
        '6645.85',
        '6630.3',
        '6614.75',
        '6599.2',
        '6583.65',
        '6568.1',
        '6552.55',
        6537,
        '6521.08571428571',
        '6505.17142857143',
        '6489.25714285714',
        '6473.34285714286',
        '6457.42857142857',
        '6441.51428571429',
        '6425.6',
        '6409.68571428571',
        '6393.77142857143',
        '6377.85714285714',
        '6361.94285714286',
        '6346.02857142857',
        '6330.11428571429',
        '6314.2',
        '6298.28571428571',
        '6282.37142857143',
        '6266.45714285714',
        '6250.54285714286',
        '6234.62857142857',
        '6218.71428571429',
        '6202.8',
        '6186.88571428571',
        '6170.97142857143',
        '6155.05714285714',
        '6139.14285714286',
        '6123.22857142857',
        '6107.31428571429',
        '6091.4',
        '6075.48571428571',
        '6059.57142857143',
        '6043.65714285714',
        '6027.74285714286',
        '6011.82857142857',
        '5995.91428571429',
        5980,
        '5964.12121212121',
        '5948.24242424242',
        '5932.36363636364',
        '5916.48484848485',
        '5900.60606060606',
        '5884.72727272727',
        '5868.84848484848',
        '5852.9696969697',
        '5837.09090909091',
        '5821.21212121212',
        '5805.33333333333',
        '5789.45454545455',
        '5773.57575757576',
        '5757.69696969697',
        '5741.81818181818',
        '5725.93939393939',
        '5710.06060606061',
        '5694.18181818182',
        '5678.30303030303',
        '5662.42424242424',
        '5646.54545454545',
        '5630.66666666667',
        '5614.78787878788',
        '5598.90909090909',
        '5583.0303030303',
        '5567.15151515152',
        '5551.27272727273',
        '5535.39393939394',
        '5519.51515151515',
        '5503.63636363636',
        '5487.75757575758',
        '5471.87878787879',
        5456,
        '5440.30434782609',
        '5424.60869565217',
        '5408.91304347826',
        '5393.21739130435',
        '5377.52173913043',
        '5361.82608695652',
        '5346.13043478261',
        '5330.4347826087',
        '5314.73913043478',
        '5299.04347826087',
        '5283.34782608696',
        '5267.65217391304',
        '5251.95652173913',
        '5236.26086956522',
        '5220.5652173913',
        '5204.86956521739',
        '5189.17391304348',
        '5173.47826086957',
        '5157.78260869565',
        '5142.08695652174',
        '5126.39130434783',
        '5110.69565217391',
        5095,
        '5079.125',
        '5063.25',
        '5047.375',
        '5031.5',
        '5015.625',
        '4999.75',
        '4983.875',
        4968,
        '4952.125',
        '4936.25',
        '4920.375',
        '4904.5',
        '4888.625',
        '4872.75',
        '4856.875',
        4841,
        '4825.125',
        '4809.25',
        '4793.375',
        '4777.5',
        '4761.625',
        '4745.75',
        '4729.875',
        4714,
        '4698.125',
        '4682.25',
        '4666.375',
        '4650.5',
        '4634.625',
        '4618.75',
        '4602.875',
        4587,
        '4571.20689655172',
        '4555.41379310345',
        '4539.62068965517',
        '4523.8275862069',
        '4508.03448275862',
        '4492.24137931035',
        '4476.44827586207',
        '4460.65517241379',
        '4444.86206896552',
        '4429.06896551724',
        '4413.27586206897',
        '4397.48275862069',
        '4381.68965517241',
        '4365.89655172414',
        '4350.10344827586',
        '4334.31034482759',
        '4318.51724137931',
        '4302.72413793103',
        '4286.93103448276',
        '4271.13793103448',
        '4255.34482758621',
        '4239.55172413793',
        '4223.75862068965',
        '4207.96551724138',
        '4192.1724137931',
        '4176.37931034483',
        '4160.58620689655',
        '4144.79310344828',
        4129,
        '4113.22222222222',
        '4097.44444444444',
        '4081.66666666667',
        '4065.88888888889',
        '4050.11111111111',
        '4034.33333333333',
        '4018.55555555556',
        '4002.77777777778',
        3987,
        '3971.22222222222',
        '3955.44444444444',
        '3939.66666666667',
        '3923.88888888889',
        '3908.11111111111',
        '3892.33333333333',
        '3876.55555555556',
        '3860.77777777778',
        3845,
        '3829.22222222222',
        '3813.44444444444',
        '3797.66666666667',
        '3781.88888888889',
        '3766.11111111111',
        '3750.33333333333',
        '3734.55555555556',
        '3718.77777777778',
        3703,
        '3687.23076923077',
        '3671.46153846154',
        '3655.69230769231',
        '3639.92307692308',
        '3624.15384615385',
        '3608.38461538462',
        '3592.61538461538',
        '3576.84615384615',
        '3561.07692307692',
        '3545.30769230769',
        '3529.53846153846',
        '3513.76923076923',
        3498,
        '3482.23076923077',
        '3466.46153846154',
        '3450.69230769231',
        '3434.92307692308',
        '3419.15384615385',
        '3403.38461538462',
        '3387.61538461538',
        '3371.84615384615',
        '3356.07692307692',
        '3340.30769230769',
        '3324.53846153846',
        '3308.76923076923',
        3293,
        3285,
        3277
      ],
      'Y' => [
        30708,
        30706,
        30702,
        30709,
        30722,
        30734,
        30733,
        30723,
        30730,
        30735,
        30727,
        30718,
        30709,
        30697,
        30896,
        30873,
        30855,
        30865,
        30853,
        30854,
        30861,
        30846,
        30843,
        30840,
        30831,
        30844,
        30837,
        30832,
        30840,
        30835,
        30957,
        30958,
        30952,
        30942,
        30929,
        30937,
        30954,
        30928,
        30931,
        30946,
        30951,
        30965,
        30958,
        30699,
        30651,
        30614,
        30611,
        30634,
        30635,
        30655,
        30662,
        30622,
        30599,
        30626,
        30634,
        30598,
        30608,
        30622,
        30592,
        30599,
        30588,
        30551,
        30507,
        30482,
        30626,
        30645,
        30595,
        30618,
        30616,
        30590,
        30568,
        30532,
        30485,
        30605,
        30638,
        30622,
        30601,
        30601,
        30603,
        30599,
        30596,
        31007,
        31014,
        31002,
        30987,
        30975,
        30968,
        30931,
        30964,
        31018,
        30994,
        31011,
        30976,
        30943,
        30937,
        30927,
        30946,
        30935,
        30983,
        30967,
        30947,
        31000,
        31018,
        31017,
        31002,
        30982,
        30958,
        30944,
        30931,
        30944,
        30962,
        30965,
        30961,
        30632,
        30627,
        30641,
        30616,
        30624,
        30647,
        30624,
        30628,
        30635,
        30614,
        30599,
        30560,
        30551,
        30573,
        30541,
        30581,
        30570,
        30572,
        30562,
        30587,
        30656,
        30668,
        30634,
        30610,
        30611,
        30618,
        30654,
        30671,
        30650,
        30613,
        30594,
        30617,
        30643,
        30645,
        30534,
        30568,
        30657,
        30656,
        30629,
        30620,
        30603,
        30619,
        30678,
        30685,
        30686,
        30664,
        30619,
        30572,
        30544,
        30633,
        30641,
        30573,
        30637,
        30674,
        30650,
        30627,
        30634,
        30627,
        30577,
        30586,
        30576,
        30541,
        30567,
        30598,
        30625,
        30605,
        30589,
        30591,
        30582,
        30555,
        30517,
        30481,
        30502,
        30502,
        30585,
        30573,
        30546,
        30523,
        30530,
        30545,
        30546,
        30541,
        30527,
        30507,
        30518,
        30546,
        30559,
        30528,
        30488,
        30474,
        30496,
        30523,
        30521,
        30467,
        30457,
        30540,
        30544,
        30521,
        30510,
        30498,
        30495,
        30491,
        30461,
        30403,
        30380,
        30418,
        30443,
        30454,
        30451,
        30451,
        30449,
        30446,
        30428,
        30420,
        30412,
        30409,
        30413,
        30418,
        30430,
        30441,
        30438,
        30439,
        30412,
        30411,
        30411,
        30405,
        30424,
        30450,
        30454,
        30462,
        30471,
        30484,
        30490,
        30493,
        30504,
        30511,
        30534,
        30569,
        30586,
        30597,
        30628,
        30643,
        30630,
        30599,
        30552,
        30449,
        30266,
        29923,
        29315,
        29315,
        28423,
        27376,
        26462,
        26095,
        26309,
        26788,
        27293,
        27724,
        28039,
        28302,
        28514,
        28679,
        28822,
        28950,
        29047,
        29122,
        29229,
        29315,
        29354,
        29404,
        29457,
        29511,
        29560,
        29560,
        29587,
        29629,
        29680,
        29704,
        29703,
        29736,
        29806,
        29878,
        29909,
        29933,
        29984,
        30038,
        30068,
        30093,
        30133,
        30188,
        30246,
        30284,
        30291,
        30268,
        30149,
        29781,
        28921,
        27318,
        25328,
        24141,
        24329,
        24329,
        25221,
        26122,
        26827,
        27346,
        27736,
        28034,
        28254,
        28425,
        28574,
        28717,
        28830,
        28906,
        28973,
        29027,
        29096,
        29167,
        29203,
        29237,
        29278,
        29310,
        29340,
        29374,
        29404,
        29615,
        29633,
        29464,
        29491,
        29524,
        29540,
        29549,
        29562,
        29566,
        29575,
        29592,
        29618,
        29647,
        29662,
        29660,
        29663,
        29679,
        29702,
        29717,
        29726,
        29742,
        29762,
        29761,
        29758,
        29768,
        29777,
        29786,
        29799,
        29809,
        29833,
        29848,
        29849,
        29859,
        29853,
        29857,
        29891,
        29904,
        29886,
        29891,
        29904,
        29913,
        29915,
        29915,
        29928,
        29949,
        29950,
        29951,
        29960,
        30104,
        30100,
        30100,
        30122,
        30129,
        30126,
        30126,
        30116,
        30122,
        30140,
        30141,
        30148,
        30146,
        30144,
        30128,
        30124,
        30123,
        30111,
        30071,
        29997,
        29947,
        29951,
        29973,
        29996,
        30014,
        30024,
        30044,
        30066,
        30072,
        30089,
        30100,
        30116,
        30143,
        30150,
        30156,
        30040,
        30058,
        30070,
        30081,
        30087,
        30084,
        30082,
        30090,
        30108,
        30106,
        30096,
        30102,
        30105,
        30093,
        30105,
        30114,
        30127,
        30127,
        30110,
        30106,
        30108,
        30115,
        30130,
        30148,
        30153,
        30132,
        30117,
        30130,
        30145,
        30146,
        30154,
        30170,
        30170,
        30167,
        30163,
        30156,
        30150,
        30141,
        30144,
        30174,
        30191,
        30190,
        30195,
        30205,
        30205,
        30210,
        30226,
        30247,
        30236,
        30224,
        30230,
        30234,
        30243,
        30246,
        30245,
        30219,
        30169,
        30138,
        30139,
        30170,
        30194,
        30204,
        30217,
        30236,
        30245,
        30235,
        30202,
        30170,
        30173,
        30183,
        30179,
        30176,
        30186,
        30222,
        30236,
        30243,
        30263,
        30277,
        30283,
        30285,
        30286,
        30286,
        30284,
        30289,
        30295,
        30298,
        30298,
        30292,
        30274,
        30275,
        30272,
        30268,
        30268,
        30263,
        30255,
        30253,
        30247,
        30222,
        30205,
        30208,
        30218,
        30231,
        30212,
        30183,
        30167,
        30168,
        30186,
        30192,
        30189,
        30191,
        30195,
        30200,
        30197,
        30196,
        30213,
        30203,
        30161,
        30126,
        30094,
        30068,
        30039,
        30011,
        29984,
        29950,
        29931,
        29925,
        29929,
        29960,
        29960,
        30008,
        30037,
        30076,
        30122,
        30151,
        30157,
        30163,
        30171,
        30154,
        30151,
        30167,
        30175,
        30170,
        30145,
        30135,
        30176,
        30228,
        30251,
        30259,
        30264,
        30266,
        30267,
        30268,
        30264,
        30253,
        30257,
        30250,
        30222,
        30198,
        30163,
        30129,
        30110,
        30095,
        30105,
        30142,
        30187,
        30237,
        30279,
        30279,
        30308,
        30344,
        30369,
        30369,
        30380,
        30396,
        30404,
        30414,
        30417,
        30426,
        30438,
        30435,
        30436,
        30437,
        30441,
        30458,
        30456,
        30441,
        30429,
        30422,
        30435,
        30456,
        30466,
        30474,
        30480,
        30487,
        30485,
        30477,
        30476,
        30471,
        30477,
        30491,
        30493,
        30479,
        30470,
        30477,
        30474,
        30478,
        30484,
        30498,
        30518,
        30525,
        30515,
        30507,
        30507,
        30513,
        30515,
        30521,
        30525,
        30507,
        30502,
        30503,
        30506,
        30521,
        30522,
        30502,
        30502,
        30514,
        30510,
        30520,
        30520,
        30523,
        30536,
        30554,
        30556,
        30547,
        30564,
        30569,
        30559,
        30566,
        30569,
        30577,
        30572,
        30563,
        30568,
        30580,
        30587,
        30580,
        30574,
        30587,
        30605,
        30613,
        30619,
        30622,
        30608,
        30595,
        30588,
        30565,
        30544,
        30537,
        30542,
        30542,
        30541,
        30542,
        30543,
        30545,
        30557,
        30576,
        30575,
        30567,
        30545,
        30522,
        30517,
        30524,
        30525,
        30540,
        30553,
        30558,
        30572,
        30567,
        30556,
        30565,
        30584,
        30594,
        30596,
        30602,
        30607,
        30597,
        30592,
        30579,
        30541,
        30518,
        30521,
        30524,
        30536,
        30568,
        30599,
        30619,
        30634,
        30652,
        30649,
        30634,
        30625,
        30625,
        30610,
        30587,
        30560,
        30542,
        30531,
        30532,
        30546,
        30543,
        30540,
        30556,
        30583,
        30597,
        30603,
        30625,
        30639,
        30640,
        30637,
        30646,
        30746,
        30751,
        30746,
        30752,
        30763,
        30781,
        30795,
        30802,
        30805,
        30798,
        30790,
        30791,
        30797,
        30808,
        30809,
        30801,
        30813,
        30817,
        30815,
        30824,
        30833,
        30826,
        30818,
        30824,
        30832,
        30834,
        30754,
        30757,
        30763,
        30766,
        30761,
        30757,
        30766,
        30781,
        30775,
        30769,
        30775,
        30782,
        30782,
        30775,
        30765,
        30770,
        30785,
        30796,
        30802,
        30787,
        30770,
        30766,
        30763,
        30757,
        30742,
        30742,
        30760,
        30763,
        30760,
        30753,
        30745,
        30744,
        30751,
        30762,
        30777,
        30778,
        30762,
        30763,
        30778,
        30782,
        30784,
        30786,
        30774,
        30766,
        30777,
        30789,
        30790,
        30808,
        30808,
        30813,
        30805,
        30811,
        30827,
        30833,
        30830,
        30807,
        30792,
        30774,
        30746,
        30713,
        30699,
        30688,
        30671,
        30662,
        30647,
        30459,
        30452,
        30484,
        30501,
        30545,
        30592,
        30593,
        30572,
        30554,
        30544,
        30503,
        30478,
        30497,
        30506,
        30500,
        30528,
        30544,
        30543,
        30563,
        30585,
        30737,
        30758,
        30769,
        30777,
        30776,
        30765,
        30751,
        30744,
        30768,
        30789,
        30811,
        30853,
        30871,
        30868,
        30876,
        30902,
        30907,
        30889,
        30890,
        30905,
        30910,
        30918,
        30931,
        30942,
        30950,
        30959,
        30970,
        30971,
        30964,
        30975,
        30990,
        30985,
        30973,
        30968,
        30960,
        30958,
        30970,
        30973,
        30965,
        30971,
        30982,
        30986,
        30984,
        30984,
        30992,
        31001,
        31002,
        31004,
        31003,
        30999,
        30995,
        30996,
        31008,
        31015,
        31019,
        31031,
        31037,
        31039,
        31139,
        31138,
        31128,
        31131,
        31136,
        31136,
        31135,
        31132,
        31129,
        31132,
        31132,
        31126,
        31119,
        31106,
        31106,
        31120,
        31128,
        31131,
        31142,
        31155,
        31152,
        31152,
        31159,
        31165,
        31163,
        31161,
        31162,
        31167,
        31300,
        31308,
        31308,
        31306,
        31309,
        31306,
        31306,
        31319,
        31132,
        31138,
        31138,
        31136,
        31128,
        31123,
        31122,
        31119,
        31127,
        31140,
        31148,
        31143,
        31139,
        31128,
        31115,
        31104,
        31088,
        31084,
        31083,
        31085,
        31092,
        31098,
        31096,
        31107,
        31140,
        31156,
        31161,
        31174,
        31181,
        31180,
        31183,
        31194,
        31203,
        31205,
        31212,
        31218,
        31217,
        31207,
        31203,
        31210,
        31218,
        31221,
        31217,
        31227,
        31236,
        31236,
        31231,
        31232,
        31245,
        31249,
        31249,
        31251,
        31263,
        31267,
        31266,
        31267,
        31266,
        31271,
        31267,
        31258,
        31249,
        31246,
        31238,
        31233,
        31226,
        31225,
        31236,
        31244,
        31255,
        31271,
        31277,
        31281,
        31392,
        31384,
        31374,
        31391,
        31412,
        31416,
        31413,
        31413,
        31414,
        31419,
        31563,
        31576,
        31598,
        31604,
        31602,
        31600,
        31593,
        31587,
        31602,
        31602,
        31597,
        31604,
        31620,
        31629,
        31639,
        31434,
        31426,
        31418,
        31426,
        31429,
        31427,
        31435,
        31448,
        31436,
        31413,
        31399,
        31401,
        31432,
        31447,
        31450,
        31456,
        31468,
        31486,
        31497,
        31502,
        31497,
        31505,
        31513,
        31511,
        31503,
        31472,
        31410,
        31304,
        31120,
        30885,
        30733,
        30768,
        30931,
        31080,
        31182,
        31252,
        31252,
        31325,
        31393,
        31414,
        31423,
        31431,
        31460,
        31495,
        31508,
        31507,
        31503,
        31494,
        31499,
        31498,
        31764,
        31768,
        31786,
        31792,
        31778,
        31768,
        31776,
        31777,
        31758,
        31759,
        31758,
        31761,
        31778,
        31788,
        31792,
        31808,
        31833,
        31855,
        31869,
        31872,
        31880,
        31885,
        31872,
        31875,
        31883,
        31903,
        31910,
        31905,
        31922,
        31708,
        31729,
        31729,
        31742,
        31729,
        31706,
        31678,
        31668,
        31671,
        31654,
        31613,
        31581,
        31587,
        31578,
        31586,
        31637,
        31629,
        31620,
        31667,
        31704,
        31696,
        31680,
        31701,
        31716,
        31714,
        31674,
        31728,
        31748,
        31773,
        31812,
        31814,
        31831,
        31829,
        31796,
        31835,
        31876,
        31873,
        31895,
        31895,
        31905,
        31891,
        31900,
        31897,
        31874,
        31897,
        31885,
        31915,
        31907,
        31864,
        31832,
        31814,
        31801,
        31913,
        31907,
        31899,
        31914,
        31921,
        31898,
        31854,
        31877,
        31878,
        31840,
        31833,
        31853,
        31828,
        31779,
        31732,
        31729,
        31587,
        30565,
        30352,
        30195,
        31013,
        30891,
        30758,
        30653,
        30340,
        29911,
        29526,
        29066,
        28180,
        27095,
        25237,
        22627,
        21026,
        19955,
        20111,
        21114,
        22443,
        23941,
        25297,
        25297,
        26300,
        27065,
        27672,
        28121,
        28528,
        28914,
        29211,
        29397,
        29538,
        29664,
        29772,
        29862,
        29973,
        30059,
        30089,
        30225,
        30424,
        30555,
        30732,
        30860,
        30902,
        30940,
        30940,
        30818,
        30832,
        30755,
        30819,
        30901,
        31002,
        31087,
        31124,
        31221,
        31329,
        31498,
        31547,
        31544,
        31556,
        31509,
        31418,
        31374,
        31388,
        31467,
        31544,
        31634,
        31603,
        31589,
        31430,
        31134,
        30772,
        29794,
        25999,
        26097,
        23529,
        20624,
        18957,
        19620,
        18763,
        18032,
        18990,
        21904,
        23990,
        25077,
        26099,
        27044,
        27755,
        28167,
        28534,
        28736,
        28839,
        28935,
        29097,
        29097,
        29327,
        29550,
        29643,
        29729,
        29882,
        30087,
        30128,
        30160,
        30164,
        30125,
        30042,
        29917,
        29801,
        29794,
        29933,
        30217,
        30357,
        30457,
        30576,
        30653,
        30698,
        30749,
        30783,
        30835,
        30915,
        30943,
        30981,
        30981,
        31020,
        31049,
        31061,
        31085,
        31110,
        31101,
        31093,
        31110,
        31144,
        31199,
        31215,
        31215,
        31194,
        31154,
        31172,
        31259,
        31331,
        31364,
        31388,
        31415,
        31436,
        31454,
        31461,
        31446,
        31441,
        31477,
        31490,
        31493,
        31505,
        31525,
        31558,
        31605,
        31634,
        31653,
        31653,
        31659,
        31646,
        31645,
        31657,
        31491,
        31488,
        31480,
        31470,
        31491,
        31538,
        31594,
        31673,
        31735,
        31749,
        31758,
        31787,
        31822,
        31863,
        31863,
        31810,
        31661,
        31314,
        30516,
        28805,
        26213,
        23924,
        22903,
        23254,
        23388,
        24616,
        25793,
        26603,
        27230,
        27778,
        28236,
        28640,
        29008,
        29364,
        29682,
        29910,
        30091,
        30271,
        30437,
        30590,
        30719,
        30826,
        30926,
        31012,
        31080,
        31138,
        31138,
        31186,
        31219,
        31229,
        31253,
        31281,
        31322,
        31365,
        31393,
        31436,
        31485,
        31518,
        31548,
        31576,
        31594,
        31619,
        31639,
        31647,
        31657,
        31686,
        31713,
        31742,
        31780,
        31838,
        31881,
        31929,
        31969,
        32020,
        32010,
        31448,
        29439,
        29439,
        27564,
        27251,
        28102,
        29697,
        30604,
        30933,
        31151,
        31304,
        31406,
        31477,
        31520,
        31543,
        31577,
        31597,
        31610,
        31765,
        31762,
        31775,
        31830,
        31891,
        31925,
        31961,
        31971,
        31967,
        31928,
        31813,
        31688,
        31492,
        31272,
        31135,
        31069,
        31008,
        30885,
        30759,
        30780,
        30968,
        31226,
        31452,
        31611,
        31715,
        31796,
        31867,
        31922,
        31834,
        30767,
        28638,
        27234,
        25959,
        26486,
        26486,
        28848,
        30284,
        30827,
        31064,
        31224,
        31337,
        31418,
        31431,
        31450,
        31520,
        31592,
        31629,
        31670,
        31692,
        31669,
        31581,
        31453,
        31388,
        31440,
        31545,
        31622,
        31675,
        31701,
        31717,
        31726,
        31752,
        31758,
        31774,
        31774,
        31776,
        31767,
        31755,
        31772,
        31779,
        31787,
        31791,
        31815,
        31824,
        31763,
        31550,
        31022,
        30523,
        30698,
        31268,
        31643,
        31821,
        31929,
        31998,
        32041,
        32067,
        32079,
        32098,
        32107,
        32111,
        32122,
        32150,
        32182,
        32215,
        32229,
        32239,
        32240,
        32240,
        32257,
        32278,
        32282,
        32285,
        32308,
        32316,
        32312,
        32313,
        32424,
        32432,
        32443,
        32450,
        32458,
        32428,
        32382,
        32408,
        32429,
        32325,
        32228,
        32301,
        32439,
        32482,
        32497,
        32532,
        32566,
        32563,
        32563,
        32554,
        32531,
        32495,
        32508,
        32524,
        32519,
        32526,
        32523,
        32507,
        32492,
        32403,
        32385,
        32401,
        32444,
        32483,
        32491,
        32458,
        32454,
        32470,
        32459,
        32438,
        32427,
        32390,
        32362,
        32347,
        32329,
        32292,
        32275,
        32254,
        32200,
        32137,
        32072,
        31958,
        31785,
        31502,
        31018,
        30199,
        28779,
        26543,
        26543,
        24035,
        22597,
        22877,
        24020,
        24600,
        23975,
        22995,
        23182,
        24796,
        26834,
        28402,
        29410,
        30060,
        30512,
        30864,
        31127,
        31295,
        31411,
        31497,
        31497,
        31581,
        31658,
        31736,
        31801,
        31867,
        31903,
        31934,
        31984,
        31965,
        31931,
        31935,
        31961,
        31992,
        32031,
        32040,
        32067,
        32085,
        32093,
        32124,
        32137,
        32125,
        32122,
        32095,
        32075,
        32024,
        31982,
        32021,
        32057,
        32043,
        32027,
        32042,
        32089,
        32098,
        32066,
        32066,
        32007,
        31999,
        32023,
        32036,
        32046,
        32026,
        32000,
        31991,
        32032,
        32064,
        32050,
        32046,
        32020,
        31861,
        31613,
        31566,
        31754,
        31922,
        32037,
        32068,
        32081,
        32122,
        32182,
        32214,
        32208,
        32195,
        32176,
        32209,
        32232,
        32224,
        32318,
        32389,
        32389,
        32365,
        32420,
        32522,
        32629,
        32680,
        32738,
        32767,
        32707,
        32323,
        30999,
        28706,
        27083,
        26914,
        27550,
        28457,
        29312,
        29939,
        30318,
        30505,
        30659,
        30821,
        30979,
        30979,
        31123,
        31229,
        31341,
        31449,
        31499,
        31511,
        31562,
        31563,
        31528,
        31586,
        31646,
        31600,
        31582,
        31605,
        31651,
        31663,
        31676,
        31722,
        31752,
        31769,
        31778,
        31728,
        31675,
        31737,
        31755,
        31687,
        31642,
        31678,
        31691,
        31729,
        31791,
        31791,
        31847,
        31916,
        31910,
        31831,
        31790,
        31840,
        31922,
        31903,
        31869,
        31831,
        31848,
        31874,
        31930,
        31970,
        31946,
        31974,
        32028,
        32071,
        32141,
        32157,
        32068,
        31762,
        31115,
        29439,
        26505,
        24443,
        25022,
        26809,
        26809,
        28379,
        29365,
        29875,
        30161,
        30449,
        30732,
        30859,
        30889,
        31040,
        31227,
        31289,
        31324,
        31330,
        31370,
        31447,
        31469,
        31441,
        31476,
        31625,
        31747,
        31832,
        31853,
        31824,
        31733,
        31648,
        31562,
        31562,
        31694,
        31926,
        32086,
        32000,
        31852,
        31903,
        31885,
        31956,
        32011,
        31985,
        32051,
        32153,
        32136,
        31935,
        31894,
        31387,
        30863,
        31534,
        31503,
        30876,
        30723,
        31056,
        31234,
        31038,
        30679,
        30679,
        30063,
        30063
      ],
      'label' => 'XYDATA',
      'variables' => [
        'X',
        'Y'
      ]
    }, 'JCAMP::DX::LabelDataRecord' ),
    'YFACTOR' => bless( {
      'label' => 'YFACTOR',
      'value' => '.2119791E-04'
    }, 'JCAMP::DX::LabelDataRecord' ),
    'YUNITS' => bless( {
      'label' => 'YUNITS',
      'value' => 'TRANSMITTANCE'
    }, 'JCAMP::DX::LabelDataRecord' )
  },
  'labels' => [
    $VAR1->{'data'}{'TITLE'},
    $VAR1->{'data'}{'JCAMPDX'},
    $VAR1->{'data'}{'DATATYPE'},
    $VAR1->{'data'}{'ORIGIN'},
    $VAR1->{'data'}{'OWNER'},
    $VAR1->{'data'}{'DATE'},
    $VAR1->{'data'}{'TIME'},
    $VAR1->{'data'}{'SPECTROMETERDATASYSTEM'},
    $VAR1->{'data'}{'INSTRUMENTPARAMETERS'},
    $VAR1->{'data'}{'DATAPROCESSING'},
    $VAR1->{'data'}{'MOLFORM'},
    $VAR1->{'data'}{'MW'},
    $VAR1->{'data'}{'CASREGISTRYNO'},
    $VAR1->{'data'}{'MP'},
    $VAR1->{'data'}{'BP'},
    $VAR1->{'data'}{'STATE'},
    $VAR1->{'data'}{'RESOLUTION'},
    $VAR1->{'data'}{'DELTAX'},
    $VAR1->{'data'}{'XUNITS'},
    $VAR1->{'data'}{'YUNITS'},
    $VAR1->{'data'}{'XFACTOR'},
    $VAR1->{'data'}{'YFACTOR'},
    $VAR1->{'data'}{'FIRSTX'},
    $VAR1->{'data'}{'LASTX'},
    $VAR1->{'data'}{'MAXY'},
    $VAR1->{'data'}{'MINY'},
    $VAR1->{'data'}{'NPOINTS'},
    $VAR1->{'data'}{'FIRSTY'},
    $VAR1->{'data'}{'XYDATA'}
  ]
}, 'JCAMP::DX' );
