Determining if the function res_servicename exists failed with the following output:
Change Dir: /tmp/mkcpandist/dist_13999/clib/cmake_props/CMakeFiles/CMakeTmp

Run Build Command:"/usr/bin/gmake" "cmTC_91334/fast"
/usr/bin/gmake -f CMakeFiles/cmTC_91334.dir/build.make CMakeFiles/cmTC_91334.dir/build
gmake[1]: Entering directory '/tmp/mkcpandist/dist_13999/clib/cmake_props/CMakeFiles/CMakeTmp'
Building C object CMakeFiles/cmTC_91334.dir/CheckFunctionExists.c.o
/usr/bin/cc   -DCHECK_FUNCTION_EXISTS=res_servicename   -o CMakeFiles/cmTC_91334.dir/CheckFunctionExists.c.o   -c /usr/share/cmake-3.13/Modules/CheckFunctionExists.c
Linking C executable cmTC_91334
/usr/bin/cmake -E cmake_link_script CMakeFiles/cmTC_91334.dir/link.txt --verbose=1
/usr/bin/cc  -DCHECK_FUNCTION_EXISTS=res_servicename    -rdynamic CMakeFiles/cmTC_91334.dir/CheckFunctionExists.c.o  -o cmTC_91334 
/usr/bin/ld: CMakeFiles/cmTC_91334.dir/CheckFunctionExists.c.o: in function `main':
CheckFunctionExists.c:(.text+0x10): undefined reference to `res_servicename'
collect2: error: ld returned 1 exit status
gmake[1]: *** [CMakeFiles/cmTC_91334.dir/build.make:87: cmTC_91334] Error 1
gmake[1]: Leaving directory '/tmp/mkcpandist/dist_13999/clib/cmake_props/CMakeFiles/CMakeTmp'
gmake: *** [Makefile:121: cmTC_91334/fast] Error 2


Determining if the function res_servicename exists in the resolv failed with the following output:
Change Dir: /tmp/mkcpandist/dist_13999/clib/cmake_props/CMakeFiles/CMakeTmp

Run Build Command:"/usr/bin/gmake" "cmTC_96c1f/fast"
/usr/bin/gmake -f CMakeFiles/cmTC_96c1f.dir/build.make CMakeFiles/cmTC_96c1f.dir/build
gmake[1]: Entering directory '/tmp/mkcpandist/dist_13999/clib/cmake_props/CMakeFiles/CMakeTmp'
Building C object CMakeFiles/cmTC_96c1f.dir/CheckFunctionExists.c.o
/usr/bin/cc   -DCHECK_FUNCTION_EXISTS=res_servicename   -o CMakeFiles/cmTC_96c1f.dir/CheckFunctionExists.c.o   -c /usr/share/cmake-3.13/Modules/CheckFunctionExists.c
Linking C executable cmTC_96c1f
/usr/bin/cmake -E cmake_link_script CMakeFiles/cmTC_96c1f.dir/link.txt --verbose=1
/usr/bin/cc  -DCHECK_FUNCTION_EXISTS=res_servicename    -rdynamic CMakeFiles/cmTC_96c1f.dir/CheckFunctionExists.c.o  -o cmTC_96c1f -lresolv 
/usr/bin/ld: CMakeFiles/cmTC_96c1f.dir/CheckFunctionExists.c.o: in function `main':
CheckFunctionExists.c:(.text+0x10): undefined reference to `res_servicename'
collect2: error: ld returned 1 exit status
gmake[1]: *** [CMakeFiles/cmTC_96c1f.dir/build.make:87: cmTC_96c1f] Error 1
gmake[1]: Leaving directory '/tmp/mkcpandist/dist_13999/clib/cmake_props/CMakeFiles/CMakeTmp'
gmake: *** [Makefile:121: cmTC_96c1f/fast] Error 2


Determining if files socket.h exist failed with the following output:
Change Dir: /tmp/mkcpandist/dist_13999/clib/cmake_props/CMakeFiles/CMakeTmp

Run Build Command:"/usr/bin/gmake" "cmTC_9cd70/fast"
/usr/bin/gmake -f CMakeFiles/cmTC_9cd70.dir/build.make CMakeFiles/cmTC_9cd70.dir/build
gmake[1]: Entering directory '/tmp/mkcpandist/dist_13999/clib/cmake_props/CMakeFiles/CMakeTmp'
Building C object CMakeFiles/cmTC_9cd70.dir/HAVE_SOCKET_H.c.o
/usr/bin/cc    -o CMakeFiles/cmTC_9cd70.dir/HAVE_SOCKET_H.c.o   -c /tmp/mkcpandist/dist_13999/clib/cmake_props/CMakeFiles/CheckIncludeFiles/HAVE_SOCKET_H.c
/tmp/mkcpandist/dist_13999/clib/cmake_props/CMakeFiles/CheckIncludeFiles/HAVE_SOCKET_H.c:2:10: fatal error: socket.h: No such file or directory
 #include <socket.h>
          ^~~~~~~~~~
compilation terminated.
gmake[1]: *** [CMakeFiles/cmTC_9cd70.dir/build.make:66: CMakeFiles/cmTC_9cd70.dir/HAVE_SOCKET_H.c.o] Error 1
gmake[1]: Leaving directory '/tmp/mkcpandist/dist_13999/clib/cmake_props/CMakeFiles/CMakeTmp'
gmake: *** [Makefile:121: cmTC_9cd70/fast] Error 2

Source:
/* */
#include <socket.h>


int main(void){return 0;}

Determining if files winsock2.h;windows.h exist failed with the following output:
Change Dir: /tmp/mkcpandist/dist_13999/clib/cmake_props/CMakeFiles/CMakeTmp

Run Build Command:"/usr/bin/gmake" "cmTC_2062c/fast"
/usr/bin/gmake -f CMakeFiles/cmTC_2062c.dir/build.make CMakeFiles/cmTC_2062c.dir/build
gmake[1]: Entering directory '/tmp/mkcpandist/dist_13999/clib/cmake_props/CMakeFiles/CMakeTmp'
Building C object CMakeFiles/cmTC_2062c.dir/HAVE_WINSOCK2_H.c.o
/usr/bin/cc    -o CMakeFiles/cmTC_2062c.dir/HAVE_WINSOCK2_H.c.o   -c /tmp/mkcpandist/dist_13999/clib/cmake_props/CMakeFiles/CheckIncludeFiles/HAVE_WINSOCK2_H.c
/tmp/mkcpandist/dist_13999/clib/cmake_props/CMakeFiles/CheckIncludeFiles/HAVE_WINSOCK2_H.c:2:10: fatal error: winsock2.h: No such file or directory
 #include <winsock2.h>
          ^~~~~~~~~~~~
compilation terminated.
gmake[1]: *** [CMakeFiles/cmTC_2062c.dir/build.make:66: CMakeFiles/cmTC_2062c.dir/HAVE_WINSOCK2_H.c.o] Error 1
gmake[1]: Leaving directory '/tmp/mkcpandist/dist_13999/clib/cmake_props/CMakeFiles/CMakeTmp'
gmake: *** [Makefile:121: cmTC_2062c/fast] Error 2

Source:
/* */
#include <winsock2.h>
#include <windows.h>


int main(void){return 0;}

Determining if files winsock2.h;ws2tcpip.h;windows.h exist failed with the following output:
Change Dir: /tmp/mkcpandist/dist_13999/clib/cmake_props/CMakeFiles/CMakeTmp

Run Build Command:"/usr/bin/gmake" "cmTC_0bddb/fast"
/usr/bin/gmake -f CMakeFiles/cmTC_0bddb.dir/build.make CMakeFiles/cmTC_0bddb.dir/build
gmake[1]: Entering directory '/tmp/mkcpandist/dist_13999/clib/cmake_props/CMakeFiles/CMakeTmp'
Building C object CMakeFiles/cmTC_0bddb.dir/HAVE_WS2TCPIP_H.c.o
/usr/bin/cc    -o CMakeFiles/cmTC_0bddb.dir/HAVE_WS2TCPIP_H.c.o   -c /tmp/mkcpandist/dist_13999/clib/cmake_props/CMakeFiles/CheckIncludeFiles/HAVE_WS2TCPIP_H.c
/tmp/mkcpandist/dist_13999/clib/cmake_props/CMakeFiles/CheckIncludeFiles/HAVE_WS2TCPIP_H.c:2:10: fatal error: winsock2.h: No such file or directory
 #include <winsock2.h>
          ^~~~~~~~~~~~
compilation terminated.
gmake[1]: *** [CMakeFiles/cmTC_0bddb.dir/build.make:66: CMakeFiles/cmTC_0bddb.dir/HAVE_WS2TCPIP_H.c.o] Error 1
gmake[1]: Leaving directory '/tmp/mkcpandist/dist_13999/clib/cmake_props/CMakeFiles/CMakeTmp'
gmake: *** [Makefile:121: cmTC_0bddb/fast] Error 2

Source:
/* */
#include <winsock2.h>
#include <ws2tcpip.h>
#include <windows.h>


int main(void){return 0;}

Determining if files winsock.h;windows.h exist failed with the following output:
Change Dir: /tmp/mkcpandist/dist_13999/clib/cmake_props/CMakeFiles/CMakeTmp

Run Build Command:"/usr/bin/gmake" "cmTC_d04f6/fast"
/usr/bin/gmake -f CMakeFiles/cmTC_d04f6.dir/build.make CMakeFiles/cmTC_d04f6.dir/build
gmake[1]: Entering directory '/tmp/mkcpandist/dist_13999/clib/cmake_props/CMakeFiles/CMakeTmp'
Building C object CMakeFiles/cmTC_d04f6.dir/HAVE_WINSOCK_H.c.o
/usr/bin/cc    -o CMakeFiles/cmTC_d04f6.dir/HAVE_WINSOCK_H.c.o   -c /tmp/mkcpandist/dist_13999/clib/cmake_props/CMakeFiles/CheckIncludeFiles/HAVE_WINSOCK_H.c
/tmp/mkcpandist/dist_13999/clib/cmake_props/CMakeFiles/CheckIncludeFiles/HAVE_WINSOCK_H.c:2:10: fatal error: winsock.h: No such file or directory
 #include <winsock.h>
          ^~~~~~~~~~~
compilation terminated.
gmake[1]: *** [CMakeFiles/cmTC_d04f6.dir/build.make:66: CMakeFiles/cmTC_d04f6.dir/HAVE_WINSOCK_H.c.o] Error 1
gmake[1]: Leaving directory '/tmp/mkcpandist/dist_13999/clib/cmake_props/CMakeFiles/CMakeTmp'
gmake: *** [Makefile:121: cmTC_d04f6/fast] Error 2

Source:
/* */
#include <winsock.h>
#include <windows.h>


int main(void){return 0;}

Determining if files windows.h exist failed with the following output:
Change Dir: /tmp/mkcpandist/dist_13999/clib/cmake_props/CMakeFiles/CMakeTmp

Run Build Command:"/usr/bin/gmake" "cmTC_f9d69/fast"
/usr/bin/gmake -f CMakeFiles/cmTC_f9d69.dir/build.make CMakeFiles/cmTC_f9d69.dir/build
gmake[1]: Entering directory '/tmp/mkcpandist/dist_13999/clib/cmake_props/CMakeFiles/CMakeTmp'
Building C object CMakeFiles/cmTC_f9d69.dir/HAVE_WINDOWS_H.c.o
/usr/bin/cc    -o CMakeFiles/cmTC_f9d69.dir/HAVE_WINDOWS_H.c.o   -c /tmp/mkcpandist/dist_13999/clib/cmake_props/CMakeFiles/CheckIncludeFiles/HAVE_WINDOWS_H.c
/tmp/mkcpandist/dist_13999/clib/cmake_props/CMakeFiles/CheckIncludeFiles/HAVE_WINDOWS_H.c:2:10: fatal error: windows.h: No such file or directory
 #include <windows.h>
          ^~~~~~~~~~~
compilation terminated.
gmake[1]: *** [CMakeFiles/cmTC_f9d69.dir/build.make:66: CMakeFiles/cmTC_f9d69.dir/HAVE_WINDOWS_H.c.o] Error 1
gmake[1]: Leaving directory '/tmp/mkcpandist/dist_13999/clib/cmake_props/CMakeFiles/CMakeTmp'
gmake: *** [Makefile:121: cmTC_f9d69/fast] Error 2

Source:
/* */
#include <windows.h>


int main(void){return 0;}

Performing C SOURCE FILE Test HAVE_TYPE_SOCKET failed with the following output:
Change Dir: /tmp/mkcpandist/dist_13999/clib/cmake_props/CMakeFiles/CMakeTmp

Run Build Command:"/usr/bin/gmake" "cmTC_06c67/fast"
/usr/bin/gmake -f CMakeFiles/cmTC_06c67.dir/build.make CMakeFiles/cmTC_06c67.dir/build
gmake[1]: Entering directory '/tmp/mkcpandist/dist_13999/clib/cmake_props/CMakeFiles/CMakeTmp'
Building C object CMakeFiles/cmTC_06c67.dir/src.c.o
/usr/bin/cc -D_GNU_SOURCE -D_POSIX_C_SOURCE=199309L -D_XOPEN_SOURCE=600  -DHAVE_TYPE_SOCKET   -o CMakeFiles/cmTC_06c67.dir/src.c.o   -c /tmp/mkcpandist/dist_13999/clib/cmake_props/CMakeFiles/CMakeTmp/src.c
/tmp/mkcpandist/dist_13999/clib/cmake_props/CMakeFiles/CMakeTmp/src.c: In function ‘main’:
/tmp/mkcpandist/dist_13999/clib/cmake_props/CMakeFiles/CMakeTmp/src.c:26:4: error: unknown type name ‘SOCKET’; did you mean ‘LOCK_EX’?
    SOCKET var_exists;
    ^~~~~~
    LOCK_EX
gmake[1]: *** [CMakeFiles/cmTC_06c67.dir/build.make:66: CMakeFiles/cmTC_06c67.dir/src.c.o] Error 1
gmake[1]: Leaving directory '/tmp/mkcpandist/dist_13999/clib/cmake_props/CMakeFiles/CMakeTmp'
gmake: *** [Makefile:121: cmTC_06c67/fast] Error 2

Source file was:

		#include <stdio.h>
		#include <stdlib.h>
	
		#include <stdbool.h>
		#include <sys/types.h>
		#include <arpa/inet.h>
		#include <arpa/nameser.h>
		#include <netdb.h>
		#include <net/if.h>
		#include <netinet/in.h>
		#include <netinet/tcp.h>
		#include <signal.h>
		#include <stdlib.h>
		#include <string.h>
		#include <strings.h>
		#include <sys/ioctl.h>
		#include <sys/select.h>
		#include <sys/socket.h>
		#include <sys/time.h>
		#include <sys/uio.h>
		#include <time.h>
		#include <fcntl.h>
		#include <unistd.h>
		int main() {
			SOCKET var_exists;
			(void)var_exists;
			return 0;
		}
	
Determining if the SO_NONBLOCK exist failed with the following output:
Change Dir: /tmp/mkcpandist/dist_13999/clib/cmake_props/CMakeFiles/CMakeTmp

Run Build Command:"/usr/bin/gmake" "cmTC_f03d2/fast"
/usr/bin/gmake -f CMakeFiles/cmTC_f03d2.dir/build.make CMakeFiles/cmTC_f03d2.dir/build
gmake[1]: Entering directory '/tmp/mkcpandist/dist_13999/clib/cmake_props/CMakeFiles/CMakeTmp'
Building C object CMakeFiles/cmTC_f03d2.dir/CheckSymbolExists.c.o
/usr/bin/cc -D_GNU_SOURCE -D_POSIX_C_SOURCE=199309L -D_XOPEN_SOURCE=600   -o CMakeFiles/cmTC_f03d2.dir/CheckSymbolExists.c.o   -c /tmp/mkcpandist/dist_13999/clib/cmake_props/CMakeFiles/CMakeTmp/CheckSymbolExists.c
/tmp/mkcpandist/dist_13999/clib/cmake_props/CMakeFiles/CMakeTmp/CheckSymbolExists.c: In function ‘main’:
/tmp/mkcpandist/dist_13999/clib/cmake_props/CMakeFiles/CMakeTmp/CheckSymbolExists.c:27:19: error: ‘SO_NONBLOCK’ undeclared (first use in this function); did you mean ‘O_NONBLOCK’?
   return ((int*)(&SO_NONBLOCK))[argc];
                   ^~~~~~~~~~~
                   O_NONBLOCK
/tmp/mkcpandist/dist_13999/clib/cmake_props/CMakeFiles/CMakeTmp/CheckSymbolExists.c:27:19: note: each undeclared identifier is reported only once for each function it appears in
gmake[1]: *** [CMakeFiles/cmTC_f03d2.dir/build.make:66: CMakeFiles/cmTC_f03d2.dir/CheckSymbolExists.c.o] Error 1
gmake[1]: Leaving directory '/tmp/mkcpandist/dist_13999/clib/cmake_props/CMakeFiles/CMakeTmp'
gmake: *** [Makefile:121: cmTC_f03d2/fast] Error 2

File /tmp/mkcpandist/dist_13999/clib/cmake_props/CMakeFiles/CMakeTmp/CheckSymbolExists.c:
/* */
#include <stdbool.h>
#include <sys/types.h>
#include <arpa/inet.h>
#include <arpa/nameser.h>
#include <netdb.h>
#include <net/if.h>
#include <netinet/in.h>
#include <netinet/tcp.h>
#include <signal.h>
#include <stdlib.h>
#include <string.h>
#include <strings.h>
#include <sys/ioctl.h>
#include <sys/select.h>
#include <sys/socket.h>
#include <sys/time.h>
#include <sys/uio.h>
#include <time.h>
#include <fcntl.h>
#include <unistd.h>

int main(int argc, char** argv)
{
  (void)argv;
#ifndef SO_NONBLOCK
  return ((int*)(&SO_NONBLOCK))[argc];
#else
  (void)argc;
  return 0;
#endif
}

Determining if the bitncmp exist failed with the following output:
Change Dir: /tmp/mkcpandist/dist_13999/clib/cmake_props/CMakeFiles/CMakeTmp

Run Build Command:"/usr/bin/gmake" "cmTC_f2dd5/fast"
/usr/bin/gmake -f CMakeFiles/cmTC_f2dd5.dir/build.make CMakeFiles/cmTC_f2dd5.dir/build
gmake[1]: Entering directory '/tmp/mkcpandist/dist_13999/clib/cmake_props/CMakeFiles/CMakeTmp'
Building C object CMakeFiles/cmTC_f2dd5.dir/CheckSymbolExists.c.o
/usr/bin/cc -D_GNU_SOURCE -D_POSIX_C_SOURCE=199309L -D_XOPEN_SOURCE=600   -o CMakeFiles/cmTC_f2dd5.dir/CheckSymbolExists.c.o   -c /tmp/mkcpandist/dist_13999/clib/cmake_props/CMakeFiles/CMakeTmp/CheckSymbolExists.c
/tmp/mkcpandist/dist_13999/clib/cmake_props/CMakeFiles/CMakeTmp/CheckSymbolExists.c: In function ‘main’:
/tmp/mkcpandist/dist_13999/clib/cmake_props/CMakeFiles/CMakeTmp/CheckSymbolExists.c:27:19: error: ‘bitncmp’ undeclared (first use in this function); did you mean ‘bcmp’?
   return ((int*)(&bitncmp))[argc];
                   ^~~~~~~
                   bcmp
/tmp/mkcpandist/dist_13999/clib/cmake_props/CMakeFiles/CMakeTmp/CheckSymbolExists.c:27:19: note: each undeclared identifier is reported only once for each function it appears in
gmake[1]: *** [CMakeFiles/cmTC_f2dd5.dir/build.make:66: CMakeFiles/cmTC_f2dd5.dir/CheckSymbolExists.c.o] Error 1
gmake[1]: Leaving directory '/tmp/mkcpandist/dist_13999/clib/cmake_props/CMakeFiles/CMakeTmp'
gmake: *** [Makefile:121: cmTC_f2dd5/fast] Error 2

File /tmp/mkcpandist/dist_13999/clib/cmake_props/CMakeFiles/CMakeTmp/CheckSymbolExists.c:
/* */
#include <stdbool.h>
#include <sys/types.h>
#include <arpa/inet.h>
#include <arpa/nameser.h>
#include <netdb.h>
#include <net/if.h>
#include <netinet/in.h>
#include <netinet/tcp.h>
#include <signal.h>
#include <stdlib.h>
#include <string.h>
#include <strings.h>
#include <sys/ioctl.h>
#include <sys/select.h>
#include <sys/socket.h>
#include <sys/time.h>
#include <sys/uio.h>
#include <time.h>
#include <fcntl.h>
#include <unistd.h>

int main(int argc, char** argv)
{
  (void)argv;
#ifndef bitncmp
  return ((int*)(&bitncmp))[argc];
#else
  (void)argc;
  return 0;
#endif
}

Determining if the closesocket exist failed with the following output:
Change Dir: /tmp/mkcpandist/dist_13999/clib/cmake_props/CMakeFiles/CMakeTmp

Run Build Command:"/usr/bin/gmake" "cmTC_1d12b/fast"
/usr/bin/gmake -f CMakeFiles/cmTC_1d12b.dir/build.make CMakeFiles/cmTC_1d12b.dir/build
gmake[1]: Entering directory '/tmp/mkcpandist/dist_13999/clib/cmake_props/CMakeFiles/CMakeTmp'
Building C object CMakeFiles/cmTC_1d12b.dir/CheckSymbolExists.c.o
/usr/bin/cc -D_GNU_SOURCE -D_POSIX_C_SOURCE=199309L -D_XOPEN_SOURCE=600   -o CMakeFiles/cmTC_1d12b.dir/CheckSymbolExists.c.o   -c /tmp/mkcpandist/dist_13999/clib/cmake_props/CMakeFiles/CMakeTmp/CheckSymbolExists.c
/tmp/mkcpandist/dist_13999/clib/cmake_props/CMakeFiles/CMakeTmp/CheckSymbolExists.c: In function ‘main’:
/tmp/mkcpandist/dist_13999/clib/cmake_props/CMakeFiles/CMakeTmp/CheckSymbolExists.c:27:19: error: ‘closesocket’ undeclared (first use in this function); did you mean ‘socket’?
   return ((int*)(&closesocket))[argc];
                   ^~~~~~~~~~~
                   socket
/tmp/mkcpandist/dist_13999/clib/cmake_props/CMakeFiles/CMakeTmp/CheckSymbolExists.c:27:19: note: each undeclared identifier is reported only once for each function it appears in
gmake[1]: *** [CMakeFiles/cmTC_1d12b.dir/build.make:66: CMakeFiles/cmTC_1d12b.dir/CheckSymbolExists.c.o] Error 1
gmake[1]: Leaving directory '/tmp/mkcpandist/dist_13999/clib/cmake_props/CMakeFiles/CMakeTmp'
gmake: *** [Makefile:121: cmTC_1d12b/fast] Error 2

File /tmp/mkcpandist/dist_13999/clib/cmake_props/CMakeFiles/CMakeTmp/CheckSymbolExists.c:
/* */
#include <stdbool.h>
#include <sys/types.h>
#include <arpa/inet.h>
#include <arpa/nameser.h>
#include <netdb.h>
#include <net/if.h>
#include <netinet/in.h>
#include <netinet/tcp.h>
#include <signal.h>
#include <stdlib.h>
#include <string.h>
#include <strings.h>
#include <sys/ioctl.h>
#include <sys/select.h>
#include <sys/socket.h>
#include <sys/time.h>
#include <sys/uio.h>
#include <time.h>
#include <fcntl.h>
#include <unistd.h>

int main(int argc, char** argv)
{
  (void)argv;
#ifndef closesocket
  return ((int*)(&closesocket))[argc];
#else
  (void)argc;
  return 0;
#endif
}

Determining if the CloseSocket exist failed with the following output:
Change Dir: /tmp/mkcpandist/dist_13999/clib/cmake_props/CMakeFiles/CMakeTmp

Run Build Command:"/usr/bin/gmake" "cmTC_1e975/fast"
/usr/bin/gmake -f CMakeFiles/cmTC_1e975.dir/build.make CMakeFiles/cmTC_1e975.dir/build
gmake[1]: Entering directory '/tmp/mkcpandist/dist_13999/clib/cmake_props/CMakeFiles/CMakeTmp'
Building C object CMakeFiles/cmTC_1e975.dir/CheckSymbolExists.c.o
/usr/bin/cc -D_GNU_SOURCE -D_POSIX_C_SOURCE=199309L -D_XOPEN_SOURCE=600   -o CMakeFiles/cmTC_1e975.dir/CheckSymbolExists.c.o   -c /tmp/mkcpandist/dist_13999/clib/cmake_props/CMakeFiles/CMakeTmp/CheckSymbolExists.c
/tmp/mkcpandist/dist_13999/clib/cmake_props/CMakeFiles/CMakeTmp/CheckSymbolExists.c: In function ‘main’:
/tmp/mkcpandist/dist_13999/clib/cmake_props/CMakeFiles/CMakeTmp/CheckSymbolExists.c:27:19: error: ‘CloseSocket’ undeclared (first use in this function); did you mean ‘socket’?
   return ((int*)(&CloseSocket))[argc];
                   ^~~~~~~~~~~
                   socket
/tmp/mkcpandist/dist_13999/clib/cmake_props/CMakeFiles/CMakeTmp/CheckSymbolExists.c:27:19: note: each undeclared identifier is reported only once for each function it appears in
gmake[1]: *** [CMakeFiles/cmTC_1e975.dir/build.make:66: CMakeFiles/cmTC_1e975.dir/CheckSymbolExists.c.o] Error 1
gmake[1]: Leaving directory '/tmp/mkcpandist/dist_13999/clib/cmake_props/CMakeFiles/CMakeTmp'
gmake: *** [Makefile:121: cmTC_1e975/fast] Error 2

File /tmp/mkcpandist/dist_13999/clib/cmake_props/CMakeFiles/CMakeTmp/CheckSymbolExists.c:
/* */
#include <stdbool.h>
#include <sys/types.h>
#include <arpa/inet.h>
#include <arpa/nameser.h>
#include <netdb.h>
#include <net/if.h>
#include <netinet/in.h>
#include <netinet/tcp.h>
#include <signal.h>
#include <stdlib.h>
#include <string.h>
#include <strings.h>
#include <sys/ioctl.h>
#include <sys/select.h>
#include <sys/socket.h>
#include <sys/time.h>
#include <sys/uio.h>
#include <time.h>
#include <fcntl.h>
#include <unistd.h>

int main(int argc, char** argv)
{
  (void)argv;
#ifndef CloseSocket
  return ((int*)(&CloseSocket))[argc];
#else
  (void)argc;
  return 0;
#endif
}

Determining if the inet_net_pton exist failed with the following output:
Change Dir: /tmp/mkcpandist/dist_13999/clib/cmake_props/CMakeFiles/CMakeTmp

Run Build Command:"/usr/bin/gmake" "cmTC_d3551/fast"
/usr/bin/gmake -f CMakeFiles/cmTC_d3551.dir/build.make CMakeFiles/cmTC_d3551.dir/build
gmake[1]: Entering directory '/tmp/mkcpandist/dist_13999/clib/cmake_props/CMakeFiles/CMakeTmp'
Building C object CMakeFiles/cmTC_d3551.dir/CheckSymbolExists.c.o
/usr/bin/cc -D_GNU_SOURCE -D_POSIX_C_SOURCE=199309L -D_XOPEN_SOURCE=600   -o CMakeFiles/cmTC_d3551.dir/CheckSymbolExists.c.o   -c /tmp/mkcpandist/dist_13999/clib/cmake_props/CMakeFiles/CMakeTmp/CheckSymbolExists.c
Linking C executable cmTC_d3551
/usr/bin/cmake -E cmake_link_script CMakeFiles/cmTC_d3551.dir/link.txt --verbose=1
/usr/bin/cc      -rdynamic CMakeFiles/cmTC_d3551.dir/CheckSymbolExists.c.o  -o cmTC_d3551 
/usr/bin/ld: CMakeFiles/cmTC_d3551.dir/CheckSymbolExists.c.o: in function `main':
CheckSymbolExists.c:(.text+0x1b): undefined reference to `inet_net_pton'
collect2: error: ld returned 1 exit status
gmake[1]: *** [CMakeFiles/cmTC_d3551.dir/build.make:87: cmTC_d3551] Error 1
gmake[1]: Leaving directory '/tmp/mkcpandist/dist_13999/clib/cmake_props/CMakeFiles/CMakeTmp'
gmake: *** [Makefile:121: cmTC_d3551/fast] Error 2

File /tmp/mkcpandist/dist_13999/clib/cmake_props/CMakeFiles/CMakeTmp/CheckSymbolExists.c:
/* */
#include <stdbool.h>
#include <sys/types.h>
#include <arpa/inet.h>
#include <arpa/nameser.h>
#include <netdb.h>
#include <net/if.h>
#include <netinet/in.h>
#include <netinet/tcp.h>
#include <signal.h>
#include <stdlib.h>
#include <string.h>
#include <strings.h>
#include <sys/ioctl.h>
#include <sys/select.h>
#include <sys/socket.h>
#include <sys/time.h>
#include <sys/uio.h>
#include <time.h>
#include <fcntl.h>
#include <unistd.h>

int main(int argc, char** argv)
{
  (void)argv;
#ifndef inet_net_pton
  return ((int*)(&inet_net_pton))[argc];
#else
  (void)argc;
  return 0;
#endif
}

Determining if the ioctlsocket exist failed with the following output:
Change Dir: /tmp/mkcpandist/dist_13999/clib/cmake_props/CMakeFiles/CMakeTmp

Run Build Command:"/usr/bin/gmake" "cmTC_3a8b7/fast"
/usr/bin/gmake -f CMakeFiles/cmTC_3a8b7.dir/build.make CMakeFiles/cmTC_3a8b7.dir/build
gmake[1]: Entering directory '/tmp/mkcpandist/dist_13999/clib/cmake_props/CMakeFiles/CMakeTmp'
Building C object CMakeFiles/cmTC_3a8b7.dir/CheckSymbolExists.c.o
/usr/bin/cc -D_GNU_SOURCE -D_POSIX_C_SOURCE=199309L -D_XOPEN_SOURCE=600   -o CMakeFiles/cmTC_3a8b7.dir/CheckSymbolExists.c.o   -c /tmp/mkcpandist/dist_13999/clib/cmake_props/CMakeFiles/CMakeTmp/CheckSymbolExists.c
/tmp/mkcpandist/dist_13999/clib/cmake_props/CMakeFiles/CMakeTmp/CheckSymbolExists.c: In function ‘main’:
/tmp/mkcpandist/dist_13999/clib/cmake_props/CMakeFiles/CMakeTmp/CheckSymbolExists.c:27:19: error: ‘ioctlsocket’ undeclared (first use in this function); did you mean ‘socket’?
   return ((int*)(&ioctlsocket))[argc];
                   ^~~~~~~~~~~
                   socket
/tmp/mkcpandist/dist_13999/clib/cmake_props/CMakeFiles/CMakeTmp/CheckSymbolExists.c:27:19: note: each undeclared identifier is reported only once for each function it appears in
gmake[1]: *** [CMakeFiles/cmTC_3a8b7.dir/build.make:66: CMakeFiles/cmTC_3a8b7.dir/CheckSymbolExists.c.o] Error 1
gmake[1]: Leaving directory '/tmp/mkcpandist/dist_13999/clib/cmake_props/CMakeFiles/CMakeTmp'
gmake: *** [Makefile:121: cmTC_3a8b7/fast] Error 2

File /tmp/mkcpandist/dist_13999/clib/cmake_props/CMakeFiles/CMakeTmp/CheckSymbolExists.c:
/* */
#include <stdbool.h>
#include <sys/types.h>
#include <arpa/inet.h>
#include <arpa/nameser.h>
#include <netdb.h>
#include <net/if.h>
#include <netinet/in.h>
#include <netinet/tcp.h>
#include <signal.h>
#include <stdlib.h>
#include <string.h>
#include <strings.h>
#include <sys/ioctl.h>
#include <sys/select.h>
#include <sys/socket.h>
#include <sys/time.h>
#include <sys/uio.h>
#include <time.h>
#include <fcntl.h>
#include <unistd.h>

int main(int argc, char** argv)
{
  (void)argv;
#ifndef ioctlsocket
  return ((int*)(&ioctlsocket))[argc];
#else
  (void)argc;
  return 0;
#endif
}

Determining if the IoctlSocket exist failed with the following output:
Change Dir: /tmp/mkcpandist/dist_13999/clib/cmake_props/CMakeFiles/CMakeTmp

Run Build Command:"/usr/bin/gmake" "cmTC_9b427/fast"
/usr/bin/gmake -f CMakeFiles/cmTC_9b427.dir/build.make CMakeFiles/cmTC_9b427.dir/build
gmake[1]: Entering directory '/tmp/mkcpandist/dist_13999/clib/cmake_props/CMakeFiles/CMakeTmp'
Building C object CMakeFiles/cmTC_9b427.dir/CheckSymbolExists.c.o
/usr/bin/cc -D_GNU_SOURCE -D_POSIX_C_SOURCE=199309L -D_XOPEN_SOURCE=600   -o CMakeFiles/cmTC_9b427.dir/CheckSymbolExists.c.o   -c /tmp/mkcpandist/dist_13999/clib/cmake_props/CMakeFiles/CMakeTmp/CheckSymbolExists.c
/tmp/mkcpandist/dist_13999/clib/cmake_props/CMakeFiles/CMakeTmp/CheckSymbolExists.c: In function ‘main’:
/tmp/mkcpandist/dist_13999/clib/cmake_props/CMakeFiles/CMakeTmp/CheckSymbolExists.c:27:19: error: ‘IoctlSocket’ undeclared (first use in this function); did you mean ‘clock_t’?
   return ((int*)(&IoctlSocket))[argc];
                   ^~~~~~~~~~~
                   clock_t
/tmp/mkcpandist/dist_13999/clib/cmake_props/CMakeFiles/CMakeTmp/CheckSymbolExists.c:27:19: note: each undeclared identifier is reported only once for each function it appears in
gmake[1]: *** [CMakeFiles/cmTC_9b427.dir/build.make:66: CMakeFiles/cmTC_9b427.dir/CheckSymbolExists.c.o] Error 1
gmake[1]: Leaving directory '/tmp/mkcpandist/dist_13999/clib/cmake_props/CMakeFiles/CMakeTmp'
gmake: *** [Makefile:121: cmTC_9b427/fast] Error 2

File /tmp/mkcpandist/dist_13999/clib/cmake_props/CMakeFiles/CMakeTmp/CheckSymbolExists.c:
/* */
#include <stdbool.h>
#include <sys/types.h>
#include <arpa/inet.h>
#include <arpa/nameser.h>
#include <netdb.h>
#include <net/if.h>
#include <netinet/in.h>
#include <netinet/tcp.h>
#include <signal.h>
#include <stdlib.h>
#include <string.h>
#include <strings.h>
#include <sys/ioctl.h>
#include <sys/select.h>
#include <sys/socket.h>
#include <sys/time.h>
#include <sys/uio.h>
#include <time.h>
#include <fcntl.h>
#include <unistd.h>

int main(int argc, char** argv)
{
  (void)argv;
#ifndef IoctlSocket
  return ((int*)(&IoctlSocket))[argc];
#else
  (void)argc;
  return 0;
#endif
}

Determining if the strcmpi exist failed with the following output:
Change Dir: /tmp/mkcpandist/dist_13999/clib/cmake_props/CMakeFiles/CMakeTmp

Run Build Command:"/usr/bin/gmake" "cmTC_c9cf4/fast"
/usr/bin/gmake -f CMakeFiles/cmTC_c9cf4.dir/build.make CMakeFiles/cmTC_c9cf4.dir/build
gmake[1]: Entering directory '/tmp/mkcpandist/dist_13999/clib/cmake_props/CMakeFiles/CMakeTmp'
Building C object CMakeFiles/cmTC_c9cf4.dir/CheckSymbolExists.c.o
/usr/bin/cc -D_GNU_SOURCE -D_POSIX_C_SOURCE=199309L -D_XOPEN_SOURCE=600   -o CMakeFiles/cmTC_c9cf4.dir/CheckSymbolExists.c.o   -c /tmp/mkcpandist/dist_13999/clib/cmake_props/CMakeFiles/CMakeTmp/CheckSymbolExists.c
/tmp/mkcpandist/dist_13999/clib/cmake_props/CMakeFiles/CMakeTmp/CheckSymbolExists.c: In function ‘main’:
/tmp/mkcpandist/dist_13999/clib/cmake_props/CMakeFiles/CMakeTmp/CheckSymbolExists.c:27:19: error: ‘strcmpi’ undeclared (first use in this function); did you mean ‘strcmp’?
   return ((int*)(&strcmpi))[argc];
                   ^~~~~~~
                   strcmp
/tmp/mkcpandist/dist_13999/clib/cmake_props/CMakeFiles/CMakeTmp/CheckSymbolExists.c:27:19: note: each undeclared identifier is reported only once for each function it appears in
gmake[1]: *** [CMakeFiles/cmTC_c9cf4.dir/build.make:66: CMakeFiles/cmTC_c9cf4.dir/CheckSymbolExists.c.o] Error 1
gmake[1]: Leaving directory '/tmp/mkcpandist/dist_13999/clib/cmake_props/CMakeFiles/CMakeTmp'
gmake: *** [Makefile:121: cmTC_c9cf4/fast] Error 2

File /tmp/mkcpandist/dist_13999/clib/cmake_props/CMakeFiles/CMakeTmp/CheckSymbolExists.c:
/* */
#include <stdbool.h>
#include <sys/types.h>
#include <arpa/inet.h>
#include <arpa/nameser.h>
#include <netdb.h>
#include <net/if.h>
#include <netinet/in.h>
#include <netinet/tcp.h>
#include <signal.h>
#include <stdlib.h>
#include <string.h>
#include <strings.h>
#include <sys/ioctl.h>
#include <sys/select.h>
#include <sys/socket.h>
#include <sys/time.h>
#include <sys/uio.h>
#include <time.h>
#include <fcntl.h>
#include <unistd.h>

int main(int argc, char** argv)
{
  (void)argv;
#ifndef strcmpi
  return ((int*)(&strcmpi))[argc];
#else
  (void)argc;
  return 0;
#endif
}

Determining if the stricmp exist failed with the following output:
Change Dir: /tmp/mkcpandist/dist_13999/clib/cmake_props/CMakeFiles/CMakeTmp

Run Build Command:"/usr/bin/gmake" "cmTC_46b4a/fast"
/usr/bin/gmake -f CMakeFiles/cmTC_46b4a.dir/build.make CMakeFiles/cmTC_46b4a.dir/build
gmake[1]: Entering directory '/tmp/mkcpandist/dist_13999/clib/cmake_props/CMakeFiles/CMakeTmp'
Building C object CMakeFiles/cmTC_46b4a.dir/CheckSymbolExists.c.o
/usr/bin/cc -D_GNU_SOURCE -D_POSIX_C_SOURCE=199309L -D_XOPEN_SOURCE=600   -o CMakeFiles/cmTC_46b4a.dir/CheckSymbolExists.c.o   -c /tmp/mkcpandist/dist_13999/clib/cmake_props/CMakeFiles/CMakeTmp/CheckSymbolExists.c
/tmp/mkcpandist/dist_13999/clib/cmake_props/CMakeFiles/CMakeTmp/CheckSymbolExists.c: In function ‘main’:
/tmp/mkcpandist/dist_13999/clib/cmake_props/CMakeFiles/CMakeTmp/CheckSymbolExists.c:27:19: error: ‘stricmp’ undeclared (first use in this function); did you mean ‘strncmp’?
   return ((int*)(&stricmp))[argc];
                   ^~~~~~~
                   strncmp
/tmp/mkcpandist/dist_13999/clib/cmake_props/CMakeFiles/CMakeTmp/CheckSymbolExists.c:27:19: note: each undeclared identifier is reported only once for each function it appears in
gmake[1]: *** [CMakeFiles/cmTC_46b4a.dir/build.make:66: CMakeFiles/cmTC_46b4a.dir/CheckSymbolExists.c.o] Error 1
gmake[1]: Leaving directory '/tmp/mkcpandist/dist_13999/clib/cmake_props/CMakeFiles/CMakeTmp'
gmake: *** [Makefile:121: cmTC_46b4a/fast] Error 2

File /tmp/mkcpandist/dist_13999/clib/cmake_props/CMakeFiles/CMakeTmp/CheckSymbolExists.c:
/* */
#include <stdbool.h>
#include <sys/types.h>
#include <arpa/inet.h>
#include <arpa/nameser.h>
#include <netdb.h>
#include <net/if.h>
#include <netinet/in.h>
#include <netinet/tcp.h>
#include <signal.h>
#include <stdlib.h>
#include <string.h>
#include <strings.h>
#include <sys/ioctl.h>
#include <sys/select.h>
#include <sys/socket.h>
#include <sys/time.h>
#include <sys/uio.h>
#include <time.h>
#include <fcntl.h>
#include <unistd.h>

int main(int argc, char** argv)
{
  (void)argv;
#ifndef stricmp
  return ((int*)(&stricmp))[argc];
#else
  (void)argc;
  return 0;
#endif
}

Determining if the strncmpi exist failed with the following output:
Change Dir: /tmp/mkcpandist/dist_13999/clib/cmake_props/CMakeFiles/CMakeTmp

Run Build Command:"/usr/bin/gmake" "cmTC_d2977/fast"
/usr/bin/gmake -f CMakeFiles/cmTC_d2977.dir/build.make CMakeFiles/cmTC_d2977.dir/build
gmake[1]: Entering directory '/tmp/mkcpandist/dist_13999/clib/cmake_props/CMakeFiles/CMakeTmp'
Building C object CMakeFiles/cmTC_d2977.dir/CheckSymbolExists.c.o
/usr/bin/cc -D_GNU_SOURCE -D_POSIX_C_SOURCE=199309L -D_XOPEN_SOURCE=600   -o CMakeFiles/cmTC_d2977.dir/CheckSymbolExists.c.o   -c /tmp/mkcpandist/dist_13999/clib/cmake_props/CMakeFiles/CMakeTmp/CheckSymbolExists.c
/tmp/mkcpandist/dist_13999/clib/cmake_props/CMakeFiles/CMakeTmp/CheckSymbolExists.c: In function ‘main’:
/tmp/mkcpandist/dist_13999/clib/cmake_props/CMakeFiles/CMakeTmp/CheckSymbolExists.c:27:19: error: ‘strncmpi’ undeclared (first use in this function); did you mean ‘strncmp’?
   return ((int*)(&strncmpi))[argc];
                   ^~~~~~~~
                   strncmp
/tmp/mkcpandist/dist_13999/clib/cmake_props/CMakeFiles/CMakeTmp/CheckSymbolExists.c:27:19: note: each undeclared identifier is reported only once for each function it appears in
gmake[1]: *** [CMakeFiles/cmTC_d2977.dir/build.make:66: CMakeFiles/cmTC_d2977.dir/CheckSymbolExists.c.o] Error 1
gmake[1]: Leaving directory '/tmp/mkcpandist/dist_13999/clib/cmake_props/CMakeFiles/CMakeTmp'
gmake: *** [Makefile:121: cmTC_d2977/fast] Error 2

File /tmp/mkcpandist/dist_13999/clib/cmake_props/CMakeFiles/CMakeTmp/CheckSymbolExists.c:
/* */
#include <stdbool.h>
#include <sys/types.h>
#include <arpa/inet.h>
#include <arpa/nameser.h>
#include <netdb.h>
#include <net/if.h>
#include <netinet/in.h>
#include <netinet/tcp.h>
#include <signal.h>
#include <stdlib.h>
#include <string.h>
#include <strings.h>
#include <sys/ioctl.h>
#include <sys/select.h>
#include <sys/socket.h>
#include <sys/time.h>
#include <sys/uio.h>
#include <time.h>
#include <fcntl.h>
#include <unistd.h>

int main(int argc, char** argv)
{
  (void)argv;
#ifndef strncmpi
  return ((int*)(&strncmpi))[argc];
#else
  (void)argc;
  return 0;
#endif
}

Determining if the strnicmp exist failed with the following output:
Change Dir: /tmp/mkcpandist/dist_13999/clib/cmake_props/CMakeFiles/CMakeTmp

Run Build Command:"/usr/bin/gmake" "cmTC_509ca/fast"
/usr/bin/gmake -f CMakeFiles/cmTC_509ca.dir/build.make CMakeFiles/cmTC_509ca.dir/build
gmake[1]: Entering directory '/tmp/mkcpandist/dist_13999/clib/cmake_props/CMakeFiles/CMakeTmp'
Building C object CMakeFiles/cmTC_509ca.dir/CheckSymbolExists.c.o
/usr/bin/cc -D_GNU_SOURCE -D_POSIX_C_SOURCE=199309L -D_XOPEN_SOURCE=600   -o CMakeFiles/cmTC_509ca.dir/CheckSymbolExists.c.o   -c /tmp/mkcpandist/dist_13999/clib/cmake_props/CMakeFiles/CMakeTmp/CheckSymbolExists.c
/tmp/mkcpandist/dist_13999/clib/cmake_props/CMakeFiles/CMakeTmp/CheckSymbolExists.c: In function ‘main’:
/tmp/mkcpandist/dist_13999/clib/cmake_props/CMakeFiles/CMakeTmp/CheckSymbolExists.c:27:19: error: ‘strnicmp’ undeclared (first use in this function); did you mean ‘strncmp’?
   return ((int*)(&strnicmp))[argc];
                   ^~~~~~~~
                   strncmp
/tmp/mkcpandist/dist_13999/clib/cmake_props/CMakeFiles/CMakeTmp/CheckSymbolExists.c:27:19: note: each undeclared identifier is reported only once for each function it appears in
gmake[1]: *** [CMakeFiles/cmTC_509ca.dir/build.make:66: CMakeFiles/cmTC_509ca.dir/CheckSymbolExists.c.o] Error 1
gmake[1]: Leaving directory '/tmp/mkcpandist/dist_13999/clib/cmake_props/CMakeFiles/CMakeTmp'
gmake: *** [Makefile:121: cmTC_509ca/fast] Error 2

File /tmp/mkcpandist/dist_13999/clib/cmake_props/CMakeFiles/CMakeTmp/CheckSymbolExists.c:
/* */
#include <stdbool.h>
#include <sys/types.h>
#include <arpa/inet.h>
#include <arpa/nameser.h>
#include <netdb.h>
#include <net/if.h>
#include <netinet/in.h>
#include <netinet/tcp.h>
#include <signal.h>
#include <stdlib.h>
#include <string.h>
#include <strings.h>
#include <sys/ioctl.h>
#include <sys/select.h>
#include <sys/socket.h>
#include <sys/time.h>
#include <sys/uio.h>
#include <time.h>
#include <fcntl.h>
#include <unistd.h>

int main(int argc, char** argv)
{
  (void)argv;
#ifndef strnicmp
  return ((int*)(&strnicmp))[argc];
#else
  (void)argc;
  return 0;
#endif
}

Determining if the function __system_property_get exists failed with the following output:
Change Dir: /tmp/mkcpandist/dist_13999/clib/cmake_props/CMakeFiles/CMakeTmp

Run Build Command:"/usr/bin/gmake" "cmTC_32e35/fast"
/usr/bin/gmake -f CMakeFiles/cmTC_32e35.dir/build.make CMakeFiles/cmTC_32e35.dir/build
gmake[1]: Entering directory '/tmp/mkcpandist/dist_13999/clib/cmake_props/CMakeFiles/CMakeTmp'
Building C object CMakeFiles/cmTC_32e35.dir/CheckFunctionExists.c.o
/usr/bin/cc -D_GNU_SOURCE -D_POSIX_C_SOURCE=199309L -D_XOPEN_SOURCE=600  -DCHECK_FUNCTION_EXISTS=__system_property_get   -o CMakeFiles/cmTC_32e35.dir/CheckFunctionExists.c.o   -c /usr/share/cmake-3.13/Modules/CheckFunctionExists.c
Linking C executable cmTC_32e35
/usr/bin/cmake -E cmake_link_script CMakeFiles/cmTC_32e35.dir/link.txt --verbose=1
/usr/bin/cc  -DCHECK_FUNCTION_EXISTS=__system_property_get    -rdynamic CMakeFiles/cmTC_32e35.dir/CheckFunctionExists.c.o  -o cmTC_32e35 
/usr/bin/ld: CMakeFiles/cmTC_32e35.dir/CheckFunctionExists.c.o: in function `main':
CheckFunctionExists.c:(.text+0x10): undefined reference to `__system_property_get'
collect2: error: ld returned 1 exit status
gmake[1]: *** [CMakeFiles/cmTC_32e35.dir/build.make:87: cmTC_32e35] Error 1
gmake[1]: Leaving directory '/tmp/mkcpandist/dist_13999/clib/cmake_props/CMakeFiles/CMakeTmp'
gmake: *** [Makefile:121: cmTC_32e35/fast] Error 2


