This is TeX, Version 3.14159 (Web2C 7.3.1) (format=latex 2001.1.19)  20 OCT 2001 21:44
**./images.tex
(./images.tex
LaTeX2e <1999/12/01> patch level 1
Babel <v3.6Z> and hyphenation patterns for american, french, german, ngerman, n
ohyphenation, loaded.

(/usr/share/texmf/tex/latex/koma-script/scrartcl.cls
Document Class: scrartcl 1999/12/29 v2.5h LaTeX2e KOMA document class
(/usr/share/texmf/tex/latex/base/size11.clo
File: size11.clo 1999/09/10 v1.4a Standard LaTeX file (size option)
) (/usr/share/texmf/tex/latex/koma-script/typearea.sty
Package: typearea 1999/12/29 v2.5h LaTeX2e KOMA package
Package: typearea, Copyright (C) Frank Neukam, 1992-1994 
                   Copyright (C) Markus Kohm, 1994-1999
\ta@bcor=\dimen102
\ta@div=\count79
\ta@hblk=\dimen103
\ta@vblk=\dimen104
\ta@temp=\dimen105
Package typearea Info: These are the values describing the layout:
(typearea)             DIV  = 10
(typearea)             BCOR = 0.0pt
(typearea)             \paperwidth      = 597.50793pt
(typearea)              \textwidth      = 418.25555pt
(typearea)              DIV-departure   = -6/100
(typearea)              \evensidemargin = 17.3562pt
(typearea)              \oddsidemargin  = 17.3562pt
(typearea)             \paperheight     = 845.04694pt
(typearea)              \textheight     = 595.80026pt
(typearea)              \topmargin      = -25.16531pt
(typearea)              \headheight     = 17.0pt
(typearea)              \headsep        = 20.40001pt
(typearea)              \topskip        = 11.0pt
(typearea)              \footskip       = 47.60002pt
(typearea)              \baselineskip   = 13.6pt
(typearea)              on input line 502.
)
\c@part=\count80
\c@section=\count81
\c@subsection=\count82
\c@subsubsection=\count83
\c@paragraph=\count84
\c@subparagraph=\count85
\c@figure=\count86
\c@table=\count87
\abovecaptionskip=\skip41
\belowcaptionskip=\skip42
\bibindent=\dimen106
) (/usr/share/texmf/tex/latex/base/ifthen.sty
Package: ifthen 1999/09/10 v1.1b Standard LaTeX ifthen package (DPC)
) (/usr/share/texmf/tex/latex/base/inputenc.sty
Package: inputenc 1999/09/17 v0.992 Input encoding file 
(/usr/share/texmf/tex/latex/base/latin1.def
File: latin1.def 1999/09/17 v0.992 Input encoding file 
)) (/usr/share/texmf/tex/latex/graphics/color.sty
Package: color 1999/02/16 v1.0i Standard LaTeX Color (DPC)
(/usr/share/texmf/tex/latex/config/color.cfg)
Package color Info: Driver file: dvips.def on input line 125.
(/usr/share/texmf/tex/latex/graphics/dvips.def
File: dvips.def 1999/02/16 v3.0i Driver-dependant file (DPC,SPQR)
) (/usr/share/texmf/tex/latex/graphics/dvipsnam.def
File: dvipsnam.def 1999/02/16 v3.0i Driver-dependant file (DPC,SPQR)
))
\sizebox=\box26
\lthtmlwrite=\write3
No file images.aux.
\openout1 = `images.aux'.

LaTeX Font Info:    Checking defaults for OML/cmm/m/it on input line 116.
LaTeX Font Info:    ... okay on input line 116.
LaTeX Font Info:    Checking defaults for T1/cmr/m/n on input line 116.
LaTeX Font Info:    ... okay on input line 116.
LaTeX Font Info:    Checking defaults for OT1/cmr/m/n on input line 116.
LaTeX Font Info:    ... okay on input line 116.
LaTeX Font Info:    Checking defaults for OMS/cmsy/m/n on input line 116.
LaTeX Font Info:    ... okay on input line 116.
LaTeX Font Info:    Checking defaults for OMX/cmex/m/n on input line 116.
LaTeX Font Info:    ... okay on input line 116.
LaTeX Font Info:    Checking defaults for U/cmr/m/n on input line 116.
LaTeX Font Info:    ... okay on input line 116.

latex2htmlLength hsize=349.0pt

latex2htmlLength vsize=712.54048pt

latex2htmlLength hoffset=0.0pt

latex2htmlLength voffset=0.0pt

latex2htmlLength topmargin=0.0pt

latex2htmlLength topskip=0.00003pt

latex2htmlLength headheight=0.0pt

latex2htmlLength headsep=0.0pt

latex2htmlLength parskip=4.71457pt plus 2.35728pt minus 0.94289pt

latex2htmlLength oddsidemargin=17.3562pt

latex2htmlLength evensidemargin=17.3562pt

LaTeX Font Info:    External font `cmex10' loaded for size
(Font)              <10.95> on input line 145.
LaTeX Font Info:    External font `cmex10' loaded for size
(Font)              <8> on input line 145.
LaTeX Font Info:    External font `cmex10' loaded for size
(Font)              <6> on input line 145.
l2hSize :tex2html_wrap_inline119:7.07185pt::0.0pt::9.06422pt.
[1



] (images.aux) ) 
Here is how much of TeX's memory you used:
 775 strings out of 25901
 9463 string characters out of 197578
 54489 words of memory out of 384000
 3756 multiletter control sequences out of 10000+15000
 6379 words of font info for 23 fonts, out of 400000 for 1000
 14 hyphenation exceptions out of 1000
 26i,5n,24p,162b,217s stack positions out of 300i,100n,500p,50000b,4000s

Output written on images.dvi (1 page, 348 bytes).
