--- clean 1501531077---
--- build 1501531077---
lib = /Users/ollisg/opt/perl/5.27.2/my/dev/lib/perl5/auto/share/dist/Alien-TinyCC/lib/libtcc.a
tmp = /var/folders/p7/61t8zrgn2mx1hbvlvs3t_2m40000gn/T/BB2exy3RZD
obj = /var/folders/p7/61t8zrgn2mx1hbvlvs3t_2m40000gn/T/BB2exy3RZD/i386-asm.o
obj = /var/folders/p7/61t8zrgn2mx1hbvlvs3t_2m40000gn/T/BB2exy3RZD/libtcc.o
obj = /var/folders/p7/61t8zrgn2mx1hbvlvs3t_2m40000gn/T/BB2exy3RZD/tccasm.o
obj = /var/folders/p7/61t8zrgn2mx1hbvlvs3t_2m40000gn/T/BB2exy3RZD/tccelf.o
obj = /var/folders/p7/61t8zrgn2mx1hbvlvs3t_2m40000gn/T/BB2exy3RZD/tccgen.o
obj = /var/folders/p7/61t8zrgn2mx1hbvlvs3t_2m40000gn/T/BB2exy3RZD/tccpp.o
obj = /var/folders/p7/61t8zrgn2mx1hbvlvs3t_2m40000gn/T/BB2exy3RZD/tccrun.o
obj = /var/folders/p7/61t8zrgn2mx1hbvlvs3t_2m40000gn/T/BB2exy3RZD/x86_64-gen.o
+ cc -o /Users/ollisg/dev/FFI-TinyCC/share/libtcc.bundle -shared /var/folders/p7/61t8zrgn2mx1hbvlvs3t_2m40000gn/T/BB2exy3RZD/i386-asm.o /var/folders/p7/61t8zrgn2mx1hbvlvs3t_2m40000gn/T/BB2exy3RZD/libtcc.o /var/folders/p7/61t8zrgn2mx1hbvlvs3t_2m40000gn/T/BB2exy3RZD/tccasm.o /var/folders/p7/61t8zrgn2mx1hbvlvs3t_2m40000gn/T/BB2exy3RZD/tccelf.o /var/folders/p7/61t8zrgn2mx1hbvlvs3t_2m40000gn/T/BB2exy3RZD/tccgen.o /var/folders/p7/61t8zrgn2mx1hbvlvs3t_2m40000gn/T/BB2exy3RZD/tccpp.o /var/folders/p7/61t8zrgn2mx1hbvlvs3t_2m40000gn/T/BB2exy3RZD/tccrun.o /var/folders/p7/61t8zrgn2mx1hbvlvs3t_2m40000gn/T/BB2exy3RZD/x86_64-gen.o
--- clean 1501533772---
unlink /Users/ollisg/dev/FFI-TinyCC/share/libtcc.bundle
--- clean 1501534029---
--- build 1501534029---
lib = /Users/ollisg/opt/perl/5.27.2/my/dev/lib/perl5/auto/share/dist/Alien-TinyCC/lib/libtcc.a
tmp = /var/folders/p7/61t8zrgn2mx1hbvlvs3t_2m40000gn/T/DDgrzTKuTC
obj = /var/folders/p7/61t8zrgn2mx1hbvlvs3t_2m40000gn/T/DDgrzTKuTC/i386-asm.o
obj = /var/folders/p7/61t8zrgn2mx1hbvlvs3t_2m40000gn/T/DDgrzTKuTC/libtcc.o
obj = /var/folders/p7/61t8zrgn2mx1hbvlvs3t_2m40000gn/T/DDgrzTKuTC/tccasm.o
obj = /var/folders/p7/61t8zrgn2mx1hbvlvs3t_2m40000gn/T/DDgrzTKuTC/tccelf.o
obj = /var/folders/p7/61t8zrgn2mx1hbvlvs3t_2m40000gn/T/DDgrzTKuTC/tccgen.o
obj = /var/folders/p7/61t8zrgn2mx1hbvlvs3t_2m40000gn/T/DDgrzTKuTC/tccpp.o
obj = /var/folders/p7/61t8zrgn2mx1hbvlvs3t_2m40000gn/T/DDgrzTKuTC/tccrun.o
obj = /var/folders/p7/61t8zrgn2mx1hbvlvs3t_2m40000gn/T/DDgrzTKuTC/x86_64-gen.o
+ cc -o /Users/ollisg/dev/FFI-TinyCC/share/libtcc.bundle -shared /var/folders/p7/61t8zrgn2mx1hbvlvs3t_2m40000gn/T/DDgrzTKuTC/i386-asm.o /var/folders/p7/61t8zrgn2mx1hbvlvs3t_2m40000gn/T/DDgrzTKuTC/libtcc.o /var/folders/p7/61t8zrgn2mx1hbvlvs3t_2m40000gn/T/DDgrzTKuTC/tccasm.o /var/folders/p7/61t8zrgn2mx1hbvlvs3t_2m40000gn/T/DDgrzTKuTC/tccelf.o /var/folders/p7/61t8zrgn2mx1hbvlvs3t_2m40000gn/T/DDgrzTKuTC/tccgen.o /var/folders/p7/61t8zrgn2mx1hbvlvs3t_2m40000gn/T/DDgrzTKuTC/tccpp.o /var/folders/p7/61t8zrgn2mx1hbvlvs3t_2m40000gn/T/DDgrzTKuTC/tccrun.o /var/folders/p7/61t8zrgn2mx1hbvlvs3t_2m40000gn/T/DDgrzTKuTC/x86_64-gen.o
--- clean 1501534035---
unlink /Users/ollisg/dev/FFI-TinyCC/share/libtcc.bundle
--- clean 1501534172---
--- build 1501534172---
lib = /Users/ollisg/opt/perl/5.27.2/my/dev/lib/perl5/auto/share/dist/Alien-TinyCC/lib/libtcc.a
tmp = /var/folders/p7/61t8zrgn2mx1hbvlvs3t_2m40000gn/T/4UeZTJTP1S
obj = /var/folders/p7/61t8zrgn2mx1hbvlvs3t_2m40000gn/T/4UeZTJTP1S/i386-asm.o
obj = /var/folders/p7/61t8zrgn2mx1hbvlvs3t_2m40000gn/T/4UeZTJTP1S/libtcc.o
obj = /var/folders/p7/61t8zrgn2mx1hbvlvs3t_2m40000gn/T/4UeZTJTP1S/tccasm.o
obj = /var/folders/p7/61t8zrgn2mx1hbvlvs3t_2m40000gn/T/4UeZTJTP1S/tccelf.o
obj = /var/folders/p7/61t8zrgn2mx1hbvlvs3t_2m40000gn/T/4UeZTJTP1S/tccgen.o
obj = /var/folders/p7/61t8zrgn2mx1hbvlvs3t_2m40000gn/T/4UeZTJTP1S/tccpp.o
obj = /var/folders/p7/61t8zrgn2mx1hbvlvs3t_2m40000gn/T/4UeZTJTP1S/tccrun.o
obj = /var/folders/p7/61t8zrgn2mx1hbvlvs3t_2m40000gn/T/4UeZTJTP1S/x86_64-gen.o
+ cc -o /Users/ollisg/dev/FFI-TinyCC/share/libtcc.bundle -shared /var/folders/p7/61t8zrgn2mx1hbvlvs3t_2m40000gn/T/4UeZTJTP1S/i386-asm.o /var/folders/p7/61t8zrgn2mx1hbvlvs3t_2m40000gn/T/4UeZTJTP1S/libtcc.o /var/folders/p7/61t8zrgn2mx1hbvlvs3t_2m40000gn/T/4UeZTJTP1S/tccasm.o /var/folders/p7/61t8zrgn2mx1hbvlvs3t_2m40000gn/T/4UeZTJTP1S/tccelf.o /var/folders/p7/61t8zrgn2mx1hbvlvs3t_2m40000gn/T/4UeZTJTP1S/tccgen.o /var/folders/p7/61t8zrgn2mx1hbvlvs3t_2m40000gn/T/4UeZTJTP1S/tccpp.o /var/folders/p7/61t8zrgn2mx1hbvlvs3t_2m40000gn/T/4UeZTJTP1S/tccrun.o /var/folders/p7/61t8zrgn2mx1hbvlvs3t_2m40000gn/T/4UeZTJTP1S/x86_64-gen.o
