
RCS file: /home/cvs/perl/Audio/WAV/Attic/CRC.pm,v
Working file: CRC.pm
head: 1.2
branch:
locks: strict
access list:
symbolic names:
keyword substitution: kv
total revisions: 2;	selected revisions: 2
description:
----------------------------
revision 1.2
date: 2001/05/31 14:24:59;  author: martyn;  state: dead;  lines: +0 -0
Moved to TestUtils package
----------------------------
revision 1.1
date: 2001/05/22 06:26:14;  author: martyn;  state: Exp;
Enhanced testing with CRC checker
=============================================================================

RCS file: /home/cvs/perl/Audio/WAV/Changes,v
Working file: Changes
head: 1.1
branch:
locks: strict
access list:
symbolic names:
	r1_01: 1.1
	r1_00: 1.0.0.1
	fluffy: 1.0.0
keyword substitution: kv
total revisions: 3;	selected revisions: 3
description:
----------------------------
revision 1.1
date: 2001/05/31 14:33:24;  author: martyn;  state: Exp;  lines: +6 -0
Added 1.01 changes
----------------------------
revision 1.0
date: 2001/05/20 18:32:15;  author: martyn;  state: Exp;
branches:  1.0.0;
Initial revision
----------------------------
revision 1.0.0.1
date: 2001/05/20 18:32:15;  author: martyn;  state: Exp;  lines: +0 -0
First MakeMaker Version
=============================================================================

RCS file: /home/cvs/perl/Audio/WAV/MANIFEST,v
Working file: MANIFEST
head: 1.4
branch:
locks: strict
access list:
symbolic names:
	r1_01: 1.4
	r1_00: 1.0.0.1
	fluffy: 1.0.0
keyword substitution: kv
total revisions: 6;	selected revisions: 6
description:
----------------------------
revision 1.4
date: 2001/07/08 06:18:10;  author: martyn;  state: Exp;  lines: +0 -1
Remove wav_test
----------------------------
revision 1.3
date: 2001/07/07 05:42:31;  author: martyn;  state: Exp;  lines: +7 -6
Move execs to bin/, add wav_split
----------------------------
revision 1.2
date: 2001/07/07 05:41:06;  author: martyn;  state: Exp;  lines: +6 -2
Move WAV.pm to lib
Add tests
----------------------------
revision 1.1
date: 2001/05/24 06:26:16;  author: martyn;  state: Exp;  lines: +1 -1
Changed wav_stat to wav_info
----------------------------
revision 1.0
date: 2001/05/20 18:32:15;  author: martyn;  state: Exp;
branches:  1.0.0;
Initial revision
----------------------------
revision 1.0.0.1
date: 2001/05/20 18:32:15;  author: martyn;  state: Exp;  lines: +0 -0
First MakeMaker Version
=============================================================================

RCS file: /home/cvs/perl/Audio/WAV/Makefile.PL,v
Working file: Makefile.PL
head: 1.4
branch:
locks: strict
access list:
symbolic names:
	r1_01: 1.3
	r1_00: 1.0.0.1
	fluffy: 1.0.0
keyword substitution: kv
total revisions: 6;	selected revisions: 6
description:
----------------------------
revision 1.4
date: 2001/09/20 09:23:09;  author: martyn;  state: Exp;  lines: +2 -1
Add List::Utils for wav_split
----------------------------
revision 1.3
date: 2001/07/07 05:25:17;  author: martyn;  state: Exp;  lines: +52 -10
Uprate to recent template
----------------------------
revision 1.2
date: 2001/05/31 14:34:21;  author: martyn;  state: Exp;  lines: +2 -1
Moved lib files to lib/
----------------------------
revision 1.1
date: 2001/05/24 06:26:29;  author: martyn;  state: Exp;  lines: +1 -1
Changed wav_stat to wav_info
----------------------------
revision 1.0
date: 2001/05/20 18:32:15;  author: martyn;  state: Exp;
branches:  1.0.0;
Initial revision
----------------------------
revision 1.0.0.1
date: 2001/05/20 18:32:15;  author: martyn;  state: Exp;  lines: +0 -0
First MakeMaker Version
=============================================================================

RCS file: /home/cvs/perl/Audio/WAV/README,v
Working file: README
head: 1.5
branch:
locks: strict
access list:
symbolic names:
	r1_01: 1.5
	r1_00: 1.0.0.1
	fluffy: 1.0.0
keyword substitution: kv
total revisions: 7;	selected revisions: 7
description:
----------------------------
revision 1.5
date: 2001/07/12 06:25:38;  author: martyn;  state: Exp;  lines: +1 -1
Update date
----------------------------
revision 1.4
date: 2001/07/08 10:41:51;  author: martyn;  state: Exp;  lines: +1 -1
Up date to 8th July
----------------------------
revision 1.3
date: 2001/07/07 06:02:18;  author: martyn;  state: Exp;  lines: +5 -3
Correct Heading
----------------------------
revision 1.2
date: 2001/07/07 05:57:54;  author: martyn;  state: Exp;  lines: +1 -1
Add newline
----------------------------
revision 1.1
date: 2001/07/07 05:57:35;  author: martyn;  state: Exp;  lines: +27 -7
New format, new bits
----------------------------
revision 1.0
date: 2001/05/20 18:32:15;  author: martyn;  state: Exp;
branches:  1.0.0;
Initial revision
----------------------------
revision 1.0.0.1
date: 2001/05/20 18:32:15;  author: martyn;  state: Exp;  lines: +0 -0
First MakeMaker Version
=============================================================================

RCS file: /home/cvs/perl/Audio/WAV/TODO,v
Working file: TODO
head: 1.0
branch: 1.0.0
locks: strict
access list:
symbolic names:
	r1_01: 1.0.0.1
	r1_00: 1.0.0.1
	fluffy: 1.0.0
keyword substitution: kv
total revisions: 2;	selected revisions: 2
description:
----------------------------
revision 1.0
date: 2001/05/20 18:32:15;  author: martyn;  state: Exp;
branches:  1.0.0;
Initial revision
----------------------------
revision 1.0.0.1
date: 2001/05/20 18:32:15;  author: martyn;  state: Exp;  lines: +0 -0
First MakeMaker Version
=============================================================================

RCS file: /home/cvs/perl/Audio/WAV/Attic/WAV.pm,v
Working file: WAV.pm
head: 1.1
branch:
locks: strict
access list:
symbolic names:
	r1_00: 1.0.0.1
	fluffy: 1.0.0
keyword substitution: kv
total revisions: 3;	selected revisions: 3
description:
----------------------------
revision 1.1
date: 2001/05/31 14:25:57;  author: martyn;  state: dead;  lines: +0 -0
Moved to lib/Audio
----------------------------
revision 1.0
date: 2001/05/20 18:32:15;  author: martyn;  state: Exp;
branches:  1.0.0;
Initial revision
----------------------------
revision 1.0.0.1
date: 2001/05/20 18:32:15;  author: martyn;  state: Exp;  lines: +0 -0
First MakeMaker Version
=============================================================================

RCS file: /home/cvs/perl/Audio/WAV/Attic/gameover.wav,v
Working file: gameover.wav
head: 1.1
branch:
locks: strict
access list:
symbolic names:
	r1_00: 1.0.0.1
	fluffy: 1.0.0
keyword substitution: kv
total revisions: 3;	selected revisions: 3
description:
----------------------------
revision 1.1
date: 2001/05/22 06:33:59;  author: martyn;  state: dead;  lines: +0 -0
moved to t/
----------------------------
revision 1.0
date: 2001/05/20 18:32:15;  author: martyn;  state: Exp;
branches:  1.0.0;
Initial revision
----------------------------
revision 1.0.0.1
date: 2001/05/20 18:32:15;  author: martyn;  state: Exp;  lines: +0 -0
First MakeMaker Version
=============================================================================

RCS file: /home/cvs/perl/Audio/WAV/Attic/test.pl,v
Working file: test.pl
head: 1.1
branch:
locks: strict
access list:
symbolic names:
	r1_00: 1.0.0.1
	fluffy: 1.0.0
keyword substitution: kv
total revisions: 3;	selected revisions: 3
description:
----------------------------
revision 1.1
date: 2001/05/22 06:25:11;  author: martyn;  state: dead;  lines: +0 -0
replaced by t/*.t
----------------------------
revision 1.0
date: 2001/05/20 18:32:15;  author: martyn;  state: Exp;
branches:  1.0.0;
Initial revision
----------------------------
revision 1.0.0.1
date: 2001/05/20 18:32:15;  author: martyn;  state: Exp;  lines: +0 -0
First MakeMaker Version
=============================================================================

RCS file: /home/cvs/perl/Audio/WAV/Attic/wav_badd,v
Working file: wav_badd
head: 1.5
branch:
locks: strict
access list:
symbolic names:
	r1_00: 1.0.0.1
	fluffy: 1.0.0
keyword substitution: kv
total revisions: 7;	selected revisions: 7
description:
----------------------------
revision 1.5
date: 2001/07/12 06:23:51;  author: martyn;  state: dead;  lines: +0 -0
Moved to bin/
----------------------------
revision 1.4
date: 2001/05/31 14:53:00;  author: martyn;  state: Exp;  lines: +5 -6
Improved layout of option docs.
----------------------------
revision 1.3
date: 2001/05/31 14:51:27;  author: martyn;  state: Exp;  lines: +8 -3
Update option documentation
----------------------------
revision 1.2
date: 2001/05/31 14:48:16;  author: martyn;  state: Exp;  lines: +30 -2
Bring up to recent module standards (e.g., --version)
----------------------------
revision 1.1
date: 2001/05/31 14:26:59;  author: martyn;  state: Exp;  lines: +32 -24
Use new vocab. for WAV.pm
----------------------------
revision 1.0
date: 2001/05/20 18:32:15;  author: martyn;  state: Exp;
branches:  1.0.0;
Initial revision
----------------------------
revision 1.0.0.1
date: 2001/05/20 18:32:15;  author: martyn;  state: Exp;  lines: +0 -0
First MakeMaker Version
=============================================================================

RCS file: /home/cvs/perl/Audio/WAV/Attic/wav_cross,v
Working file: wav_cross
head: 1.2
branch:
locks: strict
access list:
symbolic names:
	r1_00: 1.0.0.1
	fluffy: 1.0.0
keyword substitution: kv
total revisions: 4;	selected revisions: 4
description:
----------------------------
revision 1.2
date: 2001/07/12 06:23:51;  author: martyn;  state: dead;  lines: +0 -0
Moved to bin/
----------------------------
revision 1.1
date: 2001/05/31 15:00:54;  author: martyn;  state: Exp;  lines: +42 -11
Bring up to recent module standards (e.g., --version)
----------------------------
revision 1.0
date: 2001/05/20 18:32:15;  author: martyn;  state: Exp;
branches:  1.0.0;
Initial revision
----------------------------
revision 1.0.0.1
date: 2001/05/20 18:32:15;  author: martyn;  state: Exp;  lines: +0 -0
First MakeMaker Version
=============================================================================

RCS file: /home/cvs/perl/Audio/WAV/Attic/wav_fade,v
Working file: wav_fade
head: 1.1
branch:
locks: strict
access list:
symbolic names:
	r1_00: 1.0.0.1
	fluffy: 1.0.0
keyword substitution: kv
total revisions: 3;	selected revisions: 3
description:
----------------------------
revision 1.1
date: 2001/07/12 06:23:51;  author: martyn;  state: dead;  lines: +0 -0
Moved to bin/
----------------------------
revision 1.0
date: 2001/05/20 18:32:15;  author: martyn;  state: Exp;
branches:  1.0.0;
Initial revision
----------------------------
revision 1.0.0.1
date: 2001/05/20 18:32:15;  author: martyn;  state: Exp;  lines: +0 -0
First MakeMaker Version
=============================================================================

RCS file: /home/cvs/perl/Audio/WAV/Attic/wav_info,v
Working file: wav_info
head: 1.2
branch:
locks: strict
access list:
symbolic names:
keyword substitution: kv
total revisions: 2;	selected revisions: 2
description:
----------------------------
revision 1.2
date: 2001/07/12 06:23:51;  author: martyn;  state: dead;  lines: +0 -0
Moved to bin/
----------------------------
revision 1.1
date: 2001/05/31 14:27:26;  author: martyn;  state: Exp;
Moved from wav_stat
=============================================================================

RCS file: /home/cvs/perl/Audio/WAV/Attic/wav_stat,v
Working file: wav_stat
head: 1.1
branch:
locks: strict
access list:
symbolic names:
	r1_00: 1.0.0.1
	fluffy: 1.0.0
keyword substitution: kv
total revisions: 3;	selected revisions: 3
description:
----------------------------
revision 1.1
date: 2001/05/24 06:25:35;  author: martyn;  state: dead;  lines: +0 -0
moved to wav_info
----------------------------
revision 1.0
date: 2001/05/20 18:32:15;  author: martyn;  state: Exp;
branches:  1.0.0;
Initial revision
----------------------------
revision 1.0.0.1
date: 2001/05/20 18:32:15;  author: martyn;  state: Exp;  lines: +0 -0
First MakeMaker Version
=============================================================================

RCS file: /home/cvs/perl/Audio/WAV/Attic/wav_test,v
Working file: wav_test
head: 1.1
branch:
locks: strict
access list:
symbolic names:
	r1_00: 1.0.0.1
	fluffy: 1.0.0
keyword substitution: kv
total revisions: 3;	selected revisions: 3
description:
----------------------------
revision 1.1
date: 2001/07/12 06:23:51;  author: martyn;  state: dead;  lines: +0 -0
Moved to bin/
----------------------------
revision 1.0
date: 2001/05/20 18:32:15;  author: martyn;  state: Exp;
branches:  1.0.0;
Initial revision
----------------------------
revision 1.0.0.1
date: 2001/05/20 18:32:15;  author: martyn;  state: Exp;  lines: +0 -0
First MakeMaker Version
=============================================================================

RCS file: /home/cvs/perl/Audio/WAV/Attic/wav_trim,v
Working file: wav_trim
head: 1.1
branch:
locks: strict
access list:
symbolic names:
	r1_00: 1.0.0.1
	fluffy: 1.0.0
keyword substitution: kv
total revisions: 3;	selected revisions: 3
description:
----------------------------
revision 1.1
date: 2001/07/12 06:23:51;  author: martyn;  state: dead;  lines: +0 -0
Moved to bin/
----------------------------
revision 1.0
date: 2001/05/20 18:32:15;  author: martyn;  state: Exp;
branches:  1.0.0;
Initial revision
----------------------------
revision 1.0.0.1
date: 2001/05/20 18:32:15;  author: martyn;  state: Exp;  lines: +0 -0
First MakeMaker Version
=============================================================================

RCS file: /home/cvs/perl/Audio/WAV/bin/wav_badd,v
Working file: bin/wav_badd
head: 1.3
branch:
locks: strict
access list:
symbolic names:
	r1_01: 1.3
keyword substitution: kv
total revisions: 3;	selected revisions: 3
description:
----------------------------
revision 1.3
date: 2001/07/08 06:42:09;  author: martyn;  state: Exp;  lines: +83 -12
Much POD correction
----------------------------
revision 1.2
date: 2001/07/07 05:53:45;  author: martyn;  state: Exp;  lines: +1 -1
Very minor POD correction
----------------------------
revision 1.1
date: 2001/07/07 05:19:29;  author: martyn;  state: Exp;
Moved here from root
=============================================================================

RCS file: /home/cvs/perl/Audio/WAV/bin/wav_cross,v
Working file: bin/wav_cross
head: 1.6
branch:
locks: strict
access list:
symbolic names:
	r1_01: 1.6
keyword substitution: kv
total revisions: 6;	selected revisions: 6
description:
----------------------------
revision 1.6
date: 2001/07/08 19:25:07;  author: martyn;  state: Exp;  lines: +4 -4
Upgrade deprecated function calls
----------------------------
revision 1.5
date: 2001/07/08 06:45:53;  author: martyn;  state: Exp;  lines: +6 -6
Move DESCRIPTION
----------------------------
revision 1.4
date: 2001/07/08 06:45:20;  author: martyn;  state: Exp;  lines: +0 -2
Remove Exratneous =back
----------------------------
revision 1.3
date: 2001/07/08 06:44:38;  author: martyn;  state: Exp;  lines: +61 -10
Much POD Correction
----------------------------
revision 1.2
date: 2001/07/07 05:54:03;  author: martyn;  state: Exp;  lines: +1 -1
Very minor POD correction
----------------------------
revision 1.1
date: 2001/07/07 05:19:29;  author: martyn;  state: Exp;
Moved here from root
=============================================================================

RCS file: /home/cvs/perl/Audio/WAV/bin/wav_fade,v
Working file: bin/wav_fade
head: 1.6
branch:
locks: strict
access list:
symbolic names:
	r1_01: 1.6
keyword substitution: kv
total revisions: 6;	selected revisions: 6
description:
----------------------------
revision 1.6
date: 2001/07/08 19:26:01;  author: martyn;  state: Exp;  lines: +1 -1
Upgrade deprecated function calls
----------------------------
revision 1.5
date: 2001/07/08 18:53:12;  author: martyn;  state: Exp;  lines: +5 -5
Upgrade deprecated function calls
----------------------------
revision 1.4
date: 2001/07/08 18:47:28;  author: martyn;  state: Exp;  lines: +4 -4
Correct bug when no -O given
----------------------------
revision 1.3
date: 2001/07/08 09:55:24;  author: martyn;  state: Exp;  lines: +43 -8
Check for errors during arg processing (die '!FINISH')
Check for too few args
Check for args after --
----------------------------
revision 1.2
date: 2001/07/08 06:54:44;  author: martyn;  state: Exp;  lines: +34 -7
Much POD Correction
----------------------------
revision 1.1
date: 2001/07/07 05:19:29;  author: martyn;  state: Exp;
Moved here from root
=============================================================================

RCS file: /home/cvs/perl/Audio/WAV/bin/wav_info,v
Working file: bin/wav_info
head: 1.4
branch:
locks: strict
access list:
symbolic names:
	r1_01: 1.4
keyword substitution: kv
total revisions: 4;	selected revisions: 4
description:
----------------------------
revision 1.4
date: 2001/07/08 09:50:57;  author: martyn;  state: Exp;  lines: +71 -7
Check for errors during arg processing (die '!FINISH')
Add length accumulation, mm:ss capabilities
----------------------------
revision 1.3
date: 2001/07/08 06:56:11;  author: martyn;  state: Exp;  lines: +36 -6
Much POD Correction
----------------------------
revision 1.2
date: 2001/07/07 05:53:18;  author: martyn;  state: Exp;  lines: +1 -1
Amend name in POD
----------------------------
revision 1.1
date: 2001/07/07 05:19:29;  author: martyn;  state: Exp;
Moved here from root
=============================================================================

RCS file: /home/cvs/perl/Audio/WAV/bin/wav_split,v
Working file: bin/wav_split
head: 1.5
branch:
locks: strict
access list:
symbolic names:
	r1_01: 1.4
keyword substitution: kv
total revisions: 5;	selected revisions: 5
description:
----------------------------
revision 1.5
date: 2001/09/18 11:30:18;  author: martyn;  state: Exp;  lines: +1 -1
Correct foo in OPTIONS to wav_split
----------------------------
revision 1.4
date: 2001/07/08 06:57:43;  author: martyn;  state: Exp;  lines: +28 -7
Much POD Correction
----------------------------
revision 1.3
date: 2001/07/07 05:52:24;  author: martyn;  state: Exp;  lines: +1 -1
Very minor POD correction
----------------------------
revision 1.2
date: 2001/06/27 17:31:24;  author: martyn;  state: Exp;  lines: +18 -8
Tested, working version.
----------------------------
revision 1.1
date: 2001/06/27 16:33:42;  author: martyn;  state: Exp;
First version; compiles, but untested
=============================================================================

RCS file: /home/cvs/perl/Audio/WAV/bin/Attic/wav_test,v
Working file: bin/wav_test
head: 1.2
branch:
locks: strict
access list:
symbolic names:
keyword substitution: kv
total revisions: 2;	selected revisions: 2
description:
----------------------------
revision 1.2
date: 2001/07/08 06:13:11;  author: martyn;  state: dead;  lines: +0 -0
no longer needed; wav_info more than suffices
----------------------------
revision 1.1
date: 2001/07/07 05:19:29;  author: martyn;  state: Exp;
Moved here from root
=============================================================================

RCS file: /home/cvs/perl/Audio/WAV/bin/wav_trim,v
Working file: bin/wav_trim
head: 1.5
branch:
locks: strict
access list:
symbolic names:
	r1_01: 1.5
keyword substitution: kv
total revisions: 5;	selected revisions: 5
description:
----------------------------
revision 1.5
date: 2001/07/12 06:24:38;  author: martyn;  state: Exp;  lines: +2 -1
Update deprecated total_samples to frames
----------------------------
revision 1.4
date: 2001/07/08 19:26:23;  author: martyn;  state: Exp;  lines: +3 -3
Upgrade deprecated function calls
----------------------------
revision 1.3
date: 2001/07/08 10:41:04;  author: martyn;  state: Exp;  lines: +147 -36
Much POD Correction
----------------------------
revision 1.2
date: 2001/07/07 05:52:52;  author: martyn;  state: Exp;  lines: +1 -1
Very minor POD correction
----------------------------
revision 1.1
date: 2001/07/07 05:19:29;  author: martyn;  state: Exp;
Moved here from root
=============================================================================

RCS file: /home/cvs/perl/Audio/WAV/lib/Audio/WAV.pm,v
Working file: lib/Audio/WAV.pm
head: 1.11
branch:
locks: strict
access list:
symbolic names:
	r1_01: 1.10
keyword substitution: kv
total revisions: 11;	selected revisions: 11
description:
----------------------------
revision 1.11
date: 2001/10/20 11:24:05;  author: martyn;  state: Exp;  lines: +0 -18
Undocument total_samples
----------------------------
revision 1.10
date: 2001/07/07 05:49:27;  author: martyn;  state: Exp;  lines: +82 -7
Updated POD to new standards.
----------------------------
revision 1.9
date: 2001/06/27 16:50:47;  author: martyn;  state: Exp;  lines: +2 -2
Enhance diagnostic in seek
----------------------------
revision 1.8
date: 2001/06/27 16:47:07;  author: martyn;  state: Exp;  lines: +2 -2
Replace uses of s_position with f_position
----------------------------
revision 1.7
date: 2001/06/27 16:27:38;  author: martyn;  state: Exp;  lines: +8 -8
Change doco from sample to frame for seek
----------------------------
revision 1.6
date: 2001/06/27 16:21:30;  author: martyn;  state: Exp;  lines: +10 -4
Deprecate f_position in favour of s_position
----------------------------
revision 1.5
date: 2001/06/27 16:03:29;  author: martyn;  state: Exp;  lines: +6 -6
Change doco from sample to frame for append_to & pad
----------------------------
revision 1.4
date: 2001/06/25 15:29:11;  author: martyn;  state: Exp;  lines: +1 -1
Amend synopsis to use foreach_frame
----------------------------
revision 1.3
date: 2001/06/25 06:32:32;  author: martyn;  state: Exp;  lines: +19 -10
Deprecate foreach_sample in favour of foreach_frame
----------------------------
revision 1.2
date: 2001/06/01 06:21:58;  author: martyn;  state: Exp;  lines: +1 -1
Update version to 1.01
----------------------------
revision 1.1
date: 2001/05/31 14:26:35;  author: martyn;  state: Exp;
Moved here from root; updated terms, header reading
=============================================================================

RCS file: /home/cvs/perl/Audio/WAV/t/Attic/CRC.t,v
Working file: t/CRC.t
head: 1.3
branch:
locks: strict
access list:
symbolic names:
keyword substitution: kv
total revisions: 3;	selected revisions: 3
description:
----------------------------
revision 1.3
date: 2001/05/31 14:24:59;  author: martyn;  state: dead;  lines: +0 -0
Moved to TestUtils package
----------------------------
revision 1.2
date: 2001/05/22 06:27:04;  author: martyn;  state: Exp;  lines: +1 -1
Oops, mis-counted the tests
----------------------------
revision 1.1
date: 2001/05/22 06:26:14;  author: martyn;  state: Exp;
Enhanced testing with CRC checker
=============================================================================

RCS file: /home/cvs/perl/Audio/WAV/t/WAV.t,v
Working file: t/WAV.t
head: 1.1
branch:
locks: strict
access list:
symbolic names:
	r1_01: 1.1
keyword substitution: kv
total revisions: 1;	selected revisions: 1
description:
----------------------------
revision 1.1
date: 2001/05/22 06:26:14;  author: martyn;  state: Exp;
Enhanced testing with CRC checker
=============================================================================

RCS file: /home/cvs/perl/Audio/WAV/t/gameover.bad.wav,v
Working file: t/gameover.bad.wav
head: 1.1
branch:
locks: strict
access list:
symbolic names:
	r1_01: 1.1
keyword substitution: kv
total revisions: 1;	selected revisions: 1
description:
----------------------------
revision 1.1
date: 2001/05/31 14:28:15;  author: martyn;  state: Exp;
At last!  A test harness!
=============================================================================

RCS file: /home/cvs/perl/Audio/WAV/t/gameover.wav,v
Working file: t/gameover.wav
head: 1.1
branch:
locks: strict
access list:
symbolic names:
	r1_01: 1.1
keyword substitution: kv
total revisions: 1;	selected revisions: 1
description:
----------------------------
revision 1.1
date: 2001/05/31 14:28:15;  author: martyn;  state: Exp;
At last!  A test harness!
=============================================================================

RCS file: /home/cvs/perl/Audio/WAV/t/Attic/nlmda.lyr,v
Working file: t/nlmda.lyr
head: 1.2
branch:
locks: strict
access list:
symbolic names:
keyword substitution: kv
total revisions: 2;	selected revisions: 2
description:
----------------------------
revision 1.2
date: 2001/05/31 14:25:13;  author: martyn;  state: dead;  lines: +0 -0
Moved to TestUtils package
----------------------------
revision 1.1
date: 2001/05/22 06:26:14;  author: martyn;  state: Exp;
Enhanced testing with CRC checker
=============================================================================

RCS file: /home/cvs/perl/Audio/WAV/t/wav_badd.t,v
Working file: t/wav_badd.t
head: 1.2
branch:
locks: strict
access list:
symbolic names:
	r1_01: 1.2
keyword substitution: kv
total revisions: 2;	selected revisions: 2
description:
----------------------------
revision 1.2
date: 2001/05/31 14:28:15;  author: martyn;  state: Exp;  lines: +71 -3
At last!  A test harness!
----------------------------
revision 1.1
date: 2001/05/22 06:26:14;  author: martyn;  state: Exp;
Enhanced testing with CRC checker
=============================================================================

RCS file: /home/cvs/perl/Audio/WAV/t/wav_info.t,v
Working file: t/wav_info.t
head: 1.1
branch:
locks: strict
access list:
symbolic names:
	r1_01: 1.1
keyword substitution: kv
total revisions: 1;	selected revisions: 1
description:
----------------------------
revision 1.1
date: 2001/05/31 14:28:15;  author: martyn;  state: Exp;
At last!  A test harness!
=============================================================================
