From p11542@24horas.com  Mon Feb  4 18:29:00 2002
 Subject: I didn't want to struggle anymore                         5901
  Folder: /var/spool/mail/book						   5745
From captain.process@bananalotto.fr  Mon Feb  4 18:29:57 2002
 Subject: Confirmation de jeu bananalotto
  Folder: /dev/null							   1952
procmail: No match on "^Sender: owner-yapc-paris@(logilune\.com|mongueurs\.net)"
procmail: No match on "^Sender:.*owner-yapc-europe@lists\.dircon\.co\.uk"
procmail: No match on "^Sender:.*owner-announce@openbsd\.org"
procmail: No match on "^To:.*oracle-list@cs\.indiana\.edu"
procmail: No match on "^Sender:.*groop-admin@groo\.com"
procmail: No match on "^X-Loop:.*groo-l@newdream\.net"
procmail: No match on "^X-Loop:.*confirme@"
procmail: No match on "^Sender: owner-ftpmirror@ns\.intec\.co\.jp"
procmail: No match on "^X-BeenThere:.*templates@template-toolkit\.org"
procmail: No match on "^Delivered-To: mailing list libwww@perl\.org"
procmail: No match on "^Sender: crypto-gram.*@chaparraltree\.com"
procmail: No match on "^Sender: owner-misc@openbsd\.org"
procmail: No match on "^Sender: owner-tech@openbsd\.org"
procmail: No match on "^Delivered-To: mailing list fwp@perl\.org"
procmail: No match on "^From: cancel@sina.com"
procmail: No match on "^\*-\[\[\(.*\)\]\]-\*"
procmail: Locking "/var/spool/mail/book.lock"
procmail: Assigning "LASTFOLDER=/var/spool/mail/book"
procmail: Opening "/var/spool/mail/book"
procmail: Acquiring kernel-lock
procmail: Unlocking "/var/spool/mail/book.lock"
From captain.process@bananalotto.fr  Mon Feb  4 22:09:18 2002
 Subject: Resultat du tirage Bananalotto.fr
  Folder: lotto								   2804
procmail: Notified comsat: "book@18450840:/var/spool/mail/book"
From e10299@firemail.de  Sat Feb  2 10:18:31 2002
 Subject: Boost Your Windows Reliability!!!!!!!                         14324
  Folder: /var/spool/mail/book						   3768
From Viagra9520@eudoramail.com  Sat Feb  2 11:58:00 2002
 Subject: Make This Valentine's Day Unforgettable.           QTTKE
  Folder: /var/spool/mail/book						   3981
From bingopoly@news.bingopoly.com  Fri Feb  1 08:01:04 2002
 Subject: LES 305.000,00 € D'ELDORAWIN
  Folder: lotto								   7994
From replies3901@list2.maildart.net  Fri Feb  1 20:56:21 2002
 Subject: Big event in your living room!
  Folder: /var/spool/mail/book						   7113
From lobsterblue4287@address.com  Sat Feb  9 13:13:30 2002
 Subject: Mortgage Rates Haven't Been This Low in Years!
  Folder: /var/spool/mail/book						   5525
From hahaha@sexyfun.net  Sat Feb  9 13:13:37 2002
 Subject: Blanche neige et ...les sexe nains
  Folder: l-oulipo							  32404
From LaFourmi@cdiscountpro.com  Sat Feb  9 18:37:14 2002
 Subject: SuperFourmi fait sa revolution !!!
  Folder: achats							  20037
From g774@webinfo.fi  Fri Feb  8 20:36:27 2002
 Subject: 2002 Gov Grants Info E-Book........
  Folder: /var/spool/mail/book						   3028
From m29821@orgio.net  Fri Feb  8 20:36:37 2002
 Subject: You Can Boost Windows Reliability Easily...
  Folder: /var/spool/mail/book						   3675
From ilove@mailto.co.kr  Fri Feb  8 20:36:46 2002
 Subject: ¡Ú¾È³çÇÏ¼¼¿ä. ¼³³¯Æ¯º° ¹«·áº¹±ÇÀÔ´Ï´Ù!!!  ( ±¤ °í )
  Folder: /var/spool/mail/book						   3096
From b19916@iobox.fi  Fri Feb  8 20:36:57 2002
 Subject: Hi I am Wilma, and I have a dream..                         3561
  Folder: /var/spool/mail/book						   3129
From karen644552@btinternet.com  Fri Feb  8 20:37:24 2002
 Subject: Stock Market Volatility Beating You Up? (18@2)
  Folder: /var/spool/mail/book						   2840
From cjagueneau@wstore.com  Fri Feb  8 20:37:40 2002
 Subject: Offre spéciale St Valentin...!
  Folder: achats							  11259
From LaFourmi@cdiscountpro.com  Fri Feb  8 20:37:40 2002
 Subject: DERNIERE CHANCE !!!!
  Folder: achats							  23384
From mailing@bananalotto.com  Fri Feb  8 20:37:51 2002
 Subject: Bienvenue dans la Jet Set !
  Folder: lotto								   2315
From postmaster@bananalotto.com  Fri Feb  8 20:37:55 2002
 Subject: Free Samsung A300 with Vanguard Direct
  Folder: lotto								   2665
From ewc.678.1702406@ewrma.com  Fri Feb  8 20:38:04 2002
 Subject: Philippe, Which Certifications Produce the Highest Salaries?
  Folder: /var/spool/mail/book						  32829
