254
/app-portage/abeni/abeni-0.0.9.ebuild
/app-portage/abeni/abeni-0.0.9-r1.ebuild
/app-portage/deltup/deltup-0.4.0.ebuild
/app-portage/ebuilder/ebuilder-0.4-r1.ebuild
/app-portage/envtest/envtest-1.2.3-r4.ebuild
/app-portage/epm/epm-0.8.7.ebuild
/app-portage/epm/epm-0.8.8.ebuild
/app-portage/esearch/esearch-0.5.3.ebuild
/app-portage/esearch/esearch-0.6.ebuild
/app-portage/esearch/esearch-0.6.1.ebuild
/app-portage/generate-use/generate-use-0.3.ebuild
/app-portage/genflags/genflags-0.94.ebuild
/app-portage/genflags/genflags-0.94-r1.ebuild
/app-portage/genflags/genflags-0.96.ebuild
/app-portage/genlop/genlop-0.16.3.ebuild
/app-portage/genlop/genlop-0.20.2.ebuild
/app-portage/genlop/genlop-0.30.1.ebuild
/app-portage/gentoo-stats/gentoo-stats-0.4.ebuild
/app-portage/gentoo-stats/gentoo-stats-0.5.ebuild
/app-portage/gentoo-stats/gentoo-stats-0.5.1.ebuild
/app-portage/gentoolkit/gentoolkit-0.1.38.ebuild
/app-portage/gentoolkit/gentoolkit-0.2.0_pre3.ebuild
/app-portage/gentoolkit/gentoolkit-0.2.0_pre4.ebuild
/app-portage/gentoolkit/gentoolkit-0.2.0_pre5.ebuild
/app-portage/gentoolkit/gentoolkit-0.2.0_pre6.ebuild
/app-portage/gentoolkit/gentoolkit-0.2.0_pre7.ebuild
/app-portage/gentoolkit/gentoolkit-0.2.0_pre8.ebuild
/app-portage/gentoolkit-dev/gentoolkit-dev-0.2.0_pre1.ebuild
/app-portage/gentoolkit-dev/gentoolkit-dev-0.2.0_pre2.ebuild
/app-portage/gentoolkit-dev/gentoolkit-dev-0.2.0_pre3.ebuild
/app-portage/kportage/kportage-0.6.1.ebuild
/app-portage/lintool/lintool-0.2.3-r1.ebuild
/app-portage/lintool/lintool-0.2.4-r1.ebuild
/app-portage/mirrorselect/mirrorselect-0.83.ebuild
/app-portage/mirrorselect/mirrorselect-0.84.ebuild
/app-portage/portagemaster/portagemaster-0.2.0.ebuild
/app-portage/portagemaster/portagemaster-0.2.1.ebuild
/app-portage/porthole/porthole-0.2.ebuild
/app-portage/porthole/porthole-0.3.ebuild
/app-portage/porthole/porthole-0.3-r1.ebuild
/app-portage/rmerge2/rmerge2-0.9.7.ebuild
/app-portage/rmerge2/rmerge2-0.9.9.ebuild
/app-portage/splat/splat-0.07.ebuild
/app-portage/ufed/ufed-0.34.ebuild
/app-portage/ufed/ufed-0.35.ebuild
/app-shells/ash/ash-1.6.ebuild
/app-shells/bash/bash-2.05b-r5.ebuild
/app-shells/bash/bash-2.05b-r7.ebuild
/app-shells/bash/bash-2.05b-r8.ebuild
/app-shells/bash/bash-2.05b-r9.ebuild
/app-shells/bash-completion/bash-completion-20040526.ebuild
/app-shells/bash-completion/bash-completion-20040526-r2.ebuild
/app-shells/bashish/bashish-1.9.21.ebuild
/app-shells/ccsh/ccsh-0.0.4-r2.ebuild
/app-shells/csh/csh-1.29-r2.ebuild
/app-shells/csh/csh-1.29-r3.ebuild
/app-shells/dash/dash-0.4.24.ebuild
/app-shells/dash/dash-0.4.26.ebuild
/app-shells/dsh/dsh-0.24.0.ebuild
/app-shells/dsh/dsh-0.25.0.ebuild
/app-shells/esh/esh-0.8-r2.ebuild
/app-shells/esh/esh-0.8.5.ebuild
/app-shells/ksh/ksh-93.20030724.ebuild
/app-shells/ksh/ksh-93.20040229.ebuild
/app-shells/pdksh/pdksh-5.2.14-r4.ebuild
/app-shells/posh/posh-0.2.28.ebuild
/app-shells/psh/psh-0.009-r1.ebuild
/app-shells/psh/psh-0.009-r2.ebuild
/app-shells/psh/psh-1.8.ebuild
/app-shells/rrs/rrs-1.50.ebuild
/app-shells/rrs/rrs-1.55.ebuild
/app-shells/rrs/rrs-1.70.ebuild
/app-shells/rssh/rssh-2.1.1.ebuild
/app-shells/sandboxshell/sandboxshell-0.1.ebuild
/app-shells/sash/sash-3.6.ebuild
/app-shells/sash/sash-3.7.ebuild
/app-shells/scsh/scsh-0.6.1-r1.ebuild
/app-shells/scsh/scsh-0.6.3.ebuild
/app-shells/scsh/scsh-0.6.4.ebuild
/app-shells/scsh/scsh-0.6.5.ebuild
/app-shells/smrsh/smrsh-8.12.10.ebuild
/app-shells/tcsh/tcsh-6.11.ebuild
/app-shells/tcsh/tcsh-6.12-r2.ebuild
/app-shells/tcsh/tcsh-6.12-r3.ebuild
/app-shells/zsh/zsh-4.0.9-r2.ebuild
/app-shells/zsh/zsh-4.0.9-r3.ebuild
/app-shells/zsh/zsh-4.1.1-r4.ebuild
/app-shells/zsh/zsh-4.1.1-r5.ebuild
/app-shells/zsh/zsh-4.2.0.ebuild
/app-shells/zsh/zsh-4.2.0-r1.ebuild
/media-fonts/font-adobe-100dpi/font-adobe-100dpi-1.0.0.ebuild
/media-fonts/font-adobe-75dpi/font-adobe-75dpi-1.0.0.ebuild
/net-dns/bind/bind-9.2.2.ebuild
/net-dns/bind/bind-9.2.2-r1.ebuild
/net-dns/bind/bind-9.2.2-r2.ebuild
/net-dns/bind/bind-9.2.2-r3.ebuild
/net-dns/bind/bind-9.2.2_rc1-r2.ebuild
/net-dns/bind/bind-9.2.3.ebuild
/net-dns/bind-tools/bind-tools-9.2.2.ebuild
/net-dns/bind-tools/bind-tools-9.2.2_rc1.ebuild
/net-dns/bind-tools/bind-tools-9.2.3.ebuild
/net-dns/bind-tools/bind-tools-9.2.3-r1.ebuild
/net-dns/ddclient/ddclient-3.6.2.ebuild
/net-dns/ddclient/ddclient-3.6.3.ebuild
/net-dns/djbdns/djbdns-1.05-r10.ebuild
/net-dns/djbdns/djbdns-1.05-r11.ebuild
/net-dns/djbdns/djbdns-1.05-r12.ebuild
/net-dns/djbdns/djbdns-1.05-r3.ebuild
/net-dns/djbdns/djbdns-1.05-r7.ebuild
/net-dns/djbdns/djbdns-1.05-r8.ebuild
/net-dns/djbdns/djbdns-1.05-r9.ebuild
/net-dns/dlint/dlint-1.4.0.ebuild
/net-dns/dns2go/dns2go-1.1-r2.ebuild
/net-dns/dnshijacker/dnshijacker-1.3.ebuild
/net-dns/dnshijacker/dnshijacker-1.3-r1.ebuild
/net-dns/dnsmasq/dnsmasq-2.5.ebuild
/net-dns/dnsmasq/dnsmasq-2.5-r1.ebuild
/net-dns/dnsmasq/dnsmasq-2.7.ebuild
/net-dns/dnsmasq/dnsmasq-2.8.ebuild
/net-dns/dnsmasq/dnsmasq-2.8-r1.ebuild
/net-dns/dnsquery/dnsquery-0.60.2.ebuild
/net-dns/dnsquery/dnsquery-0.60.4.ebuild
/net-dns/dnstop/dnstop-20030124.ebuild
/net-dns/dnstop/dnstop-20030228.ebuild
/net-dns/dnstop/dnstop-20031113.ebuild
/net-dns/dnswalk/dnswalk-2.0.2.ebuild
/net-dns/ez-ipupdate/ez-ipupdate-3.0.11_beta8.ebuild
/net-dns/hesiod/hesiod-3.0.2.ebuild
/net-dns/hesiod/hesiod-3.0.2-r1.ebuild
/net-dns/idnkit/idnkit-1.0.ebuild
/net-dns/ldapdns/ldapdns-2.03.ebuild
/net-dns/ldapdns/ldapdns-2.04.ebuild
/net-dns/ldapdns/ldapdns-2.05.ebuild
/net-dns/libidn/libidn-0.3.7.ebuild
/net-dns/mfedit/mfedit-0.60.2.ebuild
/net-dns/mfedit/mfedit-0.60.4.ebuild
/net-dns/mydns/mydns-0.10.3.ebuild
/net-dns/mydns/mydns-0.11.0.ebuild
/net-dns/ndu/ndu-0.4.ebuild
/net-dns/noip-updater/noip-updater-2.0.15.ebuild
/net-dns/noip-updater/noip-updater-2.1.1-r1.ebuild
/net-dns/odsclient/odsclient-1.02.ebuild
/net-dns/pdns/pdns-2.9.12.ebuild
/net-dns/pdns/pdns-2.9.12-r1.ebuild
/net-dns/pdns/pdns-2.9.15.ebuild
/net-dns/pdns/pdns-2.9.16.ebuild
/net-dns/pdns/pdns-2.9.8.ebuild
/net-dns/pdnsd/pdnsd-1.1.10.ebuild
/net-dns/pdnsd/pdnsd-1.1.11.ebuild
/net-dns/pdnsd/pdnsd-1.1.7a.ebuild
/net-dns/pdnsd/pdnsd-1.1.9.ebuild
/net-dns/posadis/posadis-0.60.2.ebuild
/net-dns/posadis/posadis-0.60.4_p1.ebuild
/net-wireless/airsnort/airsnort-0.2.1a.ebuild
/net-wireless/airsnort/airsnort-0.2.1b.ebuild
/net-wireless/airsnort/airsnort-0.2.2.ebuild
/net-wireless/airsnort/airsnort-0.2.3c.ebuild
/net-wireless/airtraf/airtraf-1.0.ebuild
/net-wireless/ap-utils/ap-utils-1.3.1.ebuild
/net-wireless/ap-utils/ap-utils-1.3.3.ebuild
/net-wireless/ap-utils/ap-utils-1.4.ebuild
/net-wireless/ap-utils/ap-utils-1.4.1.ebuild
/net-wireless/bluez-bluefw/bluez-bluefw-0.9.ebuild
/net-wireless/bluez-bluefw/bluez-bluefw-0.9-r1.ebuild
/net-wireless/bluez-bluefw/bluez-bluefw-1.0.ebuild
/net-wireless/bluez-hcidump/bluez-hcidump-1.5.ebuild
/net-wireless/bluez-hcidump/bluez-hcidump-1.8.ebuild
/net-wireless/bluez-hciemu/bluez-hciemu-1.0.ebuild
/net-wireless/bluez-kernel/bluez-kernel-2.3.ebuild
/net-wireless/bluez-libs/bluez-libs-2.4.ebuild
/net-wireless/bluez-libs/bluez-libs-2.5.ebuild
/net-wireless/bluez-libs/bluez-libs-2.7.ebuild
/net-wireless/bluez-pan/bluez-pan-1.1.ebuild
/net-wireless/bluez-sdp/bluez-sdp-1.4.ebuild
/net-wireless/bluez-sdp/bluez-sdp-1.5.ebuild
/net-wireless/bluez-utils/bluez-utils-2.3.ebuild
/net-wireless/bluez-utils/bluez-utils-2.3-r1.ebuild
/net-wireless/bluez-utils/bluez-utils-2.3-r2.ebuild
/net-wireless/bluez-utils/bluez-utils-2.5.ebuild
/net-wireless/bluez-utils/bluez-utils-2.7.ebuild
/net-wireless/gnome-bluetooth/gnome-bluetooth-0.4.1.ebuild
/net-wireless/gtkskan/gtkskan-0.2.ebuild
/net-wireless/hostap/hostap-0.0.4.ebuild
/net-wireless/hostap-driver/hostap-driver-0.1.1.ebuild
/net-wireless/hostap-driver/hostap-driver-0.1.2.ebuild
/net-wireless/hostap-driver/hostap-driver-0.1.2-r1.ebuild
/net-wireless/hostap-driver/hostap-driver-0.1.2-r2.ebuild
/net-wireless/hostap-driver/hostap-driver-0.1.3.ebuild
/net-wireless/hostap-utils/hostap-utils-0.1.0.ebuild
/net-wireless/hostap-utils/hostap-utils-0.1.2.ebuild
/net-wireless/hostap-utils/hostap-utils-0.1.3.ebuild
/net-wireless/hostapd/hostapd-0.1.0.ebuild
/net-wireless/hostapd/hostapd-0.1.3.ebuild
/net-wireless/ipw2100/ipw2100-0.41.ebuild
/net-wireless/ipw2100/ipw2100-0.44.ebuild
/net-wireless/ipw2100/ipw2100-0.45.ebuild
/net-wireless/ipw2100/ipw2100-0.46.ebuild
/net-wireless/ipw2100/ipw2100-0.46-r1.ebuild
/net-wireless/kdebluetooth/kdebluetooth-20040308.ebuild
/net-wireless/kdebluetooth/kdebluetooth-20040416.ebuild
/net-wireless/kismet/kismet-2.6.2-r1.ebuild
/net-wireless/kismet/kismet-2.8.0.ebuild
/net-wireless/kismet/kismet-2.8.0a.ebuild
/net-wireless/kismet/kismet-2.8.0b-r1.ebuild
/net-wireless/kismet/kismet-2.8.1.ebuild
/net-wireless/kismet/kismet-2.8.1-r1.ebuild
/net-wireless/kismet/kismet-2004.02.01.ebuild
/net-wireless/kismet/kismet-2004.04.1.ebuild
/net-wireless/kismet/kismet-3.0.1.ebuild
/net-wireless/kismet/kismet-3.0.1-r1.ebuild
/net-wireless/kwavecontrol/kwavecontrol-0.2.ebuild
/net-wireless/kwavecontrol/kwavecontrol-0.3.ebuild
/net-wireless/kwavecontrol/kwavecontrol-0.3-r1.ebuild
/net-wireless/libbtctl/libbtctl-0.3.ebuild
/net-wireless/linux-wlan-ng/linux-wlan-ng-0.2.0-r1.ebuild
/net-wireless/linux-wlan-ng/linux-wlan-ng-0.2.0-r2.ebuild
/net-wireless/linux-wlan-ng/linux-wlan-ng-0.2.0-r3.ebuild
/net-wireless/linux-wlan-ng/linux-wlan-ng-0.2.1_pre11.ebuild
/net-wireless/linux-wlan-ng/linux-wlan-ng-0.2.1_pre16.ebuild
/net-wireless/linux-wlan-ng/linux-wlan-ng-0.2.1_pre17.ebuild
/net-wireless/linux-wlan-ng/linux-wlan-ng-0.2.1_pre17-r1.ebuild
/net-wireless/linux-wlan-ng/linux-wlan-ng-0.2.1_pre19.ebuild
/net-wireless/linux-wlan-ng/linux-wlan-ng-0.2.1_pre20.ebuild
/net-wireless/linux-wlan-ng/linux-wlan-ng-0.2.1_pre8.ebuild
/net-wireless/madwifi-driver/madwifi-driver-0.1_pre20031213-r1.ebuild
/net-wireless/madwifi-driver/madwifi-driver-0.1_pre20040108.ebuild
/net-wireless/madwifi-driver/madwifi-driver-0.1_pre20040212.ebuild
/net-wireless/madwifi-driver/madwifi-driver-0.1_pre20040514.ebuild
/net-wireless/ndiswrapper/ndiswrapper-0.3.ebuild
/net-wireless/ndiswrapper/ndiswrapper-0.4.ebuild
/net-wireless/ndiswrapper/ndiswrapper-0.5.ebuild
/net-wireless/ndiswrapper/ndiswrapper-0.6.ebuild
/net-wireless/ndiswrapper/ndiswrapper-0.6-r1.ebuild
/net-wireless/prism54/prism54-20040208.ebuild
/net-wireless/waproamd/waproamd-0.4.ebuild
/net-wireless/waproamd/waproamd-0.6.ebuild
/net-wireless/wavelan-applet/wavelan-applet-0.5.ebuild
/net-wireless/wavemon/wavemon-0.3.3.ebuild
/net-wireless/wavemon/wavemon-0.4.0b.ebuild
/net-wireless/wepattack/wepattack-0.1.3-r1.ebuild
/net-wireless/wireless-tools/wireless-tools-24.ebuild
/net-wireless/wireless-tools/wireless-tools-25-r1.ebuild
/net-wireless/wireless-tools/wireless-tools-26.ebuild
/net-wireless/wireless-tools/wireless-tools-26_pre9.ebuild
/net-wireless/wireless-tools/wireless-tools-27_pre17.ebuild
/net-wireless/wireless-tools/wireless-tools-27_pre2-r1.ebuild
/net-wireless/wireless-tools/wireless-tools-27_pre22.ebuild
/x11-libs/gtk+/gtk+-1.2.10-r10.ebuild
/x11-libs/gtk+/gtk+-1.2.10-r11.ebuild
/x11-libs/gtk+/gtk+-2.4.1.ebuild
/x11-libs/gtk+/gtk+-2.4.4.ebuild
/x11-libs/gtk+/gtk+-2.4.7.ebuild
/x11-libs/gtk+/gtk+-2.4.9.ebuild
/x11-libs/gtk+extra/gtk+extra-0.99.17.ebuild
