100
app-portage/abeni
app-portage/deltup
app-portage/ebuilder
app-portage/envtest
app-portage/epm
app-portage/esearch
app-portage/generate-use
app-portage/genflags
app-portage/genlop
app-portage/gentoo-stats
app-portage/gentoolkit
app-portage/gentoolkit-dev
app-portage/kportage
app-portage/lintool
app-portage/mirrorselect
app-portage/portagemaster
app-portage/porthole
app-portage/rmerge2
app-portage/splat
app-portage/ufed
app-shells/ash
app-shells/bash
app-shells/bash-completion
app-shells/bashish
app-shells/ccsh
app-shells/csh
app-shells/dash
app-shells/dsh
app-shells/esh
app-shells/ksh
app-shells/pdksh
app-shells/posh
app-shells/psh
app-shells/rrs
app-shells/rssh
app-shells/sandboxshell
app-shells/sash
app-shells/scsh
app-shells/smrsh
app-shells/tcsh
app-shells/zsh
media-fonts/font-adobe-100dpi
media-fonts/font-adobe-75dpi
net-dns/bind
net-dns/bind-tools
net-dns/ddclient
net-dns/djbdns
net-dns/dlint
net-dns/dns2go
net-dns/dnshijacker
net-dns/dnsmasq
net-dns/dnsquery
net-dns/dnstop
net-dns/dnswalk
net-dns/ez-ipupdate
net-dns/hesiod
net-dns/idnkit
net-dns/ldapdns
net-dns/libidn
net-dns/mfedit
net-dns/mydns
net-dns/ndu
net-dns/noip-updater
net-dns/odsclient
net-dns/pdns
net-dns/pdnsd
net-dns/posadis
net-wireless/airsnort
net-wireless/airtraf
net-wireless/ap-utils
net-wireless/bluez-bluefw
net-wireless/bluez-hcidump
net-wireless/bluez-hciemu
net-wireless/bluez-kernel
net-wireless/bluez-libs
net-wireless/bluez-pan
net-wireless/bluez-sdp
net-wireless/bluez-utils
net-wireless/gnome-bluetooth
net-wireless/gtkskan
net-wireless/hostap
net-wireless/hostap-driver
net-wireless/hostap-utils
net-wireless/hostapd
net-wireless/ipw2100
net-wireless/kdebluetooth
net-wireless/kismet
net-wireless/kwavecontrol
net-wireless/libbtctl
net-wireless/linux-wlan-ng
net-wireless/madwifi-driver
net-wireless/ndiswrapper
net-wireless/prism54
net-wireless/waproamd
net-wireless/wavelan-applet
net-wireless/wavemon
net-wireless/wepattack
net-wireless/wireless-tools
x11-libs/gtk+
x11-libs/gtk+extra
