============================================================
  Generated by:           Encounter(R) RTL Compiler xxx
  Generated on:           xxx
  Module:                 xx
  Library domain:         xx
    Domain index:         0
    Technology libraries: xxx
                          physical_cells 
    Operating conditions: WCZCOM 
  Interconnect mode:      global
  Area mode:              physical library
============================================================

Timing
--------

   Mode        Clock     Period 
--------------------------------
PM_default main_clk      1429.0 
           virtual_clock 1429.0 


                Cost     Critical Path  Violating 
   Mode        Group         Slack        Paths   
--------------------------------------------------
PM_default main_clk             -243.7       2560 
           virtual_clock           0.0            
           default            No paths            

Instance Count
--------------
Leaf Instance Count            556109 
Sequential Instance Count       20222 
Combinational Instance Count   535887 
Hierarchical Instance Count       466 

Area
----
Total Area                         3081054.366
Cell Area                          1182552.790


Max Fanout                         15378 (reset)
Min Fanout                         0 (n_925)
Average Fanout                     2.4
Terms to net ratio                 3.4
Terms to instance ratio            3.6
Runtime                            30229 seconds
Hostname                           somewhere.on.earth
