38.905281,-9.001262
38.886330,-9.004013
38.888050,-9.006217
38.908699,-9.006281
38.914917,-9.005949
38.919933,-9.002285
38.918385,-8.996869
38.914398,-8.994171
38.894882,-8.998610
38.886330,-9.004013
38.865738,-8.998711
38.859173,-8.992533
38.858047,-9.013535
38.860512,-9.014632
38.875603,-9.007171
38.879967,-9.002866
38.881340,-8.998589
38.870838,-8.984765
38.866951,-8.984424
38.859173,-8.992533
38.849567,-9.047209
38.831360,-9.065677
38.851734,-9.054008
38.861656,-9.040235
38.864059,-9.033998
38.859325,-9.032407
38.843864,-9.042467
38.840672,-9.046287
38.837654,-9.055395
38.831028,-9.063304
38.831360,-9.065677
38.510418,-8.742068
38.491592,-8.732553
38.491470,-8.734877
38.495682,-8.737855
38.511822,-8.745341
38.512524,-8.749485
38.519825,-8.754769
38.524212,-8.754265
38.525051,-8.751417
38.523205,-8.747177
38.496239,-8.731486
38.491592,-8.732553
38.481380,-8.835731
38.473339,-8.831610
38.481537,-8.841642
38.487679,-8.838376
38.483013,-8.830978
38.479435,-8.829215
38.473339,-8.831610
38.430416,-8.722168
38.425949,-8.714504
38.425636,-8.720596
38.431526,-8.730999
38.433811,-8.731191
38.430325,-8.714288
38.428326,-8.712955
38.425949,-8.714504
37.010532,-7.842020
37.000126,-7.855103
37.005619,-7.855494
37.010086,-7.853239
37.018692,-7.830688
37.015362,-7.828164
37.003471,-7.837042
37.000820,-7.844860
37.000126,-7.855103
36.984055,-7.920870
36.961258,-7.886343
36.966293,-7.916711
36.977219,-7.945147
36.977219,-7.945147
36.985477,-7.938961
36.986317,-7.939641
36.988579,-7.941471
36.992390,-7.958329
36.994801,-7.960791
36.998035,-7.960454
37.000736,-7.956647
37.001820,-7.948147
37.000725,-7.942064
36.995003,-7.931643
36.996395,-7.921451
36.995525,-7.915385
36.987194,-7.906781
36.983059,-7.896765
36.975601,-7.889085
36.973598,-7.872650
36.971428,-7.869922
36.967175,-7.872477
36.962486,-7.879572
36.961258,-7.886343
36.985294,-7.847671
36.974178,-7.864974
36.975971,-7.865960
36.980694,-7.863152
36.991802,-7.846220
36.988472,-7.843696
36.993805,-7.837500
36.993973,-7.833796
36.991852,-7.829929
36.986008,-7.837233
36.975002,-7.857030
36.974178,-7.864974
40.700397,-8.709248
40.693169,-8.712909
40.704552,-8.708961
40.710133,-8.702871
40.716717,-8.691293
40.704884,-8.706761
40.702827,-8.706467
40.703262,-8.703720
40.693169,-8.712909
40.698700,-8.696435
40.684719,-8.699189
40.684467,-8.706376
40.688061,-8.708396
40.695465,-8.706146
40.708786,-8.691949
40.710064,-8.681520
40.704052,-8.676652
40.701660,-8.686112
40.698772,-8.690140
40.685974,-8.695965
40.684719,-8.699189
40.672825,-8.701923
40.664158,-8.710837
40.664711,-8.714770
40.666721,-8.716094
40.676510,-8.711291
40.680664,-8.703744
40.683380,-8.691606
40.694069,-8.680550
40.688698,-8.676924
40.678955,-8.687137
40.665337,-8.696810
40.663570,-8.701502
40.664158,-8.710837
38.917931,-7.999711
41.556438,-6.212290
41.555439,-6.216043
41.541843,-6.223349
41.532825,-6.231055
41.517895,-6.254125
41.506203,-6.255689
41.503193,-6.258356
41.495708,-6.271250
41.488262,-6.276624
41.481613,-6.285580
41.476913,-6.286475
41.463268,-6.293966
41.459232,-6.296994
41.450504,-6.302141
41.449566,-6.302669
41.449566,-6.302669
41.444321,-6.305619
41.433586,-6.304416
41.424145,-6.308112
41.417175,-6.314914
41.413410,-6.321498
41.407860,-6.325298
41.395668,-6.329217
41.389866,-6.334527
41.386551,-6.341424
41.385818,-6.353282
41.385818,-6.353282
41.386112,-6.357027
41.394924,-6.365728
41.396873,-6.373962
41.395832,-6.383337
41.389332,-6.390154
41.379917,-6.392351
41.367199,-6.382965
41.367199,-6.382965
41.362110,-6.381444
41.358864,-6.384086
41.350201,-6.395987
41.343323,-6.410667
41.334297,-6.416783
41.330547,-6.422139
41.315571,-6.428382
41.307129,-6.440578
41.301357,-6.457097
41.301357,-6.457097
41.292736,-6.472883
41.265926,-6.506696
41.260384,-6.526481
41.258705,-6.536241
41.256691,-6.543179
41.246395,-6.558397
41.242752,-6.562418
41.237667,-6.570483
41.237888,-6.575182
41.237442,-6.588834
41.239010,-6.596668
41.241024,-6.607186
41.244869,-6.618453
41.245274,-6.623301
41.243710,-6.634267
41.239902,-6.645905
41.221848,-6.668905
41.209690,-6.681042
41.200665,-6.687900
41.195305,-6.692872
41.179150,-6.701137
41.161873,-6.719028
41.146935,-6.739858
41.142002,-6.748867
41.132996,-6.765311
41.128151,-6.768610
41.123600,-6.767891
41.120434,-6.762615
41.112736,-6.755472
41.106018,-6.754112
41.088551,-6.770236
41.065712,-6.782446
41.054340,-6.797886
41.044174,-6.806752
41.041771,-6.812060
41.037231,-6.823076
41.033222,-6.844981
41.031654,-6.859638
41.030983,-6.874969
41.036129,-6.895894
41.037556,-6.901879
41.038929,-6.915030
41.037621,-6.920315
41.034004,-6.930360
41.027401,-6.928569
41.021919,-6.928122
41.018787,-6.926332
41.010727,-6.915365
40.997463,-6.904341
40.982304,-6.888061
40.972164,-6.878288
40.963799,-6.872599
40.958286,-6.860979
40.954247,-6.856635
40.926552,-6.843719
40.901398,-6.842629
40.894867,-6.836708
40.890190,-6.829341
40.886345,-6.826815
40.882469,-6.810832
40.881863,-6.808328
40.878036,-6.804600
40.857079,-6.799145
40.848167,-6.798271
40.845570,-6.803001
40.843716,-6.817374
40.841396,-6.819106
40.834343,-6.816783
40.823292,-6.820649
40.806896,-6.815935
40.786186,-6.822504
40.768093,-6.823444
40.753155,-6.827184
40.746552,-6.825178
40.744957,-6.824172
40.737049,-6.819181
40.732479,-6.818740
40.729820,-6.813857
40.717094,-6.808665
40.681133,-6.802394
40.681133,-6.802394
40.667465,-6.799516
40.649529,-6.792888
40.641289,-6.793203
40.632069,-6.796787
40.616817,-6.804363
40.592430,-6.822418
40.568558,-6.837779
40.562393,-6.826165
40.563492,-6.819238
40.555943,-6.806148
40.545616,-6.796495
40.539948,-6.794200
40.532543,-6.789597
40.523323,-6.790629
40.512257,-6.795042
40.510559,-6.799778
40.503525,-6.806201
40.483913,-6.816527
40.471962,-6.830485
40.454842,-6.840063
40.447060,-6.840388
40.434162,-6.833648
40.426361,-6.829995
40.418438,-6.831001
40.399487,-6.818372
40.387783,-6.809291
40.383282,-6.805846
40.381771,-6.801308
40.375328,-6.792115
40.373260,-6.782062
40.370155,-6.776081
40.365582,-6.776533
40.359470,-6.784694
40.356236,-6.786376
40.331242,-6.789701
40.328163,-6.794974
40.326611,-6.803884
40.321041,-6.818927
40.315613,-6.827102
40.306118,-6.843795
40.297169,-6.856322
40.288887,-6.858716
40.276093,-6.856226
40.266949,-6.857938
40.260632,-6.875622
40.257454,-6.896102
40.255276,-6.944074
40.254047,-6.947908
40.244549,-6.953526
40.239117,-6.961382
40.237759,-6.981620
40.231480,-6.996602
40.221905,-7.005489
40.211739,-7.010175
40.198811,-7.015651
40.187771,-7.018512
40.180729,-7.016456
40.164322,-7.014047
40.158943,-7.009075
40.153931,-7.008290
40.145634,-7.011254
40.136993,-7.009140
40.124844,-7.000343
40.116707,-6.990264
40.120434,-6.982730
40.117378,-6.965815
40.114616,-6.958559
40.113274,-6.948936
40.113945,-6.945354
40.112602,-6.941326
40.105858,-6.938591
40.102085,-6.929464
40.091339,-6.924765
40.085968,-6.920065
40.076569,-6.917155
40.073212,-6.914693
40.068291,-6.905965
40.064934,-6.903727
40.062862,-6.896850
40.062695,-6.893432
40.057545,-6.895222
40.052845,-6.894775
40.050838,-6.892551
40.046803,-6.886046
40.036510,-6.879333
40.033154,-6.880228
40.030373,-6.876651
40.025318,-6.875304
40.023304,-6.875080
40.020844,-6.873066
40.013008,-6.863890
40.010548,-6.868366
40.006294,-6.870380
40.000000,-6.874694
40.000000,-6.874694
39.992893,-6.875512
39.969376,-6.886551
39.958035,-6.890014
39.943771,-6.885577
39.933823,-6.888530
39.930401,-6.892411
39.921406,-6.902613
39.914013,-6.904533
39.893581,-6.899717
39.867374,-6.902559
39.850826,-6.916966
39.845161,-6.927887
39.833893,-6.929268
39.829380,-6.939960
39.823517,-6.943748
39.822685,-6.945889
39.820484,-6.951565
39.819080,-6.964819
39.804657,-6.983486
39.797474,-6.985705
39.778786,-6.977131
39.770309,-6.977196
39.764076,-6.978585
39.742783,-6.990882
39.737701,-6.992046
39.728001,-6.990468
39.725266,-6.991134
39.725266,-6.991134
39.724075,-6.991423
39.718872,-6.995027
39.714218,-6.998252
39.691673,-7.001074
39.680050,-7.006018
39.672047,-7.012062
39.670300,-7.016105
39.662422,-7.044364
39.656384,-7.059402
39.656063,-7.068266
39.656494,-7.075398
39.662807,-7.097098
39.663391,-7.105010
39.663731,-7.109591
39.656853,-7.147375
39.658779,-7.163483
39.662220,-7.175834
39.666260,-7.251898
39.662426,-7.264619
39.647671,-7.313516
39.653114,-7.386707
39.651951,-7.393147
39.653137,-7.403884
39.658230,-7.421966
39.658573,-7.423187
39.666065,-7.466026
39.664051,-7.488110
39.664886,-7.501789
39.661583,-7.515790
39.659042,-7.522139
39.656410,-7.524928
39.652493,-7.525558
39.616142,-7.507878
39.609566,-7.504682
39.593090,-7.492654
39.584377,-7.481138
39.576714,-7.460521
39.571529,-7.452494
39.561352,-7.443257
39.544731,-7.434791
39.540585,-7.429497
39.536507,-7.422434
39.535172,-7.415547
39.533871,-7.407776
39.535355,-7.399001
39.535355,-7.399001
39.525539,-7.390259
39.498131,-7.382502
39.490513,-7.378150
39.489346,-7.376696
39.485497,-7.371907
39.480495,-7.359468
39.480930,-7.348574
39.473370,-7.337146
39.467381,-7.314906
39.461075,-7.300616
39.456051,-7.294381
39.451973,-7.293225
39.436127,-7.299847
39.413227,-7.299510
39.407650,-7.301499
39.406139,-7.303189
39.401176,-7.308737
39.389889,-7.327448
39.385212,-7.329790
39.347656,-7.312825
39.347656,-7.312825
39.345387,-7.310493
39.322708,-7.292268
39.305630,-7.266109
39.298237,-7.254785
39.281200,-7.232516
39.276707,-7.230176
39.254543,-7.240596
39.239151,-7.241709
39.213631,-7.237782
39.200874,-7.229638
39.196125,-7.224452
39.190308,-7.218100
39.185238,-7.206606
39.182011,-7.194932
39.174496,-7.144161
39.167103,-7.133418
39.155941,-7.131570
39.135166,-7.141791
39.121056,-7.145352
39.116264,-7.144769
39.109787,-7.140263
39.104504,-7.134360
39.101082,-7.127688
39.099239,-7.115526
39.100330,-7.098248
39.116890,-7.052491
39.118145,-7.043157
39.116810,-7.035728
39.102581,-7.011442
39.096294,-7.000722
39.078587,-6.976770
39.063484,-6.963263
39.059170,-6.962132
39.045021,-6.966895
39.040936,-6.965777
39.032372,-6.955298
39.029003,-6.953342
39.022579,-6.953559
38.999805,-6.969851
38.971310,-6.990218
38.963188,-6.999428
38.943333,-7.016165
38.925358,-7.022660
38.920761,-7.027052
38.912189,-7.046184
38.907349,-7.048652
38.900719,-7.046101
38.900719,-7.046101
38.896488,-7.043027
38.882198,-7.032646
38.875610,-7.031065
38.867725,-7.033503
38.863224,-7.037321
38.858822,-7.053415
38.857635,-7.057757
38.854645,-7.064011
38.840412,-7.076582
38.821301,-7.084747
38.816067,-7.089684
38.814655,-7.096617
38.814465,-7.118383
38.814453,-7.119719
38.812149,-7.126009
38.797394,-7.145844
38.779766,-7.157005
38.776142,-7.161746
38.768131,-7.184920
38.753754,-7.194816
38.746529,-7.203706
38.733849,-7.234102
38.729309,-7.244978
38.725178,-7.250848
38.718830,-7.254819
38.666855,-7.264568
38.638409,-7.265154
38.635220,-7.264665
38.632381,-7.260984
38.628048,-7.242309
38.623749,-7.240877
38.606007,-7.255271
38.590919,-7.260186
38.574398,-7.272601
38.552593,-7.285269
38.545353,-7.294745
38.540436,-7.297359
38.523766,-7.301580
38.515999,-7.306005
38.508060,-7.310526
38.498863,-7.312991
38.498863,-7.312991
38.484200,-7.316919
38.480118,-7.315791
38.478687,-7.311327
38.484051,-7.297078
38.478825,-7.295879
38.463821,-7.310075
38.449959,-7.314347
38.441357,-7.327958
38.437355,-7.330624
38.436558,-7.330292
38.434875,-7.329595
38.435333,-7.311844
38.422184,-7.284218
38.397549,-7.269008
38.359112,-7.230834
38.341568,-7.210564
38.335171,-7.203179
38.303272,-7.179719
38.294415,-7.171331
38.279797,-7.151547
38.273151,-7.145333
38.268433,-7.142725
38.234554,-7.133885
38.232327,-7.133305
38.211483,-7.114337
38.187279,-7.099250
38.176201,-7.082621
38.175442,-7.072120
38.182964,-7.067043
38.183746,-7.064475
38.177975,-7.053099
38.182972,-7.035673
38.183758,-7.026714
38.184700,-7.023880
38.188393,-7.012749
38.194366,-7.006123
38.205162,-7.005586
38.206474,-7.001013
38.205273,-6.989902
38.209229,-6.975602
38.208878,-6.966284
38.217697,-6.950517
38.219311,-6.943925
38.218185,-6.936887
38.213871,-6.935030
38.211185,-6.933874
38.180199,-6.943700
38.177792,-6.944462
38.147266,-6.951722
38.124943,-6.960316
38.082237,-6.993555
38.078533,-6.994502
38.067863,-6.991567
38.063595,-6.991706
38.061436,-6.991776
38.056351,-6.992934
38.046734,-6.998759
38.033051,-6.990433
38.028118,-6.993628
38.020844,-7.023355
38.019478,-7.041826
38.024395,-7.057765
38.038250,-7.080029
38.040237,-7.088264
38.040100,-7.094870
38.039951,-7.102164
38.036781,-7.107196
38.022545,-7.119979
38.020691,-7.120450
38.013294,-7.115954
38.007103,-7.115878
38.000763,-7.125936
37.997513,-7.169790
37.998035,-7.174169
38.006989,-7.186008
38.008121,-7.192452
38.006275,-7.198718
37.999172,-7.206463
37.996704,-7.209153
37.991100,-7.235764
37.986168,-7.250822
37.977879,-7.257561
37.969860,-7.257362
37.949738,-7.249764
37.934223,-7.259535
37.914280,-7.265267
37.904018,-7.271475
37.888206,-7.281042
37.882908,-7.275798
37.878830,-7.274391
37.878830,-7.274391
37.859074,-7.287712
37.852566,-7.295382
37.841152,-7.299555
37.814861,-7.325291
37.802250,-7.346516
37.800323,-7.349757
37.773495,-7.382644
37.765057,-7.397965
37.763954,-7.407995
37.757198,-7.415919
37.746536,-7.418387
37.737011,-7.426702
37.718678,-7.431544
37.707169,-7.436438
37.691101,-7.443267
37.672226,-7.444607
37.653660,-7.449425
37.647083,-7.453022
37.635300,-7.465782
37.623901,-7.469344
37.619236,-7.476523
37.607708,-7.483242
37.607960,-7.488157
37.609951,-7.490773
37.609951,-7.490773
37.603745,-7.492944
37.601048,-7.492429
37.597706,-7.491790
37.586079,-7.495330
37.582260,-7.493346
37.579739,-7.498649
37.570663,-7.506966
37.564831,-7.509165
37.562664,-7.500669
37.561111,-7.499414
37.558002,-7.502372
37.557209,-7.520840
37.524456,-7.511947
37.518841,-7.490341
37.515438,-7.488292
37.514095,-7.488495
37.506199,-7.489687
37.501259,-7.486959
37.501259,-7.486959
37.488899,-7.464367
37.480789,-7.460664
37.466393,-7.464593
37.452499,-7.456481
37.431751,-7.453090
37.417473,-7.443233
37.413242,-7.445539
37.412182,-7.454377
37.410217,-7.457407
37.410217,-7.457407
37.409832,-7.461117
37.406567,-7.462336
37.402122,-7.458880
37.391941,-7.444414
37.382576,-7.437761
37.374672,-7.434653
37.361645,-7.433217
37.351921,-7.435159
37.346920,-7.439422
37.339439,-7.442659
37.320316,-7.438810
37.310772,-7.441910
37.301144,-7.436108
37.298054,-7.435277
37.282753,-7.431163
37.273651,-7.423678
37.269989,-7.423437
37.253517,-7.432962
37.246769,-7.435097
37.241623,-7.431890
37.233643,-7.419609
37.227364,-7.416043
37.206276,-7.415229
37.192921,-7.410626
37.183441,-7.405086
37.177456,-7.401590
37.174458,-7.401966
37.170902,-7.404598
37.168652,-7.409033
37.170017,-7.420295
37.175358,-7.440700
37.174503,-7.466427
37.171196,-7.490271
37.165878,-7.507390
37.153381,-7.537511
37.151539,-7.541945
37.124504,-7.599107
37.127190,-7.600722
37.132778,-7.593657
37.137199,-7.581644
37.153000,-7.556078
37.154987,-7.557931
37.155262,-7.562246
37.148418,-7.571808
37.145870,-7.577686
37.141788,-7.587110
37.131477,-7.602445
37.127090,-7.613600
37.118801,-7.619333
37.112301,-7.631485
37.110138,-7.628475
37.111290,-7.619053
37.111290,-7.619053
37.103645,-7.624596
37.091858,-7.642107
37.056152,-7.712326
37.056152,-7.712326
37.055775,-7.715733
37.058151,-7.724195
37.056767,-7.729534
37.051781,-7.733192
37.043045,-7.733441
37.043045,-7.733441
37.024879,-7.764777
37.016212,-7.783901
37.016212,-7.783901
37.017097,-7.789682
37.016090,-7.796760
37.018124,-7.802623
37.022408,-7.804355
37.025970,-7.801746
37.029694,-7.785421
37.033226,-7.793677
37.027748,-7.808164
37.025322,-7.826296
37.021164,-7.842016
37.020359,-7.843973
37.016254,-7.853963
37.009644,-7.862929
37.009842,-7.868662
37.008175,-7.869973
37.006191,-7.868115
36.998230,-7.856397
36.994312,-7.856690
36.987576,-7.863357
36.980835,-7.875167
36.980671,-7.883731
37.002380,-7.916164
37.002815,-7.921628
37.000710,-7.927481
37.000877,-7.933783
37.003925,-7.937435
37.005993,-7.938316
37.013611,-7.941566
37.014153,-7.944751
37.007294,-7.953977
37.006504,-7.961068
37.009678,-7.971879
37.007862,-7.976322
37.007568,-7.982592
36.989712,-7.961565
36.982639,-7.955621
36.980919,-7.958069
36.991325,-7.976263
37.008415,-7.998953
37.009983,-8.001689
37.062107,-8.092735
37.073433,-8.125061
37.073227,-8.129338
37.074936,-8.134737
37.084995,-8.166574
37.088608,-8.191753
37.087189,-8.206820
37.082752,-8.222514
37.081200,-8.235565
37.082905,-8.247718
37.078949,-8.262875
37.077972,-8.273392
37.073376,-8.285814
37.072411,-8.288423
37.071491,-8.297798
37.074879,-8.308364
37.087307,-8.326501
37.093380,-8.338424
37.097393,-8.350188
37.099987,-8.367286
37.098232,-8.379462
37.088810,-8.397911
37.086712,-8.407767
37.085651,-8.424291
37.085815,-8.428740
37.086334,-8.442670
37.094120,-8.470488
37.098110,-8.477962
37.102390,-8.511237
37.105221,-8.514327
37.131924,-8.517891
37.137691,-8.512907
37.145638,-8.501220
37.147984,-8.500260
37.151958,-8.503443
37.147373,-8.512247
37.147629,-8.516279
37.141846,-8.521548
37.130466,-8.528375
37.117527,-8.525335
37.114006,-8.526772
37.115288,-8.560103
37.112507,-8.565036
37.113144,-8.570529
37.119526,-8.580497
37.119579,-8.584375
37.119823,-8.601434
37.121376,-8.603647
37.123425,-8.602871
37.123993,-8.596328
37.126663,-8.589094
37.135670,-8.589467
37.140541,-8.587809
37.147186,-8.580991
37.150753,-8.582560
37.149651,-8.588945
37.145355,-8.592037
37.134758,-8.592718
37.129425,-8.597913
37.128857,-8.604457
37.130894,-8.609492
37.138138,-8.616096
37.135124,-8.621010
37.126038,-8.623425
37.121151,-8.629044
37.120609,-8.625852
37.119919,-8.621781
37.118576,-8.621099
37.116478,-8.634966
37.108692,-8.652093
37.099007,-8.661613
37.090805,-8.664667
37.079178,-8.662858
37.078560,-8.665957
37.082802,-8.681480
37.080517,-8.733697
37.078693,-8.738165
37.071804,-8.755025
37.068916,-8.774828
37.062668,-8.784329
37.061951,-8.789137
37.065308,-8.799438
37.058872,-8.838123
37.055195,-8.846690
37.049732,-8.854247
37.044029,-8.857775
37.042210,-8.861629
37.043232,-8.868299
37.041927,-8.879639
37.038582,-8.890520
37.026817,-8.899828
37.022816,-8.905786
37.019619,-8.918106
37.015068,-8.925732
37.006786,-8.925887
37.002953,-8.928708
37.002075,-8.940650
36.993683,-8.942797
36.993038,-8.946175
36.996574,-8.948765
37.011246,-8.949444
37.021393,-8.961471
37.024731,-8.975829
37.023369,-8.979956
37.016838,-8.981686
37.019135,-8.985889
37.019737,-8.991665
37.021717,-8.993265
37.027325,-8.987450
37.033886,-8.985150
37.038593,-8.978971
37.041904,-8.977250
37.047546,-8.979165
37.052246,-8.977277
37.063625,-8.962503
37.084557,-8.957993
37.091442,-8.953998
37.102348,-8.939459
37.109425,-8.934327
37.117901,-8.928178
37.150661,-8.908895
37.159115,-8.905600
37.171391,-8.903774
37.182919,-8.907334
37.194309,-8.913464
37.197178,-8.911413
37.198177,-8.901459
37.201748,-8.894878
37.212627,-8.884900
37.215626,-8.882998
37.228573,-8.874772
37.260406,-8.859669
37.267315,-8.859390
37.279026,-8.863824
37.288452,-8.863759
37.290600,-8.866526
37.289944,-8.870203
37.292809,-8.872456
37.305073,-8.870908
37.314407,-8.872560
37.320782,-8.865055
37.328564,-8.859589
37.391216,-8.815522
37.441494,-8.799032
37.443722,-8.798970
37.456909,-8.798598
37.482483,-8.792971
37.491859,-8.793756
37.507275,-8.789002
37.531536,-8.786427
37.549362,-8.792529
37.555935,-8.789911
37.566490,-8.796729
37.575928,-8.802828
37.584484,-8.810464
37.593906,-8.814716
37.613956,-8.809196
37.624065,-8.809182
37.663116,-8.800640
37.678421,-8.793558
37.686661,-8.792199
37.690010,-8.791646
37.702709,-8.794734
37.706673,-8.793624
37.715469,-8.783681
37.722813,-8.766395
37.724300,-8.755547
37.722561,-8.753669
37.712467,-8.753404
37.700253,-8.749785
37.698299,-8.748044
37.697823,-8.739191
37.695808,-8.738008
37.687763,-8.742902
37.683304,-8.741532
37.677017,-8.728513
37.678703,-8.725278
37.682568,-8.727819
37.683960,-8.736304
37.686371,-8.738525
37.700687,-8.731694
37.702435,-8.733565
37.704170,-8.743688
37.715679,-8.744721
37.725342,-8.748840
37.727554,-8.757779
37.726452,-8.766369
37.717201,-8.787419
37.718170,-8.789104
37.729057,-8.791751
37.736332,-8.797562
37.741791,-8.807263
37.745785,-8.808157
37.758240,-8.804605
37.770893,-8.804227
37.805607,-8.795012
37.838921,-8.790588
37.850262,-8.793279
37.870277,-8.794807
37.887096,-8.796093
37.899963,-8.800361
37.912968,-8.802037
37.924736,-8.809690
37.930119,-8.816514
37.941990,-8.852557
37.949486,-8.862752
37.951252,-8.868405
37.950974,-8.882283
37.953205,-8.886697
37.953880,-8.888035
37.957035,-8.889174
37.961155,-8.885181
37.966145,-8.873442
37.970596,-8.867449
37.992828,-8.851090
38.061436,-8.817805
38.064018,-8.816551
38.123158,-8.792542
38.175888,-8.776671
38.182682,-8.775163
38.199585,-8.771408
38.239426,-8.769247
38.283134,-8.772063
38.307846,-8.777938
38.349586,-8.787868
38.366989,-8.793128
38.402939,-8.812491
38.416805,-8.823870
38.424286,-8.832330
38.442158,-8.852556
38.468842,-8.886333
38.489826,-8.906224
38.491962,-8.904950
38.493610,-8.899842
38.492912,-8.891324
38.490902,-8.890276
38.485981,-8.892184
38.484016,-8.890265
38.483166,-8.884651
38.485317,-8.878712
38.480732,-8.874234
38.473133,-8.870373
38.465500,-8.858347
38.457260,-8.849186
38.447041,-8.829656
38.439754,-8.819707
38.434422,-8.816338
38.413212,-8.809287
38.407661,-8.805611
38.404034,-8.800349
38.404232,-8.796579
38.408684,-8.794918
38.424026,-8.806337
38.427685,-8.809062
38.435429,-8.810304
38.439907,-8.808062
38.444431,-8.800577
38.445042,-8.793342
38.443531,-8.787093
38.438774,-8.781444
38.431519,-8.779663
38.432205,-8.775351
38.439426,-8.773339
38.440170,-8.767864
38.436707,-8.759412
38.434727,-8.757787
38.428757,-8.766608
38.425438,-8.768659
38.422615,-8.765506
38.418541,-8.755547
38.430302,-8.750129
38.432739,-8.747419
38.432812,-8.741598
38.427582,-8.737709
38.425297,-8.736012
38.424862,-8.726651
38.418804,-8.715071
38.419361,-8.708707
38.423500,-8.699730
38.421986,-8.693485
38.409679,-8.673813
38.399158,-8.646140
38.399803,-8.638038
38.406116,-8.622249
38.408985,-8.624525
38.409389,-8.630094
38.406315,-8.640907
38.406765,-8.647860
38.407467,-8.658772
38.418243,-8.672487
38.421791,-8.683854
38.426674,-8.691546
38.427937,-8.702724
38.431034,-8.709394
38.433819,-8.704382
38.436214,-8.706914
38.441898,-8.725751
38.451813,-8.742616
38.456379,-8.756409
38.459045,-8.753719
38.461365,-8.739922
38.462730,-8.736434
38.464012,-8.733149
38.466042,-8.733902
38.469017,-8.742899
38.471531,-8.743111
38.478809,-8.735559
38.488544,-8.729381
38.499680,-8.727109
38.505791,-8.728790
38.522316,-8.742143
38.528824,-8.745026
38.549313,-8.739458
38.557098,-8.739823
38.559433,-8.743523
38.545658,-8.746686
38.538059,-8.748431
38.524429,-8.763328
38.521908,-8.776535
38.511364,-8.780601
38.510738,-8.775004
38.516022,-8.766117
38.515289,-8.762554
38.508308,-8.755546
38.497959,-8.751464
38.482922,-8.753694
38.476646,-8.759579
38.472748,-8.768288
38.471840,-8.781332
38.472328,-8.783319
38.474113,-8.790564
38.478550,-8.797938
38.483456,-8.813811
38.509418,-8.852781
38.515217,-8.869033
38.517738,-8.886463
38.516911,-8.897771
38.505726,-8.918100
38.503242,-8.919554
38.487480,-8.928770
38.482826,-8.934199
38.480930,-8.939576
38.482151,-8.955430
38.479538,-8.961328
38.477936,-8.974019
38.474945,-8.978424
38.460026,-8.991116
38.454594,-8.998220
38.450474,-9.010687
38.443890,-9.022061
38.444183,-9.037828
38.441105,-9.043246
38.438343,-9.048100
38.436760,-9.056121
38.432281,-9.062429
38.433716,-9.069843
38.432522,-9.079065
38.438198,-9.097058
38.439487,-9.107084
38.437859,-9.111604
38.429024,-9.117811
38.431072,-9.126448
38.427315,-9.136313
38.428989,-9.143458
38.428574,-9.151000
38.416885,-9.186023
38.415634,-9.189767
38.414627,-9.199586
38.417347,-9.216735
38.420940,-9.218225
38.428215,-9.215386
38.442509,-9.206182
38.452412,-9.197454
38.473732,-9.185671
38.485676,-9.181497
38.511768,-9.181410
38.532528,-9.181340
38.552734,-9.185497
38.590134,-9.202600
38.611244,-9.215321
38.629547,-9.229888
38.659527,-9.259464
38.668568,-9.266138
38.670982,-9.264020
38.665253,-9.255601
38.665119,-9.245647
38.672379,-9.234904
38.674015,-9.213706
38.676670,-9.203126
38.676640,-9.182945
38.677872,-9.175794
38.680016,-9.163364
38.688808,-9.146313
38.688267,-9.142757
38.684494,-9.140371
38.672676,-9.150715
38.670471,-9.149055
38.666824,-9.140247
38.658932,-9.133400
38.648891,-9.102977
38.646946,-9.100757
38.644161,-9.105477
38.644466,-9.112519
38.651241,-9.127156
38.650269,-9.132331
38.648129,-9.133958
38.642361,-9.138345
38.640430,-9.135834
38.640221,-9.122954
38.636520,-9.115025
38.624794,-9.106964
38.624542,-9.103143
38.639538,-9.101850
38.643513,-9.096359
38.643497,-9.088174
38.640419,-9.081470
38.630196,-9.075300
38.625233,-9.065216
38.620056,-9.063296
38.616638,-9.058611
38.608910,-9.052959
38.602741,-9.043942
38.602741,-9.043942
38.606113,-9.041026
38.608398,-9.041228
38.619003,-9.048886
38.629665,-9.051291
38.636406,-9.062408
38.644207,-9.062515
38.647049,-9.065106
38.649792,-9.073826
38.659496,-9.081120
38.661613,-9.080139
38.663074,-9.074422
38.665390,-9.072072
38.668907,-9.068507
38.668774,-9.058263
38.679489,-9.046931
38.678566,-9.042756
38.663708,-9.037349
38.662724,-9.034338
38.666637,-9.025620
38.666824,-9.022129
38.661491,-9.014643
38.661015,-9.006415
38.653111,-8.995489
38.654148,-8.993242
38.656418,-8.993733
38.661179,-8.999122
38.666962,-9.002553
38.670532,-9.008715
38.676075,-9.012419
38.685040,-9.007944
38.686501,-9.005524
38.689072,-9.001281
38.689140,-8.995730
38.682568,-8.977023
38.692562,-8.974683
38.692978,-8.971210
38.685043,-8.956478
38.687500,-8.953477
38.691063,-8.955543
38.696278,-8.965357
38.699326,-8.977030
38.699955,-8.995218
38.702057,-9.007395
38.700649,-9.029208
38.698341,-9.033684
38.696087,-9.035645
38.689186,-9.041649
38.688282,-9.045663
38.691730,-9.049770
38.709236,-9.048688
38.714256,-9.045037
38.726173,-9.024148
38.729755,-9.013053
38.737675,-9.006728
38.745552,-8.971132
38.755283,-8.960863
38.758160,-8.954584
38.760769,-8.944074
38.761234,-8.935333
38.758213,-8.923069
38.762238,-8.920785
38.769154,-8.920216
38.788998,-8.926919
38.808964,-8.931294
38.815647,-8.935099
38.829372,-8.948894
38.833908,-8.949877
38.844925,-8.945565
38.840759,-8.953243
38.835510,-8.962908
38.834576,-8.967514
38.837605,-8.971003
38.841625,-8.968719
38.843620,-8.970066
38.848068,-8.981298
38.854130,-8.983882
38.870785,-8.977139
38.875290,-8.978707
38.885277,-8.993659
38.890926,-8.995329
38.901993,-8.990146
38.911938,-8.988675
38.922432,-8.989893
38.927322,-8.988564
38.932133,-8.985579
38.945126,-8.977514
38.953312,-8.970311
38.957600,-8.963058
38.964794,-8.944319
38.970818,-8.938975
38.979485,-8.935624
38.998127,-8.934612
39.005703,-8.925878
39.017769,-8.919003
39.020744,-8.914856
39.024158,-8.906636
39.026207,-8.896706
39.027550,-8.890190
39.024860,-8.880263
39.025459,-8.868861
39.022007,-8.855933
39.027473,-8.852294
39.028435,-8.847090
39.025299,-8.828022
39.027084,-8.815840
39.031574,-8.808883
39.045780,-8.796001
39.050774,-8.788203
39.060722,-8.759966
39.061531,-8.758857
39.066154,-8.752495
39.087883,-8.744939
39.110825,-8.718078
39.113308,-8.718876
39.110012,-8.729475
39.104050,-8.738377
39.084766,-8.752022
39.068336,-8.759145
39.065155,-8.762988
39.064857,-8.764470
39.061447,-8.781477
39.056320,-8.796316
39.049042,-8.803919
39.035458,-8.813622
39.030708,-8.821145
39.029518,-8.830735
39.030582,-8.845512
39.036495,-8.881567
39.035561,-8.894999
39.031921,-8.905062
39.025887,-8.921766
39.015610,-8.933791
38.970387,-8.955668
38.958363,-8.974570
38.945965,-8.987565
38.934216,-8.997826
38.919720,-9.010480
38.908657,-9.015662
38.892952,-9.017499
38.884430,-9.022316
38.867142,-9.040720
38.865177,-9.047289
38.854496,-9.058064
38.835968,-9.069603
38.827229,-9.073586
38.809605,-9.081611
38.782223,-9.087076
38.768711,-9.086457
38.754829,-9.088440
38.741444,-9.093978
38.723122,-9.105803
38.709042,-9.119757
38.704323,-9.130450
38.700756,-9.149437
38.693932,-9.160815
38.695625,-9.175885
38.690990,-9.193309
38.692051,-9.223825
38.695171,-9.233761
38.697041,-9.257917
38.694889,-9.267667
38.693043,-9.271770
38.691479,-9.275253
38.691006,-9.287787
38.682144,-9.306571
38.680641,-9.312867
38.673428,-9.318637
38.673782,-9.324519
38.677437,-9.333045
38.677528,-9.343582
38.687443,-9.359124
38.696480,-9.381903
38.700451,-9.396899
38.699818,-9.407959
38.696442,-9.412250
38.686943,-9.424309
38.687870,-9.428198
38.692822,-9.433928
38.694187,-9.438151
38.693069,-9.457647
38.698917,-9.475751
38.702106,-9.480148
38.707634,-9.483888
38.732548,-9.473945
38.746750,-9.470598
38.752537,-9.473779
38.757500,-9.485727
38.757980,-9.486882
38.761681,-9.490453
38.772362,-9.492341
38.779503,-9.495944
38.805397,-9.484917
38.816929,-9.476043
38.859303,-9.449844
38.872383,-9.443644
38.939301,-9.411885
38.949089,-9.409280
38.973194,-9.417410
38.983372,-9.416016
38.992352,-9.419310
38.998440,-9.421541
39.008965,-9.418123
39.015308,-9.419600
39.032291,-9.415611
39.050056,-9.414045
39.057117,-9.415002
39.070339,-9.420653
39.075706,-9.419100
39.094803,-9.406190
39.105022,-9.395971
39.110886,-9.393965
39.116493,-9.392045
39.152668,-9.369241
39.170158,-9.360277
39.204639,-9.347003
39.215256,-9.345931
39.228901,-9.340556
39.230980,-9.339736
39.240047,-9.341759
39.258541,-9.335230
39.270103,-9.333653
39.280735,-9.336412
39.287025,-9.342895
39.298435,-9.348086
39.305874,-9.346421
39.311840,-9.350517
39.322594,-9.363319
39.329605,-9.361026
39.344769,-9.364804
39.345589,-9.365501
39.348270,-9.367787
39.350063,-9.372677
39.348743,-9.392028
39.350155,-9.399537
39.355232,-9.407098
39.360912,-9.404091
39.364605,-9.395584
39.364986,-9.384701
39.367523,-9.376379
39.366318,-9.373315
39.359440,-9.369129
39.355759,-9.361112
39.356419,-9.349370
39.360382,-9.344132
39.370754,-9.339198
39.368362,-9.328645
39.368790,-9.325143
39.371849,-9.318792
39.382538,-9.296609
39.415272,-9.244128
39.424923,-9.235566
39.420013,-9.233047
39.417843,-9.226646
39.408321,-9.224591
39.398209,-9.216577
39.396221,-9.223480
39.392826,-9.224203
39.389862,-9.222306
39.382950,-9.226985
39.380505,-9.225580
39.380196,-9.222895
39.386581,-9.215216
39.387764,-9.202041
39.379677,-9.198939
39.380436,-9.193401
39.383289,-9.191596
39.393368,-9.196059
39.395962,-9.194820
39.395531,-9.185925
39.398594,-9.184432
39.402771,-9.187766
39.404079,-9.193200
39.400658,-9.197021
39.401867,-9.200084
39.416317,-9.208493
39.421032,-9.214536
39.424690,-9.227275
39.426346,-9.227893
39.427837,-9.228451
39.455395,-9.207052
39.465649,-9.204150
39.469326,-9.195622
39.495811,-9.168487
39.504845,-9.154233
39.504971,-9.147740
39.496975,-9.142875
39.499886,-9.135750
39.504917,-9.131771
39.509590,-9.138700
39.518101,-9.138289
39.518742,-9.130660
39.521214,-9.127337
39.530907,-9.122005
39.555859,-9.093204
39.583042,-9.069618
39.589851,-9.066679
39.594872,-9.067131
39.597500,-9.069439
39.599842,-9.077050
39.601952,-9.077337
39.606216,-9.077920
39.674084,-9.056785
39.696804,-9.047863
39.714260,-9.047356
39.724072,-9.042645
39.734024,-9.037866
39.749615,-9.033629
39.757717,-9.027832
39.819477,-8.995972
39.838898,-8.988502
39.841774,-8.986609
39.859562,-8.974902
39.903137,-8.957093
39.959297,-8.929273
39.965729,-8.926082
40.000000,-8.912910
40.000000,-8.912910
40.029102,-8.900249
40.044437,-8.894549
40.087822,-8.878411
40.115150,-8.863483
40.142643,-8.862835
40.143646,-8.860518
40.142929,-8.855116
40.127747,-8.844643
40.120850,-8.839154
40.119610,-8.835507
40.120815,-8.827553
40.126038,-8.835017
40.138424,-8.846801
40.143482,-8.846225
40.142307,-8.834547
40.135189,-8.810003
40.128803,-8.803062
40.124409,-8.804277
40.113743,-8.789043
40.110584,-8.781414
40.111019,-8.775790
40.114384,-8.771239
40.119061,-8.768553
40.138321,-8.754861
40.139656,-8.755836
40.137203,-8.760446
40.125824,-8.771348
40.117401,-8.776481
40.115467,-8.779336
40.115940,-8.785313
40.129951,-8.796590
40.149342,-8.823679
40.147953,-8.855432
40.149746,-8.862686
40.158195,-8.869469
40.161694,-8.874723
40.167088,-8.882830
40.171486,-8.893825
40.179161,-8.902946
40.187641,-8.908846
40.205418,-8.898662
40.224659,-8.892138
40.236408,-8.883945
40.264179,-8.869608
40.269417,-8.867562
40.321320,-8.847262
40.336491,-8.839264
40.389858,-8.820993
40.410213,-8.814017
40.447849,-8.805306
40.512615,-8.785792
40.605022,-8.757882
40.631115,-8.751698
40.635273,-8.749845
40.638794,-8.748274
40.643078,-8.743739
40.643486,-8.738666
40.642189,-8.736486
40.630772,-8.742083
40.618065,-8.745198
40.579174,-8.750595
40.579750,-8.747335
40.592300,-8.742114
40.603287,-8.742191
40.607018,-8.740322
40.609024,-8.735350
40.618176,-8.735612
40.627193,-8.733168
40.629612,-8.736014
40.640480,-8.726485
40.648079,-8.731750
40.660133,-8.721091
40.663006,-8.714044
40.659267,-8.706639
40.652611,-8.700535
40.641880,-8.693552
40.622608,-8.681022
40.639645,-8.678455
40.641411,-8.667166
40.646465,-8.659974
40.657860,-8.657328
40.671337,-8.650515
40.666973,-8.657420
40.649780,-8.663472
40.645012,-8.668883
40.642986,-8.687654
40.659187,-8.695836
40.662079,-8.692980
40.677212,-8.678029
40.692097,-8.671427
40.695461,-8.666828
40.695335,-8.663819
40.696262,-8.656972
40.701683,-8.659100
40.700737,-8.666547
40.711166,-8.669578
40.716141,-8.677985
40.719498,-8.673684
40.719913,-8.661699
40.722198,-8.655231
40.721821,-8.646201
40.726612,-8.639632
40.722626,-8.622828
40.726097,-8.608323
40.728134,-8.609045
40.729797,-8.613948
40.734325,-8.608812
40.736206,-8.614030
40.729370,-8.633142
40.728783,-8.642176
40.732700,-8.656164
40.727985,-8.666691
40.738464,-8.674832
40.745934,-8.677387
40.758595,-8.675450
40.767487,-8.676590
40.774570,-8.683631
40.780628,-8.680692
40.786869,-8.672750
40.788296,-8.670938
40.792324,-8.660360
40.807320,-8.643826
40.813427,-8.632768
40.815502,-8.625674
40.819847,-8.632550
40.821674,-8.632660
40.826359,-8.633630
40.826092,-8.637497
40.822174,-8.638103
40.819923,-8.643682
40.825367,-8.645212
40.841114,-8.642335
40.842720,-8.642811
40.841618,-8.644254
40.828587,-8.651422
40.824223,-8.651760
40.814758,-8.647281
40.809639,-8.649679
40.801487,-8.660312
40.800667,-8.664170
40.804001,-8.667078
40.827446,-8.657969
40.840275,-8.657841
40.853748,-8.652336
40.858421,-8.656229
40.845558,-8.659729
40.826752,-8.664845
40.819054,-8.668891
40.791866,-8.673559
40.778767,-8.688092
40.768326,-8.691965
40.763950,-8.699211
40.748486,-8.696166
40.728363,-8.698306
40.719753,-8.699222
40.701206,-8.718803
40.677845,-8.718875
40.667416,-8.722437
40.654934,-8.732171
40.647701,-8.742524
40.646240,-8.751431
40.654800,-8.748960
40.669304,-8.740253
40.671577,-8.739706
40.709957,-8.730447
40.718838,-8.725287
40.734474,-8.723544
40.750130,-8.714591
40.783989,-8.702537
40.793056,-8.700693
40.851109,-8.688885
40.869633,-8.683090
40.915199,-8.663573
40.929024,-8.661097
40.941158,-8.661228
40.953648,-8.657764
40.962986,-8.652602
40.982235,-8.652258
40.994713,-8.649091
41.005260,-8.648823
41.013405,-8.645091
41.038712,-8.651283
41.052700,-8.654707
41.060513,-8.653973
41.078686,-8.658394
41.090622,-8.657607
41.108940,-8.664458
41.115143,-8.663928
41.127113,-8.668885
41.137379,-8.670115
41.138988,-8.669910
41.133835,-8.659925
41.133556,-8.654770
41.135059,-8.650932
41.139568,-8.646368
41.141010,-8.645524
41.145180,-8.643080
41.145180,-8.643080
41.147644,-8.644740
41.147644,-8.644740
41.148983,-8.645728
41.148983,-8.652379
41.145630,-8.670012
41.147530,-8.674663
41.154148,-8.682020
41.183823,-8.698351
41.190792,-8.708762
41.205605,-8.717541
41.215977,-8.715759
41.241085,-8.724876
41.271729,-8.726469
41.282017,-8.727105
41.289391,-8.732410
41.311375,-8.739229
41.321739,-8.737751
41.333374,-8.739080
41.340096,-8.744581
41.344936,-8.749200
41.363850,-8.758571
41.371407,-8.758739
41.383308,-8.765553
41.386559,-8.770915
41.401367,-8.779737
41.410980,-8.780037
41.416851,-8.782531
41.424065,-8.779342
41.458141,-8.773763
41.468315,-8.772097
41.483547,-8.775485
41.491367,-8.781144
41.496422,-8.787239
41.510017,-8.785056
41.527699,-8.790430
41.535568,-8.788189
41.532726,-8.784359
41.522575,-8.779764
41.515266,-8.772614
41.510593,-8.755594
41.514313,-8.747617
41.517017,-8.769979
41.519352,-8.773707
41.534042,-8.779573
41.548985,-8.791165
41.577980,-8.800610
41.596260,-8.802073
41.606682,-8.805474
41.645489,-8.822568
41.658756,-8.823932
41.676769,-8.825784
41.682793,-8.830438
41.684937,-8.828135
41.685707,-8.819340
41.691265,-8.804749
41.691715,-8.785563
41.696476,-8.773969
41.694103,-8.763144
41.700665,-8.732748
41.713669,-8.707932
41.712688,-8.716414
41.705757,-8.731236
41.702377,-8.749328
41.699230,-8.793360
41.696274,-8.805678
41.693184,-8.808837
41.687210,-8.828586
41.687214,-8.834991
41.688911,-8.838758
41.691265,-8.841244
41.704590,-8.855322
41.723503,-8.864779
41.753201,-8.873720
41.765007,-8.870514
41.778309,-8.870152
41.787643,-8.865563
41.797146,-8.868928
41.802200,-8.868644
41.809258,-8.863599
41.814297,-8.863619
41.822277,-8.871165
41.836433,-8.872693
41.846275,-8.866604
41.867149,-8.859696
41.869320,-8.856777
41.866848,-8.848971
41.867970,-8.843232
41.875099,-8.836042
41.876099,-8.827235
41.879421,-8.824083
41.883331,-8.823721
41.893173,-8.817620
41.905556,-8.797907
41.905556,-8.797907
41.909584,-8.799806
41.909584,-8.799806
41.912659,-8.793471
41.919128,-8.773973
41.924881,-8.761170
41.931591,-8.753339
41.940758,-8.747206
41.964809,-8.737607
41.973946,-8.723648
41.980537,-8.700447
41.991222,-8.674622
42.005283,-8.656942
42.009987,-8.653565
42.032196,-8.645499
42.048450,-8.627551
42.052177,-8.614683
42.055561,-8.598090
42.054546,-8.589624
42.052162,-8.558289
42.056580,-8.530703
42.061996,-8.522914
42.075871,-8.516459
42.077873,-8.511665
42.079788,-8.502871
42.078251,-8.485664
42.078590,-8.479907
42.078590,-8.479907
42.078724,-8.473832
42.078724,-8.473832
42.082287,-8.455627
42.081299,-8.429179
42.078976,-8.422908
42.079315,-8.412188
42.083546,-8.394325
42.082062,-8.383193
42.082977,-8.375880
42.090279,-8.362179
42.091606,-8.356422
42.090317,-8.331491
42.091183,-8.325708
42.094875,-8.317322
42.102718,-8.308245
42.108311,-8.290138
42.113453,-8.279371
42.113453,-8.279371
42.120533,-8.265026
42.123264,-8.253118
42.132030,-8.242349
42.132740,-8.225882
42.136684,-8.211033
42.142605,-8.204305
42.145645,-8.199442
42.145149,-8.191143
42.142609,-8.187334
42.122578,-8.186212
42.102135,-8.182877
42.085056,-8.178447
42.070412,-8.175749
42.066399,-8.175482
42.065865,-8.167190
42.075638,-8.143209
42.078548,-8.123701
42.077110,-8.111322
42.070766,-8.094758
42.055630,-8.080905
42.033554,-8.077384
42.016418,-8.081431
42.004761,-8.110582
41.992046,-8.128586
41.981373,-8.154372
41.977242,-8.158475
41.967648,-8.168005
41.960049,-8.172099
41.954529,-8.176893
41.951382,-8.182542
41.925365,-8.202264
41.920116,-8.209325
41.915138,-8.207220
41.908150,-8.211848
41.899601,-8.207475
41.891880,-8.201944
41.882053,-8.194565
41.881409,-8.171915
41.879936,-8.167846
41.873695,-8.162583
41.852940,-8.154865
41.819042,-8.150551
41.816414,-8.149183
41.810631,-8.129569
41.808834,-8.114162
41.806660,-8.108639
41.801453,-8.095398
41.801453,-8.079568
41.803352,-8.065004
41.807785,-8.065004
41.813538,-8.059638
41.817543,-8.041495
41.825829,-8.025424
41.828915,-8.021921
41.827892,-8.010537
41.831341,-8.002767
41.847939,-7.991735
41.852299,-7.984011
41.866344,-7.974058
41.869465,-7.969326
41.869396,-7.949103
41.874176,-7.927303
41.877125,-7.920721
41.884869,-7.911584
41.891464,-7.908314
41.904545,-7.907481
41.918987,-7.908354
41.923134,-7.906024
41.925594,-7.892663
41.923145,-7.882721
41.923908,-7.877896
41.916977,-7.874578
41.908951,-7.874917
41.864223,-7.885108
41.857235,-7.881368
41.852184,-7.874057
41.856178,-7.855278
41.856411,-7.847328
41.862022,-7.835677
41.866875,-7.834093
41.876751,-7.831498
41.877594,-7.819947
41.879871,-7.796781
41.884007,-7.780449
41.894482,-7.758617
41.895924,-7.748271
41.894020,-7.734690
41.893803,-7.718132
41.899879,-7.705566
41.904034,-7.697187
41.905350,-7.689328
41.903454,-7.684292
41.891449,-7.663163
41.882431,-7.649848
41.877884,-7.640434
41.877476,-7.630304
41.882130,-7.610925
41.878551,-7.590838
41.881123,-7.580546
41.880592,-7.574700
41.870102,-7.590123
41.858555,-7.602121
41.843502,-7.608434
41.840748,-7.608606
41.839901,-7.606116
41.834347,-7.591458
41.831501,-7.578158
41.830902,-7.566496
41.833385,-7.550697
41.838917,-7.540858
41.843529,-7.522401
41.848652,-7.510396
41.850586,-7.506506
41.856205,-7.501870
41.865231,-7.506887
41.871979,-7.494033
41.862011,-7.472436
41.862526,-7.461435
41.862507,-7.452337
41.856289,-7.449596
41.850834,-7.444360
41.844078,-7.440070
41.835442,-7.428654
41.829975,-7.421275
41.823254,-7.423956
41.811306,-7.423574
41.814304,-7.404739
41.819481,-7.396113
41.825127,-7.393292
41.837242,-7.384962
41.846371,-7.367921
41.846397,-7.357819
41.842068,-7.338646
41.841278,-7.324223
41.846123,-7.304230
41.848980,-7.290271
41.849773,-7.276529
41.859528,-7.261333
41.864693,-7.246550
41.871754,-7.219287
41.881550,-7.201935
41.886368,-7.191722
41.911949,-7.175356
41.913792,-7.174176
41.918480,-7.174306
41.926537,-7.177887
41.932625,-7.181397
41.942860,-7.183942
41.948917,-7.182811
41.953335,-7.180662
41.959896,-7.185846
41.962223,-7.185106
41.966984,-7.183942
41.969418,-7.183307
41.979572,-7.175901
41.980103,-7.175184
41.983234,-7.170931
41.987370,-7.160363
41.989792,-7.144815
41.983833,-7.123012
41.985218,-7.114558
41.980576,-7.097188
41.970921,-7.078701
41.952690,-7.064785
41.949604,-7.059449
41.948872,-7.051141
41.950905,-7.042022
41.952011,-7.023054
41.948788,-7.013422
41.949505,-7.001492
41.958027,-6.988636
41.968590,-6.976468
41.971786,-6.966161
41.971642,-6.959041
41.961510,-6.947788
41.960781,-6.945500
41.950817,-6.940523
41.947254,-6.935789
41.943577,-6.925533
41.941269,-6.915636
41.941483,-6.894489
41.938522,-6.882730
41.940090,-6.873285
41.944160,-6.855155
41.946247,-6.852049
41.944340,-6.844622
41.945179,-6.825644
41.949257,-6.813635
41.953300,-6.808764
41.968472,-6.805625
41.981968,-6.803802
41.987350,-6.800161
41.988781,-6.785793
41.988270,-6.776878
41.985241,-6.767875
41.973141,-6.754568
41.949768,-6.744251
41.940838,-6.732599
41.941051,-6.721570
41.939034,-6.707400
41.937305,-6.689868
41.936451,-6.674513
41.938107,-6.659548
41.940681,-6.644000
41.943546,-6.612825
41.947403,-6.589344
41.953716,-6.581882
41.968403,-6.579897
41.967468,-6.571484
41.964592,-6.566447
41.956825,-6.561744
41.944195,-6.551227
41.931313,-6.541934
41.923714,-6.544454
41.913284,-6.551787
41.904202,-6.551853
41.896042,-6.556145
41.890430,-6.562706
41.883598,-6.560959
41.879017,-6.535091
41.873981,-6.522073
41.869259,-6.517334
41.861374,-6.523214
41.859322,-6.522352
41.840218,-6.529174
41.834511,-6.528105
41.819813,-6.531072
41.813774,-6.536711
41.802059,-6.539450
41.796036,-6.544171
41.786839,-6.546670
41.769382,-6.550470
41.760822,-6.556340
41.751934,-6.568909
41.747581,-6.569095
41.742237,-6.559190
41.736084,-6.557193
41.731812,-6.551894
41.711761,-6.545255
41.708107,-6.544852
41.699799,-6.549706
41.691593,-6.554500
41.690861,-6.545173
41.679974,-6.526823
41.676701,-6.517565
41.665970,-6.502891
41.657997,-6.496602
41.667194,-6.458067
41.669575,-6.452645
41.687222,-6.437601
41.687313,-6.432109
41.682934,-6.420075
41.681053,-6.409337
41.681118,-6.391329
41.677231,-6.377178
41.676464,-6.367999
41.679066,-6.348233
41.677803,-6.341483
41.676079,-6.334720
41.670712,-6.326635
41.666088,-6.315217
41.664371,-6.307846
41.659691,-6.284833
41.655289,-6.273426
41.650570,-6.267807
41.639153,-6.251030
41.621082,-6.235306
41.607304,-6.223055
41.603714,-6.218389
41.597607,-6.197808
41.583847,-6.184047
41.578377,-6.182690
41.573608,-6.195975
41.569622,-6.202576
41.564510,-6.207929
41.556438,-6.212290
