spel-wizard.pl - v0.9 - Walter Daems <walter.daems@uantwerpen.be>
=================================================================
- Reading configuration file from /home/wdaems/perl5/lib/perl5/auto/share/dist/SpeL-Wizard/tts.conf
- no t/02-bin/spel/chunk-numbers.aux available at /home/wdaems/lab/spelbox/perl/lib/SpeL/Wizard.pm line 96.
- Treating t/02-bin/spel/spel/chunk-numbers.tex                    
  Parsing t/02-bin/spel/spel/chunk-numbers.tex              [  0%]  Parsed  t/02-bin/spel/spel/chunk-numbers.tex              [  0%]$Parsetree = bless( {
  'Element' => [
    bless( {
      'MathUnit' => [
        bless( {
          '' => '(b) &  \\frac{2}{\\jz} = \\frac{2 (-\\jz)}{\\jz (-\\jz)} = - 2 \\jz
',
          'Left' => bless( {
            'Component' => bless( {
              '' => 'b',
              'Left' => bless( {
                'Component' => bless( {
                  'Alphabet' => 'b',
                  'trailingws' => ''
                }, 'SpeL::Object::Variable' ),
                'Rest' => bless( {
                  'ws' => ''
                }, 'SpeL::Object::Expressionrest' )
              }, 'SpeL::Object::Expression' )
            }, 'SpeL::Object::Relation' ),
            'Rest' => bless( {
              'ws' => ''
            }, 'SpeL::Object::Expressionrest' ),
            'cbracket' => ')',
            'obracket' => '('
          }, 'SpeL::Object::Expression' ),
          'RelationChain' => [
            {
              'RelOperator' => bless( {
                '' => '&'
              }, 'SpeL::Object::RelOperator' ),
              'Right' => bless( {
                'Component' => bless( {
                  'den' => bless( {
                    'Component' => bless( {
                      'Name' => 'jz',
                      'trailingws' => ''
                    }, 'SpeL::Object::Command' ),
                    'Rest' => bless( {
                      'ws' => ''
                    }, 'SpeL::Object::Expressionrest' )
                  }, 'SpeL::Object::Expression' ),
                  'num' => bless( {
                    'Realnumber' => bless( {
                      'Sign' => '',
                      'Value' => '2',
                      'trailingws' => ''
                    }, 'SpeL::Object::Realnumber' )
                  }, 'SpeL::Object::Number' )
                }, 'SpeL::Object::Fraction' ),
                'Rest' => bless( {
                  'ws' => ''
                }, 'SpeL::Object::Expressionrest' )
              }, 'SpeL::Object::Expression' )
            },
            {
              'RelOperator' => bless( {
                '' => '='
              }, 'SpeL::Object::RelOperator' ),
              'Right' => bless( {
                'Component' => bless( {
                  'den' => bless( {
                    'Component' => bless( {
                      'Name' => 'jz',
                      'trailingws' => ' '
                    }, 'SpeL::Object::Command' ),
                    'Rest' => bless( {
                      'Op' => bless( {
                        'Op' => ''
                      }, 'SpeL::Object::Binop' ),
                      'Remainder' => bless( {
                        'Component' => bless( {
                          '' => '-\\jz',
                          'Left' => bless( {
                            'Component' => bless( {
                              'Name' => 'jz',
                              'trailingws' => ''
                            }, 'SpeL::Object::Command' ),
                            'Rest' => bless( {
                              'ws' => ''
                            }, 'SpeL::Object::Expressionrest' ),
                            'Sign' => '-'
                          }, 'SpeL::Object::Expression' )
                        }, 'SpeL::Object::Relation' ),
                        'Rest' => bless( {
                          'ws' => ''
                        }, 'SpeL::Object::Expressionrest' ),
                        'cbracket' => ')',
                        'obracket' => '('
                      }, 'SpeL::Object::Expression' )
                    }, 'SpeL::Object::Expressionrest' )
                  }, 'SpeL::Object::Expression' ),
                  'num' => bless( {
                    'Component' => bless( {
                      'Realnumber' => bless( {
                        'Sign' => '',
                        'Value' => '2',
                        'trailingws' => ' '
                      }, 'SpeL::Object::Realnumber' )
                    }, 'SpeL::Object::Number' ),
                    'Rest' => bless( {
                      'Op' => bless( {
                        'Op' => ''
                      }, 'SpeL::Object::Binop' ),
                      'Remainder' => bless( {
                        'Component' => bless( {
                          '' => '-\\jz',
                          'Left' => bless( {
                            'Component' => bless( {
                              'Name' => 'jz',
                              'trailingws' => ''
                            }, 'SpeL::Object::Command' ),
                            'Rest' => bless( {
                              'ws' => ''
                            }, 'SpeL::Object::Expressionrest' ),
                            'Sign' => '-'
                          }, 'SpeL::Object::Expression' )
                        }, 'SpeL::Object::Relation' ),
                        'Rest' => bless( {
                          'ws' => ''
                        }, 'SpeL::Object::Expressionrest' ),
                        'cbracket' => ')',
                        'obracket' => '('
                      }, 'SpeL::Object::Expression' )
                    }, 'SpeL::Object::Expressionrest' )
                  }, 'SpeL::Object::Expression' )
                }, 'SpeL::Object::Fraction' ),
                'Rest' => bless( {
                  'ws' => ''
                }, 'SpeL::Object::Expressionrest' )
              }, 'SpeL::Object::Expression' )
            },
            {
              'RelOperator' => bless( {
                '' => '='
              }, 'SpeL::Object::RelOperator' ),
              'Right' => bless( {
                'Component' => bless( {
                  'Realnumber' => bless( {
                    'Sign' => '',
                    'Value' => '2',
                    'trailingws' => ' '
                  }, 'SpeL::Object::Realnumber' )
                }, 'SpeL::Object::Number' ),
                'Rest' => bless( {
                  'Op' => bless( {
                    'Op' => ''
                  }, 'SpeL::Object::Binop' ),
                  'Remainder' => bless( {
                    'Component' => bless( {
                      'Name' => 'jz',
                      'trailingws' => '
'
                    }, 'SpeL::Object::Command' ),
                    'Rest' => bless( {
                      'ws' => ''
                    }, 'SpeL::Object::Expressionrest' )
                  }, 'SpeL::Object::Expression' )
                }, 'SpeL::Object::Expressionrest' ),
                'Sign' => '-'
              }, 'SpeL::Object::Expression' )
            }
          ]
        }, 'SpeL::Object::Relation' ),
        bless( {
          '' => '(c) &  \\frac{\\jz (\\jz+1) (\\jz+2)}{\\jz+3} = \\frac{-3 + \\jz}{\\jz +3}
 = \\frac{(-3+\\jz)(-\\jz+3)}{(\\jz+3)(-\\jz+3)} = \\frac{-8+6\\jz}{10} = -0,8
 + 0,6 \\jz
',
          'Left' => bless( {
            'Component' => bless( {
              '' => 'c',
              'Left' => bless( {
                'Component' => bless( {
                  'Alphabet' => 'c',
                  'trailingws' => ''
                }, 'SpeL::Object::Variable' ),
                'Rest' => bless( {
                  'ws' => ''
                }, 'SpeL::Object::Expressionrest' )
              }, 'SpeL::Object::Expression' )
            }, 'SpeL::Object::Relation' ),
            'Rest' => bless( {
              'ws' => ''
            }, 'SpeL::Object::Expressionrest' ),
            'cbracket' => ')',
            'obracket' => '('
          }, 'SpeL::Object::Expression' ),
          'RelationChain' => [
            {
              'RelOperator' => bless( {
                '' => '&'
              }, 'SpeL::Object::RelOperator' ),
              'Right' => bless( {
                'Component' => bless( {
                  'den' => bless( {
                    'Component' => bless( {
                      'Name' => 'jz',
                      'trailingws' => ''
                    }, 'SpeL::Object::Command' ),
                    'Rest' => bless( {
                      'Op' => bless( {
                        'Op' => '+'
                      }, 'SpeL::Object::Binop' ),
                      'Remainder' => bless( {
                        'Component' => bless( {
                          'Realnumber' => bless( {
                            'Sign' => '',
                            'Value' => '3',
                            'trailingws' => ''
                          }, 'SpeL::Object::Realnumber' )
                        }, 'SpeL::Object::Number' ),
                        'Rest' => bless( {
                          'ws' => ''
                        }, 'SpeL::Object::Expressionrest' )
                      }, 'SpeL::Object::Expression' )
                    }, 'SpeL::Object::Expressionrest' )
                  }, 'SpeL::Object::Expression' ),
                  'num' => bless( {
                    'Component' => bless( {
                      'Name' => 'jz',
                      'trailingws' => ' '
                    }, 'SpeL::Object::Command' ),
                    'Rest' => bless( {
                      'Op' => bless( {
                        'Op' => ''
                      }, 'SpeL::Object::Binop' ),
                      'Remainder' => bless( {
                        'Component' => bless( {
                          '' => '\\jz+1',
                          'Left' => bless( {
                            'Component' => bless( {
                              'Name' => 'jz',
                              'trailingws' => ''
                            }, 'SpeL::Object::Command' ),
                            'Rest' => bless( {
                              'Op' => bless( {
                                'Op' => '+'
                              }, 'SpeL::Object::Binop' ),
                              'Remainder' => bless( {
                                'Component' => bless( {
                                  'Realnumber' => bless( {
                                    'Sign' => '',
                                    'Value' => '1',
                                    'trailingws' => ''
                                  }, 'SpeL::Object::Realnumber' )
                                }, 'SpeL::Object::Number' ),
                                'Rest' => bless( {
                                  'ws' => ''
                                }, 'SpeL::Object::Expressionrest' )
                              }, 'SpeL::Object::Expression' )
                            }, 'SpeL::Object::Expressionrest' )
                          }, 'SpeL::Object::Expression' )
                        }, 'SpeL::Object::Relation' ),
                        'Rest' => bless( {
                          'Op' => bless( {
                            'Op' => ''
                          }, 'SpeL::Object::Binop' ),
                          'Remainder' => bless( {
                            'Component' => bless( {
                              '' => '\\jz+2',
                              'Left' => bless( {
                                'Component' => bless( {
                                  'Name' => 'jz',
                                  'trailingws' => ''
                                }, 'SpeL::Object::Command' ),
                                'Rest' => bless( {
                                  'Op' => bless( {
                                    'Op' => '+'
                                  }, 'SpeL::Object::Binop' ),
                                  'Remainder' => bless( {
                                    'Component' => bless( {
                                      'Realnumber' => bless( {
                                        'Sign' => '',
                                        'Value' => '2',
                                        'trailingws' => ''
                                      }, 'SpeL::Object::Realnumber' )
                                    }, 'SpeL::Object::Number' ),
                                    'Rest' => bless( {
                                      'ws' => ''
                                    }, 'SpeL::Object::Expressionrest' )
                                  }, 'SpeL::Object::Expression' )
                                }, 'SpeL::Object::Expressionrest' )
                              }, 'SpeL::Object::Expression' )
                            }, 'SpeL::Object::Relation' ),
                            'Rest' => bless( {
                              'ws' => ''
                            }, 'SpeL::Object::Expressionrest' ),
                            'cbracket' => ')',
                            'obracket' => '('
                          }, 'SpeL::Object::Expression' )
                        }, 'SpeL::Object::Expressionrest' ),
                        'cbracket' => ')',
                        'obracket' => '('
                      }, 'SpeL::Object::Expression' )
                    }, 'SpeL::Object::Expressionrest' )
                  }, 'SpeL::Object::Expression' )
                }, 'SpeL::Object::Fraction' ),
                'Rest' => bless( {
                  'ws' => ''
                }, 'SpeL::Object::Expressionrest' )
              }, 'SpeL::Object::Expression' )
            },
            {
              'RelOperator' => bless( {
                '' => '='
              }, 'SpeL::Object::RelOperator' ),
              'Right' => bless( {
                'Component' => bless( {
                  'den' => bless( {
                    'Component' => bless( {
                      'Name' => 'jz',
                      'trailingws' => ' '
                    }, 'SpeL::Object::Command' ),
                    'Rest' => bless( {
                      'Op' => bless( {
                        'Op' => '+'
                      }, 'SpeL::Object::Binop' ),
                      'Remainder' => bless( {
                        'Component' => bless( {
                          'Realnumber' => bless( {
                            'Sign' => '',
                            'Value' => '3',
                            'trailingws' => ''
                          }, 'SpeL::Object::Realnumber' )
                        }, 'SpeL::Object::Number' ),
                        'Rest' => bless( {
                          'ws' => ''
                        }, 'SpeL::Object::Expressionrest' )
                      }, 'SpeL::Object::Expression' )
                    }, 'SpeL::Object::Expressionrest' )
                  }, 'SpeL::Object::Expression' ),
                  'num' => bless( {
                    'Component' => bless( {
                      'Realnumber' => bless( {
                        'Sign' => '-',
                        'Value' => '3',
                        'trailingws' => ' '
                      }, 'SpeL::Object::Realnumber' )
                    }, 'SpeL::Object::Number' ),
                    'Rest' => bless( {
                      'Op' => bless( {
                        'Op' => '+'
                      }, 'SpeL::Object::Binop' ),
                      'Remainder' => bless( {
                        'Component' => bless( {
                          'Name' => 'jz',
                          'trailingws' => ''
                        }, 'SpeL::Object::Command' ),
                        'Rest' => bless( {
                          'ws' => ''
                        }, 'SpeL::Object::Expressionrest' )
                      }, 'SpeL::Object::Expression' )
                    }, 'SpeL::Object::Expressionrest' )
                  }, 'SpeL::Object::Expression' )
                }, 'SpeL::Object::Fraction' ),
                'Rest' => bless( {
                  'ws' => ''
                }, 'SpeL::Object::Expressionrest' )
              }, 'SpeL::Object::Expression' )
            },
            {
              'RelOperator' => bless( {
                '' => '='
              }, 'SpeL::Object::RelOperator' ),
              'Right' => bless( {
                'Component' => bless( {
                  'den' => bless( {
                    'Component' => bless( {
                      '' => '\\jz+3',
                      'Left' => bless( {
                        'Component' => bless( {
                          'Name' => 'jz',
                          'trailingws' => ''
                        }, 'SpeL::Object::Command' ),
                        'Rest' => bless( {
                          'Op' => bless( {
                            'Op' => '+'
                          }, 'SpeL::Object::Binop' ),
                          'Remainder' => bless( {
                            'Component' => bless( {
                              'Realnumber' => bless( {
                                'Sign' => '',
                                'Value' => '3',
                                'trailingws' => ''
                              }, 'SpeL::Object::Realnumber' )
                            }, 'SpeL::Object::Number' ),
                            'Rest' => bless( {
                              'ws' => ''
                            }, 'SpeL::Object::Expressionrest' )
                          }, 'SpeL::Object::Expression' )
                        }, 'SpeL::Object::Expressionrest' )
                      }, 'SpeL::Object::Expression' )
                    }, 'SpeL::Object::Relation' ),
                    'Rest' => bless( {
                      'Op' => bless( {
                        'Op' => ''
                      }, 'SpeL::Object::Binop' ),
                      'Remainder' => bless( {
                        'Component' => bless( {
                          '' => '-\\jz+3',
                          'Left' => bless( {
                            'Component' => bless( {
                              'Name' => 'jz',
                              'trailingws' => ''
                            }, 'SpeL::Object::Command' ),
                            'Rest' => bless( {
                              'Op' => bless( {
                                'Op' => '+'
                              }, 'SpeL::Object::Binop' ),
                              'Remainder' => bless( {
                                'Component' => bless( {
                                  'Realnumber' => bless( {
                                    'Sign' => '',
                                    'Value' => '3',
                                    'trailingws' => ''
                                  }, 'SpeL::Object::Realnumber' )
                                }, 'SpeL::Object::Number' ),
                                'Rest' => bless( {
                                  'ws' => ''
                                }, 'SpeL::Object::Expressionrest' )
                              }, 'SpeL::Object::Expression' )
                            }, 'SpeL::Object::Expressionrest' ),
                            'Sign' => '-'
                          }, 'SpeL::Object::Expression' )
                        }, 'SpeL::Object::Relation' ),
                        'Rest' => bless( {
                          'ws' => ''
                        }, 'SpeL::Object::Expressionrest' ),
                        'cbracket' => ')',
                        'obracket' => '('
                      }, 'SpeL::Object::Expression' )
                    }, 'SpeL::Object::Expressionrest' ),
                    'cbracket' => ')',
                    'obracket' => '('
                  }, 'SpeL::Object::Expression' ),
                  'num' => bless( {
                    'Component' => bless( {
                      '' => '-3+\\jz',
                      'Left' => bless( {
                        'Component' => bless( {
                          'Realnumber' => bless( {
                            'Sign' => '-',
                            'Value' => '3',
                            'trailingws' => ''
                          }, 'SpeL::Object::Realnumber' )
                        }, 'SpeL::Object::Number' ),
                        'Rest' => bless( {
                          'Op' => bless( {
                            'Op' => '+'
                          }, 'SpeL::Object::Binop' ),
                          'Remainder' => bless( {
                            'Component' => bless( {
                              'Name' => 'jz',
                              'trailingws' => ''
                            }, 'SpeL::Object::Command' ),
                            'Rest' => bless( {
                              'ws' => ''
                            }, 'SpeL::Object::Expressionrest' )
                          }, 'SpeL::Object::Expression' )
                        }, 'SpeL::Object::Expressionrest' )
                      }, 'SpeL::Object::Expression' )
                    }, 'SpeL::Object::Relation' ),
                    'Rest' => bless( {
                      'Op' => bless( {
                        'Op' => ''
                      }, 'SpeL::Object::Binop' ),
                      'Remainder' => bless( {
                        'Component' => bless( {
                          '' => '-\\jz+3',
                          'Left' => bless( {
                            'Component' => bless( {
                              'Name' => 'jz',
                              'trailingws' => ''
                            }, 'SpeL::Object::Command' ),
                            'Rest' => bless( {
                              'Op' => bless( {
                                'Op' => '+'
                              }, 'SpeL::Object::Binop' ),
                              'Remainder' => bless( {
                                'Component' => bless( {
                                  'Realnumber' => bless( {
                                    'Sign' => '',
                                    'Value' => '3',
                                    'trailingws' => ''
                                  }, 'SpeL::Object::Realnumber' )
                                }, 'SpeL::Object::Number' ),
                                'Rest' => bless( {
                                  'ws' => ''
                                }, 'SpeL::Object::Expressionrest' )
                              }, 'SpeL::Object::Expression' )
                            }, 'SpeL::Object::Expressionrest' ),
                            'Sign' => '-'
                          }, 'SpeL::Object::Expression' )
                        }, 'SpeL::Object::Relation' ),
                        'Rest' => bless( {
                          'ws' => ''
                        }, 'SpeL::Object::Expressionrest' ),
                        'cbracket' => ')',
                        'obracket' => '('
                      }, 'SpeL::Object::Expression' )
                    }, 'SpeL::Object::Expressionrest' ),
                    'cbracket' => ')',
                    'obracket' => '('
                  }, 'SpeL::Object::Expression' )
                }, 'SpeL::Object::Fraction' ),
                'Rest' => bless( {
                  'ws' => ''
                }, 'SpeL::Object::Expressionrest' )
              }, 'SpeL::Object::Expression' )
            },
            {
              'RelOperator' => bless( {
                '' => '='
              }, 'SpeL::Object::RelOperator' ),
              'Right' => bless( {
                'Component' => bless( {
                  'den' => bless( {
                    'Realnumber' => bless( {
                      'Sign' => '',
                      'Value' => '10',
                      'trailingws' => ''
                    }, 'SpeL::Object::Realnumber' )
                  }, 'SpeL::Object::Number' ),
                  'num' => bless( {
                    'Component' => bless( {
                      'Realnumber' => bless( {
                        'Sign' => '-',
                        'Value' => '8',
                        'trailingws' => ''
                      }, 'SpeL::Object::Realnumber' )
                    }, 'SpeL::Object::Number' ),
                    'Rest' => bless( {
                      'Op' => bless( {
                        'Op' => '+'
                      }, 'SpeL::Object::Binop' ),
                      'Remainder' => bless( {
                        'Component' => bless( {
                          'Realnumber' => bless( {
                            'Sign' => '',
                            'Value' => '6',
                            'trailingws' => ''
                          }, 'SpeL::Object::Realnumber' )
                        }, 'SpeL::Object::Number' ),
                        'Rest' => bless( {
                          'Op' => bless( {
                            'Op' => ''
                          }, 'SpeL::Object::Binop' ),
                          'Remainder' => bless( {
                            'Component' => bless( {
                              'Name' => 'jz',
                              'trailingws' => ''
                            }, 'SpeL::Object::Command' ),
                            'Rest' => bless( {
                              'ws' => ''
                            }, 'SpeL::Object::Expressionrest' )
                          }, 'SpeL::Object::Expression' )
                        }, 'SpeL::Object::Expressionrest' )
                      }, 'SpeL::Object::Expression' )
                    }, 'SpeL::Object::Expressionrest' )
                  }, 'SpeL::Object::Expression' )
                }, 'SpeL::Object::Fraction' ),
                'Rest' => bless( {
                  'ws' => ''
                }, 'SpeL::Object::Expressionrest' )
              }, 'SpeL::Object::Expression' )
            },
            {
              'RelOperator' => bless( {
                '' => '='
              }, 'SpeL::Object::RelOperator' ),
              'Right' => bless( {
                'Component' => bless( {
                  'Realnumber' => bless( {
                    'Sign' => '-',
                    'Value' => '0,8',
                    'trailingws' => '
 '
                  }, 'SpeL::Object::Realnumber' )
                }, 'SpeL::Object::Number' ),
                'Rest' => bless( {
                  'Op' => bless( {
                    'Op' => '+'
                  }, 'SpeL::Object::Binop' ),
                  'Remainder' => bless( {
                    'Component' => bless( {
                      'Realnumber' => bless( {
                        'Sign' => '',
                        'Value' => '0,6',
                        'trailingws' => ' '
                      }, 'SpeL::Object::Realnumber' )
                    }, 'SpeL::Object::Number' ),
                    'Rest' => bless( {
                      'Op' => bless( {
                        'Op' => ''
                      }, 'SpeL::Object::Binop' ),
                      'Remainder' => bless( {
                        'Component' => bless( {
                          'Name' => 'jz',
                          'trailingws' => '
'
                        }, 'SpeL::Object::Command' ),
                        'Rest' => bless( {
                          'ws' => ''
                        }, 'SpeL::Object::Expressionrest' )
                      }, 'SpeL::Object::Expression' )
                    }, 'SpeL::Object::Expressionrest' )
                  }, 'SpeL::Object::Expression' )
                }, 'SpeL::Object::Expressionrest' )
              }, 'SpeL::Object::Expression' )
            }
          ]
        }, 'SpeL::Object::Relation' )
      ],
      'mathtag' => 'align',
      'trailingws' => '
'
    }, 'SpeL::Object::MathEnvironment' ),
    bless( {
      '' => '
'
    }, 'SpeL::Object::TokenSequence' )
  ]
}, 'SpeL::Object::ElementList' );

Done.
