spel-wizard.pl - v0.9 - Walter Daems <walter.daems@uantwerpen.be>
=================================================================
- Reading configuration file from /home/wdaems/perl5/lib/perl5/auto/share/dist/SpeL-Wizard/tts.conf
- no t/02-bin/spel/i18n.aux available at /home/wdaems/lab/spelbox/perl/lib/SpeL/Wizard.pm line 96.
- Treating t/02-bin/spel/spel/i18n.tex                             
  Parsing t/02-bin/spel/spel/i18n.tex                       [  0%]  Parsed  t/02-bin/spel/spel/i18n.tex                       [  0%]$Parsetree = bless( {
  'Element' => [
    bless( {
      '' => 'This is a simple i18n test: '
    }, 'SpeL::Object::TokenSequence' ),
    bless( {
      'Args' => [
        bless( {
          'Element' => [
            bless( {
              '' => '2'
            }, 'SpeL::Object::TokenSequence' )
          ]
        }, 'SpeL::Object::ElementList' ),
        bless( {
          'Element' => [
            bless( {
              '' => '7'
            }, 'SpeL::Object::TokenSequence' )
          ]
        }, 'SpeL::Object::ElementList' )
      ],
      'Name' => 'numpower',
      'trailingws' => '


'
    }, 'SpeL::Object::Command' )
  ]
}, 'SpeL::Object::ElementList' );

Done.
