spel-wizard.pl - v0.9 - Walter Daems <walter.daems@uantwerpen.be>
=================================================================
- Reading configuration file from /home/wdaems/perl5/lib/perl5/auto/share/dist/SpeL-Wizard/tts.conf
- no t/02-bin/spel/mathenvexpressions.aux available at /home/wdaems/lab/spelbox/perl/lib/SpeL/Wizard.pm line 96.
- Treating t/02-bin/spel/spel/mathenvexpressions.tex               
  Parsing t/02-bin/spel/spel/mathenvexpressions.tex         [  0%]  Parsed  t/02-bin/spel/spel/mathenvexpressions.tex         [  0%]$Parsetree = bless( {
  'Element' => [
    bless( {
      'MathUnit' => [
        bless( {
          '' => '\\pi',
          'Left' => bless( {
            'Component' => bless( {
              'Realnumber' => bless( {
                'Sign' => '',
                'Value' => '\\pi',
                'trailingws' => ''
              }, 'SpeL::Object::Realnumber' )
            }, 'SpeL::Object::Number' ),
            'Rest' => bless( {
              'ws' => ''
            }, 'SpeL::Object::Expressionrest' )
          }, 'SpeL::Object::Expression' )
        }, 'SpeL::Object::Relation' ),
        bless( {
          '' => '-31415',
          'Left' => bless( {
            'Component' => bless( {
              'Realnumber' => bless( {
                'Sign' => '-',
                'Value' => '31415',
                'trailingws' => ''
              }, 'SpeL::Object::Realnumber' )
            }, 'SpeL::Object::Number' ),
            'Rest' => bless( {
              'ws' => ''
            }, 'SpeL::Object::Expressionrest' )
          }, 'SpeL::Object::Expression' )
        }, 'SpeL::Object::Relation' ),
        bless( {
          '' => '1.25',
          'Left' => bless( {
            'Component' => bless( {
              'Realnumber' => bless( {
                'Sign' => '',
                'Value' => '1.25',
                'trailingws' => ''
              }, 'SpeL::Object::Realnumber' )
            }, 'SpeL::Object::Number' ),
            'Rest' => bless( {
              'ws' => ''
            }, 'SpeL::Object::Expressionrest' )
          }, 'SpeL::Object::Expression' )
        }, 'SpeL::Object::Relation' ),
        bless( {
          '' => '-0.34 \\times 10^{4}',
          'Left' => bless( {
            'Component' => bless( {
              'Realnumber' => bless( {
                'Sign' => '-',
                'Value' => '0.34',
                'trailingws' => ' '
              }, 'SpeL::Object::Realnumber' )
            }, 'SpeL::Object::Number' ),
            'Rest' => bless( {
              'Op' => bless( {
                'Op' => '\\times'
              }, 'SpeL::Object::Binop' ),
              'Remainder' => bless( {
                'Component' => bless( {
                  'Realnumber' => bless( {
                    'Sign' => '',
                    'Value' => '10',
                    'trailingws' => ''
                  }, 'SpeL::Object::Realnumber' )
                }, 'SpeL::Object::Number' ),
                'Rest' => bless( {
                  'Op' => bless( {
                    'Group' => bless( {
                      'MathUnit' => bless( {
                        '' => '4',
                        'Left' => bless( {
                          'Component' => bless( {
                            'Realnumber' => bless( {
                              'Sign' => '',
                              'Value' => '4',
                              'trailingws' => ''
                            }, 'SpeL::Object::Realnumber' )
                          }, 'SpeL::Object::Number' ),
                          'Rest' => bless( {
                            'ws' => ''
                          }, 'SpeL::Object::Expressionrest' )
                        }, 'SpeL::Object::Expression' )
                      }, 'SpeL::Object::Relation' ),
                      'trailingws' => ''
                    }, 'SpeL::Object::MathGroup' ),
                    'sup' => '^'
                  }, 'SpeL::Object::Power' ),
                  'Remainder' => bless( {
                    'ws' => ''
                  }, 'SpeL::Object::Expressionrest' )
                }, 'SpeL::Object::Expressionrest' )
              }, 'SpeL::Object::Expression' )
            }, 'SpeL::Object::Expressionrest' )
          }, 'SpeL::Object::Expression' )
        }, 'SpeL::Object::Relation' ),
        bless( {
          '' => '12 - j 3',
          'Left' => bless( {
            'Component' => bless( {
              'Realnumber' => bless( {
                'Sign' => '',
                'Value' => '12',
                'trailingws' => ' '
              }, 'SpeL::Object::Realnumber' )
            }, 'SpeL::Object::Number' ),
            'Rest' => bless( {
              'Op' => bless( {
                'Op' => '-'
              }, 'SpeL::Object::Binop' ),
              'Remainder' => bless( {
                'Component' => bless( {
                  'Realnumber' => bless( {
                    'Sign' => '',
                    'Value' => '3',
                    'trailingws' => ''
                  }, 'SpeL::Object::Realnumber' ),
                  'imag' => 'j'
                }, 'SpeL::Object::Number' ),
                'Rest' => bless( {
                  'ws' => ''
                }, 'SpeL::Object::Expressionrest' )
              }, 'SpeL::Object::Expression' )
            }, 'SpeL::Object::Expressionrest' )
          }, 'SpeL::Object::Expression' )
        }, 'SpeL::Object::Relation' ),
        bless( {
          '' => '-31415.23 + .45i
  ',
          'Left' => bless( {
            'Component' => bless( {
              'Realnumber' => bless( {
                'Sign' => '-',
                'Value' => '31415.23',
                'trailingws' => ' '
              }, 'SpeL::Object::Realnumber' )
            }, 'SpeL::Object::Number' ),
            'Rest' => bless( {
              'Op' => bless( {
                'Op' => '+'
              }, 'SpeL::Object::Binop' ),
              'Remainder' => bless( {
                'Component' => bless( {
                  'Realnumber' => bless( {
                    'Sign' => '',
                    'Value' => '.45',
                    'trailingws' => ''
                  }, 'SpeL::Object::Realnumber' ),
                  'imag' => 'i'
                }, 'SpeL::Object::Number' ),
                'Rest' => bless( {
                  'ws' => ''
                }, 'SpeL::Object::Expressionrest' )
              }, 'SpeL::Object::Expression' )
            }, 'SpeL::Object::Expressionrest' )
          }, 'SpeL::Object::Expression' )
        }, 'SpeL::Object::Relation' )
      ],
      'mathtag' => 'align',
      'trailingws' => '
    '
    }, 'SpeL::Object::MathEnvironment' ),
    bless( {
      '' => '
'
    }, 'SpeL::Object::TokenSequence' )
  ]
}, 'SpeL::Object::ElementList' );

Done.
