spel-wizard.pl - v0.9 - Walter Daems <walter.daems@uantwerpen.be>
=================================================================
- Reading configuration file from /home/wdaems/perl5/lib/perl5/auto/share/dist/SpeL-Wizard/tts.conf
- no t/02-bin/spel/matrices.aux available at /home/wdaems/lab/spelbox/perl/lib/SpeL/Wizard.pm line 96.
- Treating t/02-bin/spel/spel/matrices.tex                         
  Parsing t/02-bin/spel/spel/matrices.tex                   [  0%]  Parsed  t/02-bin/spel/spel/matrices.tex                   [  0%]$Parsetree = bless( {
  'Element' => [
    bless( {
      '' => 'How about some linear algebra?
  '
    }, 'SpeL::Object::TokenSequence' ),
    bless( {
      'MathUnit' => [
        bless( {
          '' => '\\begin{bmatrix}
       3 & 4 \\\\
       7 & 2
    \\end{bmatrix}
    \\cdot
    \\begin{bmatrix}
       x \\\\ y
    \\end{bmatrix}
    =
    \\begin{bmatrix}
       1 \\\\ 0
    \\end{bmatrix}
  ',
          'Left' => bless( {
            'Component' => bless( {
              'MathUnit' => [
                bless( {
                  '' => '3 & 4 ',
                  'Left' => bless( {
                    'Component' => bless( {
                      'Realnumber' => bless( {
                        'Sign' => '',
                        'Value' => '3',
                        'trailingws' => ' '
                      }, 'SpeL::Object::Realnumber' )
                    }, 'SpeL::Object::Number' ),
                    'Rest' => bless( {
                      'ws' => ''
                    }, 'SpeL::Object::Expressionrest' )
                  }, 'SpeL::Object::Expression' ),
                  'RelationChain' => [
                    {
                      'RelOperator' => bless( {
                        '' => '&'
                      }, 'SpeL::Object::RelOperator' ),
                      'Right' => bless( {
                        'Component' => bless( {
                          'Realnumber' => bless( {
                            'Sign' => '',
                            'Value' => '4',
                            'trailingws' => ' '
                          }, 'SpeL::Object::Realnumber' )
                        }, 'SpeL::Object::Number' ),
                        'Rest' => bless( {
                          'ws' => ''
                        }, 'SpeL::Object::Expressionrest' )
                      }, 'SpeL::Object::Expression' )
                    }
                  ]
                }, 'SpeL::Object::Relation' ),
                bless( {
                  '' => '7 & 2
    ',
                  'Left' => bless( {
                    'Component' => bless( {
                      'Realnumber' => bless( {
                        'Sign' => '',
                        'Value' => '7',
                        'trailingws' => ' '
                      }, 'SpeL::Object::Realnumber' )
                    }, 'SpeL::Object::Number' ),
                    'Rest' => bless( {
                      'ws' => ''
                    }, 'SpeL::Object::Expressionrest' )
                  }, 'SpeL::Object::Expression' ),
                  'RelationChain' => [
                    {
                      'RelOperator' => bless( {
                        '' => '&'
                      }, 'SpeL::Object::RelOperator' ),
                      'Right' => bless( {
                        'Component' => bless( {
                          'Realnumber' => bless( {
                            'Sign' => '',
                            'Value' => '2',
                            'trailingws' => '
    '
                          }, 'SpeL::Object::Realnumber' )
                        }, 'SpeL::Object::Number' ),
                        'Rest' => bless( {
                          'ws' => ''
                        }, 'SpeL::Object::Expressionrest' )
                      }, 'SpeL::Object::Expression' )
                    }
                  ]
                }, 'SpeL::Object::Relation' )
              ],
              'matrixtag' => 'bmatrix',
              'trailingws' => '
       '
            }, 'SpeL::Object::Matrix' ),
            'Rest' => bless( {
              'Op' => bless( {
                'Op' => '\\cdot'
              }, 'SpeL::Object::Binop' ),
              'Remainder' => bless( {
                'Component' => bless( {
                  'MathUnit' => [
                    bless( {
                      '' => 'x ',
                      'Left' => bless( {
                        'Component' => bless( {
                          'Alphabet' => 'x',
                          'trailingws' => ' '
                        }, 'SpeL::Object::Variable' ),
                        'Rest' => bless( {
                          'ws' => ''
                        }, 'SpeL::Object::Expressionrest' )
                      }, 'SpeL::Object::Expression' )
                    }, 'SpeL::Object::Relation' ),
                    bless( {
                      '' => 'y
    ',
                      'Left' => bless( {
                        'Component' => bless( {
                          'Alphabet' => 'y',
                          'trailingws' => '
    '
                        }, 'SpeL::Object::Variable' ),
                        'Rest' => bless( {
                          'ws' => ''
                        }, 'SpeL::Object::Expressionrest' )
                      }, 'SpeL::Object::Expression' )
                    }, 'SpeL::Object::Relation' )
                  ],
                  'matrixtag' => 'bmatrix',
                  'trailingws' => '
       '
                }, 'SpeL::Object::Matrix' ),
                'Rest' => bless( {
                  'ws' => ''
                }, 'SpeL::Object::Expressionrest' )
              }, 'SpeL::Object::Expression' )
            }, 'SpeL::Object::Expressionrest' )
          }, 'SpeL::Object::Expression' ),
          'RelationChain' => [
            {
              'RelOperator' => bless( {
                '' => '='
              }, 'SpeL::Object::RelOperator' ),
              'Right' => bless( {
                'Component' => bless( {
                  'MathUnit' => [
                    bless( {
                      '' => '1 ',
                      'Left' => bless( {
                        'Component' => bless( {
                          'Realnumber' => bless( {
                            'Sign' => '',
                            'Value' => '1',
                            'trailingws' => ' '
                          }, 'SpeL::Object::Realnumber' )
                        }, 'SpeL::Object::Number' ),
                        'Rest' => bless( {
                          'ws' => ''
                        }, 'SpeL::Object::Expressionrest' )
                      }, 'SpeL::Object::Expression' )
                    }, 'SpeL::Object::Relation' ),
                    bless( {
                      '' => '0
    ',
                      'Left' => bless( {
                        'Component' => bless( {
                          'Realnumber' => bless( {
                            'Sign' => '',
                            'Value' => '0',
                            'trailingws' => '
    '
                          }, 'SpeL::Object::Realnumber' )
                        }, 'SpeL::Object::Number' ),
                        'Rest' => bless( {
                          'ws' => ''
                        }, 'SpeL::Object::Expressionrest' )
                      }, 'SpeL::Object::Expression' )
                    }, 'SpeL::Object::Relation' )
                  ],
                  'matrixtag' => 'bmatrix',
                  'trailingws' => '
       '
                }, 'SpeL::Object::Matrix' ),
                'Rest' => bless( {
                  'ws' => ''
                }, 'SpeL::Object::Expressionrest' )
              }, 'SpeL::Object::Expression' )
            }
          ]
        }, 'SpeL::Object::Relation' )
      ],
      'mathtag' => 'align',
      'trailingws' => '
    '
    }, 'SpeL::Object::MathEnvironment' ),
    bless( {
      '' => '
'
    }, 'SpeL::Object::TokenSequence' )
  ]
}, 'SpeL::Object::ElementList' );

Done.
