spel-wizard.pl - v0.9 - Walter Daems <walter.daems@uantwerpen.be>
=================================================================
- Reading configuration file from /home/wdaems/perl5/lib/perl5/auto/share/dist/SpeL-Wizard/tts.conf
- no t/02-bin/spel/scratch.aux available at /home/wdaems/lab/spelbox/perl/lib/SpeL/Wizard.pm line 96.
- Treating t/02-bin/spel/spel/scratch.tex                          
  Parsing t/02-bin/spel/spel/scratch.tex                    [  0%]  Parsed  t/02-bin/spel/spel/scratch.tex                    [  0%]$Parsetree = bless( {
  'Element' => [
    bless( {
      'MathUnit' => [
        bless( {
          '' => '-0.34 \\times 10^{4}',
          'Left' => bless( {
            'Component' => bless( {
              'Realnumber' => bless( {
                'Sign' => '-',
                'Value' => '0.34',
                'trailingws' => ' '
              }, 'SpeL::Object::Realnumber' )
            }, 'SpeL::Object::Number' ),
            'Rest' => bless( {
              'Op' => bless( {
                'Op' => '\\times'
              }, 'SpeL::Object::Binop' ),
              'Remainder' => bless( {
                'Component' => bless( {
                  'Realnumber' => bless( {
                    'Sign' => '',
                    'Value' => '10',
                    'trailingws' => ''
                  }, 'SpeL::Object::Realnumber' )
                }, 'SpeL::Object::Number' ),
                'Rest' => bless( {
                  'Op' => bless( {
                    'Group' => bless( {
                      'MathUnit' => bless( {
                        '' => '4',
                        'Left' => bless( {
                          'Component' => bless( {
                            'Realnumber' => bless( {
                              'Sign' => '',
                              'Value' => '4',
                              'trailingws' => ''
                            }, 'SpeL::Object::Realnumber' )
                          }, 'SpeL::Object::Number' ),
                          'Rest' => bless( {
                            'ws' => ''
                          }, 'SpeL::Object::Expressionrest' )
                        }, 'SpeL::Object::Expression' )
                      }, 'SpeL::Object::Relation' ),
                      'trailingws' => ''
                    }, 'SpeL::Object::MathGroup' ),
                    'sup' => '^'
                  }, 'SpeL::Object::Power' ),
                  'Remainder' => bless( {
                    'ws' => ''
                  }, 'SpeL::Object::Expressionrest' )
                }, 'SpeL::Object::Expressionrest' )
              }, 'SpeL::Object::Expression' )
            }, 'SpeL::Object::Expressionrest' )
          }, 'SpeL::Object::Expression' )
        }, 'SpeL::Object::Relation' ),
        bless( {
          '' => 'y = f(x)
  ',
          'Left' => bless( {
            'Component' => bless( {
              'Alphabet' => 'y',
              'trailingws' => ' '
            }, 'SpeL::Object::Variable' ),
            'Rest' => bless( {
              'ws' => ''
            }, 'SpeL::Object::Expressionrest' )
          }, 'SpeL::Object::Expression' ),
          'RelationChain' => [
            {
              'RelOperator' => bless( {
                '' => '='
              }, 'SpeL::Object::RelOperator' ),
              'Right' => bless( {
                'Component' => bless( {
                  'Argument' => bless( {
                    'Component' => bless( {
                      'Alphabet' => 'x',
                      'trailingws' => ''
                    }, 'SpeL::Object::Variable' ),
                    'Rest' => bless( {
                      'ws' => ''
                    }, 'SpeL::Object::Expressionrest' )
                  }, 'SpeL::Object::Expression' ),
                  'Name' => bless( {
                    'Alphabet' => 'f',
                    'trailingws' => ''
                  }, 'SpeL::Object::Variable' ),
                  'cbracket' => ')',
                  'obracket' => '('
                }, 'SpeL::Object::Function' ),
                'Rest' => bless( {
                  'ws' => ''
                }, 'SpeL::Object::Expressionrest' )
              }, 'SpeL::Object::Expression' )
            }
          ]
        }, 'SpeL::Object::Relation' )
      ],
      'mathtag' => 'align',
      'trailingws' => '
    '
    }, 'SpeL::Object::MathEnvironment' ),
    bless( {
      '' => '
'
    }, 'SpeL::Object::TokenSequence' )
  ]
}, 'SpeL::Object::ElementList' );

Done.
