spel-wizard.pl - v0.9 - Walter Daems <walter.daems@uantwerpen.be>
=================================================================
- Reading configuration file from /home/wdaems/perl5/lib/perl5/auto/share/dist/SpeL-Wizard/tts.conf
- no t/02-bin/spel/sine-cosine.aux available at /home/wdaems/lab/spelbox/perl/lib/SpeL/Wizard.pm line 96.
- Treating t/02-bin/spel/spel/sine-cosine.tex                      
  Parsing t/02-bin/spel/spel/sine-cosine.tex                [  0%]  Parsed  t/02-bin/spel/spel/sine-cosine.tex                [  0%]$Parsetree = bless( {
  'Element' => [
    bless( {
      'MathUnit' => [
        bless( {
          '' => '\\text{WORTEL 4:~} \\sin{\\alpha} =\\sqrt[8]{2} \\cdot \\left(\\cos{\\frac{25\\pi}{16}}
+ \\jz \\sin{\\frac{25\\pi}{16}} \\right)
',
          'Left' => bless( {
            'Begintext' => bless( {
              'Args' => [
                bless( {
                  'Element' => [
                    bless( {
                      '' => 'WORTEL 4:~'
                    }, 'SpeL::Object::TokenSequence' )
                  ]
                }, 'SpeL::Object::ElementList' )
              ],
              'Name' => 'text',
              'trailingws' => ' '
            }, 'SpeL::Object::Command' ),
            'Rest' => bless( {
              'Component' => bless( {
                'Argument' => bless( {
                  'Component' => bless( {
                    'Greek' => '\\alpha',
                    'trailingws' => ''
                  }, 'SpeL::Object::Variable' ),
                  'Rest' => bless( {
                    'ws' => ''
                  }, 'SpeL::Object::Expressionrest' )
                }, 'SpeL::Object::Expression' ),
                'Trig' => '\\sin'
              }, 'SpeL::Object::Function' ),
              'Rest' => bless( {
                'ws' => ''
              }, 'SpeL::Object::Expressionrest' )
            }, 'SpeL::Object::Expression' )
          }, 'SpeL::Object::Expression' ),
          'RelationChain' => [
            {
              'RelOperator' => bless( {
                '' => '='
              }, 'SpeL::Object::RelOperator' ),
              'Right' => bless( {
                'Component' => bless( {
                  'Sqrt' => bless( {
                    'Argument' => bless( {
                      'Component' => bless( {
                        'Realnumber' => bless( {
                          'Sign' => '',
                          'Value' => '2',
                          'trailingws' => ''
                        }, 'SpeL::Object::Realnumber' )
                      }, 'SpeL::Object::Number' ),
                      'Rest' => bless( {
                        'ws' => ''
                      }, 'SpeL::Object::Expressionrest' )
                    }, 'SpeL::Object::Expression' ),
                    'N' => bless( {
                      'Component' => bless( {
                        'Realnumber' => bless( {
                          'Sign' => '',
                          'Value' => '8',
                          'trailingws' => ''
                        }, 'SpeL::Object::Realnumber' )
                      }, 'SpeL::Object::Number' ),
                      'Rest' => bless( {
                        'ws' => ''
                      }, 'SpeL::Object::Expressionrest' )
                    }, 'SpeL::Object::Expression' )
                  }, 'SpeL::Object::Squareroot' )
                }, 'SpeL::Object::Function' ),
                'Rest' => bless( {
                  'Op' => bless( {
                    'Op' => '\\cdot'
                  }, 'SpeL::Object::Binop' ),
                  'Remainder' => bless( {
                    'Component' => bless( {
                      '' => '\\cos{\\frac{25\\pi}{16}}
+ \\jz \\sin{\\frac{25\\pi}{16}} ',
                      'Left' => bless( {
                        'Component' => bless( {
                          'Argument' => bless( {
                            'Component' => bless( {
                              'den' => bless( {
                                'Realnumber' => bless( {
                                  'Sign' => '',
                                  'Value' => '16',
                                  'trailingws' => ''
                                }, 'SpeL::Object::Realnumber' )
                              }, 'SpeL::Object::Number' ),
                              'num' => bless( {
                                'Component' => bless( {
                                  'Realnumber' => bless( {
                                    'Sign' => '',
                                    'Value' => '25',
                                    'trailingws' => ''
                                  }, 'SpeL::Object::Realnumber' )
                                }, 'SpeL::Object::Number' ),
                                'Rest' => bless( {
                                  'Op' => bless( {
                                    'Op' => ''
                                  }, 'SpeL::Object::Binop' ),
                                  'Remainder' => bless( {
                                    'Component' => bless( {
                                      'Realnumber' => bless( {
                                        'Sign' => '',
                                        'Value' => '\\pi',
                                        'trailingws' => ''
                                      }, 'SpeL::Object::Realnumber' )
                                    }, 'SpeL::Object::Number' ),
                                    'Rest' => bless( {
                                      'ws' => ''
                                    }, 'SpeL::Object::Expressionrest' )
                                  }, 'SpeL::Object::Expression' )
                                }, 'SpeL::Object::Expressionrest' )
                              }, 'SpeL::Object::Expression' )
                            }, 'SpeL::Object::Fraction' ),
                            'Rest' => bless( {
                              'ws' => ''
                            }, 'SpeL::Object::Expressionrest' )
                          }, 'SpeL::Object::Expression' ),
                          'Trig' => '\\cos'
                        }, 'SpeL::Object::Function' ),
                        'Rest' => bless( {
                          'Op' => bless( {
                            'Op' => '+'
                          }, 'SpeL::Object::Binop' ),
                          'Remainder' => bless( {
                            'Component' => bless( {
                              'Name' => 'jz',
                              'trailingws' => ' '
                            }, 'SpeL::Object::Command' ),
                            'Rest' => bless( {
                              'Op' => bless( {
                                'Op' => ''
                              }, 'SpeL::Object::Binop' ),
                              'Remainder' => bless( {
                                'Component' => bless( {
                                  'Argument' => bless( {
                                    'Component' => bless( {
                                      'den' => bless( {
                                        'Realnumber' => bless( {
                                          'Sign' => '',
                                          'Value' => '16',
                                          'trailingws' => ''
                                        }, 'SpeL::Object::Realnumber' )
                                      }, 'SpeL::Object::Number' ),
                                      'num' => bless( {
                                        'Component' => bless( {
                                          'Realnumber' => bless( {
                                            'Sign' => '',
                                            'Value' => '25',
                                            'trailingws' => ''
                                          }, 'SpeL::Object::Realnumber' )
                                        }, 'SpeL::Object::Number' ),
                                        'Rest' => bless( {
                                          'Op' => bless( {
                                            'Op' => ''
                                          }, 'SpeL::Object::Binop' ),
                                          'Remainder' => bless( {
                                            'Component' => bless( {
                                              'Realnumber' => bless( {
                                                'Sign' => '',
                                                'Value' => '\\pi',
                                                'trailingws' => ''
                                              }, 'SpeL::Object::Realnumber' )
                                            }, 'SpeL::Object::Number' ),
                                            'Rest' => bless( {
                                              'ws' => ''
                                            }, 'SpeL::Object::Expressionrest' )
                                          }, 'SpeL::Object::Expression' )
                                        }, 'SpeL::Object::Expressionrest' )
                                      }, 'SpeL::Object::Expression' )
                                    }, 'SpeL::Object::Fraction' ),
                                    'Rest' => bless( {
                                      'ws' => ''
                                    }, 'SpeL::Object::Expressionrest' )
                                  }, 'SpeL::Object::Expression' ),
                                  'Trig' => '\\sin'
                                }, 'SpeL::Object::Function' ),
                                'Rest' => bless( {
                                  'ws' => ''
                                }, 'SpeL::Object::Expressionrest' )
                              }, 'SpeL::Object::Expression' )
                            }, 'SpeL::Object::Expressionrest' )
                          }, 'SpeL::Object::Expression' )
                        }, 'SpeL::Object::Expressionrest' )
                      }, 'SpeL::Object::Expression' )
                    }, 'SpeL::Object::Relation' ),
                    'Rest' => bless( {
                      'ws' => ''
                    }, 'SpeL::Object::Expressionrest' ),
                    'cbracket' => '\\right)',
                    'obracket' => '\\left('
                  }, 'SpeL::Object::Expression' )
                }, 'SpeL::Object::Expressionrest' )
              }, 'SpeL::Object::Expression' )
            }
          ]
        }, 'SpeL::Object::Relation' )
      ],
      'mathtag' => 'equation',
      'trailingws' => '
'
    }, 'SpeL::Object::MathEnvironment' ),
    bless( {
      '' => '
'
    }, 'SpeL::Object::TokenSequence' )
  ]
}, 'SpeL::Object::ElementList' );

Done.
