1.
Platform: GPL570 24 Samples
Organism:	Homo sapiens
Found 'more...': Checking abstract further...
FTP download: GEO (CEL) ftp://ftp.ncbi.nlm.nih.gov/geo/series/GSE166nnn/GSE166716/
Prognostic Text filter: <No prognostic keywords found>
2.
4 related Platforms 26 Samples
Organism:	Homo sapiens
FTP download: GEO (BED, BW) ftp://ftp.ncbi.nlm.nih.gov/geo/series/GSE140nnn/GSE140808/
3.
Platform: GPL570 3 Samples
Organism:	Homo sapiens
FTP download: GEO (CEL) ftp://ftp.ncbi.nlm.nih.gov/geo/series/GSE119nnn/GSE119639/
Prognostic Text filter: <Prognostic keywords found>
Prognostic Signature filter: <No data found>

4.
Platform: GPL570 6 Samples
Organism:	Homo sapiens
FTP download: GEO (CEL) ftp://ftp.ncbi.nlm.nih.gov/geo/series/GSE97nnn/GSE97943/
5.
Platform: GPL570 12 Samples
Organism:	Homo sapiens
FTP download: GEO (CEL) ftp://ftp.ncbi.nlm.nih.gov/geo/series/GSE122nnn/GSE122306/
6.
Platforms: GPL96 GPL6984 70 Samples
Organism:	Homo sapiens
FTP download: GEO (CEL, IDAT) ftp://ftp.ncbi.nlm.nih.gov/geo/series/GSE64nnn/GSE64573/
7.
Platform: GPL96 20 Samples
Organism:	Homo sapiens
Found 'more...': Checking abstract further...
FTP download: GEO (CEL) ftp://ftp.ncbi.nlm.nih.gov/geo/series/GSE64nnn/GSE64279/
Prognostic Text filter: <No prognostic keywords found>
8.
Platform: GPL570 4 Samples
Organism:	Homo sapiens
Found 'more...': Checking abstract further...
FTP download: GEO (CEL) ftp://ftp.ncbi.nlm.nih.gov/geo/series/GSE65nnn/GSE65577/
Prognostic Text filter: <No prognostic keywords found>
9.
Platform: GPL570 6 Samples
Organism:	Homo sapiens
Found 'more...': Checking abstract further...
FTP download: GEO (CEL) ftp://ftp.ncbi.nlm.nih.gov/geo/series/GSE45nnn/GSE45636/
Prognostic Text filter: <Prognostic keywords found>
Prognostic Signature filter: <No data found>

10.
Platform: GPL570 6 Samples
Organism:	Homo sapiens
Found 'more...': Checking abstract further...
FTP download: GEO (CEL) ftp://ftp.ncbi.nlm.nih.gov/geo/series/GSE56nnn/GSE56037/
Prognostic Text filter: <No prognostic keywords found>
11.
Platform: GPL570 10 Samples
Organism:	Homo sapiens
Found 'more...': Checking abstract further...
FTP download: GEO (CEL, CHP) ftp://ftp.ncbi.nlm.nih.gov/geo/series/GSE38nnn/GSE38944/
Prognostic Text filter: <No prognostic keywords found>
12.
Platform: GPL570 92 Samples
Organism:	Homo sapiens
FTP download: GEO (CEL, CHP) ftp://ftp.ncbi.nlm.nih.gov/geo/series/GSE31nnn/GSE31189/
13.
Platform: GPL96 19 Samples
Organism:	Homo sapiens
FTP download: GEO (CEL) ftp://ftp.ncbi.nlm.nih.gov/geo/series/GSE37nnn/GSE37317/
14.
Dataset: GDS4454 Platform: GPL570 24 Samples
Organism:	Homo sapiens
FTP download: GEO (CEL) ftp://ftp.ncbi.nlm.nih.gov/geo/series/GSE41nnn/GSE41035/
15.
Platform: GPL570 Series: GSE41035 24 Samples
Organism:	Homo sapiens
FTP download: GEO (CEL) ftp://ftp.ncbi.nlm.nih.gov/geo/datasets/GDS4nnn/GDS4454/
16.
4 related Platforms 121 Samples
Organism:	Homo sapiens
FTP download: GEO (BED, TXT) ftp://ftp.ncbi.nlm.nih.gov/geo/series/GSE38nnn/GSE38495/
17.
Dataset: GDS4455 Platform: GPL570 4 Samples
Organism:	Homo sapiens
Found 'more...': Checking abstract further...
FTP download: GEO (CEL) ftp://ftp.ncbi.nlm.nih.gov/geo/series/GSE35nnn/GSE35014/
Prognostic Text filter: <Prognostic keywords found>
Prognostic Signature filter: <No data found>

18.
Platform: GPL570 Series: GSE35014 4 Samples
Organism:	Homo sapiens
FTP download: GEO (CEL) ftp://ftp.ncbi.nlm.nih.gov/geo/datasets/GDS4nnn/GDS4455/
19.
Dataset: GDS4456 Platform: GPL570 93 Samples
Organism:	Homo sapiens
FTP download: GEO (CEL, TXT) ftp://ftp.ncbi.nlm.nih.gov/geo/series/GSE31nnn/GSE31684/
Prognostic Text filter: <Prognostic keywords found>
Prognostic Signature filter: <Prognostic signature found>

20.
Platform: GPL570 Series: GSE31684 93 Samples
Organism:	Homo sapiens
FTP download: GEO (CEL) ftp://ftp.ncbi.nlm.nih.gov/geo/datasets/GDS4nnn/GDS4456/
21.
Platform: GPL570 3 Samples
Organism:	Homo sapiens
FTP download: GEO (CEL) ftp://ftp.ncbi.nlm.nih.gov/geo/series/GSE31nnn/GSE31864/
22.
Platform: GPL570 17 Samples
Organism:	Homo sapiens
Found 'more...': Checking abstract further...
FTP download: GEO (CEL, CHP) ftp://ftp.ncbi.nlm.nih.gov/geo/series/GSE30nnn/GSE30522/
Prognostic Text filter: <No prognostic keywords found>
23.
Platform: GPL96 40 Samples
Organism:	Homo sapiens
FTP download: GEO ftp://ftp.ncbi.nlm.nih.gov/geo/series/GSE5nnn/GSE5845/
24.
Platform: GPL96 30 Samples
Organism:	Homo sapiens
FTP download: GEO (CEL) ftp://ftp.ncbi.nlm.nih.gov/geo/series/GSE5nnn/GSE5287/
Prognostic Text filter: <Prognostic keywords found>
Prognostic Signature filter: <Prognostic signature found>

25.
Platform: GPL570 12 Samples
Organism:	Homo sapiens
Found 'more...': Checking abstract further...
FTP download: GEO (CEL) ftp://ftp.ncbi.nlm.nih.gov/geo/series/GSE7nnn/GSE7476/
Prognostic Text filter: <No prognostic keywords found>
26.
Dataset: GDS1479 Platform: GPL96 60 Samples
Organism:	Homo sapiens
Found 'more...': Checking abstract further...
FTP download: GEO (CEL) ftp://ftp.ncbi.nlm.nih.gov/geo/series/GSE3nnn/GSE3167/
Prognostic Text filter: <No prognostic keywords found>
27.
Platform: GPL96 Series: GSE3167 60 Samples
Organism:	Homo sapiens
FTP download: GEO (CEL) ftp://ftp.ncbi.nlm.nih.gov/geo/datasets/GDS1nnn/GDS1479/
28.
Platform: GPL570 Series: GSE119639 
Organism:	Homo sapiens
FTP download: GEO (CEL) ftp://ftp.ncbi.nlm.nih.gov/geo/samples/GSM3379nnn/GSM3379779/
29.
Platform: GPL570 Series: GSE119639 
Organism:	Homo sapiens
FTP download: GEO (CEL) ftp://ftp.ncbi.nlm.nih.gov/geo/samples/GSM3379nnn/GSM3379778/
30.
Platform: GPL570 Series: GSE119639 
Organism:	Homo sapiens
FTP download: GEO (CEL) ftp://ftp.ncbi.nlm.nih.gov/geo/samples/GSM3379nnn/GSM3379777/
31.
Platform: GPL570 Series: GSE97943 
Organism:	Homo sapiens
FTP download: GEO (CEL) ftp://ftp.ncbi.nlm.nih.gov/geo/samples/GSM2582nnn/GSM2582306/
32.
Platform: GPL570 Series: GSE97943 
Organism:	Homo sapiens
FTP download: GEO (CEL) ftp://ftp.ncbi.nlm.nih.gov/geo/samples/GSM2582nnn/GSM2582305/
33.
Platform: GPL570 Series: GSE97943 
Organism:	Homo sapiens
FTP download: GEO (CEL) ftp://ftp.ncbi.nlm.nih.gov/geo/samples/GSM2582nnn/GSM2582304/
34.
Platform: GPL570 Series: GSE97943 
Organism:	Homo sapiens
FTP download: GEO (CEL) ftp://ftp.ncbi.nlm.nih.gov/geo/samples/GSM2582nnn/GSM2582303/
35.
Platform: GPL570 Series: GSE97943 
Organism:	Homo sapiens
FTP download: GEO (CEL) ftp://ftp.ncbi.nlm.nih.gov/geo/samples/GSM2582nnn/GSM2582302/
36.
Platform: GPL570 Series: GSE97943 
Organism:	Homo sapiens
FTP download: GEO (CEL) ftp://ftp.ncbi.nlm.nih.gov/geo/samples/GSM2582nnn/GSM2582301/
37.
Platform: GPL570 Series: GSE122306 
Organism:	Homo sapiens
FTP download: GEO (CEL) ftp://ftp.ncbi.nlm.nih.gov/geo/samples/GSM3463nnn/GSM3463783/
38.
Platform: GPL570 Series: GSE122306 
Organism:	Homo sapiens
FTP download: GEO (CEL) ftp://ftp.ncbi.nlm.nih.gov/geo/samples/GSM3463nnn/GSM3463782/
39.
Platform: GPL570 Series: GSE122306 
Organism:	Homo sapiens
FTP download: GEO (CEL) ftp://ftp.ncbi.nlm.nih.gov/geo/samples/GSM3463nnn/GSM3463781/
40.
Platform: GPL570 Series: GSE122306 
Organism:	Homo sapiens
FTP download: GEO (CEL) ftp://ftp.ncbi.nlm.nih.gov/geo/samples/GSM3463nnn/GSM3463780/
41.
Platform: GPL570 Series: GSE122306 
Organism:	Homo sapiens
FTP download: GEO (CEL) ftp://ftp.ncbi.nlm.nih.gov/geo/samples/GSM3463nnn/GSM3463779/
42.
Platform: GPL570 Series: GSE122306 
Organism:	Homo sapiens
FTP download: GEO (CEL) ftp://ftp.ncbi.nlm.nih.gov/geo/samples/GSM3463nnn/GSM3463778/
43.
Platform: GPL570 Series: GSE122306 
Organism:	Homo sapiens
FTP download: GEO (CEL) ftp://ftp.ncbi.nlm.nih.gov/geo/samples/GSM3463nnn/GSM3463777/
44.
Platform: GPL570 Series: GSE122306 
Organism:	Homo sapiens
FTP download: GEO (CEL) ftp://ftp.ncbi.nlm.nih.gov/geo/samples/GSM3463nnn/GSM3463776/
45.
Platform: GPL570 Series: GSE122306 
Organism:	Homo sapiens
FTP download: GEO (CEL) ftp://ftp.ncbi.nlm.nih.gov/geo/samples/GSM3463nnn/GSM3463775/
46.
Platform: GPL570 Series: GSE122306 
Organism:	Homo sapiens
FTP download: GEO (CEL) ftp://ftp.ncbi.nlm.nih.gov/geo/samples/GSM3463nnn/GSM3463774/
47.
Platform: GPL570 Series: GSE122306 
Organism:	Homo sapiens
FTP download: GEO (CEL) ftp://ftp.ncbi.nlm.nih.gov/geo/samples/GSM3463nnn/GSM3463773/
48.
Platform: GPL570 Series: GSE122306 
Organism:	Homo sapiens
FTP download: GEO (CEL) ftp://ftp.ncbi.nlm.nih.gov/geo/samples/GSM3463nnn/GSM3463772/
49.
Platform: GPL570 Series: GSE65577 
Organism:	Homo sapiens
FTP download: GEO (CEL) ftp://ftp.ncbi.nlm.nih.gov/geo/samples/GSM1600nnn/GSM1600429/
50.
Platform: GPL570 Series: GSE65577 
Organism:	Homo sapiens
FTP download: GEO (CEL) ftp://ftp.ncbi.nlm.nih.gov/geo/samples/GSM1600nnn/GSM1600428/
51.
Platform: GPL570 Series: GSE65577 
Organism:	Homo sapiens
FTP download: GEO (CEL) ftp://ftp.ncbi.nlm.nih.gov/geo/samples/GSM1600nnn/GSM1600427/
52.
Platform: GPL570 Series: GSE65577 
Organism:	Homo sapiens
FTP download: GEO (CEL) ftp://ftp.ncbi.nlm.nih.gov/geo/samples/GSM1600nnn/GSM1600426/
53.
Platform: GPL570 Series: GSE45636 
Organism:	Homo sapiens
FTP download: GEO (CEL) ftp://ftp.ncbi.nlm.nih.gov/geo/samples/GSM1111nnn/GSM1111164/
54.
Platform: GPL570 Series: GSE45636 
Organism:	Homo sapiens
FTP download: GEO (CEL) ftp://ftp.ncbi.nlm.nih.gov/geo/samples/GSM1111nnn/GSM1111163/
55.
Platform: GPL570 Series: GSE45636 
Organism:	Homo sapiens
FTP download: GEO (CEL) ftp://ftp.ncbi.nlm.nih.gov/geo/samples/GSM1111nnn/GSM1111162/
56.
Platform: GPL570 Series: GSE45636 
Organism:	Homo sapiens
FTP download: GEO (CEL) ftp://ftp.ncbi.nlm.nih.gov/geo/samples/GSM1111nnn/GSM1111161/
57.
Platform: GPL570 Series: GSE45636 
Organism:	Homo sapiens
FTP download: GEO (CEL) ftp://ftp.ncbi.nlm.nih.gov/geo/samples/GSM1111nnn/GSM1111160/
58.
Platform: GPL570 Series: GSE45636 
Organism:	Homo sapiens
FTP download: GEO (CEL) ftp://ftp.ncbi.nlm.nih.gov/geo/samples/GSM1111nnn/GSM1111159/
59.
Platform: GPL570 Series: GSE56037 
Organism:	Homo sapiens
FTP download: GEO (CEL) ftp://ftp.ncbi.nlm.nih.gov/geo/samples/GSM1351nnn/GSM1351809/
60.
Platform: GPL570 Series: GSE56037 
Organism:	Homo sapiens
FTP download: GEO (CEL) ftp://ftp.ncbi.nlm.nih.gov/geo/samples/GSM1351nnn/GSM1351808/
61.
Platform: GPL570 Series: GSE56037 
Organism:	Homo sapiens
FTP download: GEO (CEL) ftp://ftp.ncbi.nlm.nih.gov/geo/samples/GSM1351nnn/GSM1351807/
62.
Platform: GPL570 Series: GSE56037 
Organism:	Homo sapiens
FTP download: GEO (CEL) ftp://ftp.ncbi.nlm.nih.gov/geo/samples/GSM1351nnn/GSM1351806/
63.
Platform: GPL570 Series: GSE56037 
Organism:	Homo sapiens
FTP download: GEO (CEL) ftp://ftp.ncbi.nlm.nih.gov/geo/samples/GSM1351nnn/GSM1351805/
64.
Platform: GPL570 Series: GSE56037 
Organism:	Homo sapiens
FTP download: GEO (CEL) ftp://ftp.ncbi.nlm.nih.gov/geo/samples/GSM1351nnn/GSM1351804/
65.
Platform: GPL570 Series: GSE31189 
Organism:	Homo sapiens
FTP download: GEO (CEL, CHP) ftp://ftp.ncbi.nlm.nih.gov/geo/samples/GSM773nnn/GSM773215/
66.
Platform: GPL570 Series: GSE31189 
Organism:	Homo sapiens
FTP download: GEO (CEL, CHP) ftp://ftp.ncbi.nlm.nih.gov/geo/samples/GSM773nnn/GSM773214/
67.
Platform: GPL570 Series: GSE31189 
Organism:	Homo sapiens
FTP download: GEO (CEL, CHP) ftp://ftp.ncbi.nlm.nih.gov/geo/samples/GSM773nnn/GSM773213/
68.
Platform: GPL570 Series: GSE31189 
Organism:	Homo sapiens
FTP download: GEO (CEL, CHP) ftp://ftp.ncbi.nlm.nih.gov/geo/samples/GSM773nnn/GSM773212/
69.
Platform: GPL570 Series: GSE31189 
Organism:	Homo sapiens
FTP download: GEO (CEL, CHP) ftp://ftp.ncbi.nlm.nih.gov/geo/samples/GSM773nnn/GSM773211/
70.
Platform: GPL570 Series: GSE31189 
Organism:	Homo sapiens
FTP download: GEO (CEL, CHP) ftp://ftp.ncbi.nlm.nih.gov/geo/samples/GSM773nnn/GSM773210/
71.
Platform: GPL570 Series: GSE31189 
Organism:	Homo sapiens
FTP download: GEO (CEL, CHP) ftp://ftp.ncbi.nlm.nih.gov/geo/samples/GSM773nnn/GSM773209/
72.
Platform: GPL570 Series: GSE31189 
Organism:	Homo sapiens
FTP download: GEO (CEL, CHP) ftp://ftp.ncbi.nlm.nih.gov/geo/samples/GSM773nnn/GSM773208/
73.
Platform: GPL570 Series: GSE31189 
Organism:	Homo sapiens
FTP download: GEO (CEL, CHP) ftp://ftp.ncbi.nlm.nih.gov/geo/samples/GSM773nnn/GSM773207/
74.
Platform: GPL570 Series: GSE31189 
Organism:	Homo sapiens
FTP download: GEO (CEL, CHP) ftp://ftp.ncbi.nlm.nih.gov/geo/samples/GSM773nnn/GSM773206/
75.
Platform: GPL570 Series: GSE31189 
Organism:	Homo sapiens
FTP download: GEO (CEL, CHP) ftp://ftp.ncbi.nlm.nih.gov/geo/samples/GSM773nnn/GSM773205/
76.
Platform: GPL570 Series: GSE31189 
Organism:	Homo sapiens
FTP download: GEO (CEL, CHP) ftp://ftp.ncbi.nlm.nih.gov/geo/samples/GSM773nnn/GSM773204/
77.
Platform: GPL570 Series: GSE31189 
Organism:	Homo sapiens
FTP download: GEO (CEL, CHP) ftp://ftp.ncbi.nlm.nih.gov/geo/samples/GSM773nnn/GSM773203/
78.
Platform: GPL570 Series: GSE31189 
Organism:	Homo sapiens
FTP download: GEO (CEL, CHP) ftp://ftp.ncbi.nlm.nih.gov/geo/samples/GSM773nnn/GSM773202/
79.
Platform: GPL570 Series: GSE31189 
Organism:	Homo sapiens
FTP download: GEO (CEL, CHP) ftp://ftp.ncbi.nlm.nih.gov/geo/samples/GSM773nnn/GSM773201/
80.
Platform: GPL570 Series: GSE31189 
Organism:	Homo sapiens
FTP download: GEO (CEL, CHP) ftp://ftp.ncbi.nlm.nih.gov/geo/samples/GSM773nnn/GSM773200/
81.
Platform: GPL570 Series: GSE31189 
Organism:	Homo sapiens
FTP download: GEO (CEL, CHP) ftp://ftp.ncbi.nlm.nih.gov/geo/samples/GSM773nnn/GSM773199/
82.
Platform: GPL570 Series: GSE31189 
Organism:	Homo sapiens
FTP download: GEO (CEL, CHP) ftp://ftp.ncbi.nlm.nih.gov/geo/samples/GSM773nnn/GSM773198/
83.
Platform: GPL570 Series: GSE31189 
Organism:	Homo sapiens
FTP download: GEO (CEL, CHP) ftp://ftp.ncbi.nlm.nih.gov/geo/samples/GSM773nnn/GSM773197/
84.
Platform: GPL570 Series: GSE31189 
Organism:	Homo sapiens
FTP download: GEO (CEL, CHP) ftp://ftp.ncbi.nlm.nih.gov/geo/samples/GSM773nnn/GSM773196/
85.
Platform: GPL570 Series: GSE31189 
Organism:	Homo sapiens
FTP download: GEO (CEL, CHP) ftp://ftp.ncbi.nlm.nih.gov/geo/samples/GSM773nnn/GSM773195/
86.
Platform: GPL570 Series: GSE31189 
Organism:	Homo sapiens
FTP download: GEO (CEL, CHP) ftp://ftp.ncbi.nlm.nih.gov/geo/samples/GSM773nnn/GSM773194/
87.
Platform: GPL570 Series: GSE31189 
Organism:	Homo sapiens
FTP download: GEO (CEL, CHP) ftp://ftp.ncbi.nlm.nih.gov/geo/samples/GSM773nnn/GSM773193/
88.
Platform: GPL570 Series: GSE31189 
Organism:	Homo sapiens
FTP download: GEO (CEL, CHP) ftp://ftp.ncbi.nlm.nih.gov/geo/samples/GSM773nnn/GSM773192/
89.
Platform: GPL570 Series: GSE31189 
Organism:	Homo sapiens
FTP download: GEO (CEL, CHP) ftp://ftp.ncbi.nlm.nih.gov/geo/samples/GSM773nnn/GSM773191/
90.
Platform: GPL570 Series: GSE31189 
Organism:	Homo sapiens
FTP download: GEO (CEL, CHP) ftp://ftp.ncbi.nlm.nih.gov/geo/samples/GSM773nnn/GSM773190/
91.
Platform: GPL570 Series: GSE31189 
Organism:	Homo sapiens
FTP download: GEO (CEL, CHP) ftp://ftp.ncbi.nlm.nih.gov/geo/samples/GSM773nnn/GSM773189/
92.
Platform: GPL570 Series: GSE31189 
Organism:	Homo sapiens
FTP download: GEO (CEL, CHP) ftp://ftp.ncbi.nlm.nih.gov/geo/samples/GSM773nnn/GSM773188/
93.
Platform: GPL570 Series: GSE31189 
Organism:	Homo sapiens
FTP download: GEO (CEL, CHP) ftp://ftp.ncbi.nlm.nih.gov/geo/samples/GSM773nnn/GSM773187/
94.
Platform: GPL570 Series: GSE31189 
Organism:	Homo sapiens
FTP download: GEO (CEL, CHP) ftp://ftp.ncbi.nlm.nih.gov/geo/samples/GSM773nnn/GSM773186/
95.
Platform: GPL570 Series: GSE31189 
Organism:	Homo sapiens
FTP download: GEO (CEL, CHP) ftp://ftp.ncbi.nlm.nih.gov/geo/samples/GSM773nnn/GSM773185/
96.
Platform: GPL570 Series: GSE31189 
Organism:	Homo sapiens
FTP download: GEO (CEL, CHP) ftp://ftp.ncbi.nlm.nih.gov/geo/samples/GSM773nnn/GSM773184/
97.
Platform: GPL570 Series: GSE31189 
Organism:	Homo sapiens
FTP download: GEO (CEL, CHP) ftp://ftp.ncbi.nlm.nih.gov/geo/samples/GSM773nnn/GSM773183/
98.
Platform: GPL570 Series: GSE31189 
Organism:	Homo sapiens
FTP download: GEO (CEL, CHP) ftp://ftp.ncbi.nlm.nih.gov/geo/samples/GSM773nnn/GSM773182/
99.
Platform: GPL570 Series: GSE31189 
Organism:	Homo sapiens
FTP download: GEO (CEL, CHP) ftp://ftp.ncbi.nlm.nih.gov/geo/samples/GSM773nnn/GSM773181/
100.
Platform: GPL570 Series: GSE31189 
Organism:	Homo sapiens
FTP download: GEO (CEL, CHP) ftp://ftp.ncbi.nlm.nih.gov/geo/samples/GSM773nnn/GSM773180/
101.
Platform: GPL570 Series: GSE31189 
Organism:	Homo sapiens
FTP download: GEO (CEL, CHP) ftp://ftp.ncbi.nlm.nih.gov/geo/samples/GSM773nnn/GSM773179/
102.
Platform: GPL570 Series: GSE31189 
Organism:	Homo sapiens
FTP download: GEO (CEL, CHP) ftp://ftp.ncbi.nlm.nih.gov/geo/samples/GSM773nnn/GSM773178/
103.
Platform: GPL570 Series: GSE31189 
Organism:	Homo sapiens
FTP download: GEO (CEL, CHP) ftp://ftp.ncbi.nlm.nih.gov/geo/samples/GSM773nnn/GSM773177/
104.
Platform: GPL570 Series: GSE31189 
Organism:	Homo sapiens
FTP download: GEO (CEL, CHP) ftp://ftp.ncbi.nlm.nih.gov/geo/samples/GSM773nnn/GSM773176/
105.
Platform: GPL570 Series: GSE31189 
Organism:	Homo sapiens
FTP download: GEO (CEL, CHP) ftp://ftp.ncbi.nlm.nih.gov/geo/samples/GSM773nnn/GSM773175/
106.
Platform: GPL570 Series: GSE31189 
Organism:	Homo sapiens
FTP download: GEO (CEL, CHP) ftp://ftp.ncbi.nlm.nih.gov/geo/samples/GSM773nnn/GSM773174/
107.
Platform: GPL570 Series: GSE31189 
Organism:	Homo sapiens
FTP download: GEO (CEL, CHP) ftp://ftp.ncbi.nlm.nih.gov/geo/samples/GSM773nnn/GSM773173/
108.
Platform: GPL570 Series: GSE31189 
Organism:	Homo sapiens
FTP download: GEO (CEL, CHP) ftp://ftp.ncbi.nlm.nih.gov/geo/samples/GSM773nnn/GSM773172/
109.
Platform: GPL570 Series: GSE31189 
Organism:	Homo sapiens
FTP download: GEO (CEL, CHP) ftp://ftp.ncbi.nlm.nih.gov/geo/samples/GSM773nnn/GSM773171/
110.
Platform: GPL570 Series: GSE31189 
Organism:	Homo sapiens
FTP download: GEO (CEL, CHP) ftp://ftp.ncbi.nlm.nih.gov/geo/samples/GSM773nnn/GSM773170/
111.
Platform: GPL570 Series: GSE31189 
Organism:	Homo sapiens
FTP download: GEO (CEL, CHP) ftp://ftp.ncbi.nlm.nih.gov/geo/samples/GSM773nnn/GSM773169/
112.
Platform: GPL570 Series: GSE31189 
Organism:	Homo sapiens
FTP download: GEO (CEL, CHP) ftp://ftp.ncbi.nlm.nih.gov/geo/samples/GSM773nnn/GSM773168/
113.
Platform: GPL570 Series: GSE31189 
Organism:	Homo sapiens
FTP download: GEO (CEL, CHP) ftp://ftp.ncbi.nlm.nih.gov/geo/samples/GSM773nnn/GSM773167/
114.
Platform: GPL570 Series: GSE31189 
Organism:	Homo sapiens
FTP download: GEO (CEL, CHP) ftp://ftp.ncbi.nlm.nih.gov/geo/samples/GSM773nnn/GSM773166/
115.
Platform: GPL570 Series: GSE31189 
Organism:	Homo sapiens
FTP download: GEO (CEL, CHP) ftp://ftp.ncbi.nlm.nih.gov/geo/samples/GSM773nnn/GSM773165/
116.
Platform: GPL570 Series: GSE31189 
Organism:	Homo sapiens
FTP download: GEO (CEL, CHP) ftp://ftp.ncbi.nlm.nih.gov/geo/samples/GSM773nnn/GSM773164/
117.
Platform: GPL570 Series: GSE31189 
Organism:	Homo sapiens
FTP download: GEO (CEL, CHP) ftp://ftp.ncbi.nlm.nih.gov/geo/samples/GSM773nnn/GSM773163/
118.
Platform: GPL570 Series: GSE31189 
Organism:	Homo sapiens
FTP download: GEO (CEL, CHP) ftp://ftp.ncbi.nlm.nih.gov/geo/samples/GSM773nnn/GSM773162/
119.
Platform: GPL570 Series: GSE31189 
Organism:	Homo sapiens
FTP download: GEO (CEL, CHP) ftp://ftp.ncbi.nlm.nih.gov/geo/samples/GSM773nnn/GSM773161/
120.
Platform: GPL570 Series: GSE31189 
Organism:	Homo sapiens
FTP download: GEO (CEL, CHP) ftp://ftp.ncbi.nlm.nih.gov/geo/samples/GSM773nnn/GSM773160/
121.
Platform: GPL570 Series: GSE31189 
Organism:	Homo sapiens
FTP download: GEO (CEL, CHP) ftp://ftp.ncbi.nlm.nih.gov/geo/samples/GSM773nnn/GSM773159/
122.
Platform: GPL570 Series: GSE31189 
Organism:	Homo sapiens
FTP download: GEO (CEL, CHP) ftp://ftp.ncbi.nlm.nih.gov/geo/samples/GSM773nnn/GSM773158/
123.
Platform: GPL570 Series: GSE31189 
Organism:	Homo sapiens
FTP download: GEO (CEL, CHP) ftp://ftp.ncbi.nlm.nih.gov/geo/samples/GSM773nnn/GSM773157/
124.
Platform: GPL570 Series: GSE31189 
Organism:	Homo sapiens
FTP download: GEO (CEL, CHP) ftp://ftp.ncbi.nlm.nih.gov/geo/samples/GSM773nnn/GSM773156/
125.
Platform: GPL570 Series: GSE31189 
Organism:	Homo sapiens
FTP download: GEO (CEL, CHP) ftp://ftp.ncbi.nlm.nih.gov/geo/samples/GSM773nnn/GSM773155/
126.
Platform: GPL570 Series: GSE31189 
Organism:	Homo sapiens
FTP download: GEO (CEL, CHP) ftp://ftp.ncbi.nlm.nih.gov/geo/samples/GSM773nnn/GSM773154/
127.
Platform: GPL570 Series: GSE31189 
Organism:	Homo sapiens
FTP download: GEO (CEL, CHP) ftp://ftp.ncbi.nlm.nih.gov/geo/samples/GSM773nnn/GSM773153/
128.
Platform: GPL570 Series: GSE31189 
Organism:	Homo sapiens
FTP download: GEO (CEL, CHP) ftp://ftp.ncbi.nlm.nih.gov/geo/samples/GSM773nnn/GSM773152/
129.
Platform: GPL570 Series: GSE31189 
Organism:	Homo sapiens
FTP download: GEO (CEL, CHP) ftp://ftp.ncbi.nlm.nih.gov/geo/samples/GSM773nnn/GSM773151/
130.
Platform: GPL570 Series: GSE31189 
Organism:	Homo sapiens
FTP download: GEO (CEL, CHP) ftp://ftp.ncbi.nlm.nih.gov/geo/samples/GSM773nnn/GSM773150/
131.
Platform: GPL570 Series: GSE31189 
Organism:	Homo sapiens
FTP download: GEO (CEL, CHP) ftp://ftp.ncbi.nlm.nih.gov/geo/samples/GSM773nnn/GSM773149/
132.
Platform: GPL570 Series: GSE31189 
Organism:	Homo sapiens
FTP download: GEO (CEL, CHP) ftp://ftp.ncbi.nlm.nih.gov/geo/samples/GSM773nnn/GSM773148/
133.
Platform: GPL570 Series: GSE31189 
Organism:	Homo sapiens
FTP download: GEO (CEL, CHP) ftp://ftp.ncbi.nlm.nih.gov/geo/samples/GSM773nnn/GSM773147/
134.
Platform: GPL570 Series: GSE31189 
Organism:	Homo sapiens
FTP download: GEO (CEL, CHP) ftp://ftp.ncbi.nlm.nih.gov/geo/samples/GSM773nnn/GSM773146/
135.
Platform: GPL570 Series: GSE31189 
Organism:	Homo sapiens
FTP download: GEO (CEL, CHP) ftp://ftp.ncbi.nlm.nih.gov/geo/samples/GSM773nnn/GSM773145/
136.
Platform: GPL570 Series: GSE31189 
Organism:	Homo sapiens
FTP download: GEO (CEL, CHP) ftp://ftp.ncbi.nlm.nih.gov/geo/samples/GSM773nnn/GSM773144/
137.
Platform: GPL570 Series: GSE31189 
Organism:	Homo sapiens
FTP download: GEO (CEL, CHP) ftp://ftp.ncbi.nlm.nih.gov/geo/samples/GSM773nnn/GSM773143/
138.
Platform: GPL570 Series: GSE31189 
Organism:	Homo sapiens
FTP download: GEO (CEL, CHP) ftp://ftp.ncbi.nlm.nih.gov/geo/samples/GSM773nnn/GSM773142/
139.
Platform: GPL570 Series: GSE31189 
Organism:	Homo sapiens
FTP download: GEO (CEL, CHP) ftp://ftp.ncbi.nlm.nih.gov/geo/samples/GSM773nnn/GSM773141/
140.
Platform: GPL570 Series: GSE31189 
Organism:	Homo sapiens
FTP download: GEO (CEL, CHP) ftp://ftp.ncbi.nlm.nih.gov/geo/samples/GSM773nnn/GSM773140/
141.
Platform: GPL570 Series: GSE31189 
Organism:	Homo sapiens
FTP download: GEO (CEL, CHP) ftp://ftp.ncbi.nlm.nih.gov/geo/samples/GSM773nnn/GSM773139/
142.
Platform: GPL570 Series: GSE31189 
Organism:	Homo sapiens
FTP download: GEO (CEL, CHP) ftp://ftp.ncbi.nlm.nih.gov/geo/samples/GSM773nnn/GSM773138/
143.
Platform: GPL570 Series: GSE31189 
Organism:	Homo sapiens
FTP download: GEO (CEL, CHP) ftp://ftp.ncbi.nlm.nih.gov/geo/samples/GSM773nnn/GSM773137/
144.
Platform: GPL570 Series: GSE31189 
Organism:	Homo sapiens
FTP download: GEO (CEL, CHP) ftp://ftp.ncbi.nlm.nih.gov/geo/samples/GSM773nnn/GSM773136/
145.
Platform: GPL570 Series: GSE31189 
Organism:	Homo sapiens
FTP download: GEO (CEL, CHP) ftp://ftp.ncbi.nlm.nih.gov/geo/samples/GSM773nnn/GSM773135/
146.
Platform: GPL570 Series: GSE31189 
Organism:	Homo sapiens
FTP download: GEO (CEL, CHP) ftp://ftp.ncbi.nlm.nih.gov/geo/samples/GSM773nnn/GSM773134/
147.
Platform: GPL570 Series: GSE31189 
Organism:	Homo sapiens
FTP download: GEO (CEL, CHP) ftp://ftp.ncbi.nlm.nih.gov/geo/samples/GSM773nnn/GSM773133/
148.
Platform: GPL570 Series: GSE31189 
Organism:	Homo sapiens
FTP download: GEO (CEL, CHP) ftp://ftp.ncbi.nlm.nih.gov/geo/samples/GSM773nnn/GSM773132/
149.
Platform: GPL570 Series: GSE31189 
Organism:	Homo sapiens
FTP download: GEO (CEL, CHP) ftp://ftp.ncbi.nlm.nih.gov/geo/samples/GSM773nnn/GSM773131/
150.
Platform: GPL570 Series: GSE31189 
Organism:	Homo sapiens
FTP download: GEO (CEL, CHP) ftp://ftp.ncbi.nlm.nih.gov/geo/samples/GSM773nnn/GSM773130/
151.
Platform: GPL570 Series: GSE31189 
Organism:	Homo sapiens
FTP download: GEO (CEL, CHP) ftp://ftp.ncbi.nlm.nih.gov/geo/samples/GSM773nnn/GSM773129/
152.
Platform: GPL570 Series: GSE31189 
Organism:	Homo sapiens
FTP download: GEO (CEL, CHP) ftp://ftp.ncbi.nlm.nih.gov/geo/samples/GSM773nnn/GSM773128/
153.
Platform: GPL570 Series: GSE31189 
Organism:	Homo sapiens
FTP download: GEO (CEL, CHP) ftp://ftp.ncbi.nlm.nih.gov/geo/samples/GSM773nnn/GSM773127/
154.
Platform: GPL570 Series: GSE31189 
Organism:	Homo sapiens
FTP download: GEO (CEL, CHP) ftp://ftp.ncbi.nlm.nih.gov/geo/samples/GSM773nnn/GSM773126/
155.
Platform: GPL570 Series: GSE31189 
Organism:	Homo sapiens
FTP download: GEO (CEL, CHP) ftp://ftp.ncbi.nlm.nih.gov/geo/samples/GSM773nnn/GSM773125/
156.
Platform: GPL570 Series: GSE31189 
Organism:	Homo sapiens
FTP download: GEO (CEL, CHP) ftp://ftp.ncbi.nlm.nih.gov/geo/samples/GSM773nnn/GSM773124/
157.
Platform: GPL570 Series: GSE41035 Dataset: GDS4454 
Organism:	Homo sapiens
FTP download: GEO (CEL) ftp://ftp.ncbi.nlm.nih.gov/geo/samples/GSM1007nnn/GSM1007055/
158.
Platform: GPL570 Series: GSE41035 Dataset: GDS4454 
Organism:	Homo sapiens
FTP download: GEO (CEL) ftp://ftp.ncbi.nlm.nih.gov/geo/samples/GSM1007nnn/GSM1007054/
159.
Platform: GPL570 Series: GSE41035 Dataset: GDS4454 
Organism:	Homo sapiens
FTP download: GEO (CEL) ftp://ftp.ncbi.nlm.nih.gov/geo/samples/GSM1007nnn/GSM1007053/
160.
Platform: GPL570 Series: GSE41035 Dataset: GDS4454 
Organism:	Homo sapiens
FTP download: GEO (CEL) ftp://ftp.ncbi.nlm.nih.gov/geo/samples/GSM1007nnn/GSM1007052/
161.
Platform: GPL570 Series: GSE41035 Dataset: GDS4454 
Organism:	Homo sapiens
FTP download: GEO (CEL) ftp://ftp.ncbi.nlm.nih.gov/geo/samples/GSM1007nnn/GSM1007051/
162.
Platform: GPL570 Series: GSE41035 Dataset: GDS4454 
Organism:	Homo sapiens
FTP download: GEO (CEL) ftp://ftp.ncbi.nlm.nih.gov/geo/samples/GSM1007nnn/GSM1007050/
163.
Platform: GPL570 Series: GSE41035 Dataset: GDS4454 
Organism:	Homo sapiens
FTP download: GEO (CEL) ftp://ftp.ncbi.nlm.nih.gov/geo/samples/GSM1007nnn/GSM1007049/
164.
Platform: GPL570 Series: GSE41035 Dataset: GDS4454 
Organism:	Homo sapiens
FTP download: GEO (CEL) ftp://ftp.ncbi.nlm.nih.gov/geo/samples/GSM1007nnn/GSM1007048/
165.
Platform: GPL570 Series: GSE41035 Dataset: GDS4454 
Organism:	Homo sapiens
FTP download: GEO (CEL) ftp://ftp.ncbi.nlm.nih.gov/geo/samples/GSM1007nnn/GSM1007047/
166.
Platform: GPL570 Series: GSE41035 Dataset: GDS4454 
Organism:	Homo sapiens
FTP download: GEO (CEL) ftp://ftp.ncbi.nlm.nih.gov/geo/samples/GSM1007nnn/GSM1007046/
167.
Platform: GPL570 Series: GSE41035 Dataset: GDS4454 
Organism:	Homo sapiens
FTP download: GEO (CEL) ftp://ftp.ncbi.nlm.nih.gov/geo/samples/GSM1007nnn/GSM1007045/
168.
Platform: GPL570 Series: GSE41035 Dataset: GDS4454 
Organism:	Homo sapiens
FTP download: GEO (CEL) ftp://ftp.ncbi.nlm.nih.gov/geo/samples/GSM1007nnn/GSM1007044/
169.
Platform: GPL570 Series: GSE41035 Dataset: GDS4454 
Organism:	Homo sapiens
FTP download: GEO (CEL) ftp://ftp.ncbi.nlm.nih.gov/geo/samples/GSM1007nnn/GSM1007043/
170.
Platform: GPL570 Series: GSE41035 Dataset: GDS4454 
Organism:	Homo sapiens
FTP download: GEO (CEL) ftp://ftp.ncbi.nlm.nih.gov/geo/samples/GSM1007nnn/GSM1007042/
171.
Platform: GPL570 Series: GSE41035 Dataset: GDS4454 
Organism:	Homo sapiens
FTP download: GEO (CEL) ftp://ftp.ncbi.nlm.nih.gov/geo/samples/GSM1007nnn/GSM1007041/
172.
Platform: GPL570 Series: GSE41035 Dataset: GDS4454 
Organism:	Homo sapiens
FTP download: GEO (CEL) ftp://ftp.ncbi.nlm.nih.gov/geo/samples/GSM1007nnn/GSM1007040/
173.
Platform: GPL570 Series: GSE41035 Dataset: GDS4454 
Organism:	Homo sapiens
FTP download: GEO (CEL) ftp://ftp.ncbi.nlm.nih.gov/geo/samples/GSM1007nnn/GSM1007039/
174.
Platform: GPL570 Series: GSE41035 Dataset: GDS4454 
Organism:	Homo sapiens
FTP download: GEO (CEL) ftp://ftp.ncbi.nlm.nih.gov/geo/samples/GSM1007nnn/GSM1007038/
175.
Platform: GPL570 Series: GSE41035 Dataset: GDS4454 
Organism:	Homo sapiens
FTP download: GEO (CEL) ftp://ftp.ncbi.nlm.nih.gov/geo/samples/GSM1007nnn/GSM1007037/
176.
Platform: GPL570 Series: GSE41035 Dataset: GDS4454 
Organism:	Homo sapiens
FTP download: GEO (CEL) ftp://ftp.ncbi.nlm.nih.gov/geo/samples/GSM1007nnn/GSM1007036/
177.
Platform: GPL570 Series: GSE41035 Dataset: GDS4454 
Organism:	Homo sapiens
FTP download: GEO (CEL) ftp://ftp.ncbi.nlm.nih.gov/geo/samples/GSM1007nnn/GSM1007035/
178.
Platform: GPL570 Series: GSE41035 Dataset: GDS4454 
Organism:	Homo sapiens
FTP download: GEO (CEL) ftp://ftp.ncbi.nlm.nih.gov/geo/samples/GSM1007nnn/GSM1007034/
179.
Platform: GPL570 Series: GSE41035 Dataset: GDS4454 
Organism:	Homo sapiens
FTP download: GEO (CEL) ftp://ftp.ncbi.nlm.nih.gov/geo/samples/GSM1007nnn/GSM1007033/
180.
Platform: GPL570 Series: GSE41035 Dataset: GDS4454 
Organism:	Homo sapiens
FTP download: GEO (CEL) ftp://ftp.ncbi.nlm.nih.gov/geo/samples/GSM1007nnn/GSM1007032/
181.
Platform: GPL570 Series: GSE35014 Dataset: GDS4455 
Organism:	Homo sapiens
FTP download: GEO (CEL) ftp://ftp.ncbi.nlm.nih.gov/geo/samples/GSM860nnn/GSM860664/
182.
Platform: GPL570 Series: GSE35014 Dataset: GDS4455 
Organism:	Homo sapiens
FTP download: GEO (CEL) ftp://ftp.ncbi.nlm.nih.gov/geo/samples/GSM860nnn/GSM860663/
183.
Platform: GPL570 Series: GSE35014 Dataset: GDS4455 
Organism:	Homo sapiens
FTP download: GEO (CEL) ftp://ftp.ncbi.nlm.nih.gov/geo/samples/GSM860nnn/GSM860662/
184.
Platform: GPL570 Series: GSE35014 Dataset: GDS4455 
Organism:	Homo sapiens
FTP download: GEO (CEL) ftp://ftp.ncbi.nlm.nih.gov/geo/samples/GSM860nnn/GSM860661/
185.
Platform: GPL570 Series: GSE31684 Dataset: GDS4456 
Organism:	Homo sapiens
FTP download: GEO (CEL) ftp://ftp.ncbi.nlm.nih.gov/geo/samples/GSM786nnn/GSM786583/
186.
Platform: GPL570 Series: GSE31684 Dataset: GDS4456 
Organism:	Homo sapiens
FTP download: GEO (CEL) ftp://ftp.ncbi.nlm.nih.gov/geo/samples/GSM786nnn/GSM786582/
187.
Platform: GPL570 Series: GSE31684 Dataset: GDS4456 
Organism:	Homo sapiens
FTP download: GEO (CEL) ftp://ftp.ncbi.nlm.nih.gov/geo/samples/GSM786nnn/GSM786581/
188.
Platform: GPL570 Series: GSE31684 Dataset: GDS4456 
Organism:	Homo sapiens
FTP download: GEO (CEL) ftp://ftp.ncbi.nlm.nih.gov/geo/samples/GSM786nnn/GSM786580/
189.
Platform: GPL570 Series: GSE31684 Dataset: GDS4456 
Organism:	Homo sapiens
FTP download: GEO (CEL) ftp://ftp.ncbi.nlm.nih.gov/geo/samples/GSM786nnn/GSM786579/
190.
Platform: GPL570 Series: GSE31684 Dataset: GDS4456 
Organism:	Homo sapiens
FTP download: GEO (CEL) ftp://ftp.ncbi.nlm.nih.gov/geo/samples/GSM786nnn/GSM786578/
191.
Platform: GPL570 Series: GSE31684 Dataset: GDS4456 
Organism:	Homo sapiens
FTP download: GEO (CEL) ftp://ftp.ncbi.nlm.nih.gov/geo/samples/GSM786nnn/GSM786577/
192.
Platform: GPL570 Series: GSE31684 Dataset: GDS4456 
Organism:	Homo sapiens
FTP download: GEO (CEL) ftp://ftp.ncbi.nlm.nih.gov/geo/samples/GSM786nnn/GSM786576/
193.
Platform: GPL570 Series: GSE31684 Dataset: GDS4456 
Organism:	Homo sapiens
FTP download: GEO (CEL) ftp://ftp.ncbi.nlm.nih.gov/geo/samples/GSM786nnn/GSM786575/
194.
Platform: GPL570 Series: GSE31684 Dataset: GDS4456 
Organism:	Homo sapiens
FTP download: GEO (CEL) ftp://ftp.ncbi.nlm.nih.gov/geo/samples/GSM786nnn/GSM786574/
195.
Platform: GPL570 Series: GSE31684 Dataset: GDS4456 
Organism:	Homo sapiens
FTP download: GEO (CEL) ftp://ftp.ncbi.nlm.nih.gov/geo/samples/GSM786nnn/GSM786573/
196.
Platform: GPL570 Series: GSE31684 Dataset: GDS4456 
Organism:	Homo sapiens
FTP download: GEO (CEL) ftp://ftp.ncbi.nlm.nih.gov/geo/samples/GSM786nnn/GSM786572/
197.
Platform: GPL570 Series: GSE31684 Dataset: GDS4456 
Organism:	Homo sapiens
FTP download: GEO (CEL) ftp://ftp.ncbi.nlm.nih.gov/geo/samples/GSM786nnn/GSM786571/
198.
Platform: GPL570 Series: GSE31684 Dataset: GDS4456 
Organism:	Homo sapiens
FTP download: GEO (CEL) ftp://ftp.ncbi.nlm.nih.gov/geo/samples/GSM786nnn/GSM786570/
199.
Platform: GPL570 Series: GSE31684 Dataset: GDS4456 
Organism:	Homo sapiens
FTP download: GEO (CEL) ftp://ftp.ncbi.nlm.nih.gov/geo/samples/GSM786nnn/GSM786569/
200.
Platform: GPL570 Series: GSE31684 Dataset: GDS4456 
Organism:	Homo sapiens
FTP download: GEO (CEL) ftp://ftp.ncbi.nlm.nih.gov/geo/samples/GSM786nnn/GSM786568/
201.
Platform: GPL570 Series: GSE31684 Dataset: GDS4456 
Organism:	Homo sapiens
FTP download: GEO (CEL) ftp://ftp.ncbi.nlm.nih.gov/geo/samples/GSM786nnn/GSM786567/
202.
Platform: GPL570 Series: GSE31684 Dataset: GDS4456 
Organism:	Homo sapiens
FTP download: GEO (CEL) ftp://ftp.ncbi.nlm.nih.gov/geo/samples/GSM786nnn/GSM786566/
203.
Platform: GPL570 Series: GSE31684 Dataset: GDS4456 
Organism:	Homo sapiens
FTP download: GEO (CEL) ftp://ftp.ncbi.nlm.nih.gov/geo/samples/GSM786nnn/GSM786565/
204.
Platform: GPL570 Series: GSE31684 Dataset: GDS4456 
Organism:	Homo sapiens
FTP download: GEO (CEL) ftp://ftp.ncbi.nlm.nih.gov/geo/samples/GSM786nnn/GSM786564/
205.
Platform: GPL570 Series: GSE31684 Dataset: GDS4456 
Organism:	Homo sapiens
FTP download: GEO (CEL) ftp://ftp.ncbi.nlm.nih.gov/geo/samples/GSM786nnn/GSM786563/
206.
Platform: GPL570 Series: GSE31684 Dataset: GDS4456 
Organism:	Homo sapiens
FTP download: GEO (CEL) ftp://ftp.ncbi.nlm.nih.gov/geo/samples/GSM786nnn/GSM786562/
207.
Platform: GPL570 Series: GSE31684 Dataset: GDS4456 
Organism:	Homo sapiens
FTP download: GEO (CEL) ftp://ftp.ncbi.nlm.nih.gov/geo/samples/GSM786nnn/GSM786561/
208.
Platform: GPL570 Series: GSE31684 Dataset: GDS4456 
Organism:	Homo sapiens
FTP download: GEO (CEL) ftp://ftp.ncbi.nlm.nih.gov/geo/samples/GSM786nnn/GSM786560/
209.
Platform: GPL570 Series: GSE31684 Dataset: GDS4456 
Organism:	Homo sapiens
FTP download: GEO (CEL) ftp://ftp.ncbi.nlm.nih.gov/geo/samples/GSM786nnn/GSM786559/
210.
Platform: GPL570 Series: GSE31684 Dataset: GDS4456 
Organism:	Homo sapiens
FTP download: GEO (CEL) ftp://ftp.ncbi.nlm.nih.gov/geo/samples/GSM786nnn/GSM786558/
211.
Platform: GPL570 Series: GSE31684 Dataset: GDS4456 
Organism:	Homo sapiens
FTP download: GEO (CEL) ftp://ftp.ncbi.nlm.nih.gov/geo/samples/GSM786nnn/GSM786557/
212.
Platform: GPL570 Series: GSE31684 Dataset: GDS4456 
Organism:	Homo sapiens
FTP download: GEO (CEL) ftp://ftp.ncbi.nlm.nih.gov/geo/samples/GSM786nnn/GSM786556/
213.
Platform: GPL570 Series: GSE31684 Dataset: GDS4456 
Organism:	Homo sapiens
FTP download: GEO (CEL) ftp://ftp.ncbi.nlm.nih.gov/geo/samples/GSM786nnn/GSM786555/
214.
Platform: GPL570 Series: GSE31684 Dataset: GDS4456 
Organism:	Homo sapiens
FTP download: GEO (CEL) ftp://ftp.ncbi.nlm.nih.gov/geo/samples/GSM786nnn/GSM786554/
215.
Platform: GPL570 Series: GSE31684 Dataset: GDS4456 
Organism:	Homo sapiens
FTP download: GEO (CEL) ftp://ftp.ncbi.nlm.nih.gov/geo/samples/GSM786nnn/GSM786553/
216.
Platform: GPL570 Series: GSE31684 Dataset: GDS4456 
Organism:	Homo sapiens
FTP download: GEO (CEL) ftp://ftp.ncbi.nlm.nih.gov/geo/samples/GSM786nnn/GSM786552/
217.
Platform: GPL570 Series: GSE31684 Dataset: GDS4456 
Organism:	Homo sapiens
FTP download: GEO (CEL) ftp://ftp.ncbi.nlm.nih.gov/geo/samples/GSM786nnn/GSM786551/
218.
Platform: GPL570 Series: GSE31684 Dataset: GDS4456 
Organism:	Homo sapiens
FTP download: GEO (CEL) ftp://ftp.ncbi.nlm.nih.gov/geo/samples/GSM786nnn/GSM786550/
219.
Platform: GPL570 Series: GSE31684 Dataset: GDS4456 
Organism:	Homo sapiens
FTP download: GEO (CEL) ftp://ftp.ncbi.nlm.nih.gov/geo/samples/GSM786nnn/GSM786549/
220.
Platform: GPL570 Series: GSE31684 Dataset: GDS4456 
Organism:	Homo sapiens
FTP download: GEO (CEL) ftp://ftp.ncbi.nlm.nih.gov/geo/samples/GSM786nnn/GSM786548/
221.
Platform: GPL570 Series: GSE31684 Dataset: GDS4456 
Organism:	Homo sapiens
FTP download: GEO (CEL) ftp://ftp.ncbi.nlm.nih.gov/geo/samples/GSM786nnn/GSM786547/
222.
Platform: GPL570 Series: GSE31684 Dataset: GDS4456 
Organism:	Homo sapiens
FTP download: GEO (CEL) ftp://ftp.ncbi.nlm.nih.gov/geo/samples/GSM786nnn/GSM786546/
223.
Platform: GPL570 Series: GSE31684 Dataset: GDS4456 
Organism:	Homo sapiens
FTP download: GEO (CEL) ftp://ftp.ncbi.nlm.nih.gov/geo/samples/GSM786nnn/GSM786545/
224.
Platform: GPL570 Series: GSE31684 Dataset: GDS4456 
Organism:	Homo sapiens
FTP download: GEO (CEL) ftp://ftp.ncbi.nlm.nih.gov/geo/samples/GSM786nnn/GSM786544/
225.
Platform: GPL570 Series: GSE31684 Dataset: GDS4456 
Organism:	Homo sapiens
FTP download: GEO (CEL) ftp://ftp.ncbi.nlm.nih.gov/geo/samples/GSM786nnn/GSM786543/
226.
Platform: GPL570 Series: GSE31684 Dataset: GDS4456 
Organism:	Homo sapiens
FTP download: GEO (CEL) ftp://ftp.ncbi.nlm.nih.gov/geo/samples/GSM786nnn/GSM786542/
227.
Platform: GPL570 Series: GSE31684 Dataset: GDS4456 
Organism:	Homo sapiens
FTP download: GEO (CEL) ftp://ftp.ncbi.nlm.nih.gov/geo/samples/GSM786nnn/GSM786541/
228.
Platform: GPL570 Series: GSE31684 Dataset: GDS4456 
Organism:	Homo sapiens
FTP download: GEO (CEL) ftp://ftp.ncbi.nlm.nih.gov/geo/samples/GSM786nnn/GSM786540/
229.
Platform: GPL570 Series: GSE31684 Dataset: GDS4456 
Organism:	Homo sapiens
FTP download: GEO (CEL) ftp://ftp.ncbi.nlm.nih.gov/geo/samples/GSM786nnn/GSM786539/
230.
Platform: GPL570 Series: GSE31684 Dataset: GDS4456 
Organism:	Homo sapiens
FTP download: GEO (CEL) ftp://ftp.ncbi.nlm.nih.gov/geo/samples/GSM786nnn/GSM786538/
231.
Platform: GPL570 Series: GSE31684 Dataset: GDS4456 
Organism:	Homo sapiens
FTP download: GEO (CEL) ftp://ftp.ncbi.nlm.nih.gov/geo/samples/GSM786nnn/GSM786537/
232.
Platform: GPL570 Series: GSE31684 Dataset: GDS4456 
Organism:	Homo sapiens
FTP download: GEO (CEL) ftp://ftp.ncbi.nlm.nih.gov/geo/samples/GSM786nnn/GSM786536/
233.
Platform: GPL570 Series: GSE31684 Dataset: GDS4456 
Organism:	Homo sapiens
FTP download: GEO (CEL) ftp://ftp.ncbi.nlm.nih.gov/geo/samples/GSM786nnn/GSM786535/
234.
Platform: GPL570 Series: GSE31684 Dataset: GDS4456 
Organism:	Homo sapiens
FTP download: GEO (CEL) ftp://ftp.ncbi.nlm.nih.gov/geo/samples/GSM786nnn/GSM786534/
235.
Platform: GPL570 Series: GSE31684 Dataset: GDS4456 
Organism:	Homo sapiens
FTP download: GEO (CEL) ftp://ftp.ncbi.nlm.nih.gov/geo/samples/GSM786nnn/GSM786533/
236.
Platform: GPL570 Series: GSE31684 Dataset: GDS4456 
Organism:	Homo sapiens
FTP download: GEO (CEL) ftp://ftp.ncbi.nlm.nih.gov/geo/samples/GSM786nnn/GSM786532/
237.
Platform: GPL570 Series: GSE31684 Dataset: GDS4456 
Organism:	Homo sapiens
FTP download: GEO (CEL) ftp://ftp.ncbi.nlm.nih.gov/geo/samples/GSM786nnn/GSM786531/
238.
Platform: GPL570 Series: GSE31684 Dataset: GDS4456 
Organism:	Homo sapiens
FTP download: GEO (CEL) ftp://ftp.ncbi.nlm.nih.gov/geo/samples/GSM786nnn/GSM786530/
239.
Platform: GPL570 Series: GSE31684 Dataset: GDS4456 
Organism:	Homo sapiens
FTP download: GEO (CEL) ftp://ftp.ncbi.nlm.nih.gov/geo/samples/GSM786nnn/GSM786529/
240.
Platform: GPL570 Series: GSE31684 Dataset: GDS4456 
Organism:	Homo sapiens
FTP download: GEO (CEL) ftp://ftp.ncbi.nlm.nih.gov/geo/samples/GSM786nnn/GSM786528/
241.
Platform: GPL570 Series: GSE31684 Dataset: GDS4456 
Organism:	Homo sapiens
FTP download: GEO (CEL) ftp://ftp.ncbi.nlm.nih.gov/geo/samples/GSM786nnn/GSM786527/
242.
Platform: GPL570 Series: GSE31684 Dataset: GDS4456 
Organism:	Homo sapiens
FTP download: GEO (CEL) ftp://ftp.ncbi.nlm.nih.gov/geo/samples/GSM786nnn/GSM786526/
243.
Platform: GPL570 Series: GSE31684 Dataset: GDS4456 
Organism:	Homo sapiens
FTP download: GEO (CEL) ftp://ftp.ncbi.nlm.nih.gov/geo/samples/GSM786nnn/GSM786525/
244.
Platform: GPL570 Series: GSE31684 Dataset: GDS4456 
Organism:	Homo sapiens
FTP download: GEO (CEL) ftp://ftp.ncbi.nlm.nih.gov/geo/samples/GSM786nnn/GSM786524/
245.
Platform: GPL570 Series: GSE31684 Dataset: GDS4456 
Organism:	Homo sapiens
FTP download: GEO (CEL) ftp://ftp.ncbi.nlm.nih.gov/geo/samples/GSM786nnn/GSM786523/
246.
Platform: GPL570 Series: GSE31684 Dataset: GDS4456 
Organism:	Homo sapiens
FTP download: GEO (CEL) ftp://ftp.ncbi.nlm.nih.gov/geo/samples/GSM786nnn/GSM786522/
247.
Platform: GPL570 Series: GSE31684 Dataset: GDS4456 
Organism:	Homo sapiens
FTP download: GEO (CEL) ftp://ftp.ncbi.nlm.nih.gov/geo/samples/GSM786nnn/GSM786521/
248.
Platform: GPL570 Series: GSE31684 Dataset: GDS4456 
Organism:	Homo sapiens
FTP download: GEO (CEL) ftp://ftp.ncbi.nlm.nih.gov/geo/samples/GSM786nnn/GSM786520/
249.
Platform: GPL570 Series: GSE31684 Dataset: GDS4456 
Organism:	Homo sapiens
FTP download: GEO (CEL) ftp://ftp.ncbi.nlm.nih.gov/geo/samples/GSM786nnn/GSM786519/
250.
Platform: GPL570 Series: GSE31684 Dataset: GDS4456 
Organism:	Homo sapiens
FTP download: GEO (CEL) ftp://ftp.ncbi.nlm.nih.gov/geo/samples/GSM786nnn/GSM786518/
251.
Platform: GPL570 Series: GSE31684 Dataset: GDS4456 
Organism:	Homo sapiens
FTP download: GEO (CEL) ftp://ftp.ncbi.nlm.nih.gov/geo/samples/GSM786nnn/GSM786517/
252.
Platform: GPL570 Series: GSE31684 Dataset: GDS4456 
Organism:	Homo sapiens
FTP download: GEO (CEL) ftp://ftp.ncbi.nlm.nih.gov/geo/samples/GSM786nnn/GSM786516/
253.
Platform: GPL570 Series: GSE31684 Dataset: GDS4456 
Organism:	Homo sapiens
FTP download: GEO (CEL) ftp://ftp.ncbi.nlm.nih.gov/geo/samples/GSM786nnn/GSM786515/
254.
Platform: GPL570 Series: GSE31684 Dataset: GDS4456 
Organism:	Homo sapiens
FTP download: GEO (CEL) ftp://ftp.ncbi.nlm.nih.gov/geo/samples/GSM786nnn/GSM786514/
255.
Platform: GPL570 Series: GSE31684 Dataset: GDS4456 
Organism:	Homo sapiens
FTP download: GEO (CEL) ftp://ftp.ncbi.nlm.nih.gov/geo/samples/GSM786nnn/GSM786513/
256.
Platform: GPL570 Series: GSE31684 Dataset: GDS4456 
Organism:	Homo sapiens
FTP download: GEO (CEL) ftp://ftp.ncbi.nlm.nih.gov/geo/samples/GSM786nnn/GSM786512/
257.
Platform: GPL570 Series: GSE31684 Dataset: GDS4456 
Organism:	Homo sapiens
FTP download: GEO (CEL) ftp://ftp.ncbi.nlm.nih.gov/geo/samples/GSM786nnn/GSM786511/
258.
Platform: GPL570 Series: GSE31684 Dataset: GDS4456 
Organism:	Homo sapiens
FTP download: GEO (CEL) ftp://ftp.ncbi.nlm.nih.gov/geo/samples/GSM786nnn/GSM786510/
259.
Platform: GPL570 Series: GSE31684 Dataset: GDS4456 
Organism:	Homo sapiens
FTP download: GEO (CEL) ftp://ftp.ncbi.nlm.nih.gov/geo/samples/GSM786nnn/GSM786509/
260.
Platform: GPL570 Series: GSE31684 Dataset: GDS4456 
Organism:	Homo sapiens
FTP download: GEO (CEL) ftp://ftp.ncbi.nlm.nih.gov/geo/samples/GSM786nnn/GSM786508/
261.
Platform: GPL570 Series: GSE31684 Dataset: GDS4456 
Organism:	Homo sapiens
FTP download: GEO (CEL) ftp://ftp.ncbi.nlm.nih.gov/geo/samples/GSM786nnn/GSM786507/
262.
Platform: GPL570 Series: GSE31684 Dataset: GDS4456 
Organism:	Homo sapiens
FTP download: GEO (CEL) ftp://ftp.ncbi.nlm.nih.gov/geo/samples/GSM786nnn/GSM786506/
263.
Platform: GPL570 Series: GSE31684 Dataset: GDS4456 
Organism:	Homo sapiens
FTP download: GEO (CEL) ftp://ftp.ncbi.nlm.nih.gov/geo/samples/GSM786nnn/GSM786505/
264.
Platform: GPL570 Series: GSE31684 Dataset: GDS4456 
Organism:	Homo sapiens
FTP download: GEO (CEL) ftp://ftp.ncbi.nlm.nih.gov/geo/samples/GSM786nnn/GSM786504/
265.
Platform: GPL570 Series: GSE31684 Dataset: GDS4456 
Organism:	Homo sapiens
FTP download: GEO (CEL) ftp://ftp.ncbi.nlm.nih.gov/geo/samples/GSM786nnn/GSM786503/
266.
Platform: GPL570 Series: GSE31684 Dataset: GDS4456 
Organism:	Homo sapiens
FTP download: GEO (CEL) ftp://ftp.ncbi.nlm.nih.gov/geo/samples/GSM786nnn/GSM786502/
267.
Platform: GPL570 Series: GSE31684 Dataset: GDS4456 
Organism:	Homo sapiens
FTP download: GEO (CEL) ftp://ftp.ncbi.nlm.nih.gov/geo/samples/GSM786nnn/GSM786501/
268.
Platform: GPL570 Series: GSE31684 Dataset: GDS4456 
Organism:	Homo sapiens
FTP download: GEO (CEL) ftp://ftp.ncbi.nlm.nih.gov/geo/samples/GSM786nnn/GSM786500/
269.
Platform: GPL570 Series: GSE31684 Dataset: GDS4456 
Organism:	Homo sapiens
FTP download: GEO (CEL) ftp://ftp.ncbi.nlm.nih.gov/geo/samples/GSM786nnn/GSM786499/
270.
Platform: GPL570 Series: GSE31684 Dataset: GDS4456 
Organism:	Homo sapiens
FTP download: GEO (CEL) ftp://ftp.ncbi.nlm.nih.gov/geo/samples/GSM786nnn/GSM786498/
271.
Platform: GPL570 Series: GSE31684 Dataset: GDS4456 
Organism:	Homo sapiens
FTP download: GEO (CEL) ftp://ftp.ncbi.nlm.nih.gov/geo/samples/GSM786nnn/GSM786497/
272.
Platform: GPL570 Series: GSE31684 Dataset: GDS4456 
Organism:	Homo sapiens
FTP download: GEO (CEL) ftp://ftp.ncbi.nlm.nih.gov/geo/samples/GSM786nnn/GSM786496/
273.
Platform: GPL570 Series: GSE31684 Dataset: GDS4456 
Organism:	Homo sapiens
FTP download: GEO (CEL) ftp://ftp.ncbi.nlm.nih.gov/geo/samples/GSM786nnn/GSM786495/
274.
Platform: GPL570 Series: GSE31684 Dataset: GDS4456 
Organism:	Homo sapiens
FTP download: GEO (CEL) ftp://ftp.ncbi.nlm.nih.gov/geo/samples/GSM786nnn/GSM786494/
275.
Platform: GPL570 Series: GSE31684 Dataset: GDS4456 
Organism:	Homo sapiens
FTP download: GEO (CEL) ftp://ftp.ncbi.nlm.nih.gov/geo/samples/GSM786nnn/GSM786493/
276.
Platform: GPL570 Series: GSE31684 Dataset: GDS4456 
Organism:	Homo sapiens
FTP download: GEO (CEL) ftp://ftp.ncbi.nlm.nih.gov/geo/samples/GSM786nnn/GSM786492/
277.
Platform: GPL570 Series: GSE31684 Dataset: GDS4456 
Organism:	Homo sapiens
FTP download: GEO (CEL) ftp://ftp.ncbi.nlm.nih.gov/geo/samples/GSM786nnn/GSM786491/
278.
Platform: GPL570 Series: GSE31864 GSE31866 
Organism:	Homo sapiens
FTP download: GEO (CEL) ftp://ftp.ncbi.nlm.nih.gov/geo/samples/GSM790nnn/GSM790402/
279.
Platform: GPL570 Series: GSE31864 GSE31866 
Organism:	Homo sapiens
FTP download: GEO (CEL) ftp://ftp.ncbi.nlm.nih.gov/geo/samples/GSM790nnn/GSM790400/
280.
Platform: GPL570 Series: GSE30522 
Organism:	Homo sapiens
FTP download: GEO (CEL, CHP) ftp://ftp.ncbi.nlm.nih.gov/geo/samples/GSM756nnn/GSM756939/
281.
Platform: GPL570 Series: GSE30522 
Organism:	Homo sapiens
FTP download: GEO (CEL, CHP) ftp://ftp.ncbi.nlm.nih.gov/geo/samples/GSM756nnn/GSM756938/
282.
Platform: GPL96 Series: GSE5845 
Organism:	Homo sapiens
283.
Platform: GPL96 Series: GSE5845 
Organism:	Homo sapiens
284.
Platform: GPL96 Series: GSE5845 
Organism:	Homo sapiens
285.
Platform: GPL96 Series: GSE5845 
Organism:	Homo sapiens
286.
Platform: GPL96 Series: GSE5845 
Organism:	Homo sapiens
287.
Platform: GPL96 Series: GSE5845 
Organism:	Homo sapiens
288.
Platform: GPL96 Series: GSE5845 
Organism:	Homo sapiens
289.
Platform: GPL96 Series: GSE5845 
Organism:	Homo sapiens
290.
Platform: GPL96 Series: GSE5845 
Organism:	Homo sapiens
291.
Platform: GPL96 Series: GSE5845 
Organism:	Homo sapiens
292.
Platform: GPL96 Series: GSE5845 
Organism:	Homo sapiens
293.
Platform: GPL96 Series: GSE5845 
Organism:	Homo sapiens
294.
Platform: GPL96 Series: GSE5845 
Organism:	Homo sapiens
295.
Platform: GPL96 Series: GSE5845 
Organism:	Homo sapiens
296.
Platform: GPL96 Series: GSE5845 
Organism:	Homo sapiens
297.
Platform: GPL96 Series: GSE5845 
Organism:	Homo sapiens
298.
Platform: GPL96 Series: GSE5845 
Organism:	Homo sapiens
299.
Platform: GPL96 Series: GSE5845 
Organism:	Homo sapiens
300.
Platform: GPL96 Series: GSE5845 
Organism:	Homo sapiens
301.
Platform: GPL96 Series: GSE5845 
Organism:	Homo sapiens
302.
Platform: GPL96 Series: GSE5845 
Organism:	Homo sapiens
303.
Platform: GPL96 Series: GSE5845 
Organism:	Homo sapiens
304.
Platform: GPL96 Series: GSE5845 
Organism:	Homo sapiens
305.
Platform: GPL96 Series: GSE5845 
Organism:	Homo sapiens
306.
Platform: GPL96 Series: GSE5845 
Organism:	Homo sapiens
307.
Platform: GPL96 Series: GSE5845 
Organism:	Homo sapiens
308.
Platform: GPL96 Series: GSE5845 
Organism:	Homo sapiens
309.
Platform: GPL96 Series: GSE5845 
Organism:	Homo sapiens
310.
Platform: GPL96 Series: GSE5845 
Organism:	Homo sapiens
311.
Platform: GPL96 Series: GSE5845 
Organism:	Homo sapiens
312.
Platform: GPL96 Series: GSE5845 
Organism:	Homo sapiens
313.
Platform: GPL96 Series: GSE5845 
Organism:	Homo sapiens
314.
Platform: GPL96 Series: GSE5845 
Organism:	Homo sapiens
315.
Platform: GPL96 Series: GSE5845 
Organism:	Homo sapiens
316.
Platform: GPL96 Series: GSE5845 
Organism:	Homo sapiens
317.
Platform: GPL96 Series: GSE5845 
Organism:	Homo sapiens
318.
Platform: GPL96 Series: GSE5845 
Organism:	Homo sapiens
319.
Platform: GPL96 Series: GSE5845 
Organism:	Homo sapiens
320.
Platform: GPL96 Series: GSE5845 
Organism:	Homo sapiens
321.
Platform: GPL96 Series: GSE5845 
Organism:	Homo sapiens
322.
Platform: GPL570 Series: GSE7476 
Organism:	Homo sapiens
FTP download: GEO (CEL) ftp://ftp.ncbi.nlm.nih.gov/geo/samples/GSM181nnn/GSM181002/
323.
Platform: GPL570 Series: GSE7476 
Organism:	Homo sapiens
FTP download: GEO (CEL) ftp://ftp.ncbi.nlm.nih.gov/geo/samples/GSM181nnn/GSM181001/
324.
Platform: GPL570 Series: GSE7476 
Organism:	Homo sapiens
FTP download: GEO (CEL) ftp://ftp.ncbi.nlm.nih.gov/geo/samples/GSM181nnn/GSM181000/
325.
Platform: GPL570 Series: GSE7476 
Organism:	Homo sapiens
FTP download: GEO (CEL) ftp://ftp.ncbi.nlm.nih.gov/geo/samples/GSM180nnn/GSM180999/
326.
Platform: GPL570 Series: GSE7476 
Organism:	Homo sapiens
FTP download: GEO (CEL) ftp://ftp.ncbi.nlm.nih.gov/geo/samples/GSM180nnn/GSM180998/
327.
Platform: GPL570 Series: GSE7476 
Organism:	Homo sapiens
FTP download: GEO (CEL) ftp://ftp.ncbi.nlm.nih.gov/geo/samples/GSM180nnn/GSM180997/
328.
Platform: GPL570 Series: GSE7476 
Organism:	Homo sapiens
FTP download: GEO (CEL) ftp://ftp.ncbi.nlm.nih.gov/geo/samples/GSM180nnn/GSM180996/
329.
Platform: GPL570 Series: GSE7476 
Organism:	Homo sapiens
FTP download: GEO (CEL) ftp://ftp.ncbi.nlm.nih.gov/geo/samples/GSM180nnn/GSM180995/
330.
Platform: GPL570 Series: GSE7476 
Organism:	Homo sapiens
FTP download: GEO (CEL) ftp://ftp.ncbi.nlm.nih.gov/geo/samples/GSM180nnn/GSM180994/
331.
Platform: GPL570 Series: GSE7476 
Organism:	Homo sapiens
FTP download: GEO (CEL) ftp://ftp.ncbi.nlm.nih.gov/geo/samples/GSM180nnn/GSM180993/
332.
Platform: GPL570 Series: GSE7476 
Organism:	Homo sapiens
FTP download: GEO (CEL) ftp://ftp.ncbi.nlm.nih.gov/geo/samples/GSM180nnn/GSM180992/
333.
Platform: GPL570 Series: GSE7476 
Organism:	Homo sapiens
FTP download: GEO (CEL) ftp://ftp.ncbi.nlm.nih.gov/geo/samples/GSM180nnn/GSM180991/
===========================================================================
Total prognostic datasets found:	2
[1] GSE31684
[2] GSE5287
