 Count  Type        Name                  Value
     1  XMLDecl     xml                   -
     2  attribute   version               1.0
     3  attribute   standalone            
     4  Doctype     doctype               -
     5  attribute   name                  svg
     6  attribute   sysid                 http://www.w3.org/Graphics/SVG/1.1/DTD/svg11.dtd
     7  attribute   pubid                 -//W3C//DTD SVG 1.1//EN
     8  attribute   internal              
     9  tag         svg                   open
    10  attribute   height                4cm
    11  attribute   version               1.1
    12  raw         viewBox               0 0 1200 400
    13  integer     1                     0
    14  integer     2                     0
    15  float       3                     1200
    16  float       4                     400
    17  attribute   width                 12cm
    18  attribute   xmlns                 http://www.w3.org/2000/svg
    19  tag         desc                  open
    20  content     desc                  Example circle01 - circle filled with red and stroked with blue
    21  tag         desc                  close
    22  tag         rect                  open
    23  attribute   fill                  none
    24  attribute   height                398
    25  attribute   stroke                blue
    26  attribute   stroke-width          2
    27  attribute   width                 1198
    28  attribute   x                     1
    29  attribute   y                     1
    30  content     rect                  
    31  tag         rect                  close
    32  tag         circle                open
    33  attribute   cx                    600
    34  attribute   cy                    200
    35  attribute   fill                  red
    36  attribute   r                     100
    37  attribute   stroke                blue
    38  attribute   stroke-width          10
    39  content     circle                
    40  tag         circle                close
    41  content     svg                   
  

  
  

  
    42  tag         svg                   close
