 Count  Type        Name                  Value
     1  XMLDecl     xml                   -
     2  attribute   version               1.0
     3  attribute   standalone            
     4  Doctype     doctype               -
     5  attribute   name                  svg
     6  attribute   sysid                 http://www.w3.org/Graphics/SVG/1.1/DTD/svg11.dtd
     7  attribute   pubid                 -//W3C//DTD SVG 1.1//EN
     8  attribute   internal              
     9  tag         svg                   open
    10  attribute   height                4cm
    11  attribute   version               1.1
    12  raw         viewBox               0 0 1200 400
    13  integer     1                     0
    14  integer     2                     0
    15  float       3                     1200
    16  float       4                     400
    17  attribute   width                 12cm
    18  attribute   xmlns                 http://www.w3.org/2000/svg
    19  tag         desc                  open
    20  content     desc                  Example ellipse01 - examples of ellipses
    21  tag         desc                  close
    22  tag         rect                  open
    23  attribute   fill                  none
    24  attribute   height                398
    25  attribute   stroke                blue
    26  attribute   stroke-width          2
    27  attribute   width                 1198
    28  attribute   x                     1
    29  attribute   y                     1
    30  content     rect                  
    31  tag         rect                  close
    32  tag         g                     open
    33  raw         transform             translate(300 200)
    34  command     translate             -
    35  float       1                     300
    36  float       2                     200
    37  tag         ellipse               open
    38  attribute   fill                  red
    39  attribute   rx                    250
    40  attribute   ry                    100
    41  content     ellipse               
    42  tag         ellipse               close
    43  content     g                     
    
  
    44  tag         g                     close
    45  tag         ellipse               open
    46  attribute   fill                  none
    47  attribute   rx                    250
    48  attribute   ry                    100
    49  attribute   stroke                blue
    50  attribute   stroke-width          20
    51  raw         transform             translate(900 200) rotate(-30)
    52  command     translate             -
    53  float       1                     900
    54  float       2                     200
    55  command     rotate                -
    56  float       1                     -30
    57  content     ellipse               
    58  tag         ellipse               close
    59  content     svg                   
  

  
  

  

  

    60  tag         svg                   close
