 Count  Type        Name                  Value
     1  tag         svg                   open
     2  attribute   height                4cm
     3  attribute   version               1.1
     4  raw         viewBox               0 0 1200 400
     5  integer     1                     0
     6  integer     2                     0
     7  float       3                     1200
     8  float       4                     400
     9  attribute   width                 12cm
    10  attribute   xmlns                 http://www.w3.org/2000/svg
    11  tag         desc                  open
    12  content     desc                  Example line01 - lines expressed in user coordinates
    13  tag         desc                  close
    14  tag         rect                  open
    15  attribute   fill                  none
    16  attribute   height                398
    17  attribute   stroke                blue
    18  attribute   stroke-width          2
    19  attribute   width                 1198
    20  attribute   x                     1
    21  attribute   y                     1
    22  content     rect                  
    23  tag         rect                  close
    24  tag         g                     open
    25  attribute   stroke                green
    26  tag         line                  open
    27  attribute   stroke-width          5
    28  attribute   x1                    100
    29  attribute   x2                    300
    30  attribute   y1                    300
    31  attribute   y2                    100
    32  content     line                  
    33  tag         line                  close
    34  tag         line                  open
    35  attribute   stroke-width          10
    36  attribute   x1                    300
    37  attribute   x2                    500
    38  attribute   y1                    300
    39  attribute   y2                    100
    40  content     line                  
    41  tag         line                  close
    42  tag         line                  open
    43  attribute   stroke-width          15
    44  attribute   x1                    500
    45  attribute   x2                    700
    46  attribute   y1                    300
    47  attribute   y2                    100
    48  content     line                  
    49  tag         line                  close
    50  tag         line                  open
    51  attribute   stroke-width          20
    52  attribute   x1                    700
    53  attribute   x2                    900
    54  attribute   y1                    300
    55  attribute   y2                    100
    56  content     line                  
    57  tag         line                  close
    58  tag         line                  open
    59  attribute   stroke-width          25
    60  attribute   x1                    900
    61  attribute   x2                    1100
    62  attribute   y1                    300
    63  attribute   y2                    100
    64  content     line                  
    65  tag         line                  close
    66  content     g                     
    
    
    
    
    
  
    67  tag         g                     close
    68  content     svg                   
  

  
  

  
    69  tag         svg                   close
