2013-10-25,11,1
2013-10-24,03,2
2013-10-24,05,1
2013-10-25,02,2
2013-10-25,20,1
2013-10-25,02,1
2013-10-25,09,1
2013-10-25,20,1
2013-10-26,03,1
2013-10-25,09,2
2013-10-24,02,1
2013-10-25,20,3
2013-10-26,02,3
2013-10-25,11,1
2013-10-25,20,1
2013-10-25,09,1
2013-10-25,09,1
2013-10-25,02,2
2013-10-25,12,1
2013-10-25,02,1
2013-10-25,11,1
2013-10-24,05,1
2013-10-25,09,1
2013-10-26,03,2
2013-10-24,03,1
2013-10-25,11,1
2013-10-24,20,1
2013-10-24,20,1
2013-10-26,09,1
2013-10-24,03,1
2013-10-24,05,8
2013-10-25,05,1
2013-10-26,02,1
2013-10-26,02,1
2013-10-25,02,2
2013-10-25,09,1
2013-10-25,09,1
2013-10-26,01,1
2013-10-24,20,1
2013-10-25,09,1
2013-10-25,02,1
2013-10-25,02,1
2013-10-25,02,1
2013-10-25,05,1
2013-10-25,09,2
2013-10-24,02,1
2013-10-25,09,1
2013-10-25,05,3
2013-10-25,09,1
2013-10-25,09,1
2013-10-25,20,1
2013-10-25,05,3
2013-10-25,09,1
2013-10-26,03,1
2013-10-24,02,1
2013-10-25,09,1
2013-10-24,05,1
2013-10-26,09,1
2013-10-25,09,1
2013-10-25,03,1
2013-10-26,03,1
2013-10-25,12,1
2013-10-26,09,1
2013-10-25,09,2
2013-10-26,02,110
2013-10-24,03,1
2013-10-26,09,2
2013-10-26,03,1
2013-10-24,03,1
2013-10-25,20,1
2013-10-26,02,2
2013-10-25,09,1
2013-10-25,09,2
2013-10-24,20,1
2013-10-24,03,2
2013-10-25,03,1
2013-10-25,05,2
2013-10-24,05,3
2013-10-25,03,3
2013-10-25,05,1
2013-10-25,12,2
2013-10-25,02,1
2013-10-25,09,1
2013-10-26,09,2
2013-10-26,01,2
2013-10-26,03,4
2013-10-25,12,1
2013-10-24,02,1
2013-10-25,12,1
2013-10-25,09,1
2013-10-25,12,1
2013-10-24,04,1
2013-10-24,04,2
2013-10-25,11,2
2013-10-26,03,1
2013-10-24,03,4
2013-10-25,20,2
2013-10-25,03,3
2013-10-25,12,1
2013-10-24,20,1
2013-10-25,02,2
2013-10-25,12,1
2013-10-24,05,2
2013-10-25,09,1511
2013-10-26,03,1
2013-10-26,02,6
2013-10-25,02,1
2013-10-24,21,60
2013-10-26,03,1
2013-10-25,11,1
2013-10-25,12,1
2013-10-25,20,1
2013-10-25,11,1
2013-10-24,05,1
2013-10-25,03,1
2013-10-25,05,1
2013-10-25,03,1
2013-10-25,02,2
2013-10-24,02,1
2013-10-26,09,16
2013-10-25,03,2
2013-10-24,02,1
2013-10-25,03,1
2013-10-25,12,1
2013-10-25,12,1
2013-10-25,09,1
2013-10-24,02,1
2013-10-25,09,1
2013-10-26,02,1
2013-10-25,09,2
2013-10-25,09,1
2013-10-25,02,1
2013-10-26,02,5
2013-10-25,09,193
2013-10-24,21,1
2013-10-25,05,1
2013-10-25,05,2
2013-10-26,01,1
2013-10-25,02,1
2013-10-25,12,1
2013-10-25,09,1
2013-10-26,09,1
2013-10-25,11,1
2013-10-25,09,2
2013-10-25,09,1
2013-10-26,09,2
2013-10-26,09,2
2013-10-24,03,2
2013-10-25,05,3
2013-10-24,04,1
2013-10-26,03,1
2013-10-26,02,1
2013-10-26,09,2
2013-10-24,20,1
2013-10-25,05,2
2013-10-24,05,2
2013-10-24,02,1
2013-10-26,02,1
2013-10-25,05,1
2013-10-25,02,5
2013-10-24,20,1
2013-10-24,05,1
2013-10-24,20,3
2013-10-24,05,2
2013-10-25,03,2
2013-10-24,05,1
2013-10-24,03,1
2013-10-25,03,1
2013-10-25,03,4
2013-10-26,02,1
2013-10-25,09,2
2013-10-24,05,1
2013-10-24,04,2
2013-10-25,09,3
2013-10-25,12,2
2013-10-25,11,1
2013-10-25,11,1
2013-10-25,03,1
2013-10-25,09,1
2013-10-24,04,1
2013-10-25,05,1
2013-10-26,02,2
2013-10-25,12,1
2013-10-24,02,2
2013-10-25,09,1
2013-10-24,05,153
2013-10-24,03,2
2013-10-24,03,2
2013-10-25,09,1
2013-10-26,03,1
2013-10-24,05,4
2013-10-26,09,1
2013-10-25,12,1
2013-10-25,11,2
2013-10-24,03,1
2013-10-25,02,2
2013-10-25,09,2
2013-10-24,03,1
2013-10-25,09,2
2013-10-25,03,2
2013-10-24,02,2
2013-10-24,02,675
2013-10-25,09,1
2013-10-25,09,1
2013-10-25,11,3
2013-10-24,21,1
2013-10-26,03,1
2013-10-24,03,3
2013-10-25,09,2
2013-10-25,09,1
2013-10-25,09,1
2013-10-24,03,2
2013-10-26,09,1
2013-10-26,02,1
2013-10-26,09,1
2013-10-25,09,1
2013-10-25,11,1
2013-10-24,20,1
2013-10-25,11,1
2013-10-25,03,1
2013-10-24,05,2
2013-10-25,20,1
2013-10-25,20,2
2013-10-25,05,1
2013-10-25,09,1
2013-10-26,09,1
2013-10-25,09,1
2013-10-24,20,3
2013-10-26,09,1
2013-10-25,12,2
2013-10-25,12,1
2013-10-25,02,1
2013-10-26,02,2
2013-10-26,03,1
2013-10-26,02,1
2013-10-25,05,1
2013-10-25,05,1
2013-10-25,05,1
2013-10-25,09,1
2013-10-24,05,1
2013-10-25,09,2
2013-10-26,02,1
2013-10-24,20,1
2013-10-24,03,41
2013-10-25,12,1
2013-10-25,12,2
2013-10-26,09,1
2013-10-25,05,1
2013-10-24,21,1
2013-10-26,09,1
2013-10-25,09,1
2013-10-25,11,1
2013-10-24,02,1
2013-10-26,09,2
2013-10-25,20,2
2013-10-24,05,1
2013-10-25,02,1
2013-10-24,02,2
2013-10-24,04,1
2013-10-25,05,2
2013-10-24,02,1
2013-10-25,11,1
2013-10-26,09,1
2013-10-25,09,1
2013-10-25,09,2
2013-10-26,09,73
2013-10-25,03,1
2013-10-25,03,1
2013-10-25,12,1
2013-10-24,03,1
2013-10-24,03,1
2013-10-25,03,1
2013-10-24,02,2
2013-10-24,05,4
2013-10-26,09,1
2013-10-25,11,1
2013-10-26,03,1
2013-10-25,09,1
2013-10-26,03,587
2013-10-26,02,1
2013-10-26,09,1
2013-10-25,09,2
2013-10-26,01,1
2013-10-25,11,1
2013-10-26,09,1
2013-10-26,02,1
2013-10-26,09,1
2013-10-24,05,1
2013-10-25,09,2
2013-10-24,02,1
2013-10-25,09,1
2013-10-24,03,1
2013-10-25,12,1
2013-10-25,12,1
2013-10-26,01,1
2013-10-25,09,1
2013-10-25,02,1
2013-10-25,09,2
2013-10-25,09,1
2013-10-25,09,1
2013-10-25,09,1
2013-10-25,02,2
2013-10-25,05,1
2013-10-25,20,1
2013-10-24,02,2
2013-10-25,09,2
2013-10-26,03,1
2013-10-24,03,2
2013-10-25,11,1
2013-10-25,12,1
2013-10-25,09,1
2013-10-25,02,1
2013-10-25,03,1
2013-10-25,03,2
2013-10-25,12,3
2013-10-24,03,1
2013-10-25,12,1
2013-10-24,02,2
2013-10-24,05,1
2013-10-24,03,1
2013-10-24,05,1
2013-10-24,21,1
2013-10-25,11,1
2013-10-25,12,11
2013-10-24,03,3
2013-10-25,09,1
2013-10-24,20,1
2013-10-25,09,1
2013-10-26,02,1
2013-10-25,20,1
2013-10-25,09,1
2013-10-26,02,1
2013-10-25,20,1
2013-10-24,05,1
2013-10-26,09,1
2013-10-24,03,2
2013-10-25,11,1
2013-10-24,03,2
2013-10-25,09,1
2013-10-26,09,1
2013-10-25,02,1
2013-10-25,05,2
2013-10-24,03,1
2013-10-25,05,2
2013-10-26,09,1
2013-10-25,11,1
2013-10-24,03,1
2013-10-25,02,1
2013-10-26,09,1
2013-10-26,02,4
2013-10-25,02,6
2013-10-24,03,4
2013-10-24,02,1
2013-10-25,02,2
2013-10-24,02,1
2013-10-25,03,2
2013-10-24,03,2
2013-10-25,09,1
2013-10-25,09,1
2013-10-26,02,1
2013-10-25,05,1
2013-10-24,05,1
2013-10-25,09,2
2013-10-25,03,5
2013-10-25,09,5
2013-10-26,01,1
2013-10-24,02,3
2013-10-25,12,3
2013-10-24,04,1
2013-10-25,20,2
2013-10-25,03,621
2013-10-24,03,1
2013-10-24,20,1
2013-10-26,09,1
2013-10-25,03,1
2013-10-26,02,1
2013-10-25,11,2
2013-10-25,09,1
2013-10-25,12,2
2013-10-25,09,2
2013-10-25,11,1
2013-10-26,09,1
2013-10-26,03,2
2013-10-25,02,6
2013-10-24,02,2
2013-10-24,21,1
2013-10-25,02,1
2013-10-26,02,2
2013-10-25,09,4
2013-10-24,03,2
2013-10-25,09,1
2013-10-24,02,1
2013-10-26,03,1
2013-10-25,09,1
2013-10-25,11,1
2013-10-26,01,1
2013-10-25,05,1
2013-10-25,03,1
2013-10-25,09,1
2013-10-26,03,1
2013-10-25,09,3
2013-10-25,12,1
2013-10-26,02,1
2013-10-26,01,1
2013-10-25,05,1
2013-10-24,21,1
2013-10-25,03,1
2013-10-25,12,1
2013-10-25,12,1
2013-10-26,03,1
2013-10-26,03,1
2013-10-25,20,2
2013-10-26,03,2
2013-10-25,09,1
2013-10-25,09,1
2013-10-24,02,1
2013-10-26,03,2
2013-10-24,02,1
2013-10-25,12,1
2013-10-25,09,1
2013-10-24,02,2
2013-10-25,09,1
2013-10-25,02,2
2013-10-26,02,1
2013-10-24,21,1
2013-10-26,09,1
2013-10-24,05,4
2013-10-24,03,2
2013-10-24,20,1
2013-10-26,03,1
2013-10-24,20,1
2013-10-26,02,2
2013-10-25,02,2
2013-10-25,12,1
2013-10-26,02,2
2013-10-25,05,1
2013-10-25,09,1
2013-10-25,12,2
2013-10-25,09,1
2013-10-24,02,1
2013-10-25,12,1
2013-10-24,03,4
2013-10-24,20,1
2013-10-25,02,1
2013-10-25,02,3
2013-10-24,02,1
2013-10-25,03,1
2013-10-26,02,1
2013-10-26,01,1
2013-10-24,03,11
2013-10-24,02,3
2013-10-25,20,1
2013-10-25,12,2
2013-10-25,03,1
2013-10-25,20,1
2013-10-25,02,1
2013-10-24,05,1
2013-10-25,02,1
2013-10-25,12,1
2013-10-25,02,1
2013-10-25,05,1
2013-10-24,05,2
2013-10-24,05,4
2013-10-25,03,1
2013-10-25,12,1
2013-10-25,05,2
2013-10-24,20,1
2013-10-25,11,3
2013-10-25,09,2
2013-10-26,03,1
2013-10-24,03,2
2013-10-26,02,1
2013-10-25,12,1
2013-10-25,09,1
2013-10-26,09,1
2013-10-24,03,1
2013-10-25,09,2
2013-10-25,05,2
2013-10-26,09,1
2013-10-25,09,1
2013-10-24,21,11
2013-10-24,04,1
2013-10-25,03,2
2013-10-25,05,3
2013-10-25,09,2
2013-10-25,09,2
2013-10-26,09,1
2013-10-24,20,2
2013-10-25,09,1
2013-10-25,11,1
2013-10-25,12,1
2013-10-25,11,1
2013-10-25,09,1
2013-10-24,03,2
2013-10-25,12,1
2013-10-25,12,1
2013-10-25,20,1
2013-10-25,09,2
2013-10-25,05,4
2013-10-24,05,1
2013-10-26,02,1
2013-10-25,09,1
2013-10-25,02,2
2013-10-26,03,1
2013-10-25,05,2
2013-10-25,03,1
2013-10-24,02,1
2013-10-26,02,1
2013-10-24,02,1
2013-10-25,05,2
2013-10-25,09,1
2013-10-25,20,287
2013-10-25,11,1
2013-10-25,12,1
2013-10-24,02,2
2013-10-25,12,1
2013-10-25,02,2
2013-10-24,05,1
2013-10-25,11,1
2013-10-24,20,1
2013-10-25,02,1
2013-10-25,20,1
2013-10-25,12,1
2013-10-25,03,1
2013-10-24,02,1
2013-10-25,03,1
2013-10-25,09,1
2013-10-25,09,2
2013-10-25,09,1
2013-10-25,02,1
2013-10-26,09,1
2013-10-25,09,1
2013-10-25,20,1
2013-10-25,09,1
2013-10-26,02,1
2013-10-25,09,5
2013-10-25,02,1
2013-10-25,09,1
2013-10-25,05,1
2013-10-25,12,1
2013-10-25,02,1
2013-10-24,21,1
2013-10-25,03,1
2013-10-24,02,1
2013-10-24,05,2
2013-10-25,03,2
2013-10-24,21,1
2013-10-25,05,1
2013-10-24,03,1
2013-10-24,04,4
2013-10-24,05,1
2013-10-25,02,1
2013-10-25,12,1
2013-10-25,03,1
2013-10-25,02,1
2013-10-24,05,2
2013-10-25,12,2
2013-10-25,12,1
2013-10-24,20,1
2013-10-25,09,1
2013-10-24,02,2
2013-10-25,05,1
2013-10-25,02,2
2013-10-26,03,3
2013-10-25,12,1
2013-10-25,09,1
2013-10-24,05,1
2013-10-26,02,1
2013-10-25,11,4
2013-10-26,02,1
2013-10-24,05,1
2013-10-25,09,1
2013-10-25,03,2
2013-10-25,02,1
2013-10-24,02,2
2013-10-24,21,1
2013-10-26,09,2
2013-10-26,09,2
2013-10-25,09,2
2013-10-26,02,1
2013-10-25,09,5
2013-10-24,05,4
2013-10-25,12,1
2013-10-26,02,2
2013-10-26,02,1
2013-10-26,02,1
2013-10-25,12,1
2013-10-25,05,1
2013-10-25,05,4
2013-10-25,09,2
2013-10-24,05,1
2013-10-24,02,1
2013-10-25,02,4
2013-10-25,02,1
2013-10-25,03,1
2013-10-25,05,1
2013-10-25,03,2
2013-10-26,02,1
2013-10-24,03,5
2013-10-25,05,2
2013-10-25,03,2
2013-10-26,01,1
2013-10-25,09,1
2013-10-25,20,1
2013-10-26,09,2
2013-10-25,12,3
2013-10-25,03,1
2013-10-24,02,2
2013-10-25,12,1
2013-10-26,03,2
2013-10-24,02,1
2013-10-25,12,1
2013-10-24,03,2
2013-10-24,05,6
2013-10-24,03,2
2013-10-25,09,1
2013-10-25,20,1
2013-10-25,09,1
2013-10-25,05,1
2013-10-25,11,1
2013-10-26,09,1
2013-10-24,20,1
2013-10-25,12,1
2013-10-24,03,2
2013-10-26,03,2
2013-10-25,12,1
2013-10-25,09,2
2013-10-24,20,1
2013-10-25,12,1
2013-10-24,05,1
2013-10-24,20,1
2013-10-25,09,1
2013-10-25,02,1
2013-10-26,02,6
2013-10-25,12,1
2013-10-25,09,1
2013-10-25,11,1
2013-10-25,09,1
2013-10-24,03,1
2013-10-25,02,2
2013-10-24,05,1
2013-10-24,20,2
2013-10-25,02,8
2013-10-26,09,1
2013-10-25,05,4
2013-10-26,09,2
2013-10-25,09,1
2013-10-26,03,7
2013-10-24,03,1
2013-10-24,05,1
2013-10-25,12,1
2013-10-26,03,1
2013-10-24,03,1
2013-10-26,01,4
2013-10-25,20,1
2013-10-25,11,2
2013-10-25,02,1
2013-10-26,09,1
2013-10-24,02,1
2013-10-25,03,1
2013-10-25,02,1
2013-10-25,11,1
2013-10-24,02,2
2013-10-26,02,1
2013-10-25,09,1
2013-10-25,09,1
2013-10-26,02,1
2013-10-25,12,2
2013-10-25,02,1
2013-10-25,09,1
2013-10-25,09,1
2013-10-24,04,1
2013-10-24,03,1
2013-10-25,12,1
2013-10-26,09,1
2013-10-25,02,2
2013-10-26,02,1
2013-10-25,09,6
2013-10-26,03,2
2013-10-25,12,1
2013-10-26,01,1
2013-10-25,11,1
2013-10-24,02,1
2013-10-25,03,1
2013-10-24,04,1
2013-10-24,20,1
2013-10-26,02,2
2013-10-25,09,2
2013-10-26,02,3
2013-10-25,09,1
2013-10-25,09,2
2013-10-26,09,1
2013-10-24,04,2
2013-10-25,09,1
2013-10-24,02,2
2013-10-25,02,4
2013-10-26,02,3
2013-10-25,12,3
2013-10-24,20,1
2013-10-25,03,1
2013-10-25,11,1
2013-10-25,09,3
2013-10-25,02,1
2013-10-26,03,2
2013-10-26,02,4
2013-10-25,02,4
2013-10-24,02,2
2013-10-24,04,1
2013-10-25,02,1
2013-10-24,05,3
2013-10-26,02,1
2013-10-25,09,5
2013-10-24,02,1
2013-10-26,01,1
2013-10-25,09,1
2013-10-26,03,1
2013-10-26,03,1
2013-10-25,05,1
2013-10-25,09,1
2013-10-25,12,1
2013-10-24,02,2
2013-10-25,09,1
2013-10-26,09,1
2013-10-25,12,1
2013-10-25,20,1
2013-10-26,03,2
2013-10-25,02,1
2013-10-24,05,2
2013-10-25,09,1
2013-10-24,05,143
2013-10-25,20,1
2013-10-25,09,1
2013-10-25,05,1
2013-10-24,02,2
2013-10-25,03,1
2013-10-25,09,14
2013-10-25,09,1
2013-10-25,09,2
2013-10-25,11,2
2013-10-25,12,2
2013-10-24,02,1
2013-10-25,02,1
2013-10-24,04,1
2013-10-24,20,1
2013-10-25,09,4
2013-10-24,03,1
2013-10-25,09,2
2013-10-25,11,1
2013-10-25,05,1
2013-10-25,02,1
2013-10-25,09,1
2013-10-25,11,1
2013-10-25,11,2
2013-10-25,12,2
2013-10-25,12,3
2013-10-25,12,1
2013-10-25,12,2
2013-10-25,11,345
2013-10-25,09,1
2013-10-25,03,2
2013-10-25,02,1
2013-10-25,09,1
2013-10-24,03,1
2013-10-26,03,2
2013-10-24,03,3
2013-10-25,20,1
2013-10-24,04,1
2013-10-25,11,1
2013-10-25,12,1
2013-10-25,05,2
2013-10-25,09,1
2013-10-24,03,1
2013-10-25,05,1
2013-10-24,05,1
2013-10-25,11,1
2013-10-25,09,1
2013-10-24,03,1
2013-10-24,03,2
2013-10-25,11,1
2013-10-24,20,1
2013-10-25,11,1
2013-10-25,20,1
2013-10-24,04,5
2013-10-26,03,1
2013-10-26,02,2
2013-10-25,12,2
2013-10-24,03,1
2013-10-25,12,1
2013-10-24,05,2
2013-10-25,09,1
2013-10-25,12,3
2013-10-26,09,2
2013-10-25,12,1
2013-10-25,03,4
2013-10-25,12,1
2013-10-25,03,1
2013-10-25,20,1
2013-10-25,02,2
2013-10-25,09,1
2013-10-25,05,1
2013-10-24,05,783
2013-10-25,09,1
2013-10-26,03,1
2013-10-25,09,1
2013-10-25,05,4
2013-10-26,03,1
2013-10-25,09,1
2013-10-25,20,1
2013-10-25,02,2
2013-10-25,03,1
2013-10-25,02,2
2013-10-24,03,4
2013-10-24,05,1
2013-10-26,02,883
2013-10-24,20,1
2013-10-25,05,1
2013-10-25,03,1
2013-10-25,02,2
2013-10-25,20,1
2013-10-25,09,1
2013-10-25,09,4
2013-10-25,12,2
2013-10-26,01,1
2013-10-24,02,8
2013-10-24,20,1
2013-10-25,20,1
2013-10-24,03,1
2013-10-25,05,1
2013-10-24,03,1
2013-10-25,02,1
2013-10-26,09,1
2013-10-25,03,1
2013-10-24,03,2
2013-10-25,09,1
2013-10-25,05,1
2013-10-24,21,1
2013-10-24,03,1
2013-10-25,05,1
2013-10-26,02,1
2013-10-24,03,1
2013-10-26,09,1
2013-10-26,03,13
2013-10-25,12,1
2013-10-24,03,1
2013-10-25,12,1
2013-10-25,02,3
2013-10-25,09,4
2013-10-25,02,1
2013-10-25,02,2
2013-10-25,20,1
2013-10-24,03,3
2013-10-25,05,1
2013-10-24,05,1
2013-10-26,02,1
2013-10-24,03,1
2013-10-25,02,1
2013-10-24,03,1
2013-10-25,02,1
2013-10-25,12,1
2013-10-25,09,1
2013-10-24,05,1
2013-10-25,12,1
2013-10-25,09,1
2013-10-25,02,1
2013-10-25,09,1699
2013-10-25,20,1
2013-10-24,03,1
2013-10-24,05,1
2013-10-25,20,1
2013-10-24,02,2
2013-10-25,09,1
2013-10-24,02,1
2013-10-25,09,1
2013-10-25,03,2
2013-10-25,02,1
2013-10-25,09,1
2013-10-24,20,1
2013-10-25,12,2
2013-10-24,20,1
2013-10-24,04,2
2013-10-25,12,1
2013-10-24,20,1
2013-10-25,09,1
2013-10-25,09,1
2013-10-25,09,1
2013-10-25,12,1
2013-10-25,05,2
2013-10-25,20,1
2013-10-25,11,2
2013-10-25,03,1
2013-10-25,12,2
2013-10-25,05,2
2013-10-24,04,1
2013-10-25,09,1
2013-10-24,04,1
2013-10-24,04,1
2013-10-24,04,1
2013-10-24,03,2
2013-10-24,02,1
2013-10-25,09,1
2013-10-26,09,1
2013-10-24,20,2
2013-10-25,02,1
2013-10-24,03,169
2013-10-24,05,1
2013-10-25,02,1
2013-10-24,02,623
2013-10-26,09,2
2013-10-25,03,1
2013-10-24,02,3
2013-10-25,09,1
2013-10-26,03,1
2013-10-25,11,1
2013-10-25,20,3
2013-10-26,03,4
2013-10-24,03,5
2013-10-26,03,1
2013-10-24,05,1
2013-10-24,05,2
2013-10-25,09,8
2013-10-24,02,1
2013-10-24,05,1
2013-10-25,12,1
2013-10-26,03,1
2013-10-25,05,2
2013-10-24,03,2
2013-10-25,03,305
2013-10-25,12,1
2013-10-26,03,1
2013-10-25,05,1
2013-10-24,02,1
2013-10-24,05,1
2013-10-24,03,2
2013-10-24,05,5
2013-10-25,20,2
2013-10-25,09,3
2013-10-25,05,1
2013-10-26,02,1
2013-10-25,12,1
2013-10-25,09,1
2013-10-25,20,1
2013-10-25,02,2
2013-10-24,05,1
2013-10-25,09,1
2013-10-25,09,1
2013-10-25,12,2
2013-10-26,03,1
2013-10-25,12,7
2013-10-24,04,1
2013-10-24,20,3
2013-10-24,03,1
2013-10-25,05,4
2013-10-25,09,1
2013-10-25,11,2
2013-10-25,12,1
2013-10-24,02,2
2013-10-25,20,1
2013-10-24,03,2
2013-10-25,05,1
2013-10-24,05,1
2013-10-25,09,1
2013-10-24,20,1
2013-10-25,09,1
2013-10-25,05,2
2013-10-26,02,1
2013-10-25,20,1
2013-10-25,20,1
2013-10-24,03,3
2013-10-25,09,1
2013-10-25,05,2
2013-10-25,09,3
2013-10-25,12,5
2013-10-25,11,1
2013-10-24,05,1
2013-10-25,03,1
2013-10-26,09,2
2013-10-26,03,1
2013-10-25,12,1
2013-10-25,20,1
2013-10-25,09,1
2013-10-25,09,1
2013-10-25,09,2
2013-10-25,09,1
2013-10-25,11,1
2013-10-25,09,4
2013-10-25,09,1
2013-10-26,02,3
2013-10-25,09,1
2013-10-24,05,2
2013-10-25,09,1
2013-10-25,11,1
2013-10-24,05,2
2013-10-25,11,2
2013-10-24,03,3
2013-10-25,05,1
2013-10-25,09,2
2013-10-25,11,1
2013-10-25,12,1
2013-10-25,09,1
2013-10-26,03,4
