\BOOKMARK [1][-]{section.1}{\376\377\000A\000b\000s\000t\000r\000a\000c\000t}{}% 1
\BOOKMARK [1][-]{section.2}{\376\377\000G\000e\000n\000e\000r\000a\000l\000\040\000u\000s\000a\000g\000e}{}% 2
\BOOKMARK [2][-]{subsection.2.1}{\376\377\000G\000e\000n\000e\000r\000a\000l\000\040\000R\000e\000n\000d\000e\000r\000e\000r\000s}{section.2}% 3
\BOOKMARK [2][-]{subsection.2.2}{\376\377\000G\000e\000n\000e\000r\000a\000l\000\040\000O\000p\000t\000i\000o\000n\000s}{section.2}% 4
\BOOKMARK [1][-]{section.3}{\376\377\000d\000i\000t\000a\000a\000\040\000D\000i\000a\000g\000r\000a\000m\000s}{}% 5
\BOOKMARK [2][-]{subsection.3.1}{\376\377\000d\000i\000t\000a\000a\000\040\000O\000p\000t\000i\000o\000n\000s}{section.3}% 6
\BOOKMARK [2][-]{subsection.3.2}{\376\377\000d\000i\000t\000a\000a\000\040\000E\000x\000a\000m\000p\000l\000e\000s}{section.3}% 7
\BOOKMARK [1][-]{section.4}{\376\377\000d\000o\000t\000\040\000D\000i\000a\000g\000r\000a\000m\000s}{}% 8
\BOOKMARK [2][-]{subsection.4.1}{\376\377\000d\000o\000t\000\040\000O\000p\000t\000i\000o\000n\000s}{section.4}% 9
\BOOKMARK [2][-]{subsection.4.2}{\376\377\000d\000o\000t\000\040\000E\000x\000a\000m\000p\000l\000e\000s}{section.4}% 10
\BOOKMARK [1][-]{section.5}{\376\377\000n\000e\000a\000t\000o\000\040\000D\000i\000a\000g\000r\000a\000m\000s}{}% 11
\BOOKMARK [2][-]{subsection.5.1}{\376\377\000n\000e\000a\000t\000o\000\040\000O\000p\000t\000i\000o\000n\000s}{section.5}% 12
\BOOKMARK [2][-]{subsection.5.2}{\376\377\000n\000e\000a\000t\000o\000\040\000E\000x\000a\000m\000p\000l\000e\000s}{section.5}% 13
\BOOKMARK [1][-]{section.6}{\376\377\000y\000U\000M\000L}{}% 14
\BOOKMARK [2][-]{subsection.6.1}{\376\377\000y\000U\000M\000L\000\040\000O\000p\000t\000i\000o\000n\000s}{section.6}% 15
\BOOKMARK [2][-]{subsection.6.2}{\376\377\000y\000U\000M\000L\000\040\000E\000x\000a\000m\000p\000l\000e\000s}{section.6}% 16
\BOOKMARK [3][-]{subsubsection.6.2.1}{\376\377\000y\000U\000M\000L\000\040\000C\000l\000a\000s\000s\000\040\000d\000i\000a\000g\000r\000a\000m\000s}{subsection.6.2}% 17
\BOOKMARK [3][-]{subsubsection.6.2.2}{\376\377\000y\000u\000m\000l\000\040\000U\000s\000e\000c\000a\000s\000e\000\040\000d\000i\000a\000g\000r\000a\000m\000s}{subsection.6.2}% 18
\BOOKMARK [3][-]{subsubsection.6.2.3}{\376\377\000y\000u\000m\000l\000\040\000A\000c\000t\000i\000v\000i\000t\000y\000\040\000d\000i\000a\000g\000r\000a\000m\000s}{subsection.6.2}% 19
\BOOKMARK [1][-]{section.7}{\376\377\000p\000l\000a\000n\000t\000u\000m\000l}{}% 20
\BOOKMARK [2][-]{subsection.7.1}{\376\377\000p\000l\000a\000n\000t\000u\000m\000l\000\040\000O\000p\000t\000i\000o\000n\000s}{section.7}% 21
\BOOKMARK [2][-]{subsection.7.2}{\376\377\000p\000l\000a\000n\000t\000u\000m\000l\000\040\000E\000x\000a\000m\000p\000l\000e\000s}{section.7}% 22
\BOOKMARK [3][-]{subsubsection.7.2.1}{\376\377\000p\000l\000a\000n\000t\000u\000m\000l\000\040\000E\000x\000a\000m\000p\000l\000e\000\040\0001}{subsection.7.2}% 23
\BOOKMARK [3][-]{subsubsection.7.2.2}{\376\377\000p\000l\000a\000n\000t\000u\000m\000l\000\040\000E\000x\000a\000m\000p\000l\000e\000\040\0002}{subsection.7.2}% 24
\BOOKMARK [1][-]{section.8}{\376\377\000r\000d\000f\000d\000o\000t\000\040\000D\000i\000a\000g\000r\000a\000m\000s}{}% 25
\BOOKMARK [2][-]{subsection.8.1}{\376\377\000r\000d\000f\000d\000o\000t\000\040\000O\000p\000t\000i\000o\000n\000s}{section.8}% 26
\BOOKMARK [2][-]{subsection.8.2}{\376\377\000r\000d\000f\000d\000o\000t\000\040\000E\000x\000a\000m\000p\000l\000e\000s}{section.8}% 27
\BOOKMARK [1][-]{section.9}{\376\377\000L\000i\000s\000t\000\040\000o\000f\000\040\000o\000p\000t\000i\000o\000n\000s}{}% 28
\BOOKMARK [1][-]{section.10}{\376\377\000L\000i\000s\000t\000\040\000o\000f\000\040\000h\000o\000m\000e\000p\000a\000g\000e\000s\000\040\000a\000n\000d\000\040\000d\000o\000c\000u\000m\000e\000n\000t\000a\000t\000i\000o\000n\000\040\000t\000o\000\040\000r\000e\000n\000d\000e\000r\000e\000r\000s}{}% 29
\BOOKMARK [1][-]{section.11}{\376\377\000C\000r\000e\000d\000i\000t\000s\000\040\000a\000n\000d\000\040\000f\000u\000r\000t\000h\000e\000r\000\040\000r\000e\000f\000e\000r\000e\000n\000c\000e\000s}{}% 30
