 MERGING SEQUENCE FROM WARD'S ALGORITHM
 
        NUMBER OF    MERGED       SUM OF
 STAGE  CLUSTERS    CLUSTERS      SQUARES
 
   1      103        27   31        0.01
   2      102        83   84        0.03
   3      101         3    5        0.07
   4      100        40   43        0.13
   5       99        49   60        0.22
   6       98        92   96        0.31
   7       97        29   33        0.40
   8       96        46   47        0.49
   9       95        16   19        0.59
  10       94        21   23        0.69
  11       93        16   20        0.82
  12       92        39   41        0.95
  13       91        12   13        1.08
  14       90         4    8        1.22
  15       89        21   48        1.37
  16       88        65   68        1.53
  17       87        53   55        1.71
  18       86        75   77        1.90
  19       85        10   15        2.09
  20       84        14   52        2.29
  21       83         3   12        2.49
  22       82         6   18        2.70
  23       81        61   63        2.91
  24       80        69   79        3.12
  25       79        57   62        3.34
  26       78        78   83        3.58
  27       77        36   44        3.87
  28       76        98   99        4.16
  29       75        75   82        4.47
  30       74        29   38        4.78
  31       73        70   73        5.11
  32       72        25   30        5.45
  33       71        87   88        5.79
  34       70        92  101        6.15
  35       69        49   58        6.51
  36       68        81   91        6.87
  37       67         7    9        7.24
  38       66        95  102        7.60
  39       65        35   37        7.98
  40       64        26   93        8.38
  41       63        57   72        8.82
  42       62         6   16        9.28
  43       61        22   46        9.79
  44       60        17   61       10.33
  45       59        29   32       10.89
  46       58         2   51       11.48
  47       57        42   45       12.11
  48       56        49   70       12.79
  49       55        81   87       13.48
  50       54        26   39       14.19
  51       53        69   76       14.94
  52       52        64   67       15.72
  53       51        92  103       16.55
  54       50        90   98       17.39
  55       49         4   11       18.27
  56       48         2    3       19.18
  57       47        14   54       20.10
  58       46        86  100       21.03
  59       45        59   75       21.98
  60       44        89   90       23.01
  61       43        34   35       24.16
  62       42        22   40       25.34
  63       41        17   74       26.58
  64       40        95  104       27.87
  65       39        36   71       29.17
  66       38        65   66       30.49
  67       37        21   69       31.89
  68       36        27   29       33.67
  69       35        34   42       35.49
  70       34        49   57       37.39
  71       33        81   86       39.50
  72       32        56   85       41.76
  73       31        14   53       44.05
  74       30         7   10       46.38
  75       29        59   78       48.90
  76       28        24   26       51.67
  77       27        80   94       54.56
  78       26         6   65       57.83
  79       25         1    2       61.47
  80       24        49   64       65.42
  81       23         4   17       69.49
  82       22        21   97       74.03
  83       21        22   25       78.87
  84       20        28   80       84.00
  85       19        56   95       89.73
  86       18         4    7       96.38
  87       17        81   92      103.55
  88       16         1   49      110.90
  89       15        24   36      118.51
  90       14        24   89      127.08
  91       13        56   59      137.40
  92       12        14   21      148.06
  93       11        22   27      159.62
  94       10        34   50      173.02
  95        9         6   14      187.12
  96        8        34   56      205.57
  97        7        22   81      229.50
  98        6        24   28      264.91
  99        5         4    6      313.60
 100        4         1   22      395.86
 101        3         4   24      488.47
 102        2         1   34      598.12
 103        1         1    4     1236.00
 
 ASSIGNMENT OF SITES TO CLUSTERS
    1   1   1   2   1   6   2   2   2   2
    2   1   1   6   2   6   2   6   6   6
    6   5   6   4   5   4   5   7   5   5
    5   5   5   3   3   4   3   5   4   5
    4   3   5   4   3   5   5   6   1   3
    1   6   6   6   6   3   1   1   3   1
    2   1   2   1   6   6   1   6   6   1
    4   1   1   2   3   6   3   3   6   7
    5   3   3   3   3   5   5   5   4   4
    5   5   4   7   3   5   6   4   4   5
    5   3   5   3
 
 
 CLUSTER MEMBERSHIP
 
 CLUSTER   1  HAS  17 MEMBERS:
    1   2   3   5  12  13  49  51  57  58
   60  62  64  67  70  72  73
 
 CLUSTER   2  HAS  11 MEMBERS:
    4   7   8   9  10  11  15  17  61  63
   74
 
 CLUSTER   3  HAS  18 MEMBERS:
   34  35  37  42  45  50  56  59  75  77
   78  82  83  84  85  95 102 104
 
 CLUSTER   4  HAS  12 MEMBERS:
   24  26  36  39  41  44  71  89  90  93
   98  99
 
 CLUSTER   5  HAS  23 MEMBERS:
   22  25  27  29  30  31  32  33  38  40
   43  46  47  81  86  87  88  91  92  96
  100 101 103
 
 CLUSTER   6  HAS  20 MEMBERS:
    6  14  16  18  19  20  21  23  48  52
   53  54  55  65  66  68  69  76  79  97
 
 CLUSTER   7  HAS   3 MEMBERS:
   28  80  94
 
 
 
 ADJUSTED CLUSTERS FROM K-MEANS ALGORITHM
 (SUM OF SQUARES =      215.86)
 
 ASSIGNMENT OF SITES TO CLUSTERS
    1   1   1   2   1   1   2   2   2   2
    2   1   1   6   2   1   2   1   1   1
    6   1   6   4   5   4   5   7   5   5
    5   5   5   3   3   4   3   5   4   5
    4   3   5   4   3   5   5   6   1   3
    1   6   6   6   6   3   1   1   3   1
    2   1   2   1   6   6   1   6   6   1
    2   1   1   6   5   6   3   3   6   7
    5   5   3   3   3   5   5   5   4   4
    5   5   4   7   3   5   6   4   4   5
    5   3   5   3
 
 
 CLUSTER MEMBERSHIP
 
 CLUSTER   1  HAS  23 MEMBERS:
    1   2   3   5   6  12  13  16  18  19
   20  22  49  51  57  58  60  62  64  67
   70  72  73
 
 CLUSTER   2  HAS  11 MEMBERS:
    4   7   8   9  10  11  15  17  61  63
   71
 
 CLUSTER   3  HAS  16 MEMBERS:
   34  35  37  42  45  50  56  59  77  78
   83  84  85  95 102 104
 
 CLUSTER   4  HAS  11 MEMBERS:
   24  26  36  39  41  44  89  90  93  98
   99
 
 CLUSTER   5  HAS  24 MEMBERS:
   25  27  29  30  31  32  33  38  40  43
   46  47  75  81  82  86  87  88  91  92
   96 100 101 103
 
 CLUSTER   6  HAS  16 MEMBERS:
   14  21  23  48  52  53  54  55  65  66
   68  69  74  76  79  97
 
 CLUSTER   7  HAS   3 MEMBERS:
   28  80  94
 
 CLUSTER CENTERS
          AREA      ELEV       LAT      LONG
   1     63.88    232.68     39.23     77.08
   2      3.29    204.62     39.26     76.84
   3    863.68    322.08     38.49     78.00
   4      7.09    967.65     38.22     78.75
   5    139.48    636.47     38.15     78.59
   6     13.71    392.02     38.99     77.59
   7      0.54    702.88     38.23     78.55
