 SITE  1 (  2) Montgomery AL             N= 28   L-MOMENT RATIOS    45.36   4.6747   0.2170   0.2957   0.1501
 SITE  2 ( 17) Jacksonville FL           N= 28   L-MOMENT RATIOS    48.71   5.8204   0.2195   0.2403   0.0487
 SITE  3 ( 18) Key West FL               N= 19   L-MOMENT RATIOS    51.00   9.6030   0.3226   0.1846   0.0505
 SITE  4 ( 19) Tampa FL                  N= 10   L-MOMENT RATIOS    49.40   5.8020   0.0918   0.3013  -0.0216
 SITE  5 ( 21) Macon GA                  N= 28   L-MOMENT RATIOS    45.04   4.7797   0.0584   0.1617   0.0138
 SITE  6 ( 22) Savannah GA               N= 32   L-MOMENT RATIOS    47.66   5.3657   0.2449   0.2441   0.0484
 SITE  7 ( 77) Cape Hatteras NC          N= 45   L-MOMENT RATIOS    57.91   6.7387   0.2712   0.2088   0.0672
 SITE  8 ( 80) Wilmington NC             N= 26   L-MOMENT RATIOS    49.88   6.0357   0.3127   0.2222   0.0786
 SITE  9 (107) Brownsville TX            N= 35   L-MOMENT RATIOS    43.63   4.7397   0.1892   0.2036   0.0595
 SITE 10 (108) Corpus Christi TX         N= 34   L-MOMENT RATIOS    54.47   6.9789   0.4698   0.3379   0.1856
 SITE 11 (111) Port Arthur TX            N= 25   L-MOMENT RATIOS    53.08   5.6770   0.1969   0.2196   0.0699
 SITE 12 (116) Norfolk VA                N= 20   L-MOMENT RATIOS    48.75   5.5037   0.1344   0.2347   0.0403
 
 
 REGIONAL AVERAGE L-MOMENT RATIOS   1.0000   0.1183   0.2402   0.2359   0.0735
 
 REGIONAL WAKEBY PARAMETERS      0.5702      3.6499     14.9281      0.1838      0.0839
 
 
 
  SITE                         QUANTILES
 NUMBER    0.1000    0.2000    0.5000    0.8000    0.9000    0.9500    0.9800    0.9900    0.9990    0.9999
 ----------------------------------------------------------------------------------------------------------
 REGION      0.78      0.85      0.95      1.13      1.28      1.44      1.67      1.85      2.54      3.37
 
    1       35.53     38.43     42.90     51.32     58.13     65.35     75.56     83.83    115.00    152.81
    2       38.16     41.28     46.08     55.12     62.43     70.19     81.16     90.03    123.51    164.12
    3       39.95     43.21     48.24     57.70     65.36     73.48     84.96     94.26    129.30    171.82
    4       38.70     41.86     46.73     55.89     63.31     71.18     82.30     91.30    125.25    166.43
    5       35.28     38.16     42.60     50.96     57.72     64.89     75.03     83.23    114.18    151.73
    6       37.33     40.38     45.08     53.92     61.08     68.66     79.39     88.08    120.83    160.56
    7       45.37     49.07     54.78     65.52     74.22     83.44     96.48    107.03    146.83    195.11
    8       39.08     42.27     47.18     56.44     63.93     71.87     83.11     92.19    126.48    168.06
    9       34.18     36.97     41.27     49.36     55.92     62.86     72.68     80.63    110.61    146.99
   10       42.67     46.15     51.52     61.63     69.81     78.48     90.75    100.67    138.10    183.51
   11       41.58     44.98     50.21     60.06     68.03     76.48     88.43     98.10    134.58    178.83
   12       38.19     41.31     46.11     55.16     62.48     70.24     81.22     90.10    123.60    164.24
