 REGIONAL LOGNORMAL SIMULATIONS    NREP= 10000  SEED=  417935084.
 
 
 
 SITE     XI   ALPHA       K    L-CV  L-SKEW   N    QUANTILES .....
                                                   0.0100  0.1000  0.5000  0.9000  0.9900  0.9990
   1  0.9951  0.1731 -0.0571  0.0978  0.0279  98   0.618   0.781   0.995   1.225   1.426   1.580
   2  0.9950  0.1756 -0.0571  0.0992  0.0279  59   0.612   0.778   0.995   1.228   1.432   1.588
   3  0.9949  0.1781 -0.0571  0.1006  0.0279  90   0.607   0.775   0.995   1.232   1.438   1.597
   4  0.9948  0.1805 -0.0571  0.1020  0.0279  61   0.602   0.772   0.995   1.235   1.444   1.605
   5  0.9948  0.1830 -0.0571  0.1034  0.0279  65   0.596   0.769   0.995   1.238   1.450   1.613
   6  0.9947  0.1853 -0.0571  0.1047  0.0279  86   0.591   0.766   0.995   1.241   1.456   1.621
   7  0.9946  0.1878 -0.0571  0.1061  0.0279  78   0.586   0.763   0.995   1.244   1.462   1.629
   8  0.9946  0.1903 -0.0571  0.1075  0.0279  72   0.580   0.759   0.995   1.248   1.468   1.638
   9  0.9945  0.1928 -0.0571  0.1089  0.0279  67   0.575   0.756   0.994   1.251   1.474   1.646
  10  0.9944  0.1952 -0.0571  0.1103  0.0279  99   0.569   0.753   0.994   1.254   1.480   1.654
  11  0.9943  0.1977 -0.0571  0.1117  0.0279  49   0.564   0.750   0.994   1.257   1.486   1.663
  12  0.9943  0.2002 -0.0571  0.1131  0.0279  61   0.558   0.747   0.994   1.260   1.492   1.671
  13  0.9942  0.2027 -0.0571  0.1145  0.0279  69   0.553   0.744   0.994   1.264   1.498   1.679
  14  0.9941  0.2051 -0.0571  0.1159  0.0279  73   0.547   0.741   0.994   1.267   1.505   1.687
  15  0.9941  0.2074 -0.0571  0.1172  0.0279  70   0.542   0.738   0.994   1.270   1.510   1.695
  16  0.9940  0.2099 -0.0571  0.1186  0.0279  66   0.537   0.735   0.994   1.273   1.516   1.703
  17  0.9939  0.2124 -0.0571  0.1200  0.0279  59   0.531   0.731   0.994   1.276   1.522   1.712
  18  0.9939  0.2149 -0.0571  0.1214  0.0279  74   0.526   0.728   0.994   1.280   1.528   1.720
  19  0.9938  0.2174 -0.0571  0.1228  0.0279  82   0.520   0.725   0.994   1.283   1.535   1.728
         AVERAGE FOR ALL SITES (ARITHMETIC MEAN)   0.569   0.753   0.994   1.254   1.480   1.654
         REGIONAL GROWTH CURVE (HARMONIC MEAN)     0.568   0.753   0.994   1.254   1.479   1.653
 
 
 INTER-SITE CORRELATION=  0.64
 
 
 L-MOMENT ESTIMATION OF LOGNORMAL DISTRIBUTION           FAILURES:     0        WARNINGS:     0
 
         F      0.0100 0.1000 0.5000 0.9000 0.9900 0.9990
 
                      SITE  1 QUANTILES
      BIAS      -0.077 -0.035 -0.001  0.023  0.038  0.047
      RMSE       0.094  0.043  0.018  0.030  0.049  0.064
 0.050 PT.       0.830  0.923  0.969  0.990  0.989  0.982
 0.950 PT.       1.008  1.008  1.030  1.056  1.090  1.122
 
                      SITE  2 QUANTILES
      BIAS      -0.069 -0.030  0.000  0.020  0.033  0.042
      RMSE       0.089  0.043  0.023  0.032  0.047  0.062
 0.050 PT.       0.835  0.920  0.961  0.980  0.980  0.972
 0.950 PT.       1.020  1.018  1.039  1.062  1.091  1.122
 
                      SITE  3 QUANTILES
      BIAS      -0.061 -0.027 -0.001  0.017  0.029  0.036
      RMSE       0.082  0.038  0.019  0.027  0.042  0.056
 0.050 PT.       0.845  0.928  0.967  0.983  0.980  0.970
 0.950 PT.       1.026  1.017  1.032  1.052  1.082  1.112
 
                      SITE  4 QUANTILES
      BIAS      -0.052 -0.023  0.000  0.015  0.024  0.031
      RMSE       0.078  0.038  0.024  0.029  0.042  0.055
 0.050 PT.       0.849  0.927  0.961  0.974  0.971  0.962
 0.950 PT.       1.038  1.027  1.039  1.056  1.082  1.110
 
                      SITE  5 QUANTILES
      BIAS      -0.044 -0.019 -0.001  0.012  0.020  0.025
      RMSE       0.073  0.036  0.023  0.027  0.039  0.052
 0.050 PT.       0.858  0.931  0.961  0.972  0.967  0.957
 0.950 PT.       1.048  1.030  1.038  1.053  1.076  1.103
 
                      SITE  6 QUANTILES
      BIAS      -0.035 -0.015  0.000  0.010  0.016  0.021
      RMSE       0.067  0.032  0.021  0.024  0.035  0.048
 0.050 PT.       0.867  0.938  0.966  0.974  0.967  0.955
 0.950 PT.       1.055  1.031  1.035  1.046  1.070  1.096
 
                      SITE  7 QUANTILES
      BIAS      -0.026 -0.011  0.000  0.007  0.012  0.016
      RMSE       0.064  0.031  0.022  0.024  0.034  0.046
 0.050 PT.       0.874  0.941  0.964  0.970  0.962  0.950
 0.950 PT.       1.066  1.038  1.036  1.045  1.066  1.090
 
                      SITE  8 QUANTILES
      BIAS      -0.017 -0.007  0.000  0.004  0.008  0.010
      RMSE       0.062  0.032  0.023  0.024  0.033  0.045
 0.050 PT.       0.880  0.942  0.962  0.965  0.956  0.943
 0.950 PT.       1.077  1.044  1.039  1.044  1.062  1.085
 
                      SITE  9 QUANTILES
      BIAS      -0.008 -0.003  0.000  0.002  0.003  0.005
      RMSE       0.061  0.032  0.024  0.025  0.034  0.045
 0.050 PT.       0.888  0.944  0.961  0.961  0.951  0.938
 0.950 PT.       1.089  1.050  1.040  1.043  1.060  1.083
 
                      SITE 10 QUANTILES
      BIAS       0.002  0.001  0.000 -0.001  0.000  0.000
      RMSE       0.059  0.028  0.020  0.022  0.031  0.042
 0.050 PT.       0.901  0.954  0.967  0.965  0.951  0.936
 0.950 PT.       1.096  1.048  1.034  1.036  1.053  1.075
 
                      SITE 11 QUANTILES
      BIAS       0.011  0.005  0.000 -0.003 -0.005 -0.005
      RMSE       0.065  0.036  0.029  0.029  0.037  0.047
 0.050 PT.       0.903  0.947  0.952  0.949  0.937  0.924
 0.950 PT.       1.112  1.064  1.048  1.045  1.057  1.075
 
                      SITE 12 QUANTILES
      BIAS       0.021  0.010  0.000 -0.006 -0.009 -0.010
      RMSE       0.067  0.035  0.026  0.027  0.035  0.045
 0.050 PT.       0.915  0.955  0.958  0.952  0.938  0.922
 0.950 PT.       1.122  1.064  1.043  1.038  1.049  1.068
 
                      SITE 13 QUANTILES
      BIAS       0.031  0.014  0.000 -0.009 -0.013 -0.015
      RMSE       0.071  0.036  0.025  0.027  0.036  0.046
 0.050 PT.       0.924  0.959  0.959  0.950  0.934  0.918
 0.950 PT.       1.132  1.068  1.042  1.034  1.044  1.061
 
                      SITE 14 QUANTILES
      BIAS       0.042  0.019  0.001 -0.011 -0.017 -0.019
      RMSE       0.076  0.037  0.024  0.027  0.036  0.047
 0.050 PT.       0.933  0.966  0.960  0.949  0.933  0.915
 0.950 PT.       1.144  1.072  1.040  1.030  1.039  1.055
 
                      SITE 15 QUANTILES
      BIAS       0.052  0.022  0.001 -0.013 -0.020 -0.024
      RMSE       0.083  0.040  0.026  0.029  0.039  0.049
 0.050 PT.       0.941  0.967  0.959  0.945  0.927  0.910
 0.950 PT.       1.154  1.078  1.043  1.029  1.037  1.052
 
                      SITE 16 QUANTILES
      BIAS       0.062  0.027  0.000 -0.016 -0.024 -0.029
      RMSE       0.091  0.044  0.027  0.031  0.042  0.052
 0.050 PT.       0.949  0.970  0.957  0.941  0.922  0.904
 0.950 PT.       1.168  1.084  1.044  1.028  1.032  1.047
 
                      SITE 17 QUANTILES
      BIAS       0.073  0.031  0.001 -0.018 -0.028 -0.033
      RMSE       0.100  0.047  0.028  0.033  0.045  0.055
 0.050 PT.       0.959  0.972  0.954  0.936  0.918  0.899
 0.950 PT.       1.181  1.090  1.047  1.028  1.030  1.043
 
                      SITE 18 QUANTILES
      BIAS       0.084  0.035  0.000 -0.021 -0.032 -0.038
      RMSE       0.108  0.049  0.025  0.033  0.046  0.058
 0.050 PT.       0.970  0.981  0.958  0.937  0.916  0.896
 0.950 PT.       1.190  1.091  1.042  1.022  1.024  1.037
 
                      SITE 19 QUANTILES
      BIAS       0.096  0.040  0.001 -0.023 -0.036 -0.043
      RMSE       0.117  0.052  0.025  0.034  0.048  0.060
 0.050 PT.       0.982  0.985  0.961  0.937  0.913  0.892
 0.950 PT.       1.202  1.094  1.041  1.018  1.019  1.031
 
                    AVERAGE FOR ALL SITES
  ABS.BIAS       0.046  0.020  0.000  0.012  0.019  0.024
      BIAS       0.005  0.002  0.000 -0.001  0.000  0.001
      RMSE       0.079  0.038  0.024  0.028  0.039  0.051
 0.050 PT.       0.903  0.956  0.969  0.967  0.954  0.939
 0.950 PT.       1.098  1.047  1.031  1.033  1.050  1.073
 
                    GROWTH CURVE COMPONENT
  ABS.BIAS       0.046  0.020  0.000  0.012  0.019  0.024
      BIAS       0.004  0.002  0.000 -0.001  0.000  0.001
      RMSE       0.073  0.028  0.005  0.017  0.033  0.047
 0.050 PT.       0.911  0.971  0.991  0.981  0.961  0.943
 0.950 PT.       1.087  1.030  1.009  1.019  1.044  1.069
 
 
 Hosking and Wallis (1997), Table 6.2
 
        F      qhat(F)     RMSE      Error bounds
      0.010     0.569     0.073     0.523     0.625
      0.100     0.753     0.028     0.731     0.776
      0.500     0.994     0.005     0.985     1.004
      0.900     1.254     0.017     1.230     1.278
      0.990     1.480     0.033     1.418     1.540
      0.999     1.654     0.047     1.547     1.755
