 REGIONAL LOGNORMAL SIMULATIONS    NREP=   100  SEED=  619145091.
 
 
 
 SITE     XI   ALPHA       K    L-CV  L-SKEW   N    QUANTILES .....
                                                   0.0100  0.1000  0.5000  0.9000  0.9900  0.9990
   1  0.9951  0.1731 -0.0571  0.0978  0.0279  98   0.618   0.781   0.995   1.225   1.426   1.580
   2  0.9950  0.1756 -0.0571  0.0992  0.0279  59   0.612   0.778   0.995   1.228   1.432   1.588
   3  0.9949  0.1781 -0.0571  0.1006  0.0279  90   0.607   0.775   0.995   1.232   1.438   1.597
   4  0.9948  0.1805 -0.0571  0.1020  0.0279  61   0.602   0.772   0.995   1.235   1.444   1.605
   5  0.9948  0.1830 -0.0571  0.1034  0.0279  65   0.596   0.769   0.995   1.238   1.450   1.613
   6  0.9947  0.1853 -0.0571  0.1047  0.0279  86   0.591   0.766   0.995   1.241   1.456   1.621
   7  0.9946  0.1878 -0.0571  0.1061  0.0279  78   0.586   0.763   0.995   1.244   1.462   1.629
   8  0.9946  0.1903 -0.0571  0.1075  0.0279  72   0.580   0.759   0.995   1.248   1.468   1.638
   9  0.9945  0.1928 -0.0571  0.1089  0.0279  67   0.575   0.756   0.994   1.251   1.474   1.646
  10  0.9944  0.1952 -0.0571  0.1103  0.0279  99   0.569   0.753   0.994   1.254   1.480   1.654
  11  0.9943  0.1977 -0.0571  0.1117  0.0279  49   0.564   0.750   0.994   1.257   1.486   1.663
  12  0.9943  0.2002 -0.0571  0.1131  0.0279  61   0.558   0.747   0.994   1.260   1.492   1.671
  13  0.9942  0.2027 -0.0571  0.1145  0.0279  69   0.553   0.744   0.994   1.264   1.498   1.679
  14  0.9941  0.2051 -0.0571  0.1159  0.0279  73   0.547   0.741   0.994   1.267   1.505   1.687
  15  0.9941  0.2074 -0.0571  0.1172  0.0279  70   0.542   0.738   0.994   1.270   1.510   1.695
  16  0.9940  0.2099 -0.0571  0.1186  0.0279  66   0.537   0.735   0.994   1.273   1.516   1.703
  17  0.9939  0.2124 -0.0571  0.1200  0.0279  59   0.531   0.731   0.994   1.276   1.522   1.712
  18  0.9939  0.2149 -0.0571  0.1214  0.0279  74   0.526   0.728   0.994   1.280   1.528   1.720
  19  0.9938  0.2174 -0.0571  0.1228  0.0279  82   0.520   0.725   0.994   1.283   1.535   1.728
         AVERAGE FOR ALL SITES (ARITHMETIC MEAN)   0.569   0.753   0.994   1.254   1.480   1.654
         REGIONAL GROWTH CURVE (HARMONIC MEAN)     0.568   0.753   0.994   1.254   1.479   1.653
 
 
 INTER-SITE CORRELATION=  0.64
 
 
 AVERAGE HETEROGENEITY MEASURES    1.08   -0.53   -0.71   (BASED ON   500 SIMULATIONS)
 DISTRIBUTIONS ACCEPTED: GLO 0.0100, GEV 0.5900, LN3 0.6600, PE3 0.6900
 DISTRIBUTIONS CHOSEN  : GLO 0.0600, GEV 0.3300, LN3 0.3600, PE3 0.2500
 
 
 L-MOMENT ESTIMATION OF LOGNORMAL DISTRIBUTION           FAILURES:     0        WARNINGS:     0
 
         F      0.0100 0.1000 0.5000 0.9000 0.9900 0.9990
 
                    AVERAGE FOR ALL SITES
  ABS.BIAS       0.045  0.019  0.001  0.013  0.020  0.024
      BIAS      -0.002  0.000  0.000 -0.001 -0.002 -0.002
      RMSE       0.079  0.038  0.024  0.028  0.038  0.048
 0.050 PT.       0.895  0.955  0.967  0.965  0.950  0.932
 0.950 PT.       1.097  1.043  1.030  1.028  1.035  1.057
 
                    GROWTH CURVE COMPONENT
  ABS.BIAS       0.045  0.020  0.001  0.012  0.019  0.024
      BIAS      -0.001  0.000  0.000  0.000 -0.001 -0.001
      RMSE       0.074  0.028  0.005  0.017  0.032  0.044
 0.050 PT.       0.910  0.965  0.992  0.982  0.960  0.946
 0.950 PT.       1.090  1.029  1.009  1.020  1.039  1.059
